[17-Jul-2025 01:11:48 UTC] PHP Warning:  Undefined property: stdClass::$biolink_is_enabled in /home/u607641063/domains/antenorefilhos.com.br/public_html/links/themes/altum/views/l/biolink_blocks/phone_collector.php on line 69
[17-Jul-2025 01:11:55 UTC] PHP Warning:  Undefined property: stdClass::$splash_page_id in /home/u607641063/domains/antenorefilhos.com.br/public_html/links/app/controllers/l/Link.php on line 129
[17-Jul-2025 01:11:55 UTC] PHP Warning:  Undefined property: stdClass::$password in /home/u607641063/domains/antenorefilhos.com.br/public_html/links/app/controllers/l/Link.php on line 194
[17-Jul-2025 01:11:55 UTC] PHP Warning:  Undefined property: stdClass::$sensitive_content in /home/u607641063/domains/antenorefilhos.com.br/public_html/links/app/controllers/l/Link.php on line 223
[17-Jul-2025 01:12:59 UTC] PHP Warning:  Undefined property: stdClass::$splash_page_id in /home/u607641063/domains/antenorefilhos.com.br/public_html/links/app/controllers/l/Link.php on line 129
[17-Jul-2025 01:12:59 UTC] PHP Warning:  Undefined property: stdClass::$password in /home/u607641063/domains/antenorefilhos.com.br/public_html/links/app/controllers/l/Link.php on line 194
[17-Jul-2025 01:12:59 UTC] PHP Warning:  Undefined property: stdClass::$sensitive_content in /home/u607641063/domains/antenorefilhos.com.br/public_html/links/app/controllers/l/Link.php on line 223
[17-Jul-2025 01:35:02 UTC] PHP Warning:  Undefined property: stdClass::$biolink_is_enabled in /home/u607641063/domains/antenorefilhos.com.br/public_html/links/themes/altum/views/l/biolink_blocks/phone_collector.php on line 69
[17-Jul-2025 01:35:06 UTC] PHP Warning:  Undefined property: stdClass::$splash_page_id in /home/u607641063/domains/antenorefilhos.com.br/public_html/links/app/controllers/l/Link.php on line 129
[17-Jul-2025 01:35:06 UTC] PHP Warning:  Undefined property: stdClass::$password in /home/u607641063/domains/antenorefilhos.com.br/public_html/links/app/controllers/l/Link.php on line 194
[17-Jul-2025 01:35:06 UTC] PHP Warning:  Undefined property: stdClass::$sensitive_content in /home/u607641063/domains/antenorefilhos.com.br/public_html/links/app/controllers/l/Link.php on line 223
[17-Jul-2025 01:35:08 UTC] PHP Warning:  Undefined property: stdClass::$biolink_is_enabled in /home/u607641063/domains/antenorefilhos.com.br/public_html/links/themes/altum/views/l/biolink_blocks/phone_collector.php on line 69
[17-Jul-2025 01:35:16 UTC] PHP Warning:  Undefined property: stdClass::$splash_page_id in /home/u607641063/domains/antenorefilhos.com.br/public_html/links/app/controllers/l/Link.php on line 129
[17-Jul-2025 01:35:16 UTC] PHP Warning:  Undefined property: stdClass::$password in /home/u607641063/domains/antenorefilhos.com.br/public_html/links/app/controllers/l/Link.php on line 194
[17-Jul-2025 01:35:16 UTC] PHP Warning:  Undefined property: stdClass::$sensitive_content in /home/u607641063/domains/antenorefilhos.com.br/public_html/links/app/controllers/l/Link.php on line 223
[17-Jul-2025 01:35:18 UTC] PHP Warning:  Undefined property: stdClass::$biolink_is_enabled in /home/u607641063/domains/antenorefilhos.com.br/public_html/links/themes/altum/views/l/biolink_blocks/phone_collector.php on line 69
[17-Jul-2025 10:27:13 UTC] PHP Warning:  Undefined property: stdClass::$biolink_is_enabled in /home/u607641063/domains/antenorefilhos.com.br/public_html/links/themes/altum/views/l/biolink_blocks/phone_collector.php on line 69
[17-Jul-2025 10:27:16 UTC] PHP Warning:  Undefined property: stdClass::$splash_page_id in /home/u607641063/domains/antenorefilhos.com.br/public_html/links/app/controllers/l/Link.php on line 129
[17-Jul-2025 10:27:16 UTC] PHP Warning:  Undefined property: stdClass::$password in /home/u607641063/domains/antenorefilhos.com.br/public_html/links/app/controllers/l/Link.php on line 194
[17-Jul-2025 10:27:16 UTC] PHP Warning:  Undefined property: stdClass::$sensitive_content in /home/u607641063/domains/antenorefilhos.com.br/public_html/links/app/controllers/l/Link.php on line 223
[17-Jul-2025 10:27:19 UTC] PHP Warning:  Undefined property: stdClass::$biolink_is_enabled in /home/u607641063/domains/antenorefilhos.com.br/public_html/links/themes/altum/views/l/biolink_blocks/phone_collector.php on line 69
[17-Jul-2025 10:27:27 UTC] PHP Warning:  Undefined property: stdClass::$splash_page_id in /home/u607641063/domains/antenorefilhos.com.br/public_html/links/app/controllers/l/Link.php on line 129
[17-Jul-2025 10:27:27 UTC] PHP Warning:  Undefined property: stdClass::$password in /home/u607641063/domains/antenorefilhos.com.br/public_html/links/app/controllers/l/Link.php on line 194
[17-Jul-2025 10:27:27 UTC] PHP Warning:  Undefined property: stdClass::$sensitive_content in /home/u607641063/domains/antenorefilhos.com.br/public_html/links/app/controllers/l/Link.php on line 223
[17-Jul-2025 10:27:38 UTC] PHP Warning:  Undefined property: stdClass::$splash_page_id in /home/u607641063/domains/antenorefilhos.com.br/public_html/links/app/controllers/l/Link.php on line 129
[17-Jul-2025 10:27:38 UTC] PHP Warning:  Undefined property: stdClass::$password in /home/u607641063/domains/antenorefilhos.com.br/public_html/links/app/controllers/l/Link.php on line 194
[17-Jul-2025 10:27:38 UTC] PHP Warning:  Undefined property: stdClass::$sensitive_content in /home/u607641063/domains/antenorefilhos.com.br/public_html/links/app/controllers/l/Link.php on line 223
[17-Jul-2025 10:28:39 UTC] PHP Warning:  Undefined property: stdClass::$splash_page_id in /home/u607641063/domains/antenorefilhos.com.br/public_html/links/app/controllers/l/Link.php on line 129
[17-Jul-2025 10:28:39 UTC] PHP Warning:  Undefined property: stdClass::$password in /home/u607641063/domains/antenorefilhos.com.br/public_html/links/app/controllers/l/Link.php on line 194
[17-Jul-2025 10:28:39 UTC] PHP Warning:  Undefined property: stdClass::$sensitive_content in /home/u607641063/domains/antenorefilhos.com.br/public_html/links/app/controllers/l/Link.php on line 223
[17-Jul-2025 10:28:42 UTC] PHP Warning:  Undefined property: stdClass::$splash_page_id in /home/u607641063/domains/antenorefilhos.com.br/public_html/links/app/controllers/l/Link.php on line 129
[17-Jul-2025 10:28:42 UTC] PHP Warning:  Undefined property: stdClass::$password in /home/u607641063/domains/antenorefilhos.com.br/public_html/links/app/controllers/l/Link.php on line 194
[17-Jul-2025 10:28:42 UTC] PHP Warning:  Undefined property: stdClass::$sensitive_content in /home/u607641063/domains/antenorefilhos.com.br/public_html/links/app/controllers/l/Link.php on line 223
[17-Jul-2025 10:57:08 UTC] PHP Warning:  Undefined property: stdClass::$last_submissions_is_enabled in /home/u607641063/domains/antenorefilhos.com.br/public_html/links/themes/altum/views/tools/tool_widget_frankfurt.php on line 26
[17-Jul-2025 10:57:08 UTC] PHP Warning:  Undefined property: stdClass::$last_submissions_is_enabled in /home/u607641063/domains/antenorefilhos.com.br/public_html/links/themes/altum/views/tools/tool_widget_frankfurt.php on line 26
[17-Jul-2025 10:57:08 UTC] PHP Warning:  Undefined property: stdClass::$last_submissions_is_enabled in /home/u607641063/domains/antenorefilhos.com.br/public_html/links/themes/altum/views/tools/tool_widget_frankfurt.php on line 26
[17-Jul-2025 10:57:08 UTC] PHP Warning:  Undefined property: stdClass::$last_submissions_is_enabled in /home/u607641063/domains/antenorefilhos.com.br/public_html/links/themes/altum/views/tools/tool_widget_frankfurt.php on line 26
[17-Jul-2025 10:57:08 UTC] PHP Warning:  Undefined property: stdClass::$last_submissions_is_enabled in /home/u607641063/domains/antenorefilhos.com.br/public_html/links/themes/altum/views/tools/tool_widget_frankfurt.php on line 26
[17-Jul-2025 10:57:08 UTC] PHP Warning:  Undefined property: stdClass::$last_submissions_is_enabled in /home/u607641063/domains/antenorefilhos.com.br/public_html/links/themes/altum/views/tools/tool_widget_frankfurt.php on line 26
[17-Jul-2025 10:57:08 UTC] PHP Warning:  Undefined property: stdClass::$last_submissions_is_enabled in /home/u607641063/domains/antenorefilhos.com.br/public_html/links/themes/altum/views/tools/tool_widget_frankfurt.php on line 26
[17-Jul-2025 10:57:08 UTC] PHP Warning:  Undefined property: stdClass::$last_submissions_is_enabled in /home/u607641063/domains/antenorefilhos.com.br/public_html/links/themes/altum/views/tools/tool_widget_frankfurt.php on line 26
[17-Jul-2025 10:57:08 UTC] PHP Warning:  Undefined property: stdClass::$last_submissions_is_enabled in /home/u607641063/domains/antenorefilhos.com.br/public_html/links/themes/altum/views/tools/tool_widget_frankfurt.php on line 26
[17-Jul-2025 10:57:08 UTC] PHP Warning:  Undefined property: stdClass::$last_submissions_is_enabled in /home/u607641063/domains/antenorefilhos.com.br/public_html/links/themes/altum/views/tools/tool_widget_frankfurt.php on line 26
[17-Jul-2025 10:57:08 UTC] PHP Warning:  Undefined property: stdClass::$last_submissions_is_enabled in /home/u607641063/domains/antenorefilhos.com.br/public_html/links/themes/altum/views/tools/tool_widget_frankfurt.php on line 26
[17-Jul-2025 10:57:08 UTC] PHP Warning:  Undefined property: stdClass::$last_submissions_is_enabled in /home/u607641063/domains/antenorefilhos.com.br/public_html/links/themes/altum/views/tools/tool_widget_frankfurt.php on line 26
[17-Jul-2025 10:57:08 UTC] PHP Warning:  Undefined property: stdClass::$last_submissions_is_enabled in /home/u607641063/domains/antenorefilhos.com.br/public_html/links/themes/altum/views/tools/tool_widget_frankfurt.php on line 26
[17-Jul-2025 10:57:08 UTC] PHP Warning:  Undefined property: stdClass::$last_submissions_is_enabled in /home/u607641063/domains/antenorefilhos.com.br/public_html/links/themes/altum/views/tools/tool_widget_frankfurt.php on line 26
[17-Jul-2025 10:57:08 UTC] PHP Warning:  Undefined property: stdClass::$last_submissions_is_enabled in /home/u607641063/domains/antenorefilhos.com.br/public_html/links/themes/altum/views/tools/tool_widget_frankfurt.php on line 26
[17-Jul-2025 10:57:08 UTC] PHP Warning:  Undefined property: stdClass::$last_submissions_is_enabled in /home/u607641063/domains/antenorefilhos.com.br/public_html/links/themes/altum/views/tools/tool_widget_frankfurt.php on line 26
[17-Jul-2025 10:57:08 UTC] PHP Warning:  Undefined property: stdClass::$last_submissions_is_enabled in /home/u607641063/domains/antenorefilhos.com.br/public_html/links/themes/altum/views/tools/tool_widget_frankfurt.php on line 26
[17-Jul-2025 10:57:08 UTC] PHP Warning:  Undefined property: stdClass::$last_submissions_is_enabled in /home/u607641063/domains/antenorefilhos.com.br/public_html/links/themes/altum/views/tools/tool_widget_frankfurt.php on line 26
[17-Jul-2025 10:57:08 UTC] PHP Warning:  Undefined property: stdClass::$last_submissions_is_enabled in /home/u607641063/domains/antenorefilhos.com.br/public_html/links/themes/altum/views/tools/tool_widget_frankfurt.php on line 26
[17-Jul-2025 10:57:08 UTC] PHP Warning:  Undefined property: stdClass::$last_submissions_is_enabled in /home/u607641063/domains/antenorefilhos.com.br/public_html/links/themes/altum/views/tools/tool_widget_frankfurt.php on line 26
[17-Jul-2025 10:57:08 UTC] PHP Warning:  Undefined property: stdClass::$last_submissions_is_enabled in /home/u607641063/domains/antenorefilhos.com.br/public_html/links/themes/altum/views/tools/tool_widget_frankfurt.php on line 26
[17-Jul-2025 10:57:08 UTC] PHP Warning:  Undefined property: stdClass::$last_submissions_is_enabled in /home/u607641063/domains/antenorefilhos.com.br/public_html/links/themes/altum/views/tools/tool_widget_frankfurt.php on line 26
[17-Jul-2025 10:57:08 UTC] PHP Warning:  Undefined property: stdClass::$last_submissions_is_enabled in /home/u607641063/domains/antenorefilhos.com.br/public_html/links/themes/altum/views/tools/tool_widget_frankfurt.php on line 26
[17-Jul-2025 10:57:08 UTC] PHP Warning:  Undefined property: stdClass::$last_submissions_is_enabled in /home/u607641063/domains/antenorefilhos.com.br/public_html/links/themes/altum/views/tools/tool_widget_frankfurt.php on line 26
[17-Jul-2025 10:57:08 UTC] PHP Warning:  Undefined property: stdClass::$last_submissions_is_enabled in /home/u607641063/domains/antenorefilhos.com.br/public_html/links/themes/altum/views/tools/tool_widget_frankfurt.php on line 26
[17-Jul-2025 10:57:08 UTC] PHP Warning:  Undefined property: stdClass::$last_submissions_is_enabled in /home/u607641063/domains/antenorefilhos.com.br/public_html/links/themes/altum/views/tools/tool_widget_frankfurt.php on line 26
[17-Jul-2025 10:57:08 UTC] PHP Warning:  Undefined property: stdClass::$last_submissions_is_enabled in /home/u607641063/domains/antenorefilhos.com.br/public_html/links/themes/altum/views/tools/tool_widget_frankfurt.php on line 26
[17-Jul-2025 10:57:08 UTC] PHP Warning:  Undefined property: stdClass::$last_submissions_is_enabled in /home/u607641063/domains/antenorefilhos.com.br/public_html/links/themes/altum/views/tools/tool_widget_frankfurt.php on line 26
[17-Jul-2025 10:57:08 UTC] PHP Warning:  Undefined property: stdClass::$last_submissions_is_enabled in /home/u607641063/domains/antenorefilhos.com.br/public_html/links/themes/altum/views/tools/tool_widget_frankfurt.php on line 26
[17-Jul-2025 10:57:08 UTC] PHP Warning:  Undefined property: stdClass::$last_submissions_is_enabled in /home/u607641063/domains/antenorefilhos.com.br/public_html/links/themes/altum/views/tools/tool_widget_frankfurt.php on line 26
[17-Jul-2025 10:57:08 UTC] PHP Warning:  Undefined property: stdClass::$last_submissions_is_enabled in /home/u607641063/domains/antenorefilhos.com.br/public_html/links/themes/altum/views/tools/tool_widget_frankfurt.php on line 26
[17-Jul-2025 10:57:08 UTC] PHP Warning:  Undefined property: stdClass::$last_submissions_is_enabled in /home/u607641063/domains/antenorefilhos.com.br/public_html/links/themes/altum/views/tools/tool_widget_frankfurt.php on line 26
[17-Jul-2025 10:57:08 UTC] PHP Warning:  Undefined property: stdClass::$last_submissions_is_enabled in /home/u607641063/domains/antenorefilhos.com.br/public_html/links/themes/altum/views/tools/tool_widget_frankfurt.php on line 26
[17-Jul-2025 10:57:08 UTC] PHP Warning:  Undefined property: stdClass::$last_submissions_is_enabled in /home/u607641063/domains/antenorefilhos.com.br/public_html/links/themes/altum/views/tools/tool_widget_frankfurt.php on line 26
[17-Jul-2025 10:57:08 UTC] PHP Warning:  Undefined property: stdClass::$last_submissions_is_enabled in /home/u607641063/domains/antenorefilhos.com.br/public_html/links/themes/altum/views/tools/tool_widget_frankfurt.php on line 26
[17-Jul-2025 10:57:08 UTC] PHP Warning:  Undefined property: stdClass::$last_submissions_is_enabled in /home/u607641063/domains/antenorefilhos.com.br/public_html/links/themes/altum/views/tools/tool_widget_frankfurt.php on line 26
[17-Jul-2025 10:57:08 UTC] PHP Warning:  Undefined property: stdClass::$last_submissions_is_enabled in /home/u607641063/domains/antenorefilhos.com.br/public_html/links/themes/altum/views/tools/tool_widget_frankfurt.php on line 26
[17-Jul-2025 10:57:08 UTC] PHP Warning:  Undefined property: stdClass::$last_submissions_is_enabled in /home/u607641063/domains/antenorefilhos.com.br/public_html/links/themes/altum/views/tools/tool_widget_frankfurt.php on line 26
[17-Jul-2025 10:57:08 UTC] PHP Warning:  Undefined property: stdClass::$last_submissions_is_enabled in /home/u607641063/domains/antenorefilhos.com.br/public_html/links/themes/altum/views/tools/tool_widget_frankfurt.php on line 26
[17-Jul-2025 10:57:08 UTC] PHP Warning:  Undefined property: stdClass::$last_submissions_is_enabled in /home/u607641063/domains/antenorefilhos.com.br/public_html/links/themes/altum/views/tools/tool_widget_frankfurt.php on line 26
[17-Jul-2025 10:57:08 UTC] PHP Warning:  Undefined property: stdClass::$last_submissions_is_enabled in /home/u607641063/domains/antenorefilhos.com.br/public_html/links/themes/altum/views/tools/tool_widget_frankfurt.php on line 26
[17-Jul-2025 10:57:08 UTC] PHP Warning:  Undefined property: stdClass::$last_submissions_is_enabled in /home/u607641063/domains/antenorefilhos.com.br/public_html/links/themes/altum/views/tools/tool_widget_frankfurt.php on line 26
[17-Jul-2025 10:57:08 UTC] PHP Warning:  Undefined property: stdClass::$last_submissions_is_enabled in /home/u607641063/domains/antenorefilhos.com.br/public_html/links/themes/altum/views/tools/tool_widget_frankfurt.php on line 26
[17-Jul-2025 10:57:08 UTC] PHP Warning:  Undefined property: stdClass::$last_submissions_is_enabled in /home/u607641063/domains/antenorefilhos.com.br/public_html/links/themes/altum/views/tools/tool_widget_frankfurt.php on line 26
[17-Jul-2025 10:57:08 UTC] PHP Warning:  Undefined property: stdClass::$last_submissions_is_enabled in /home/u607641063/domains/antenorefilhos.com.br/public_html/links/themes/altum/views/tools/tool_widget_frankfurt.php on line 26
[17-Jul-2025 10:57:08 UTC] PHP Warning:  Undefined property: stdClass::$last_submissions_is_enabled in /home/u607641063/domains/antenorefilhos.com.br/public_html/links/themes/altum/views/tools/tool_widget_frankfurt.php on line 26
[17-Jul-2025 10:57:08 UTC] PHP Warning:  Undefined property: stdClass::$last_submissions_is_enabled in /home/u607641063/domains/antenorefilhos.com.br/public_html/links/themes/altum/views/tools/tool_widget_frankfurt.php on line 26
[17-Jul-2025 10:57:08 UTC] PHP Warning:  Undefined property: stdClass::$last_submissions_is_enabled in /home/u607641063/domains/antenorefilhos.com.br/public_html/links/themes/altum/views/tools/tool_widget_frankfurt.php on line 26
[17-Jul-2025 10:57:08 UTC] PHP Warning:  Undefined property: stdClass::$last_submissions_is_enabled in /home/u607641063/domains/antenorefilhos.com.br/public_html/links/themes/altum/views/tools/tool_widget_frankfurt.php on line 26
[17-Jul-2025 10:57:08 UTC] PHP Warning:  Undefined property: stdClass::$last_submissions_is_enabled in /home/u607641063/domains/antenorefilhos.com.br/public_html/links/themes/altum/views/tools/tool_widget_frankfurt.php on line 26
[17-Jul-2025 10:57:08 UTC] PHP Warning:  Undefined property: stdClass::$last_submissions_is_enabled in /home/u607641063/domains/antenorefilhos.com.br/public_html/links/themes/altum/views/tools/tool_widget_frankfurt.php on line 26
[17-Jul-2025 10:57:08 UTC] PHP Warning:  Undefined property: stdClass::$last_submissions_is_enabled in /home/u607641063/domains/antenorefilhos.com.br/public_html/links/themes/altum/views/tools/tool_widget_frankfurt.php on line 26
[17-Jul-2025 10:57:08 UTC] PHP Warning:  Undefined property: stdClass::$last_submissions_is_enabled in /home/u607641063/domains/antenorefilhos.com.br/public_html/links/themes/altum/views/tools/tool_widget_frankfurt.php on line 26
[17-Jul-2025 10:57:08 UTC] PHP Warning:  Undefined property: stdClass::$last_submissions_is_enabled in /home/u607641063/domains/antenorefilhos.com.br/public_html/links/themes/altum/views/tools/tool_widget_frankfurt.php on line 26
[17-Jul-2025 10:57:08 UTC] PHP Warning:  Undefined property: stdClass::$last_submissions_is_enabled in /home/u607641063/domains/antenorefilhos.com.br/public_html/links/themes/altum/views/tools/tool_widget_frankfurt.php on line 26
[17-Jul-2025 10:57:08 UTC] PHP Warning:  Undefined property: stdClass::$last_submissions_is_enabled in /home/u607641063/domains/antenorefilhos.com.br/public_html/links/themes/altum/views/tools/tool_widget_frankfurt.php on line 26
[17-Jul-2025 10:57:08 UTC] PHP Warning:  Undefined property: stdClass::$last_submissions_is_enabled in /home/u607641063/domains/antenorefilhos.com.br/public_html/links/themes/altum/views/tools/tool_widget_frankfurt.php on line 26
[17-Jul-2025 10:57:08 UTC] PHP Warning:  Undefined property: stdClass::$last_submissions_is_enabled in /home/u607641063/domains/antenorefilhos.com.br/public_html/links/themes/altum/views/tools/tool_widget_frankfurt.php on line 26
[17-Jul-2025 10:57:08 UTC] PHP Warning:  Undefined property: stdClass::$last_submissions_is_enabled in /home/u607641063/domains/antenorefilhos.com.br/public_html/links/themes/altum/views/tools/tool_widget_frankfurt.php on line 26
[17-Jul-2025 10:57:08 UTC] PHP Warning:  Undefined property: stdClass::$last_submissions_is_enabled in /home/u607641063/domains/antenorefilhos.com.br/public_html/links/themes/altum/views/tools/tool_widget_frankfurt.php on line 26
[17-Jul-2025 10:57:08 UTC] PHP Warning:  Undefined property: stdClass::$last_submissions_is_enabled in /home/u607641063/domains/antenorefilhos.com.br/public_html/links/themes/altum/views/tools/tool_widget_frankfurt.php on line 26
[17-Jul-2025 10:57:08 UTC] PHP Warning:  Undefined property: stdClass::$last_submissions_is_enabled in /home/u607641063/domains/antenorefilhos.com.br/public_html/links/themes/altum/views/tools/tool_widget_frankfurt.php on line 26
[17-Jul-2025 10:57:08 UTC] PHP Warning:  Undefined property: stdClass::$last_submissions_is_enabled in /home/u607641063/domains/antenorefilhos.com.br/public_html/links/themes/altum/views/tools/tool_widget_frankfurt.php on line 26
[17-Jul-2025 10:57:08 UTC] PHP Warning:  Undefined property: stdClass::$last_submissions_is_enabled in /home/u607641063/domains/antenorefilhos.com.br/public_html/links/themes/altum/views/tools/tool_widget_frankfurt.php on line 26
[17-Jul-2025 10:57:08 UTC] PHP Warning:  Undefined property: stdClass::$last_submissions_is_enabled in /home/u607641063/domains/antenorefilhos.com.br/public_html/links/themes/altum/views/tools/tool_widget_frankfurt.php on line 26
[17-Jul-2025 10:57:08 UTC] PHP Warning:  Undefined property: stdClass::$last_submissions_is_enabled in /home/u607641063/domains/antenorefilhos.com.br/public_html/links/themes/altum/views/tools/tool_widget_frankfurt.php on line 26
[17-Jul-2025 10:57:08 UTC] PHP Warning:  Undefined property: stdClass::$last_submissions_is_enabled in /home/u607641063/domains/antenorefilhos.com.br/public_html/links/themes/altum/views/tools/tool_widget_frankfurt.php on line 26
[17-Jul-2025 10:57:08 UTC] PHP Warning:  Undefined property: stdClass::$last_submissions_is_enabled in /home/u607641063/domains/antenorefilhos.com.br/public_html/links/themes/altum/views/tools/tool_widget_frankfurt.php on line 26
[17-Jul-2025 10:57:08 UTC] PHP Warning:  Undefined property: stdClass::$last_submissions_is_enabled in /home/u607641063/domains/antenorefilhos.com.br/public_html/links/themes/altum/views/tools/tool_widget_frankfurt.php on line 26
[17-Jul-2025 10:57:08 UTC] PHP Warning:  Undefined property: stdClass::$last_submissions_is_enabled in /home/u607641063/domains/antenorefilhos.com.br/public_html/links/themes/altum/views/tools/tool_widget_frankfurt.php on line 26
[17-Jul-2025 10:57:08 UTC] PHP Warning:  Undefined property: stdClass::$last_submissions_is_enabled in /home/u607641063/domains/antenorefilhos.com.br/public_html/links/themes/altum/views/tools/tool_widget_frankfurt.php on line 26
[17-Jul-2025 10:57:08 UTC] PHP Warning:  Undefined property: stdClass::$last_submissions_is_enabled in /home/u607641063/domains/antenorefilhos.com.br/public_html/links/themes/altum/views/tools/tool_widget_frankfurt.php on line 26
[17-Jul-2025 10:57:08 UTC] PHP Warning:  Undefined property: stdClass::$last_submissions_is_enabled in /home/u607641063/domains/antenorefilhos.com.br/public_html/links/themes/altum/views/tools/tool_widget_frankfurt.php on line 26
[17-Jul-2025 10:57:08 UTC] PHP Warning:  Undefined property: stdClass::$last_submissions_is_enabled in /home/u607641063/domains/antenorefilhos.com.br/public_html/links/themes/altum/views/tools/tool_widget_frankfurt.php on line 26
[17-Jul-2025 10:57:08 UTC] PHP Warning:  Undefined property: stdClass::$last_submissions_is_enabled in /home/u607641063/domains/antenorefilhos.com.br/public_html/links/themes/altum/views/tools/tool_widget_frankfurt.php on line 26
[17-Jul-2025 10:57:08 UTC] PHP Warning:  Undefined property: stdClass::$last_submissions_is_enabled in /home/u607641063/domains/antenorefilhos.com.br/public_html/links/themes/altum/views/tools/tool_widget_frankfurt.php on line 26
[17-Jul-2025 10:57:08 UTC] PHP Warning:  Undefined property: stdClass::$last_submissions_is_enabled in /home/u607641063/domains/antenorefilhos.com.br/public_html/links/themes/altum/views/tools/tool_widget_frankfurt.php on line 26
[17-Jul-2025 10:57:08 UTC] PHP Warning:  Undefined property: stdClass::$last_submissions_is_enabled in /home/u607641063/domains/antenorefilhos.com.br/public_html/links/themes/altum/views/tools/tool_widget_frankfurt.php on line 26
[17-Jul-2025 10:57:08 UTC] PHP Warning:  Undefined property: stdClass::$last_submissions_is_enabled in /home/u607641063/domains/antenorefilhos.com.br/public_html/links/themes/altum/views/tools/tool_widget_frankfurt.php on line 26
[17-Jul-2025 10:57:08 UTC] PHP Warning:  Undefined property: stdClass::$last_submissions_is_enabled in /home/u607641063/domains/antenorefilhos.com.br/public_html/links/themes/altum/views/tools/tool_widget_frankfurt.php on line 26
[17-Jul-2025 10:57:08 UTC] PHP Warning:  Undefined property: stdClass::$last_submissions_is_enabled in /home/u607641063/domains/antenorefilhos.com.br/public_html/links/themes/altum/views/tools/tool_widget_frankfurt.php on line 26
[17-Jul-2025 10:57:08 UTC] PHP Warning:  Undefined property: stdClass::$last_submissions_is_enabled in /home/u607641063/domains/antenorefilhos.com.br/public_html/links/themes/altum/views/tools/tool_widget_frankfurt.php on line 26
[17-Jul-2025 10:57:08 UTC] PHP Warning:  Undefined property: stdClass::$last_submissions_is_enabled in /home/u607641063/domains/antenorefilhos.com.br/public_html/links/themes/altum/views/tools/tool_widget_frankfurt.php on line 26
[17-Jul-2025 10:57:08 UTC] PHP Warning:  Undefined property: stdClass::$last_submissions_is_enabled in /home/u607641063/domains/antenorefilhos.com.br/public_html/links/themes/altum/views/tools/tool_widget_frankfurt.php on line 26
[17-Jul-2025 10:57:08 UTC] PHP Warning:  Undefined property: stdClass::$last_submissions_is_enabled in /home/u607641063/domains/antenorefilhos.com.br/public_html/links/themes/altum/views/tools/tool_widget_frankfurt.php on line 26
[17-Jul-2025 10:57:08 UTC] PHP Warning:  Undefined property: stdClass::$last_submissions_is_enabled in /home/u607641063/domains/antenorefilhos.com.br/public_html/links/themes/altum/views/tools/tool_widget_frankfurt.php on line 26
[17-Jul-2025 10:57:08 UTC] PHP Warning:  Undefined property: stdClass::$last_submissions_is_enabled in /home/u607641063/domains/antenorefilhos.com.br/public_html/links/themes/altum/views/tools/tool_widget_frankfurt.php on line 26
[17-Jul-2025 10:57:08 UTC] PHP Warning:  Undefined property: stdClass::$last_submissions_is_enabled in /home/u607641063/domains/antenorefilhos.com.br/public_html/links/themes/altum/views/tools/tool_widget_frankfurt.php on line 26
[17-Jul-2025 10:57:08 UTC] PHP Warning:  Undefined property: stdClass::$last_submissions_is_enabled in /home/u607641063/domains/antenorefilhos.com.br/public_html/links/themes/altum/views/tools/tool_widget_frankfurt.php on line 26
[17-Jul-2025 10:57:08 UTC] PHP Warning:  Undefined property: stdClass::$last_submissions_is_enabled in /home/u607641063/domains/antenorefilhos.com.br/public_html/links/themes/altum/views/tools/tool_widget_frankfurt.php on line 26
[17-Jul-2025 10:57:08 UTC] PHP Warning:  Undefined property: stdClass::$last_submissions_is_enabled in /home/u607641063/domains/antenorefilhos.com.br/public_html/links/themes/altum/views/tools/tool_widget_frankfurt.php on line 26
[17-Jul-2025 10:57:08 UTC] PHP Warning:  Undefined property: stdClass::$last_submissions_is_enabled in /home/u607641063/domains/antenorefilhos.com.br/public_html/links/themes/altum/views/tools/tool_widget_frankfurt.php on line 26
[17-Jul-2025 10:57:08 UTC] PHP Warning:  Undefined property: stdClass::$last_submissions_is_enabled in /home/u607641063/domains/antenorefilhos.com.br/public_html/links/themes/altum/views/tools/tool_widget_frankfurt.php on line 26
[17-Jul-2025 10:57:08 UTC] PHP Warning:  Undefined property: stdClass::$last_submissions_is_enabled in /home/u607641063/domains/antenorefilhos.com.br/public_html/links/themes/altum/views/tools/tool_widget_frankfurt.php on line 26
[17-Jul-2025 10:57:08 UTC] PHP Warning:  Undefined property: stdClass::$last_submissions_is_enabled in /home/u607641063/domains/antenorefilhos.com.br/public_html/links/themes/altum/views/tools/tool_widget_frankfurt.php on line 26
[17-Jul-2025 10:57:08 UTC] PHP Warning:  Undefined property: stdClass::$last_submissions_is_enabled in /home/u607641063/domains/antenorefilhos.com.br/public_html/links/themes/altum/views/tools/tool_widget_frankfurt.php on line 26
[17-Jul-2025 10:57:08 UTC] PHP Warning:  Undefined property: stdClass::$last_submissions_is_enabled in /home/u607641063/domains/antenorefilhos.com.br/public_html/links/themes/altum/views/tools/tool_widget_frankfurt.php on line 26
[17-Jul-2025 10:57:08 UTC] PHP Warning:  Undefined property: stdClass::$last_submissions_is_enabled in /home/u607641063/domains/antenorefilhos.com.br/public_html/links/themes/altum/views/tools/tool_widget_frankfurt.php on line 26
[17-Jul-2025 10:57:08 UTC] PHP Warning:  Undefined property: stdClass::$last_submissions_is_enabled in /home/u607641063/domains/antenorefilhos.com.br/public_html/links/themes/altum/views/tools/tool_widget_frankfurt.php on line 26
[17-Jul-2025 10:57:08 UTC] PHP Warning:  Undefined property: stdClass::$last_submissions_is_enabled in /home/u607641063/domains/antenorefilhos.com.br/public_html/links/themes/altum/views/tools/tool_widget_frankfurt.php on line 26
[17-Jul-2025 10:57:08 UTC] PHP Warning:  Undefined property: stdClass::$last_submissions_is_enabled in /home/u607641063/domains/antenorefilhos.com.br/public_html/links/themes/altum/views/tools/tool_widget_frankfurt.php on line 26
[17-Jul-2025 10:57:08 UTC] PHP Warning:  Undefined property: stdClass::$last_submissions_is_enabled in /home/u607641063/domains/antenorefilhos.com.br/public_html/links/themes/altum/views/tools/tool_widget_frankfurt.php on line 26
[17-Jul-2025 10:57:08 UTC] PHP Warning:  Undefined property: stdClass::$last_submissions_is_enabled in /home/u607641063/domains/antenorefilhos.com.br/public_html/links/themes/altum/views/tools/tool_widget_frankfurt.php on line 26
[17-Jul-2025 10:57:08 UTC] PHP Warning:  Undefined property: stdClass::$last_submissions_is_enabled in /home/u607641063/domains/antenorefilhos.com.br/public_html/links/themes/altum/views/tools/tool_widget_frankfurt.php on line 26
[17-Jul-2025 10:57:08 UTC] PHP Warning:  Undefined property: stdClass::$last_submissions_is_enabled in /home/u607641063/domains/antenorefilhos.com.br/public_html/links/themes/altum/views/tools/tool_widget_frankfurt.php on line 26
[17-Jul-2025 10:57:08 UTC] PHP Warning:  Undefined property: stdClass::$last_submissions_is_enabled in /home/u607641063/domains/antenorefilhos.com.br/public_html/links/themes/altum/views/tools/tool_widget_frankfurt.php on line 26
[17-Jul-2025 10:57:08 UTC] PHP Warning:  Undefined property: stdClass::$last_submissions_is_enabled in /home/u607641063/domains/antenorefilhos.com.br/public_html/links/themes/altum/views/tools/tool_widget_frankfurt.php on line 26
[17-Jul-2025 10:57:08 UTC] PHP Warning:  Undefined property: stdClass::$last_submissions_is_enabled in /home/u607641063/domains/antenorefilhos.com.br/public_html/links/themes/altum/views/tools/tool_widget_frankfurt.php on line 26
[17-Jul-2025 10:57:08 UTC] PHP Warning:  Undefined property: stdClass::$last_submissions_is_enabled in /home/u607641063/domains/antenorefilhos.com.br/public_html/links/themes/altum/views/tools/tool_widget_frankfurt.php on line 26
[17-Jul-2025 10:57:08 UTC] PHP Warning:  Undefined property: stdClass::$last_submissions_is_enabled in /home/u607641063/domains/antenorefilhos.com.br/public_html/links/themes/altum/views/tools/tool_widget_frankfurt.php on line 26
[17-Jul-2025 10:57:08 UTC] PHP Warning:  Undefined property: stdClass::$last_submissions_is_enabled in /home/u607641063/domains/antenorefilhos.com.br/public_html/links/themes/altum/views/tools/tool_widget_frankfurt.php on line 26
[17-Jul-2025 10:57:08 UTC] PHP Warning:  Undefined property: stdClass::$last_submissions_is_enabled in /home/u607641063/domains/antenorefilhos.com.br/public_html/links/themes/altum/views/tools/tool_widget_frankfurt.php on line 26
[17-Jul-2025 10:57:08 UTC] PHP Warning:  Undefined property: stdClass::$last_submissions_is_enabled in /home/u607641063/domains/antenorefilhos.com.br/public_html/links/themes/altum/views/tools/tool_widget_frankfurt.php on line 26
[17-Jul-2025 10:57:08 UTC] PHP Warning:  Undefined property: stdClass::$last_submissions_is_enabled in /home/u607641063/domains/antenorefilhos.com.br/public_html/links/themes/altum/views/tools/tool_widget_frankfurt.php on line 26
[17-Jul-2025 10:57:08 UTC] PHP Warning:  Undefined property: stdClass::$last_submissions_is_enabled in /home/u607641063/domains/antenorefilhos.com.br/public_html/links/themes/altum/views/tools/tool_widget_frankfurt.php on line 26
[17-Jul-2025 10:57:08 UTC] PHP Warning:  Undefined property: stdClass::$last_submissions_is_enabled in /home/u607641063/domains/antenorefilhos.com.br/public_html/links/themes/altum/views/tools/tool_widget_frankfurt.php on line 26
[17-Jul-2025 10:57:08 UTC] PHP Warning:  Undefined property: stdClass::$last_submissions_is_enabled in /home/u607641063/domains/antenorefilhos.com.br/public_html/links/themes/altum/views/tools/tool_widget_frankfurt.php on line 26
[17-Jul-2025 10:57:08 UTC] PHP Warning:  Undefined property: stdClass::$last_submissions_is_enabled in /home/u607641063/domains/antenorefilhos.com.br/public_html/links/themes/altum/views/tools/tool_widget_frankfurt.php on line 26
[17-Jul-2025 10:57:08 UTC] PHP Warning:  Undefined property: stdClass::$last_submissions_is_enabled in /home/u607641063/domains/antenorefilhos.com.br/public_html/links/themes/altum/views/tools/tool_widget_frankfurt.php on line 26
[17-Jul-2025 10:57:08 UTC] PHP Warning:  Undefined property: stdClass::$last_submissions_is_enabled in /home/u607641063/domains/antenorefilhos.com.br/public_html/links/themes/altum/views/tools/tool_widget_frankfurt.php on line 26
[17-Jul-2025 10:57:08 UTC] PHP Warning:  Undefined property: stdClass::$last_submissions_is_enabled in /home/u607641063/domains/antenorefilhos.com.br/public_html/links/themes/altum/views/tools/tool_widget_frankfurt.php on line 26
[17-Jul-2025 10:57:08 UTC] PHP Warning:  Undefined property: stdClass::$last_submissions_is_enabled in /home/u607641063/domains/antenorefilhos.com.br/public_html/links/themes/altum/views/tools/tool_widget_frankfurt.php on line 26
[17-Jul-2025 10:57:08 UTC] PHP Warning:  Undefined property: stdClass::$last_submissions_is_enabled in /home/u607641063/domains/antenorefilhos.com.br/public_html/links/themes/altum/views/tools/tool_widget_frankfurt.php on line 26
[17-Jul-2025 10:57:08 UTC] PHP Warning:  Undefined property: stdClass::$last_submissions_is_enabled in /home/u607641063/domains/antenorefilhos.com.br/public_html/links/themes/altum/views/tools/tool_widget_frankfurt.php on line 26
[17-Jul-2025 10:57:08 UTC] PHP Warning:  Undefined property: stdClass::$last_submissions_is_enabled in /home/u607641063/domains/antenorefilhos.com.br/public_html/links/themes/altum/views/tools/tool_widget_frankfurt.php on line 26
[17-Jul-2025 10:57:08 UTC] PHP Warning:  Undefined property: stdClass::$last_submissions_is_enabled in /home/u607641063/domains/antenorefilhos.com.br/public_html/links/themes/altum/views/tools/tool_widget_frankfurt.php on line 26
[17-Jul-2025 11:55:14 UTC] PHP Warning:  Undefined property: stdClass::$last_submissions_is_enabled in /home/u607641063/domains/antenorefilhos.com.br/public_html/links/themes/altum/views/tools/tool_widget_frankfurt.php on line 26
[17-Jul-2025 11:55:14 UTC] PHP Warning:  Undefined array key "upside_down_text_generator" in /home/u607641063/domains/antenorefilhos.com.br/public_html/links/themes/altum/views/tools/ratings.php on line 117
[17-Jul-2025 11:55:14 UTC] PHP Warning:  Attempt to read property "total_ratings" on null in /home/u607641063/domains/antenorefilhos.com.br/public_html/links/themes/altum/views/tools/ratings.php on line 117
[17-Jul-2025 13:12:02 UTC] PHP Warning:  Undefined property: stdClass::$last_submissions_is_enabled in /home/u607641063/domains/antenorefilhos.com.br/public_html/links/themes/altum/views/tools/tool_widget_frankfurt.php on line 26
[17-Jul-2025 13:12:02 UTC] PHP Warning:  Undefined property: stdClass::$last_submissions_is_enabled in /home/u607641063/domains/antenorefilhos.com.br/public_html/links/themes/altum/views/tools/tool_widget_frankfurt.php on line 26
[17-Jul-2025 13:12:02 UTC] PHP Warning:  Undefined property: stdClass::$last_submissions_is_enabled in /home/u607641063/domains/antenorefilhos.com.br/public_html/links/themes/altum/views/tools/tool_widget_frankfurt.php on line 26
[17-Jul-2025 13:12:02 UTC] PHP Warning:  Undefined property: stdClass::$last_submissions_is_enabled in /home/u607641063/domains/antenorefilhos.com.br/public_html/links/themes/altum/views/tools/tool_widget_frankfurt.php on line 26
[17-Jul-2025 13:12:02 UTC] PHP Warning:  Undefined property: stdClass::$last_submissions_is_enabled in /home/u607641063/domains/antenorefilhos.com.br/public_html/links/themes/altum/views/tools/tool_widget_frankfurt.php on line 26
[17-Jul-2025 13:12:02 UTC] PHP Warning:  Undefined array key "bmp_to_ico" in /home/u607641063/domains/antenorefilhos.com.br/public_html/links/themes/altum/views/tools/ratings.php on line 117
[17-Jul-2025 13:12:02 UTC] PHP Warning:  Attempt to read property "total_ratings" on null in /home/u607641063/domains/antenorefilhos.com.br/public_html/links/themes/altum/views/tools/ratings.php on line 117
[17-Jul-2025 13:25:50 UTC] PHP Warning:  Undefined property: stdClass::$biolink_is_enabled in /home/u607641063/domains/antenorefilhos.com.br/public_html/links/themes/altum/views/l/biolink_blocks/phone_collector.php on line 69
[17-Jul-2025 13:25:56 UTC] PHP Warning:  Undefined property: stdClass::$splash_page_id in /home/u607641063/domains/antenorefilhos.com.br/public_html/links/app/controllers/l/Link.php on line 129
[17-Jul-2025 13:25:56 UTC] PHP Warning:  Undefined property: stdClass::$password in /home/u607641063/domains/antenorefilhos.com.br/public_html/links/app/controllers/l/Link.php on line 194
[17-Jul-2025 13:25:56 UTC] PHP Warning:  Undefined property: stdClass::$sensitive_content in /home/u607641063/domains/antenorefilhos.com.br/public_html/links/app/controllers/l/Link.php on line 223
[17-Jul-2025 13:25:59 UTC] PHP Warning:  Undefined property: stdClass::$biolink_is_enabled in /home/u607641063/domains/antenorefilhos.com.br/public_html/links/themes/altum/views/l/biolink_blocks/phone_collector.php on line 69
[17-Jul-2025 13:26:02 UTC] PHP Warning:  Undefined property: stdClass::$splash_page_id in /home/u607641063/domains/antenorefilhos.com.br/public_html/links/app/controllers/l/Link.php on line 129
[17-Jul-2025 13:26:02 UTC] PHP Warning:  Undefined property: stdClass::$password in /home/u607641063/domains/antenorefilhos.com.br/public_html/links/app/controllers/l/Link.php on line 194
[17-Jul-2025 13:26:02 UTC] PHP Warning:  Undefined property: stdClass::$sensitive_content in /home/u607641063/domains/antenorefilhos.com.br/public_html/links/app/controllers/l/Link.php on line 223
[17-Jul-2025 13:26:05 UTC] PHP Warning:  Undefined property: stdClass::$biolink_is_enabled in /home/u607641063/domains/antenorefilhos.com.br/public_html/links/themes/altum/views/l/biolink_blocks/phone_collector.php on line 69
[17-Jul-2025 13:26:47 UTC] PHP Warning:  Undefined property: stdClass::$biolink_is_enabled in /home/u607641063/domains/antenorefilhos.com.br/public_html/links/themes/altum/views/l/biolink_blocks/phone_collector.php on line 69
[17-Jul-2025 13:26:50 UTC] PHP Warning:  Undefined property: stdClass::$biolink_is_enabled in /home/u607641063/domains/antenorefilhos.com.br/public_html/links/themes/altum/views/l/biolink_blocks/phone_collector.php on line 69
[17-Jul-2025 13:26:52 UTC] PHP Warning:  Undefined property: stdClass::$splash_page_id in /home/u607641063/domains/antenorefilhos.com.br/public_html/links/app/controllers/l/Link.php on line 129
[17-Jul-2025 13:26:52 UTC] PHP Warning:  Undefined property: stdClass::$password in /home/u607641063/domains/antenorefilhos.com.br/public_html/links/app/controllers/l/Link.php on line 194
[17-Jul-2025 13:26:52 UTC] PHP Warning:  Undefined property: stdClass::$sensitive_content in /home/u607641063/domains/antenorefilhos.com.br/public_html/links/app/controllers/l/Link.php on line 223
[17-Jul-2025 13:26:52 UTC] PHP Warning:  Undefined property: stdClass::$color in /home/u607641063/domains/antenorefilhos.com.br/public_html/links/themes/altum/views/partials/plans.php on line 71
[17-Jul-2025 13:26:52 UTC] PHP Warning:  Undefined property: stdClass::$translations in /home/u607641063/domains/antenorefilhos.com.br/public_html/links/themes/altum/views/partials/plans.php on line 73
[17-Jul-2025 13:26:52 UTC] PHP Warning:  Attempt to read property "english" on null in /home/u607641063/domains/antenorefilhos.com.br/public_html/links/themes/altum/views/partials/plans.php on line 73
[17-Jul-2025 13:26:52 UTC] PHP Warning:  Attempt to read property "name" on null in /home/u607641063/domains/antenorefilhos.com.br/public_html/links/themes/altum/views/partials/plans.php on line 73
[17-Jul-2025 13:26:52 UTC] PHP Warning:  Undefined property: stdClass::$translations in /home/u607641063/domains/antenorefilhos.com.br/public_html/links/themes/altum/views/partials/plans.php on line 76
[17-Jul-2025 13:26:52 UTC] PHP Warning:  Attempt to read property "english" on null in /home/u607641063/domains/antenorefilhos.com.br/public_html/links/themes/altum/views/partials/plans.php on line 76
[17-Jul-2025 13:26:52 UTC] PHP Warning:  Attempt to read property "price" on null in /home/u607641063/domains/antenorefilhos.com.br/public_html/links/themes/altum/views/partials/plans.php on line 76
[17-Jul-2025 13:26:52 UTC] PHP Warning:  Undefined property: stdClass::$price in /home/u607641063/domains/antenorefilhos.com.br/public_html/links/themes/altum/views/partials/plans.php on line 76
[17-Jul-2025 13:26:52 UTC] PHP Warning:  Undefined property: stdClass::$translations in /home/u607641063/domains/antenorefilhos.com.br/public_html/links/themes/altum/views/partials/plans.php on line 79
[17-Jul-2025 13:26:52 UTC] PHP Warning:  Attempt to read property "english" on null in /home/u607641063/domains/antenorefilhos.com.br/public_html/links/themes/altum/views/partials/plans.php on line 79
[17-Jul-2025 13:26:52 UTC] PHP Warning:  Attempt to read property "description" on null in /home/u607641063/domains/antenorefilhos.com.br/public_html/links/themes/altum/views/partials/plans.php on line 79
[17-Jul-2025 13:26:52 UTC] PHP Warning:  Undefined property: stdClass::$description in /home/u607641063/domains/antenorefilhos.com.br/public_html/links/themes/altum/views/partials/plans.php on line 79
[17-Jul-2025 13:26:52 UTC] PHP Warning:  Undefined property: stdClass::$biolink_blocks_limit in /home/u607641063/domains/antenorefilhos.com.br/public_html/links/themes/altum/views/partials/plans_plan_content.php on line 15
[17-Jul-2025 13:26:52 UTC] PHP Warning:  Undefined property: stdClass::$biolink_blocks_limit in /home/u607641063/domains/antenorefilhos.com.br/public_html/links/themes/altum/views/partials/plans_plan_content.php on line 15
[17-Jul-2025 13:26:52 UTC] PHP Warning:  Undefined property: stdClass::$biolink_blocks_limit in /home/u607641063/domains/antenorefilhos.com.br/public_html/links/themes/altum/views/partials/plans_plan_content.php on line 16
[17-Jul-2025 13:26:52 UTC] PHP Warning:  Undefined property: stdClass::$links_bulk_limit in /home/u607641063/domains/antenorefilhos.com.br/public_html/links/themes/altum/views/partials/plans_plan_content.php on line 47
[17-Jul-2025 13:26:52 UTC] PHP Warning:  Undefined property: stdClass::$links_bulk_limit in /home/u607641063/domains/antenorefilhos.com.br/public_html/links/themes/altum/views/partials/plans_plan_content.php on line 47
[17-Jul-2025 13:26:52 UTC] PHP Warning:  Undefined property: stdClass::$links_bulk_limit in /home/u607641063/domains/antenorefilhos.com.br/public_html/links/themes/altum/views/partials/plans_plan_content.php on line 48
[17-Jul-2025 13:26:52 UTC] PHP Warning:  Undefined property: stdClass::$files_limit in /home/u607641063/domains/antenorefilhos.com.br/public_html/links/themes/altum/views/partials/plans_plan_content.php on line 54
[17-Jul-2025 13:26:52 UTC] PHP Warning:  Undefined property: stdClass::$files_limit in /home/u607641063/domains/antenorefilhos.com.br/public_html/links/themes/altum/views/partials/plans_plan_content.php on line 54
[17-Jul-2025 13:26:52 UTC] PHP Warning:  Undefined property: stdClass::$files_limit in /home/u607641063/domains/antenorefilhos.com.br/public_html/links/themes/altum/views/partials/plans_plan_content.php on line 55
[17-Jul-2025 13:26:52 UTC] PHP Warning:  Undefined property: stdClass::$vcards_limit in /home/u607641063/domains/antenorefilhos.com.br/public_html/links/themes/altum/views/partials/plans_plan_content.php on line 61
[17-Jul-2025 13:26:52 UTC] PHP Warning:  Undefined property: stdClass::$vcards_limit in /home/u607641063/domains/antenorefilhos.com.br/public_html/links/themes/altum/views/partials/plans_plan_content.php on line 61
[17-Jul-2025 13:26:52 UTC] PHP Warning:  Undefined property: stdClass::$vcards_limit in /home/u607641063/domains/antenorefilhos.com.br/public_html/links/themes/altum/views/partials/plans_plan_content.php on line 62
[17-Jul-2025 13:26:52 UTC] PHP Warning:  Undefined property: stdClass::$events_limit in /home/u607641063/domains/antenorefilhos.com.br/public_html/links/themes/altum/views/partials/plans_plan_content.php on line 68
[17-Jul-2025 13:26:52 UTC] PHP Warning:  Undefined property: stdClass::$events_limit in /home/u607641063/domains/antenorefilhos.com.br/public_html/links/themes/altum/views/partials/plans_plan_content.php on line 68
[17-Jul-2025 13:26:52 UTC] PHP Warning:  Undefined property: stdClass::$events_limit in /home/u607641063/domains/antenorefilhos.com.br/public_html/links/themes/altum/views/partials/plans_plan_content.php on line 69
[17-Jul-2025 13:26:52 UTC] PHP Warning:  Undefined property: stdClass::$static_limit in /home/u607641063/domains/antenorefilhos.com.br/public_html/links/themes/altum/views/partials/plans_plan_content.php on line 75
[17-Jul-2025 13:26:52 UTC] PHP Warning:  Undefined property: stdClass::$static_limit in /home/u607641063/domains/antenorefilhos.com.br/public_html/links/themes/altum/views/partials/plans_plan_content.php on line 75
[17-Jul-2025 13:26:52 UTC] PHP Warning:  Undefined property: stdClass::$static_limit in /home/u607641063/domains/antenorefilhos.com.br/public_html/links/themes/altum/views/partials/plans_plan_content.php on line 76
[17-Jul-2025 13:26:52 UTC] PHP Warning:  Undefined property: stdClass::$qr_codes_limit in /home/u607641063/domains/antenorefilhos.com.br/public_html/links/themes/altum/views/partials/plans_plan_content.php on line 82
[17-Jul-2025 13:26:52 UTC] PHP Warning:  Undefined property: stdClass::$qr_codes_limit in /home/u607641063/domains/antenorefilhos.com.br/public_html/links/themes/altum/views/partials/plans_plan_content.php on line 82
[17-Jul-2025 13:26:52 UTC] PHP Warning:  Undefined property: stdClass::$qr_codes_limit in /home/u607641063/domains/antenorefilhos.com.br/public_html/links/themes/altum/views/partials/plans_plan_content.php on line 83
[17-Jul-2025 13:26:52 UTC] PHP Warning:  Undefined property: stdClass::$qr_codes_bulk_limit in /home/u607641063/domains/antenorefilhos.com.br/public_html/links/themes/altum/views/partials/plans_plan_content.php on line 87
[17-Jul-2025 13:26:52 UTC] PHP Warning:  Undefined property: stdClass::$qr_codes_bulk_limit in /home/u607641063/domains/antenorefilhos.com.br/public_html/links/themes/altum/views/partials/plans_plan_content.php on line 87
[17-Jul-2025 13:26:52 UTC] PHP Warning:  Undefined property: stdClass::$qr_codes_bulk_limit in /home/u607641063/domains/antenorefilhos.com.br/public_html/links/themes/altum/views/partials/plans_plan_content.php on line 88
[17-Jul-2025 13:26:52 UTC] PHP Warning:  Undefined property: stdClass::$splash_pages_limit in /home/u607641063/domains/antenorefilhos.com.br/public_html/links/themes/altum/views/partials/plans_plan_content.php on line 101
[17-Jul-2025 13:26:52 UTC] PHP Warning:  Undefined property: stdClass::$splash_pages_limit in /home/u607641063/domains/antenorefilhos.com.br/public_html/links/themes/altum/views/partials/plans_plan_content.php on line 101
[17-Jul-2025 13:26:52 UTC] PHP Warning:  Undefined property: stdClass::$splash_pages_limit in /home/u607641063/domains/antenorefilhos.com.br/public_html/links/themes/altum/views/partials/plans_plan_content.php on line 102
[17-Jul-2025 13:26:52 UTC] PHP Warning:  Undefined property: stdClass::$track_links_retention in /home/u607641063/domains/antenorefilhos.com.br/public_html/links/themes/altum/views/partials/plans_plan_content.php on line 146
[17-Jul-2025 13:26:52 UTC] PHP Warning:  Undefined property: stdClass::$track_links_retention in /home/u607641063/domains/antenorefilhos.com.br/public_html/links/themes/altum/views/partials/plans_plan_content.php on line 146
[17-Jul-2025 13:26:52 UTC] PHP Warning:  Undefined property: stdClass::$track_links_retention in /home/u607641063/domains/antenorefilhos.com.br/public_html/links/themes/altum/views/partials/plans_plan_content.php on line 146
[17-Jul-2025 13:26:52 UTC] PHP Warning:  Undefined property: stdClass::$track_links_retention in /home/u607641063/domains/antenorefilhos.com.br/public_html/links/themes/altum/views/partials/plans_plan_content.php on line 146
[17-Jul-2025 13:26:52 UTC] PHP Warning:  Undefined property: stdClass::$track_links_retention in /home/u607641063/domains/antenorefilhos.com.br/public_html/links/themes/altum/views/partials/plans_plan_content.php on line 147
[17-Jul-2025 13:26:52 UTC] PHP Warning:  Undefined property: stdClass::$force_splash_page_on_link in /home/u607641063/domains/antenorefilhos.com.br/public_html/links/themes/altum/views/partials/plans_plan_content.php on line 270
[17-Jul-2025 13:26:52 UTC] PHP Warning:  Undefined property: stdClass::$force_splash_page_on_biolink in /home/u607641063/domains/antenorefilhos.com.br/public_html/links/themes/altum/views/partials/plans_plan_content.php on line 270
[17-Jul-2025 13:26:52 UTC] PHP Warning:  Undefined property: stdClass::$force_splash_page_on_file in /home/u607641063/domains/antenorefilhos.com.br/public_html/links/themes/altum/views/partials/plans_plan_content.php on line 270
[17-Jul-2025 13:26:52 UTC] PHP Warning:  Undefined property: stdClass::$force_splash_page_on_static in /home/u607641063/domains/antenorefilhos.com.br/public_html/links/themes/altum/views/partials/plans_plan_content.php on line 270
[17-Jul-2025 13:26:52 UTC] PHP Warning:  Undefined property: stdClass::$force_splash_page_on_vcard in /home/u607641063/domains/antenorefilhos.com.br/public_html/links/themes/altum/views/partials/plans_plan_content.php on line 270
[17-Jul-2025 13:26:52 UTC] PHP Warning:  Undefined property: stdClass::$force_splash_page_on_event in /home/u607641063/domains/antenorefilhos.com.br/public_html/links/themes/altum/views/partials/plans_plan_content.php on line 270
[17-Jul-2025 13:26:52 UTC] PHP Warning:  Undefined property: stdClass::$dofollow_is_enabled in /home/u607641063/domains/antenorefilhos.com.br/public_html/links/themes/altum/views/partials/plans_plan_content.php on line 289
[17-Jul-2025 13:26:52 UTC] PHP Warning:  Undefined property: stdClass::$dofollow_is_enabled in /home/u607641063/domains/antenorefilhos.com.br/public_html/links/themes/altum/views/partials/plans_plan_content.php on line 295
[17-Jul-2025 13:26:52 UTC] PHP Warning:  Undefined property: stdClass::$custom_css_is_enabled in /home/u607641063/domains/antenorefilhos.com.br/public_html/links/themes/altum/views/partials/plans_plan_content.php on line 289
[17-Jul-2025 13:26:52 UTC] PHP Warning:  Undefined property: stdClass::$custom_css_is_enabled in /home/u607641063/domains/antenorefilhos.com.br/public_html/links/themes/altum/views/partials/plans_plan_content.php on line 295
[17-Jul-2025 13:26:52 UTC] PHP Warning:  Undefined property: stdClass::$custom_js_is_enabled in /home/u607641063/domains/antenorefilhos.com.br/public_html/links/themes/altum/views/partials/plans_plan_content.php on line 289
[17-Jul-2025 13:26:52 UTC] PHP Warning:  Undefined property: stdClass::$custom_js_is_enabled in /home/u607641063/domains/antenorefilhos.com.br/public_html/links/themes/altum/views/partials/plans_plan_content.php on line 295
[17-Jul-2025 13:26:52 UTC] PHP Warning:  Undefined property: stdClass::$cloaking_is_enabled in /home/u607641063/domains/antenorefilhos.com.br/public_html/links/themes/altum/views/partials/plans_plan_content.php on line 289
[17-Jul-2025 13:26:52 UTC] PHP Warning:  Undefined property: stdClass::$cloaking_is_enabled in /home/u607641063/domains/antenorefilhos.com.br/public_html/links/themes/altum/views/partials/plans_plan_content.php on line 295
[17-Jul-2025 13:26:52 UTC] PHP Warning:  Undefined property: stdClass::$app_linking_is_enabled in /home/u607641063/domains/antenorefilhos.com.br/public_html/links/themes/altum/views/partials/plans_plan_content.php on line 289
[17-Jul-2025 13:26:52 UTC] PHP Warning:  Undefined property: stdClass::$app_linking_is_enabled in /home/u607641063/domains/antenorefilhos.com.br/public_html/links/themes/altum/views/partials/plans_plan_content.php on line 295
[17-Jul-2025 13:26:52 UTC] PHP Warning:  Undefined property: stdClass::$targeting_is_enabled in /home/u607641063/domains/antenorefilhos.com.br/public_html/links/themes/altum/views/partials/plans_plan_content.php on line 289
[17-Jul-2025 13:26:52 UTC] PHP Warning:  Undefined property: stdClass::$targeting_is_enabled in /home/u607641063/domains/antenorefilhos.com.br/public_html/links/themes/altum/views/partials/plans_plan_content.php on line 295
[17-Jul-2025 13:26:52 UTC] PHP Warning:  Undefined property: stdClass::$translations in /home/u607641063/domains/antenorefilhos.com.br/public_html/links/themes/altum/views/partials/plans.php on line 249
[17-Jul-2025 13:26:52 UTC] PHP Warning:  Attempt to read property "english" on null in /home/u607641063/domains/antenorefilhos.com.br/public_html/links/themes/altum/views/partials/plans.php on line 249
[17-Jul-2025 13:26:52 UTC] PHP Warning:  Attempt to read property "name" on null in /home/u607641063/domains/antenorefilhos.com.br/public_html/links/themes/altum/views/partials/plans.php on line 249
[17-Jul-2025 13:26:52 UTC] PHP Warning:  Undefined property: stdClass::$color in /home/u607641063/domains/antenorefilhos.com.br/public_html/links/themes/altum/views/partials/plans.php on line 71
[17-Jul-2025 13:26:52 UTC] PHP Warning:  Undefined property: stdClass::$translations in /home/u607641063/domains/antenorefilhos.com.br/public_html/links/themes/altum/views/partials/plans.php on line 73
[17-Jul-2025 13:26:52 UTC] PHP Warning:  Attempt to read property "english" on null in /home/u607641063/domains/antenorefilhos.com.br/public_html/links/themes/altum/views/partials/plans.php on line 73
[17-Jul-2025 13:26:52 UTC] PHP Warning:  Attempt to read property "name" on null in /home/u607641063/domains/antenorefilhos.com.br/public_html/links/themes/altum/views/partials/plans.php on line 73
[17-Jul-2025 13:26:52 UTC] PHP Warning:  Undefined property: stdClass::$translations in /home/u607641063/domains/antenorefilhos.com.br/public_html/links/themes/altum/views/partials/plans.php on line 76
[17-Jul-2025 13:26:52 UTC] PHP Warning:  Attempt to read property "english" on null in /home/u607641063/domains/antenorefilhos.com.br/public_html/links/themes/altum/views/partials/plans.php on line 76
[17-Jul-2025 13:26:52 UTC] PHP Warning:  Attempt to read property "price" on null in /home/u607641063/domains/antenorefilhos.com.br/public_html/links/themes/altum/views/partials/plans.php on line 76
[17-Jul-2025 13:26:52 UTC] PHP Warning:  Undefined property: stdClass::$price in /home/u607641063/domains/antenorefilhos.com.br/public_html/links/themes/altum/views/partials/plans.php on line 76
[17-Jul-2025 13:26:52 UTC] PHP Warning:  Undefined property: stdClass::$translations in /home/u607641063/domains/antenorefilhos.com.br/public_html/links/themes/altum/views/partials/plans.php on line 79
[17-Jul-2025 13:26:52 UTC] PHP Warning:  Attempt to read property "english" on null in /home/u607641063/domains/antenorefilhos.com.br/public_html/links/themes/altum/views/partials/plans.php on line 79
[17-Jul-2025 13:26:52 UTC] PHP Warning:  Attempt to read property "description" on null in /home/u607641063/domains/antenorefilhos.com.br/public_html/links/themes/altum/views/partials/plans.php on line 79
[17-Jul-2025 13:26:52 UTC] PHP Warning:  Undefined property: stdClass::$description in /home/u607641063/domains/antenorefilhos.com.br/public_html/links/themes/altum/views/partials/plans.php on line 79
[17-Jul-2025 13:26:52 UTC] PHP Warning:  Undefined property: stdClass::$biolink_blocks_limit in /home/u607641063/domains/antenorefilhos.com.br/public_html/links/themes/altum/views/partials/plans_plan_content.php on line 15
[17-Jul-2025 13:26:52 UTC] PHP Warning:  Undefined property: stdClass::$biolink_blocks_limit in /home/u607641063/domains/antenorefilhos.com.br/public_html/links/themes/altum/views/partials/plans_plan_content.php on line 15
[17-Jul-2025 13:26:52 UTC] PHP Warning:  Undefined property: stdClass::$biolink_blocks_limit in /home/u607641063/domains/antenorefilhos.com.br/public_html/links/themes/altum/views/partials/plans_plan_content.php on line 16
[17-Jul-2025 13:26:52 UTC] PHP Warning:  Undefined property: stdClass::$links_bulk_limit in /home/u607641063/domains/antenorefilhos.com.br/public_html/links/themes/altum/views/partials/plans_plan_content.php on line 47
[17-Jul-2025 13:26:52 UTC] PHP Warning:  Undefined property: stdClass::$links_bulk_limit in /home/u607641063/domains/antenorefilhos.com.br/public_html/links/themes/altum/views/partials/plans_plan_content.php on line 47
[17-Jul-2025 13:26:52 UTC] PHP Warning:  Undefined property: stdClass::$links_bulk_limit in /home/u607641063/domains/antenorefilhos.com.br/public_html/links/themes/altum/views/partials/plans_plan_content.php on line 48
[17-Jul-2025 13:26:52 UTC] PHP Warning:  Undefined property: stdClass::$files_limit in /home/u607641063/domains/antenorefilhos.com.br/public_html/links/themes/altum/views/partials/plans_plan_content.php on line 54
[17-Jul-2025 13:26:52 UTC] PHP Warning:  Undefined property: stdClass::$files_limit in /home/u607641063/domains/antenorefilhos.com.br/public_html/links/themes/altum/views/partials/plans_plan_content.php on line 54
[17-Jul-2025 13:26:52 UTC] PHP Warning:  Undefined property: stdClass::$files_limit in /home/u607641063/domains/antenorefilhos.com.br/public_html/links/themes/altum/views/partials/plans_plan_content.php on line 55
[17-Jul-2025 13:26:52 UTC] PHP Warning:  Undefined property: stdClass::$vcards_limit in /home/u607641063/domains/antenorefilhos.com.br/public_html/links/themes/altum/views/partials/plans_plan_content.php on line 61
[17-Jul-2025 13:26:52 UTC] PHP Warning:  Undefined property: stdClass::$vcards_limit in /home/u607641063/domains/antenorefilhos.com.br/public_html/links/themes/altum/views/partials/plans_plan_content.php on line 61
[17-Jul-2025 13:26:52 UTC] PHP Warning:  Undefined property: stdClass::$vcards_limit in /home/u607641063/domains/antenorefilhos.com.br/public_html/links/themes/altum/views/partials/plans_plan_content.php on line 62
[17-Jul-2025 13:26:52 UTC] PHP Warning:  Undefined property: stdClass::$events_limit in /home/u607641063/domains/antenorefilhos.com.br/public_html/links/themes/altum/views/partials/plans_plan_content.php on line 68
[17-Jul-2025 13:26:52 UTC] PHP Warning:  Undefined property: stdClass::$events_limit in /home/u607641063/domains/antenorefilhos.com.br/public_html/links/themes/altum/views/partials/plans_plan_content.php on line 68
[17-Jul-2025 13:26:52 UTC] PHP Warning:  Undefined property: stdClass::$events_limit in /home/u607641063/domains/antenorefilhos.com.br/public_html/links/themes/altum/views/partials/plans_plan_content.php on line 69
[17-Jul-2025 13:26:52 UTC] PHP Warning:  Undefined property: stdClass::$static_limit in /home/u607641063/domains/antenorefilhos.com.br/public_html/links/themes/altum/views/partials/plans_plan_content.php on line 75
[17-Jul-2025 13:26:52 UTC] PHP Warning:  Undefined property: stdClass::$static_limit in /home/u607641063/domains/antenorefilhos.com.br/public_html/links/themes/altum/views/partials/plans_plan_content.php on line 75
[17-Jul-2025 13:26:52 UTC] PHP Warning:  Undefined property: stdClass::$static_limit in /home/u607641063/domains/antenorefilhos.com.br/public_html/links/themes/altum/views/partials/plans_plan_content.php on line 76
[17-Jul-2025 13:26:52 UTC] PHP Warning:  Undefined property: stdClass::$qr_codes_limit in /home/u607641063/domains/antenorefilhos.com.br/public_html/links/themes/altum/views/partials/plans_plan_content.php on line 82
[17-Jul-2025 13:26:52 UTC] PHP Warning:  Undefined property: stdClass::$qr_codes_limit in /home/u607641063/domains/antenorefilhos.com.br/public_html/links/themes/altum/views/partials/plans_plan_content.php on line 82
[17-Jul-2025 13:26:52 UTC] PHP Warning:  Undefined property: stdClass::$qr_codes_limit in /home/u607641063/domains/antenorefilhos.com.br/public_html/links/themes/altum/views/partials/plans_plan_content.php on line 83
[17-Jul-2025 13:26:52 UTC] PHP Warning:  Undefined property: stdClass::$qr_codes_bulk_limit in /home/u607641063/domains/antenorefilhos.com.br/public_html/links/themes/altum/views/partials/plans_plan_content.php on line 87
[17-Jul-2025 13:26:52 UTC] PHP Warning:  Undefined property: stdClass::$qr_codes_bulk_limit in /home/u607641063/domains/antenorefilhos.com.br/public_html/links/themes/altum/views/partials/plans_plan_content.php on line 87
[17-Jul-2025 13:26:52 UTC] PHP Warning:  Undefined property: stdClass::$qr_codes_bulk_limit in /home/u607641063/domains/antenorefilhos.com.br/public_html/links/themes/altum/views/partials/plans_plan_content.php on line 88
[17-Jul-2025 13:26:52 UTC] PHP Warning:  Undefined property: stdClass::$splash_pages_limit in /home/u607641063/domains/antenorefilhos.com.br/public_html/links/themes/altum/views/partials/plans_plan_content.php on line 101
[17-Jul-2025 13:26:52 UTC] PHP Warning:  Undefined property: stdClass::$splash_pages_limit in /home/u607641063/domains/antenorefilhos.com.br/public_html/links/themes/altum/views/partials/plans_plan_content.php on line 101
[17-Jul-2025 13:26:52 UTC] PHP Warning:  Undefined property: stdClass::$splash_pages_limit in /home/u607641063/domains/antenorefilhos.com.br/public_html/links/themes/altum/views/partials/plans_plan_content.php on line 102
[17-Jul-2025 13:26:52 UTC] PHP Warning:  Undefined property: stdClass::$track_links_retention in /home/u607641063/domains/antenorefilhos.com.br/public_html/links/themes/altum/views/partials/plans_plan_content.php on line 146
[17-Jul-2025 13:26:52 UTC] PHP Warning:  Undefined property: stdClass::$track_links_retention in /home/u607641063/domains/antenorefilhos.com.br/public_html/links/themes/altum/views/partials/plans_plan_content.php on line 146
[17-Jul-2025 13:26:52 UTC] PHP Warning:  Undefined property: stdClass::$track_links_retention in /home/u607641063/domains/antenorefilhos.com.br/public_html/links/themes/altum/views/partials/plans_plan_content.php on line 146
[17-Jul-2025 13:26:52 UTC] PHP Warning:  Undefined property: stdClass::$track_links_retention in /home/u607641063/domains/antenorefilhos.com.br/public_html/links/themes/altum/views/partials/plans_plan_content.php on line 146
[17-Jul-2025 13:26:52 UTC] PHP Warning:  Undefined property: stdClass::$track_links_retention in /home/u607641063/domains/antenorefilhos.com.br/public_html/links/themes/altum/views/partials/plans_plan_content.php on line 147
[17-Jul-2025 13:26:52 UTC] PHP Warning:  Undefined property: stdClass::$force_splash_page_on_link in /home/u607641063/domains/antenorefilhos.com.br/public_html/links/themes/altum/views/partials/plans_plan_content.php on line 270
[17-Jul-2025 13:26:52 UTC] PHP Warning:  Undefined property: stdClass::$force_splash_page_on_biolink in /home/u607641063/domains/antenorefilhos.com.br/public_html/links/themes/altum/views/partials/plans_plan_content.php on line 270
[17-Jul-2025 13:26:52 UTC] PHP Warning:  Undefined property: stdClass::$force_splash_page_on_file in /home/u607641063/domains/antenorefilhos.com.br/public_html/links/themes/altum/views/partials/plans_plan_content.php on line 270
[17-Jul-2025 13:26:52 UTC] PHP Warning:  Undefined property: stdClass::$force_splash_page_on_static in /home/u607641063/domains/antenorefilhos.com.br/public_html/links/themes/altum/views/partials/plans_plan_content.php on line 270
[17-Jul-2025 13:26:52 UTC] PHP Warning:  Undefined property: stdClass::$force_splash_page_on_vcard in /home/u607641063/domains/antenorefilhos.com.br/public_html/links/themes/altum/views/partials/plans_plan_content.php on line 270
[17-Jul-2025 13:26:52 UTC] PHP Warning:  Undefined property: stdClass::$force_splash_page_on_event in /home/u607641063/domains/antenorefilhos.com.br/public_html/links/themes/altum/views/partials/plans_plan_content.php on line 270
[17-Jul-2025 13:26:52 UTC] PHP Warning:  Undefined property: stdClass::$dofollow_is_enabled in /home/u607641063/domains/antenorefilhos.com.br/public_html/links/themes/altum/views/partials/plans_plan_content.php on line 289
[17-Jul-2025 13:26:52 UTC] PHP Warning:  Undefined property: stdClass::$dofollow_is_enabled in /home/u607641063/domains/antenorefilhos.com.br/public_html/links/themes/altum/views/partials/plans_plan_content.php on line 295
[17-Jul-2025 13:26:52 UTC] PHP Warning:  Undefined property: stdClass::$custom_css_is_enabled in /home/u607641063/domains/antenorefilhos.com.br/public_html/links/themes/altum/views/partials/plans_plan_content.php on line 289
[17-Jul-2025 13:26:52 UTC] PHP Warning:  Undefined property: stdClass::$custom_css_is_enabled in /home/u607641063/domains/antenorefilhos.com.br/public_html/links/themes/altum/views/partials/plans_plan_content.php on line 295
[17-Jul-2025 13:26:52 UTC] PHP Warning:  Undefined property: stdClass::$custom_js_is_enabled in /home/u607641063/domains/antenorefilhos.com.br/public_html/links/themes/altum/views/partials/plans_plan_content.php on line 289
[17-Jul-2025 13:26:52 UTC] PHP Warning:  Undefined property: stdClass::$custom_js_is_enabled in /home/u607641063/domains/antenorefilhos.com.br/public_html/links/themes/altum/views/partials/plans_plan_content.php on line 295
[17-Jul-2025 13:26:52 UTC] PHP Warning:  Undefined property: stdClass::$cloaking_is_enabled in /home/u607641063/domains/antenorefilhos.com.br/public_html/links/themes/altum/views/partials/plans_plan_content.php on line 289
[17-Jul-2025 13:26:52 UTC] PHP Warning:  Undefined property: stdClass::$cloaking_is_enabled in /home/u607641063/domains/antenorefilhos.com.br/public_html/links/themes/altum/views/partials/plans_plan_content.php on line 295
[17-Jul-2025 13:26:52 UTC] PHP Warning:  Undefined property: stdClass::$app_linking_is_enabled in /home/u607641063/domains/antenorefilhos.com.br/public_html/links/themes/altum/views/partials/plans_plan_content.php on line 289
[17-Jul-2025 13:26:52 UTC] PHP Warning:  Undefined property: stdClass::$app_linking_is_enabled in /home/u607641063/domains/antenorefilhos.com.br/public_html/links/themes/altum/views/partials/plans_plan_content.php on line 295
[17-Jul-2025 13:26:52 UTC] PHP Warning:  Undefined property: stdClass::$targeting_is_enabled in /home/u607641063/domains/antenorefilhos.com.br/public_html/links/themes/altum/views/partials/plans_plan_content.php on line 289
[17-Jul-2025 13:26:52 UTC] PHP Warning:  Undefined property: stdClass::$targeting_is_enabled in /home/u607641063/domains/antenorefilhos.com.br/public_html/links/themes/altum/views/partials/plans_plan_content.php on line 295
[17-Jul-2025 13:26:52 UTC] PHP Warning:  Undefined property: stdClass::$translations in /home/u607641063/domains/antenorefilhos.com.br/public_html/links/themes/altum/views/partials/plans.php on line 249
[17-Jul-2025 13:26:52 UTC] PHP Warning:  Attempt to read property "english" on null in /home/u607641063/domains/antenorefilhos.com.br/public_html/links/themes/altum/views/partials/plans.php on line 249
[17-Jul-2025 13:26:52 UTC] PHP Warning:  Attempt to read property "name" on null in /home/u607641063/domains/antenorefilhos.com.br/public_html/links/themes/altum/views/partials/plans.php on line 249
[17-Jul-2025 13:26:53 UTC] PHP Warning:  Undefined property: stdClass::$splash_page_id in /home/u607641063/domains/antenorefilhos.com.br/public_html/links/app/controllers/l/Link.php on line 129
[17-Jul-2025 13:26:53 UTC] PHP Warning:  Undefined property: stdClass::$password in /home/u607641063/domains/antenorefilhos.com.br/public_html/links/app/controllers/l/Link.php on line 194
[17-Jul-2025 13:26:53 UTC] PHP Warning:  Undefined property: stdClass::$sensitive_content in /home/u607641063/domains/antenorefilhos.com.br/public_html/links/app/controllers/l/Link.php on line 223
[17-Jul-2025 13:26:54 UTC] PHP Warning:  Undefined property: stdClass::$biolink_is_enabled in /home/u607641063/domains/antenorefilhos.com.br/public_html/links/themes/altum/views/l/biolink_blocks/phone_collector.php on line 69
[17-Jul-2025 13:26:55 UTC] PHP Warning:  Undefined property: stdClass::$biolink_is_enabled in /home/u607641063/domains/antenorefilhos.com.br/public_html/links/themes/altum/views/l/biolink_blocks/phone_collector.php on line 69
[17-Jul-2025 13:26:59 UTC] PHP Warning:  Undefined property: stdClass::$splash_page_id in /home/u607641063/domains/antenorefilhos.com.br/public_html/links/app/controllers/l/Link.php on line 129
[17-Jul-2025 13:26:59 UTC] PHP Warning:  Undefined property: stdClass::$password in /home/u607641063/domains/antenorefilhos.com.br/public_html/links/app/controllers/l/Link.php on line 194
[17-Jul-2025 13:26:59 UTC] PHP Warning:  Undefined property: stdClass::$sensitive_content in /home/u607641063/domains/antenorefilhos.com.br/public_html/links/app/controllers/l/Link.php on line 223
[17-Jul-2025 14:21:53 UTC] PHP Warning:  Undefined property: stdClass::$biolink_is_enabled in /home/u607641063/domains/antenorefilhos.com.br/public_html/links/themes/altum/views/l/biolink_blocks/phone_collector.php on line 69
[17-Jul-2025 14:21:56 UTC] PHP Warning:  Undefined property: stdClass::$splash_page_id in /home/u607641063/domains/antenorefilhos.com.br/public_html/links/app/controllers/l/Link.php on line 129
[17-Jul-2025 14:21:56 UTC] PHP Warning:  Undefined property: stdClass::$password in /home/u607641063/domains/antenorefilhos.com.br/public_html/links/app/controllers/l/Link.php on line 194
[17-Jul-2025 14:21:56 UTC] PHP Warning:  Undefined property: stdClass::$sensitive_content in /home/u607641063/domains/antenorefilhos.com.br/public_html/links/app/controllers/l/Link.php on line 223
[17-Jul-2025 14:22:19 UTC] PHP Warning:  Undefined property: stdClass::$biolink_is_enabled in /home/u607641063/domains/antenorefilhos.com.br/public_html/links/themes/altum/views/l/biolink_blocks/phone_collector.php on line 69
[17-Jul-2025 14:22:21 UTC] PHP Warning:  Undefined property: stdClass::$biolink_is_enabled in /home/u607641063/domains/antenorefilhos.com.br/public_html/links/themes/altum/views/l/biolink_blocks/phone_collector.php on line 69
[17-Jul-2025 14:22:24 UTC] PHP Warning:  Undefined property: stdClass::$splash_page_id in /home/u607641063/domains/antenorefilhos.com.br/public_html/links/app/controllers/l/Link.php on line 129
[17-Jul-2025 14:22:24 UTC] PHP Warning:  Undefined property: stdClass::$password in /home/u607641063/domains/antenorefilhos.com.br/public_html/links/app/controllers/l/Link.php on line 194
[17-Jul-2025 14:22:24 UTC] PHP Warning:  Undefined property: stdClass::$sensitive_content in /home/u607641063/domains/antenorefilhos.com.br/public_html/links/app/controllers/l/Link.php on line 223
[17-Jul-2025 14:22:26 UTC] PHP Warning:  Undefined property: stdClass::$biolink_is_enabled in /home/u607641063/domains/antenorefilhos.com.br/public_html/links/themes/altum/views/l/biolink_blocks/phone_collector.php on line 69
[17-Jul-2025 14:22:29 UTC] PHP Warning:  Undefined property: stdClass::$biolink_is_enabled in /home/u607641063/domains/antenorefilhos.com.br/public_html/links/themes/altum/views/l/biolink_blocks/phone_collector.php on line 69
[17-Jul-2025 14:22:31 UTC] PHP Warning:  Undefined property: stdClass::$splash_page_id in /home/u607641063/domains/antenorefilhos.com.br/public_html/links/app/controllers/l/Link.php on line 129
[17-Jul-2025 14:22:31 UTC] PHP Warning:  Undefined property: stdClass::$password in /home/u607641063/domains/antenorefilhos.com.br/public_html/links/app/controllers/l/Link.php on line 194
[17-Jul-2025 14:22:31 UTC] PHP Warning:  Undefined property: stdClass::$sensitive_content in /home/u607641063/domains/antenorefilhos.com.br/public_html/links/app/controllers/l/Link.php on line 223
[17-Jul-2025 14:22:33 UTC] PHP Warning:  Undefined property: stdClass::$biolink_is_enabled in /home/u607641063/domains/antenorefilhos.com.br/public_html/links/themes/altum/views/l/biolink_blocks/phone_collector.php on line 69
[17-Jul-2025 14:22:40 UTC] PHP Warning:  Undefined property: stdClass::$splash_page_id in /home/u607641063/domains/antenorefilhos.com.br/public_html/links/app/controllers/l/Link.php on line 129
[17-Jul-2025 14:22:40 UTC] PHP Warning:  Undefined property: stdClass::$password in /home/u607641063/domains/antenorefilhos.com.br/public_html/links/app/controllers/l/Link.php on line 194
[17-Jul-2025 14:22:40 UTC] PHP Warning:  Undefined property: stdClass::$sensitive_content in /home/u607641063/domains/antenorefilhos.com.br/public_html/links/app/controllers/l/Link.php on line 223
[17-Jul-2025 14:22:44 UTC] PHP Warning:  Undefined property: stdClass::$biolink_is_enabled in /home/u607641063/domains/antenorefilhos.com.br/public_html/links/themes/altum/views/l/biolink_blocks/phone_collector.php on line 69
[17-Jul-2025 15:37:52 UTC] PHP Warning:  Undefined property: stdClass::$last_submissions_is_enabled in /home/u607641063/domains/antenorefilhos.com.br/public_html/links/themes/altum/views/tools/tool_widget_frankfurt.php on line 26
[17-Jul-2025 15:37:52 UTC] PHP Warning:  Undefined array key "color_picker" in /home/u607641063/domains/antenorefilhos.com.br/public_html/links/themes/altum/views/tools/ratings.php on line 117
[17-Jul-2025 15:37:52 UTC] PHP Warning:  Attempt to read property "total_ratings" on null in /home/u607641063/domains/antenorefilhos.com.br/public_html/links/themes/altum/views/tools/ratings.php on line 117
[17-Jul-2025 17:41:53 UTC] PHP Warning:  Undefined property: stdClass::$biolink_is_enabled in /home/u607641063/domains/antenorefilhos.com.br/public_html/links/themes/altum/views/l/biolink_blocks/phone_collector.php on line 69
[17-Jul-2025 17:42:09 UTC] PHP Warning:  Undefined property: stdClass::$splash_page_id in /home/u607641063/domains/antenorefilhos.com.br/public_html/links/app/controllers/l/Link.php on line 129
[17-Jul-2025 17:42:09 UTC] PHP Warning:  Undefined property: stdClass::$password in /home/u607641063/domains/antenorefilhos.com.br/public_html/links/app/controllers/l/Link.php on line 194
[17-Jul-2025 17:42:09 UTC] PHP Warning:  Undefined property: stdClass::$sensitive_content in /home/u607641063/domains/antenorefilhos.com.br/public_html/links/app/controllers/l/Link.php on line 223
[17-Jul-2025 17:42:14 UTC] PHP Warning:  Undefined property: stdClass::$biolink_is_enabled in /home/u607641063/domains/antenorefilhos.com.br/public_html/links/themes/altum/views/l/biolink_blocks/phone_collector.php on line 69
[17-Jul-2025 17:42:17 UTC] PHP Warning:  Undefined property: stdClass::$splash_page_id in /home/u607641063/domains/antenorefilhos.com.br/public_html/links/app/controllers/l/Link.php on line 129
[17-Jul-2025 17:42:17 UTC] PHP Warning:  Undefined property: stdClass::$password in /home/u607641063/domains/antenorefilhos.com.br/public_html/links/app/controllers/l/Link.php on line 194
[17-Jul-2025 17:42:17 UTC] PHP Warning:  Undefined property: stdClass::$sensitive_content in /home/u607641063/domains/antenorefilhos.com.br/public_html/links/app/controllers/l/Link.php on line 223
[17-Jul-2025 17:43:54 UTC] PHP Warning:  Undefined property: stdClass::$biolink_is_enabled in /home/u607641063/domains/antenorefilhos.com.br/public_html/links/themes/altum/views/l/biolink_blocks/phone_collector.php on line 69
