[14-Dec-2025 00:23:21 UTC] PHP Warning:  Undefined property: stdClass::$last_submissions_is_enabled in /home/u607641063/domains/antenorefilhos.com.br/public_html/links/themes/altum/views/tools/tool_widget_frankfurt.php on line 26
[14-Dec-2025 00:23:21 UTC] PHP Warning:  Undefined property: stdClass::$last_submissions_is_enabled in /home/u607641063/domains/antenorefilhos.com.br/public_html/links/themes/altum/views/tools/tool_widget_frankfurt.php on line 26
[14-Dec-2025 00:23:21 UTC] PHP Warning:  Undefined property: stdClass::$last_submissions_is_enabled in /home/u607641063/domains/antenorefilhos.com.br/public_html/links/themes/altum/views/tools/tool_widget_frankfurt.php on line 26
[14-Dec-2025 00:23:21 UTC] PHP Warning:  Undefined property: stdClass::$last_submissions_is_enabled in /home/u607641063/domains/antenorefilhos.com.br/public_html/links/themes/altum/views/tools/tool_widget_frankfurt.php on line 26
[14-Dec-2025 00:23:21 UTC] PHP Warning:  Undefined property: stdClass::$last_submissions_is_enabled in /home/u607641063/domains/antenorefilhos.com.br/public_html/links/themes/altum/views/tools/tool_widget_frankfurt.php on line 26
[14-Dec-2025 00:23:21 UTC] PHP Warning:  Undefined property: stdClass::$last_submissions_is_enabled in /home/u607641063/domains/antenorefilhos.com.br/public_html/links/themes/altum/views/tools/tool_widget_frankfurt.php on line 26
[14-Dec-2025 00:23:21 UTC] PHP Warning:  Undefined property: stdClass::$last_submissions_is_enabled in /home/u607641063/domains/antenorefilhos.com.br/public_html/links/themes/altum/views/tools/tool_widget_frankfurt.php on line 26
[14-Dec-2025 00:23:21 UTC] PHP Warning:  Undefined property: stdClass::$last_submissions_is_enabled in /home/u607641063/domains/antenorefilhos.com.br/public_html/links/themes/altum/views/tools/tool_widget_frankfurt.php on line 26
[14-Dec-2025 01:21:42 UTC] PHP Warning:  Undefined property: stdClass::$last_submissions_is_enabled in /home/u607641063/domains/antenorefilhos.com.br/public_html/links/themes/altum/views/tools/tool_widget_frankfurt.php on line 26
[14-Dec-2025 01:21:42 UTC] PHP Warning:  Undefined property: stdClass::$last_submissions_is_enabled in /home/u607641063/domains/antenorefilhos.com.br/public_html/links/themes/altum/views/tools/tool_widget_frankfurt.php on line 26
[14-Dec-2025 01:21:42 UTC] PHP Warning:  Undefined property: stdClass::$last_submissions_is_enabled in /home/u607641063/domains/antenorefilhos.com.br/public_html/links/themes/altum/views/tools/tool_widget_frankfurt.php on line 26
[14-Dec-2025 01:21:42 UTC] PHP Warning:  Undefined property: stdClass::$last_submissions_is_enabled in /home/u607641063/domains/antenorefilhos.com.br/public_html/links/themes/altum/views/tools/tool_widget_frankfurt.php on line 26
[14-Dec-2025 02:24:24 UTC] PHP Warning:  Undefined property: stdClass::$biolink_is_enabled in /home/u607641063/domains/antenorefilhos.com.br/public_html/links/themes/altum/views/l/biolink_blocks/phone_collector.php on line 69
[14-Dec-2025 02:24:26 UTC] PHP Warning:  Undefined property: stdClass::$splash_page_id in /home/u607641063/domains/antenorefilhos.com.br/public_html/links/app/controllers/l/Link.php on line 129
[14-Dec-2025 02:24:26 UTC] PHP Warning:  Undefined property: stdClass::$password in /home/u607641063/domains/antenorefilhos.com.br/public_html/links/app/controllers/l/Link.php on line 194
[14-Dec-2025 02:24:26 UTC] PHP Warning:  Undefined property: stdClass::$sensitive_content in /home/u607641063/domains/antenorefilhos.com.br/public_html/links/app/controllers/l/Link.php on line 223
[14-Dec-2025 05:58:06 UTC] PHP Warning:  Undefined property: stdClass::$biolink_is_enabled in /home/u607641063/domains/antenorefilhos.com.br/public_html/links/themes/altum/views/l/biolink_blocks/phone_collector.php on line 69
[14-Dec-2025 05:58:13 UTC] PHP Warning:  Undefined property: stdClass::$splash_page_id in /home/u607641063/domains/antenorefilhos.com.br/public_html/links/app/controllers/l/Link.php on line 129
[14-Dec-2025 05:58:13 UTC] PHP Warning:  Undefined property: stdClass::$password in /home/u607641063/domains/antenorefilhos.com.br/public_html/links/app/controllers/l/Link.php on line 194
[14-Dec-2025 05:58:13 UTC] PHP Warning:  Undefined property: stdClass::$sensitive_content in /home/u607641063/domains/antenorefilhos.com.br/public_html/links/app/controllers/l/Link.php on line 223
[14-Dec-2025 11:17:57 UTC] PHP Warning:  Undefined property: stdClass::$last_submissions_is_enabled in /home/u607641063/domains/antenorefilhos.com.br/public_html/links/themes/altum/views/tools/tool_widget_frankfurt.php on line 26
[14-Dec-2025 11:17:57 UTC] PHP Warning:  Undefined property: stdClass::$last_submissions_is_enabled in /home/u607641063/domains/antenorefilhos.com.br/public_html/links/themes/altum/views/tools/tool_widget_frankfurt.php on line 26
[14-Dec-2025 11:17:57 UTC] PHP Warning:  Undefined property: stdClass::$last_submissions_is_enabled in /home/u607641063/domains/antenorefilhos.com.br/public_html/links/themes/altum/views/tools/tool_widget_frankfurt.php on line 26
[14-Dec-2025 11:17:57 UTC] PHP Warning:  Undefined property: stdClass::$last_submissions_is_enabled in /home/u607641063/domains/antenorefilhos.com.br/public_html/links/themes/altum/views/tools/tool_widget_frankfurt.php on line 26
[14-Dec-2025 11:17:57 UTC] PHP Warning:  Undefined property: stdClass::$last_submissions_is_enabled in /home/u607641063/domains/antenorefilhos.com.br/public_html/links/themes/altum/views/tools/tool_widget_frankfurt.php on line 26
[14-Dec-2025 11:17:57 UTC] PHP Warning:  Undefined property: stdClass::$last_submissions_is_enabled in /home/u607641063/domains/antenorefilhos.com.br/public_html/links/themes/altum/views/tools/tool_widget_frankfurt.php on line 26
[14-Dec-2025 11:17:57 UTC] PHP Warning:  Undefined property: stdClass::$last_submissions_is_enabled in /home/u607641063/domains/antenorefilhos.com.br/public_html/links/themes/altum/views/tools/tool_widget_frankfurt.php on line 26
[14-Dec-2025 11:17:57 UTC] PHP Warning:  Undefined property: stdClass::$last_submissions_is_enabled in /home/u607641063/domains/antenorefilhos.com.br/public_html/links/themes/altum/views/tools/tool_widget_frankfurt.php on line 26
[14-Dec-2025 12:25:24 UTC] PHP Warning:  Undefined property: stdClass::$last_submissions_is_enabled in /home/u607641063/domains/antenorefilhos.com.br/public_html/links/themes/altum/views/tools/tool_widget_frankfurt.php on line 26
[14-Dec-2025 12:25:24 UTC] PHP Warning:  Undefined property: stdClass::$last_submissions_is_enabled in /home/u607641063/domains/antenorefilhos.com.br/public_html/links/themes/altum/views/tools/tool_widget_frankfurt.php on line 26
[14-Dec-2025 12:25:24 UTC] PHP Warning:  Undefined property: stdClass::$last_submissions_is_enabled in /home/u607641063/domains/antenorefilhos.com.br/public_html/links/themes/altum/views/tools/tool_widget_frankfurt.php on line 26
[14-Dec-2025 12:25:24 UTC] PHP Warning:  Undefined property: stdClass::$last_submissions_is_enabled in /home/u607641063/domains/antenorefilhos.com.br/public_html/links/themes/altum/views/tools/tool_widget_frankfurt.php on line 26
[14-Dec-2025 12:25:24 UTC] PHP Warning:  Undefined property: stdClass::$last_submissions_is_enabled in /home/u607641063/domains/antenorefilhos.com.br/public_html/links/themes/altum/views/tools/tool_widget_frankfurt.php on line 26
[14-Dec-2025 12:25:24 UTC] PHP Warning:  Undefined property: stdClass::$last_submissions_is_enabled in /home/u607641063/domains/antenorefilhos.com.br/public_html/links/themes/altum/views/tools/tool_widget_frankfurt.php on line 26
[14-Dec-2025 12:25:24 UTC] PHP Warning:  Undefined property: stdClass::$last_submissions_is_enabled in /home/u607641063/domains/antenorefilhos.com.br/public_html/links/themes/altum/views/tools/tool_widget_frankfurt.php on line 26
[14-Dec-2025 12:25:24 UTC] PHP Warning:  Undefined property: stdClass::$last_submissions_is_enabled in /home/u607641063/domains/antenorefilhos.com.br/public_html/links/themes/altum/views/tools/tool_widget_frankfurt.php on line 26
[14-Dec-2025 13:41:39 UTC] PHP Warning:  Undefined property: stdClass::$biolink_is_enabled in /home/u607641063/domains/antenorefilhos.com.br/public_html/links/themes/altum/views/l/biolink_blocks/phone_collector.php on line 69
[14-Dec-2025 13:41:42 UTC] PHP Warning:  Undefined property: stdClass::$splash_page_id in /home/u607641063/domains/antenorefilhos.com.br/public_html/links/app/controllers/l/Link.php on line 129
[14-Dec-2025 13:41:42 UTC] PHP Warning:  Undefined property: stdClass::$password in /home/u607641063/domains/antenorefilhos.com.br/public_html/links/app/controllers/l/Link.php on line 194
[14-Dec-2025 13:41:42 UTC] PHP Warning:  Undefined property: stdClass::$sensitive_content in /home/u607641063/domains/antenorefilhos.com.br/public_html/links/app/controllers/l/Link.php on line 223
[14-Dec-2025 13:41:53 UTC] PHP Warning:  Undefined property: stdClass::$splash_page_id in /home/u607641063/domains/antenorefilhos.com.br/public_html/links/app/controllers/l/Link.php on line 129
[14-Dec-2025 13:41:53 UTC] PHP Warning:  Undefined property: stdClass::$password in /home/u607641063/domains/antenorefilhos.com.br/public_html/links/app/controllers/l/Link.php on line 194
[14-Dec-2025 13:41:53 UTC] PHP Warning:  Undefined property: stdClass::$sensitive_content in /home/u607641063/domains/antenorefilhos.com.br/public_html/links/app/controllers/l/Link.php on line 223
[14-Dec-2025 14:02:16 UTC] PHP Warning:  Undefined property: stdClass::$biolink_is_enabled in /home/u607641063/domains/antenorefilhos.com.br/public_html/links/themes/altum/views/l/biolink_blocks/phone_collector.php on line 69
[14-Dec-2025 14:02:22 UTC] PHP Warning:  Undefined property: stdClass::$splash_page_id in /home/u607641063/domains/antenorefilhos.com.br/public_html/links/app/controllers/l/Link.php on line 129
[14-Dec-2025 14:02:22 UTC] PHP Warning:  Undefined property: stdClass::$password in /home/u607641063/domains/antenorefilhos.com.br/public_html/links/app/controllers/l/Link.php on line 194
[14-Dec-2025 14:02:22 UTC] PHP Warning:  Undefined property: stdClass::$sensitive_content in /home/u607641063/domains/antenorefilhos.com.br/public_html/links/app/controllers/l/Link.php on line 223
[14-Dec-2025 14:11:30 UTC] PHP Warning:  Undefined property: stdClass::$biolink_is_enabled in /home/u607641063/domains/antenorefilhos.com.br/public_html/links/themes/altum/views/l/biolink_blocks/phone_collector.php on line 69
[14-Dec-2025 14:11:34 UTC] PHP Warning:  Undefined property: stdClass::$color in /home/u607641063/domains/antenorefilhos.com.br/public_html/links/themes/altum/views/partials/plans.php on line 71
[14-Dec-2025 14:11:34 UTC] PHP Warning:  Undefined property: stdClass::$translations in /home/u607641063/domains/antenorefilhos.com.br/public_html/links/themes/altum/views/partials/plans.php on line 73
[14-Dec-2025 14:11:34 UTC] PHP Warning:  Attempt to read property "english" on null in /home/u607641063/domains/antenorefilhos.com.br/public_html/links/themes/altum/views/partials/plans.php on line 73
[14-Dec-2025 14:11:34 UTC] PHP Warning:  Attempt to read property "name" on null in /home/u607641063/domains/antenorefilhos.com.br/public_html/links/themes/altum/views/partials/plans.php on line 73
[14-Dec-2025 14:11:34 UTC] PHP Warning:  Undefined property: stdClass::$translations in /home/u607641063/domains/antenorefilhos.com.br/public_html/links/themes/altum/views/partials/plans.php on line 76
[14-Dec-2025 14:11:34 UTC] PHP Warning:  Attempt to read property "english" on null in /home/u607641063/domains/antenorefilhos.com.br/public_html/links/themes/altum/views/partials/plans.php on line 76
[14-Dec-2025 14:11:34 UTC] PHP Warning:  Attempt to read property "price" on null in /home/u607641063/domains/antenorefilhos.com.br/public_html/links/themes/altum/views/partials/plans.php on line 76
[14-Dec-2025 14:11:34 UTC] PHP Warning:  Undefined property: stdClass::$price in /home/u607641063/domains/antenorefilhos.com.br/public_html/links/themes/altum/views/partials/plans.php on line 76
[14-Dec-2025 14:11:34 UTC] PHP Warning:  Undefined property: stdClass::$translations in /home/u607641063/domains/antenorefilhos.com.br/public_html/links/themes/altum/views/partials/plans.php on line 79
[14-Dec-2025 14:11:34 UTC] PHP Warning:  Attempt to read property "english" on null in /home/u607641063/domains/antenorefilhos.com.br/public_html/links/themes/altum/views/partials/plans.php on line 79
[14-Dec-2025 14:11:34 UTC] PHP Warning:  Attempt to read property "description" on null in /home/u607641063/domains/antenorefilhos.com.br/public_html/links/themes/altum/views/partials/plans.php on line 79
[14-Dec-2025 14:11:34 UTC] PHP Warning:  Undefined property: stdClass::$description in /home/u607641063/domains/antenorefilhos.com.br/public_html/links/themes/altum/views/partials/plans.php on line 79
[14-Dec-2025 14:11:34 UTC] PHP Warning:  Undefined property: stdClass::$biolink_blocks_limit in /home/u607641063/domains/antenorefilhos.com.br/public_html/links/themes/altum/views/partials/plans_plan_content.php on line 15
[14-Dec-2025 14:11:34 UTC] PHP Warning:  Undefined property: stdClass::$biolink_blocks_limit in /home/u607641063/domains/antenorefilhos.com.br/public_html/links/themes/altum/views/partials/plans_plan_content.php on line 15
[14-Dec-2025 14:11:34 UTC] PHP Warning:  Undefined property: stdClass::$biolink_blocks_limit in /home/u607641063/domains/antenorefilhos.com.br/public_html/links/themes/altum/views/partials/plans_plan_content.php on line 16
[14-Dec-2025 14:11:34 UTC] PHP Warning:  Undefined property: stdClass::$links_bulk_limit in /home/u607641063/domains/antenorefilhos.com.br/public_html/links/themes/altum/views/partials/plans_plan_content.php on line 47
[14-Dec-2025 14:11:34 UTC] PHP Warning:  Undefined property: stdClass::$links_bulk_limit in /home/u607641063/domains/antenorefilhos.com.br/public_html/links/themes/altum/views/partials/plans_plan_content.php on line 47
[14-Dec-2025 14:11:34 UTC] PHP Warning:  Undefined property: stdClass::$links_bulk_limit in /home/u607641063/domains/antenorefilhos.com.br/public_html/links/themes/altum/views/partials/plans_plan_content.php on line 48
[14-Dec-2025 14:11:34 UTC] PHP Warning:  Undefined property: stdClass::$files_limit in /home/u607641063/domains/antenorefilhos.com.br/public_html/links/themes/altum/views/partials/plans_plan_content.php on line 54
[14-Dec-2025 14:11:34 UTC] PHP Warning:  Undefined property: stdClass::$files_limit in /home/u607641063/domains/antenorefilhos.com.br/public_html/links/themes/altum/views/partials/plans_plan_content.php on line 54
[14-Dec-2025 14:11:34 UTC] PHP Warning:  Undefined property: stdClass::$files_limit in /home/u607641063/domains/antenorefilhos.com.br/public_html/links/themes/altum/views/partials/plans_plan_content.php on line 55
[14-Dec-2025 14:11:34 UTC] PHP Warning:  Undefined property: stdClass::$vcards_limit in /home/u607641063/domains/antenorefilhos.com.br/public_html/links/themes/altum/views/partials/plans_plan_content.php on line 61
[14-Dec-2025 14:11:34 UTC] PHP Warning:  Undefined property: stdClass::$vcards_limit in /home/u607641063/domains/antenorefilhos.com.br/public_html/links/themes/altum/views/partials/plans_plan_content.php on line 61
[14-Dec-2025 14:11:34 UTC] PHP Warning:  Undefined property: stdClass::$vcards_limit in /home/u607641063/domains/antenorefilhos.com.br/public_html/links/themes/altum/views/partials/plans_plan_content.php on line 62
[14-Dec-2025 14:11:34 UTC] PHP Warning:  Undefined property: stdClass::$events_limit in /home/u607641063/domains/antenorefilhos.com.br/public_html/links/themes/altum/views/partials/plans_plan_content.php on line 68
[14-Dec-2025 14:11:34 UTC] PHP Warning:  Undefined property: stdClass::$events_limit in /home/u607641063/domains/antenorefilhos.com.br/public_html/links/themes/altum/views/partials/plans_plan_content.php on line 68
[14-Dec-2025 14:11:34 UTC] PHP Warning:  Undefined property: stdClass::$events_limit in /home/u607641063/domains/antenorefilhos.com.br/public_html/links/themes/altum/views/partials/plans_plan_content.php on line 69
[14-Dec-2025 14:11:34 UTC] PHP Warning:  Undefined property: stdClass::$static_limit in /home/u607641063/domains/antenorefilhos.com.br/public_html/links/themes/altum/views/partials/plans_plan_content.php on line 75
[14-Dec-2025 14:11:34 UTC] PHP Warning:  Undefined property: stdClass::$static_limit in /home/u607641063/domains/antenorefilhos.com.br/public_html/links/themes/altum/views/partials/plans_plan_content.php on line 75
[14-Dec-2025 14:11:34 UTC] PHP Warning:  Undefined property: stdClass::$static_limit in /home/u607641063/domains/antenorefilhos.com.br/public_html/links/themes/altum/views/partials/plans_plan_content.php on line 76
[14-Dec-2025 14:11:34 UTC] PHP Warning:  Undefined property: stdClass::$qr_codes_limit in /home/u607641063/domains/antenorefilhos.com.br/public_html/links/themes/altum/views/partials/plans_plan_content.php on line 82
[14-Dec-2025 14:11:34 UTC] PHP Warning:  Undefined property: stdClass::$qr_codes_limit in /home/u607641063/domains/antenorefilhos.com.br/public_html/links/themes/altum/views/partials/plans_plan_content.php on line 82
[14-Dec-2025 14:11:34 UTC] PHP Warning:  Undefined property: stdClass::$qr_codes_limit in /home/u607641063/domains/antenorefilhos.com.br/public_html/links/themes/altum/views/partials/plans_plan_content.php on line 83
[14-Dec-2025 14:11:34 UTC] PHP Warning:  Undefined property: stdClass::$qr_codes_bulk_limit in /home/u607641063/domains/antenorefilhos.com.br/public_html/links/themes/altum/views/partials/plans_plan_content.php on line 87
[14-Dec-2025 14:11:34 UTC] PHP Warning:  Undefined property: stdClass::$qr_codes_bulk_limit in /home/u607641063/domains/antenorefilhos.com.br/public_html/links/themes/altum/views/partials/plans_plan_content.php on line 87
[14-Dec-2025 14:11:34 UTC] PHP Warning:  Undefined property: stdClass::$qr_codes_bulk_limit in /home/u607641063/domains/antenorefilhos.com.br/public_html/links/themes/altum/views/partials/plans_plan_content.php on line 88
[14-Dec-2025 14:11:34 UTC] PHP Warning:  Undefined property: stdClass::$splash_pages_limit in /home/u607641063/domains/antenorefilhos.com.br/public_html/links/themes/altum/views/partials/plans_plan_content.php on line 101
[14-Dec-2025 14:11:34 UTC] PHP Warning:  Undefined property: stdClass::$splash_pages_limit in /home/u607641063/domains/antenorefilhos.com.br/public_html/links/themes/altum/views/partials/plans_plan_content.php on line 101
[14-Dec-2025 14:11:34 UTC] PHP Warning:  Undefined property: stdClass::$splash_pages_limit in /home/u607641063/domains/antenorefilhos.com.br/public_html/links/themes/altum/views/partials/plans_plan_content.php on line 102
[14-Dec-2025 14:11:34 UTC] PHP Warning:  Undefined property: stdClass::$track_links_retention in /home/u607641063/domains/antenorefilhos.com.br/public_html/links/themes/altum/views/partials/plans_plan_content.php on line 146
[14-Dec-2025 14:11:34 UTC] PHP Warning:  Undefined property: stdClass::$track_links_retention in /home/u607641063/domains/antenorefilhos.com.br/public_html/links/themes/altum/views/partials/plans_plan_content.php on line 146
[14-Dec-2025 14:11:34 UTC] PHP Warning:  Undefined property: stdClass::$track_links_retention in /home/u607641063/domains/antenorefilhos.com.br/public_html/links/themes/altum/views/partials/plans_plan_content.php on line 146
[14-Dec-2025 14:11:34 UTC] PHP Warning:  Undefined property: stdClass::$track_links_retention in /home/u607641063/domains/antenorefilhos.com.br/public_html/links/themes/altum/views/partials/plans_plan_content.php on line 146
[14-Dec-2025 14:11:34 UTC] PHP Warning:  Undefined property: stdClass::$track_links_retention in /home/u607641063/domains/antenorefilhos.com.br/public_html/links/themes/altum/views/partials/plans_plan_content.php on line 147
[14-Dec-2025 14:11:34 UTC] PHP Warning:  Undefined property: stdClass::$force_splash_page_on_link in /home/u607641063/domains/antenorefilhos.com.br/public_html/links/themes/altum/views/partials/plans_plan_content.php on line 270
[14-Dec-2025 14:11:34 UTC] PHP Warning:  Undefined property: stdClass::$force_splash_page_on_biolink in /home/u607641063/domains/antenorefilhos.com.br/public_html/links/themes/altum/views/partials/plans_plan_content.php on line 270
[14-Dec-2025 14:11:34 UTC] PHP Warning:  Undefined property: stdClass::$force_splash_page_on_file in /home/u607641063/domains/antenorefilhos.com.br/public_html/links/themes/altum/views/partials/plans_plan_content.php on line 270
[14-Dec-2025 14:11:34 UTC] PHP Warning:  Undefined property: stdClass::$force_splash_page_on_static in /home/u607641063/domains/antenorefilhos.com.br/public_html/links/themes/altum/views/partials/plans_plan_content.php on line 270
[14-Dec-2025 14:11:34 UTC] PHP Warning:  Undefined property: stdClass::$force_splash_page_on_vcard in /home/u607641063/domains/antenorefilhos.com.br/public_html/links/themes/altum/views/partials/plans_plan_content.php on line 270
[14-Dec-2025 14:11:34 UTC] PHP Warning:  Undefined property: stdClass::$force_splash_page_on_event in /home/u607641063/domains/antenorefilhos.com.br/public_html/links/themes/altum/views/partials/plans_plan_content.php on line 270
[14-Dec-2025 14:11:34 UTC] PHP Warning:  Undefined property: stdClass::$dofollow_is_enabled in /home/u607641063/domains/antenorefilhos.com.br/public_html/links/themes/altum/views/partials/plans_plan_content.php on line 289
[14-Dec-2025 14:11:34 UTC] PHP Warning:  Undefined property: stdClass::$dofollow_is_enabled in /home/u607641063/domains/antenorefilhos.com.br/public_html/links/themes/altum/views/partials/plans_plan_content.php on line 295
[14-Dec-2025 14:11:34 UTC] PHP Warning:  Undefined property: stdClass::$custom_css_is_enabled in /home/u607641063/domains/antenorefilhos.com.br/public_html/links/themes/altum/views/partials/plans_plan_content.php on line 289
[14-Dec-2025 14:11:34 UTC] PHP Warning:  Undefined property: stdClass::$custom_css_is_enabled in /home/u607641063/domains/antenorefilhos.com.br/public_html/links/themes/altum/views/partials/plans_plan_content.php on line 295
[14-Dec-2025 14:11:34 UTC] PHP Warning:  Undefined property: stdClass::$custom_js_is_enabled in /home/u607641063/domains/antenorefilhos.com.br/public_html/links/themes/altum/views/partials/plans_plan_content.php on line 289
[14-Dec-2025 14:11:34 UTC] PHP Warning:  Undefined property: stdClass::$custom_js_is_enabled in /home/u607641063/domains/antenorefilhos.com.br/public_html/links/themes/altum/views/partials/plans_plan_content.php on line 295
[14-Dec-2025 14:11:34 UTC] PHP Warning:  Undefined property: stdClass::$cloaking_is_enabled in /home/u607641063/domains/antenorefilhos.com.br/public_html/links/themes/altum/views/partials/plans_plan_content.php on line 289
[14-Dec-2025 14:11:34 UTC] PHP Warning:  Undefined property: stdClass::$cloaking_is_enabled in /home/u607641063/domains/antenorefilhos.com.br/public_html/links/themes/altum/views/partials/plans_plan_content.php on line 295
[14-Dec-2025 14:11:34 UTC] PHP Warning:  Undefined property: stdClass::$app_linking_is_enabled in /home/u607641063/domains/antenorefilhos.com.br/public_html/links/themes/altum/views/partials/plans_plan_content.php on line 289
[14-Dec-2025 14:11:34 UTC] PHP Warning:  Undefined property: stdClass::$app_linking_is_enabled in /home/u607641063/domains/antenorefilhos.com.br/public_html/links/themes/altum/views/partials/plans_plan_content.php on line 295
[14-Dec-2025 14:11:34 UTC] PHP Warning:  Undefined property: stdClass::$targeting_is_enabled in /home/u607641063/domains/antenorefilhos.com.br/public_html/links/themes/altum/views/partials/plans_plan_content.php on line 289
[14-Dec-2025 14:11:34 UTC] PHP Warning:  Undefined property: stdClass::$targeting_is_enabled in /home/u607641063/domains/antenorefilhos.com.br/public_html/links/themes/altum/views/partials/plans_plan_content.php on line 295
[14-Dec-2025 14:11:34 UTC] PHP Warning:  Undefined property: stdClass::$translations in /home/u607641063/domains/antenorefilhos.com.br/public_html/links/themes/altum/views/partials/plans.php on line 249
[14-Dec-2025 14:11:34 UTC] PHP Warning:  Attempt to read property "english" on null in /home/u607641063/domains/antenorefilhos.com.br/public_html/links/themes/altum/views/partials/plans.php on line 249
[14-Dec-2025 14:11:34 UTC] PHP Warning:  Attempt to read property "name" on null in /home/u607641063/domains/antenorefilhos.com.br/public_html/links/themes/altum/views/partials/plans.php on line 249
[14-Dec-2025 14:11:40 UTC] PHP Warning:  Undefined property: stdClass::$splash_page_id in /home/u607641063/domains/antenorefilhos.com.br/public_html/links/app/controllers/l/Link.php on line 129
[14-Dec-2025 14:11:40 UTC] PHP Warning:  Undefined property: stdClass::$password in /home/u607641063/domains/antenorefilhos.com.br/public_html/links/app/controllers/l/Link.php on line 194
[14-Dec-2025 14:11:40 UTC] PHP Warning:  Undefined property: stdClass::$sensitive_content in /home/u607641063/domains/antenorefilhos.com.br/public_html/links/app/controllers/l/Link.php on line 223
[14-Dec-2025 16:10:21 UTC] PHP Warning:  Undefined property: stdClass::$biolink_is_enabled in /home/u607641063/domains/antenorefilhos.com.br/public_html/links/themes/altum/views/l/biolink_blocks/phone_collector.php on line 69
[14-Dec-2025 16:10:32 UTC] PHP Warning:  Undefined property: stdClass::$splash_page_id in /home/u607641063/domains/antenorefilhos.com.br/public_html/links/app/controllers/l/Link.php on line 129
[14-Dec-2025 16:10:32 UTC] PHP Warning:  Undefined property: stdClass::$password in /home/u607641063/domains/antenorefilhos.com.br/public_html/links/app/controllers/l/Link.php on line 194
[14-Dec-2025 16:10:32 UTC] PHP Warning:  Undefined property: stdClass::$sensitive_content in /home/u607641063/domains/antenorefilhos.com.br/public_html/links/app/controllers/l/Link.php on line 223
[14-Dec-2025 16:16:03 UTC] PHP Warning:  Undefined property: stdClass::$biolink_is_enabled in /home/u607641063/domains/antenorefilhos.com.br/public_html/links/themes/altum/views/l/biolink_blocks/phone_collector.php on line 69
[14-Dec-2025 16:16:06 UTC] PHP Warning:  Undefined property: stdClass::$splash_page_id in /home/u607641063/domains/antenorefilhos.com.br/public_html/links/app/controllers/l/Link.php on line 129
[14-Dec-2025 16:16:06 UTC] PHP Warning:  Undefined property: stdClass::$password in /home/u607641063/domains/antenorefilhos.com.br/public_html/links/app/controllers/l/Link.php on line 194
[14-Dec-2025 16:16:06 UTC] PHP Warning:  Undefined property: stdClass::$sensitive_content in /home/u607641063/domains/antenorefilhos.com.br/public_html/links/app/controllers/l/Link.php on line 223
[14-Dec-2025 17:21:07 UTC] PHP Warning:  Undefined property: stdClass::$last_submissions_is_enabled in /home/u607641063/domains/antenorefilhos.com.br/public_html/links/themes/altum/views/tools/tool_widget_frankfurt.php on line 26
[14-Dec-2025 17:21:07 UTC] PHP Warning:  Undefined property: stdClass::$last_submissions_is_enabled in /home/u607641063/domains/antenorefilhos.com.br/public_html/links/themes/altum/views/tools/tool_widget_frankfurt.php on line 26
[14-Dec-2025 17:21:07 UTC] PHP Warning:  Undefined property: stdClass::$last_submissions_is_enabled in /home/u607641063/domains/antenorefilhos.com.br/public_html/links/themes/altum/views/tools/tool_widget_frankfurt.php on line 26
[14-Dec-2025 17:21:07 UTC] PHP Warning:  Undefined property: stdClass::$last_submissions_is_enabled in /home/u607641063/domains/antenorefilhos.com.br/public_html/links/themes/altum/views/tools/tool_widget_frankfurt.php on line 26
[14-Dec-2025 21:09:24 UTC] PHP Warning:  Undefined property: stdClass::$biolink_is_enabled in /home/u607641063/domains/antenorefilhos.com.br/public_html/links/themes/altum/views/l/biolink_blocks/phone_collector.php on line 69
[14-Dec-2025 21:09:31 UTC] PHP Warning:  Undefined property: stdClass::$splash_page_id in /home/u607641063/domains/antenorefilhos.com.br/public_html/links/app/controllers/l/Link.php on line 129
[14-Dec-2025 21:09:31 UTC] PHP Warning:  Undefined property: stdClass::$password in /home/u607641063/domains/antenorefilhos.com.br/public_html/links/app/controllers/l/Link.php on line 194
[14-Dec-2025 21:09:31 UTC] PHP Warning:  Undefined property: stdClass::$sensitive_content in /home/u607641063/domains/antenorefilhos.com.br/public_html/links/app/controllers/l/Link.php on line 223
[14-Dec-2025 21:12:40 UTC] PHP Warning:  Undefined property: stdClass::$color in /home/u607641063/domains/antenorefilhos.com.br/public_html/links/themes/altum/views/partials/plans.php on line 71
[14-Dec-2025 21:12:40 UTC] PHP Warning:  Undefined property: stdClass::$translations in /home/u607641063/domains/antenorefilhos.com.br/public_html/links/themes/altum/views/partials/plans.php on line 73
[14-Dec-2025 21:12:40 UTC] PHP Warning:  Attempt to read property "english" on null in /home/u607641063/domains/antenorefilhos.com.br/public_html/links/themes/altum/views/partials/plans.php on line 73
[14-Dec-2025 21:12:40 UTC] PHP Warning:  Attempt to read property "name" on null in /home/u607641063/domains/antenorefilhos.com.br/public_html/links/themes/altum/views/partials/plans.php on line 73
[14-Dec-2025 21:12:40 UTC] PHP Warning:  Undefined property: stdClass::$translations in /home/u607641063/domains/antenorefilhos.com.br/public_html/links/themes/altum/views/partials/plans.php on line 76
[14-Dec-2025 21:12:40 UTC] PHP Warning:  Attempt to read property "english" on null in /home/u607641063/domains/antenorefilhos.com.br/public_html/links/themes/altum/views/partials/plans.php on line 76
[14-Dec-2025 21:12:40 UTC] PHP Warning:  Attempt to read property "price" on null in /home/u607641063/domains/antenorefilhos.com.br/public_html/links/themes/altum/views/partials/plans.php on line 76
[14-Dec-2025 21:12:40 UTC] PHP Warning:  Undefined property: stdClass::$price in /home/u607641063/domains/antenorefilhos.com.br/public_html/links/themes/altum/views/partials/plans.php on line 76
[14-Dec-2025 21:12:40 UTC] PHP Warning:  Undefined property: stdClass::$translations in /home/u607641063/domains/antenorefilhos.com.br/public_html/links/themes/altum/views/partials/plans.php on line 79
[14-Dec-2025 21:12:40 UTC] PHP Warning:  Attempt to read property "english" on null in /home/u607641063/domains/antenorefilhos.com.br/public_html/links/themes/altum/views/partials/plans.php on line 79
[14-Dec-2025 21:12:40 UTC] PHP Warning:  Attempt to read property "description" on null in /home/u607641063/domains/antenorefilhos.com.br/public_html/links/themes/altum/views/partials/plans.php on line 79
[14-Dec-2025 21:12:40 UTC] PHP Warning:  Undefined property: stdClass::$description in /home/u607641063/domains/antenorefilhos.com.br/public_html/links/themes/altum/views/partials/plans.php on line 79
[14-Dec-2025 21:12:40 UTC] PHP Warning:  Undefined property: stdClass::$biolink_blocks_limit in /home/u607641063/domains/antenorefilhos.com.br/public_html/links/themes/altum/views/partials/plans_plan_content.php on line 15
[14-Dec-2025 21:12:40 UTC] PHP Warning:  Undefined property: stdClass::$biolink_blocks_limit in /home/u607641063/domains/antenorefilhos.com.br/public_html/links/themes/altum/views/partials/plans_plan_content.php on line 15
[14-Dec-2025 21:12:40 UTC] PHP Warning:  Undefined property: stdClass::$biolink_blocks_limit in /home/u607641063/domains/antenorefilhos.com.br/public_html/links/themes/altum/views/partials/plans_plan_content.php on line 16
[14-Dec-2025 21:12:40 UTC] PHP Warning:  Undefined property: stdClass::$links_bulk_limit in /home/u607641063/domains/antenorefilhos.com.br/public_html/links/themes/altum/views/partials/plans_plan_content.php on line 47
[14-Dec-2025 21:12:40 UTC] PHP Warning:  Undefined property: stdClass::$links_bulk_limit in /home/u607641063/domains/antenorefilhos.com.br/public_html/links/themes/altum/views/partials/plans_plan_content.php on line 47
[14-Dec-2025 21:12:40 UTC] PHP Warning:  Undefined property: stdClass::$links_bulk_limit in /home/u607641063/domains/antenorefilhos.com.br/public_html/links/themes/altum/views/partials/plans_plan_content.php on line 48
[14-Dec-2025 21:12:40 UTC] PHP Warning:  Undefined property: stdClass::$files_limit in /home/u607641063/domains/antenorefilhos.com.br/public_html/links/themes/altum/views/partials/plans_plan_content.php on line 54
[14-Dec-2025 21:12:40 UTC] PHP Warning:  Undefined property: stdClass::$files_limit in /home/u607641063/domains/antenorefilhos.com.br/public_html/links/themes/altum/views/partials/plans_plan_content.php on line 54
[14-Dec-2025 21:12:40 UTC] PHP Warning:  Undefined property: stdClass::$files_limit in /home/u607641063/domains/antenorefilhos.com.br/public_html/links/themes/altum/views/partials/plans_plan_content.php on line 55
[14-Dec-2025 21:12:40 UTC] PHP Warning:  Undefined property: stdClass::$vcards_limit in /home/u607641063/domains/antenorefilhos.com.br/public_html/links/themes/altum/views/partials/plans_plan_content.php on line 61
[14-Dec-2025 21:12:40 UTC] PHP Warning:  Undefined property: stdClass::$vcards_limit in /home/u607641063/domains/antenorefilhos.com.br/public_html/links/themes/altum/views/partials/plans_plan_content.php on line 61
[14-Dec-2025 21:12:40 UTC] PHP Warning:  Undefined property: stdClass::$vcards_limit in /home/u607641063/domains/antenorefilhos.com.br/public_html/links/themes/altum/views/partials/plans_plan_content.php on line 62
[14-Dec-2025 21:12:40 UTC] PHP Warning:  Undefined property: stdClass::$events_limit in /home/u607641063/domains/antenorefilhos.com.br/public_html/links/themes/altum/views/partials/plans_plan_content.php on line 68
[14-Dec-2025 21:12:40 UTC] PHP Warning:  Undefined property: stdClass::$events_limit in /home/u607641063/domains/antenorefilhos.com.br/public_html/links/themes/altum/views/partials/plans_plan_content.php on line 68
[14-Dec-2025 21:12:40 UTC] PHP Warning:  Undefined property: stdClass::$events_limit in /home/u607641063/domains/antenorefilhos.com.br/public_html/links/themes/altum/views/partials/plans_plan_content.php on line 69
[14-Dec-2025 21:12:40 UTC] PHP Warning:  Undefined property: stdClass::$static_limit in /home/u607641063/domains/antenorefilhos.com.br/public_html/links/themes/altum/views/partials/plans_plan_content.php on line 75
[14-Dec-2025 21:12:40 UTC] PHP Warning:  Undefined property: stdClass::$static_limit in /home/u607641063/domains/antenorefilhos.com.br/public_html/links/themes/altum/views/partials/plans_plan_content.php on line 75
[14-Dec-2025 21:12:40 UTC] PHP Warning:  Undefined property: stdClass::$static_limit in /home/u607641063/domains/antenorefilhos.com.br/public_html/links/themes/altum/views/partials/plans_plan_content.php on line 76
[14-Dec-2025 21:12:40 UTC] PHP Warning:  Undefined property: stdClass::$qr_codes_limit in /home/u607641063/domains/antenorefilhos.com.br/public_html/links/themes/altum/views/partials/plans_plan_content.php on line 82
[14-Dec-2025 21:12:40 UTC] PHP Warning:  Undefined property: stdClass::$qr_codes_limit in /home/u607641063/domains/antenorefilhos.com.br/public_html/links/themes/altum/views/partials/plans_plan_content.php on line 82
[14-Dec-2025 21:12:40 UTC] PHP Warning:  Undefined property: stdClass::$qr_codes_limit in /home/u607641063/domains/antenorefilhos.com.br/public_html/links/themes/altum/views/partials/plans_plan_content.php on line 83
[14-Dec-2025 21:12:40 UTC] PHP Warning:  Undefined property: stdClass::$qr_codes_bulk_limit in /home/u607641063/domains/antenorefilhos.com.br/public_html/links/themes/altum/views/partials/plans_plan_content.php on line 87
[14-Dec-2025 21:12:40 UTC] PHP Warning:  Undefined property: stdClass::$qr_codes_bulk_limit in /home/u607641063/domains/antenorefilhos.com.br/public_html/links/themes/altum/views/partials/plans_plan_content.php on line 87
[14-Dec-2025 21:12:40 UTC] PHP Warning:  Undefined property: stdClass::$qr_codes_bulk_limit in /home/u607641063/domains/antenorefilhos.com.br/public_html/links/themes/altum/views/partials/plans_plan_content.php on line 88
[14-Dec-2025 21:12:40 UTC] PHP Warning:  Undefined property: stdClass::$splash_pages_limit in /home/u607641063/domains/antenorefilhos.com.br/public_html/links/themes/altum/views/partials/plans_plan_content.php on line 101
[14-Dec-2025 21:12:40 UTC] PHP Warning:  Undefined property: stdClass::$splash_pages_limit in /home/u607641063/domains/antenorefilhos.com.br/public_html/links/themes/altum/views/partials/plans_plan_content.php on line 101
[14-Dec-2025 21:12:40 UTC] PHP Warning:  Undefined property: stdClass::$splash_pages_limit in /home/u607641063/domains/antenorefilhos.com.br/public_html/links/themes/altum/views/partials/plans_plan_content.php on line 102
[14-Dec-2025 21:12:40 UTC] PHP Warning:  Undefined property: stdClass::$track_links_retention in /home/u607641063/domains/antenorefilhos.com.br/public_html/links/themes/altum/views/partials/plans_plan_content.php on line 146
[14-Dec-2025 21:12:40 UTC] PHP Warning:  Undefined property: stdClass::$track_links_retention in /home/u607641063/domains/antenorefilhos.com.br/public_html/links/themes/altum/views/partials/plans_plan_content.php on line 146
[14-Dec-2025 21:12:40 UTC] PHP Warning:  Undefined property: stdClass::$track_links_retention in /home/u607641063/domains/antenorefilhos.com.br/public_html/links/themes/altum/views/partials/plans_plan_content.php on line 146
[14-Dec-2025 21:12:40 UTC] PHP Warning:  Undefined property: stdClass::$track_links_retention in /home/u607641063/domains/antenorefilhos.com.br/public_html/links/themes/altum/views/partials/plans_plan_content.php on line 146
[14-Dec-2025 21:12:40 UTC] PHP Warning:  Undefined property: stdClass::$track_links_retention in /home/u607641063/domains/antenorefilhos.com.br/public_html/links/themes/altum/views/partials/plans_plan_content.php on line 147
[14-Dec-2025 21:12:40 UTC] PHP Warning:  Undefined property: stdClass::$force_splash_page_on_link in /home/u607641063/domains/antenorefilhos.com.br/public_html/links/themes/altum/views/partials/plans_plan_content.php on line 270
[14-Dec-2025 21:12:40 UTC] PHP Warning:  Undefined property: stdClass::$force_splash_page_on_biolink in /home/u607641063/domains/antenorefilhos.com.br/public_html/links/themes/altum/views/partials/plans_plan_content.php on line 270
[14-Dec-2025 21:12:40 UTC] PHP Warning:  Undefined property: stdClass::$force_splash_page_on_file in /home/u607641063/domains/antenorefilhos.com.br/public_html/links/themes/altum/views/partials/plans_plan_content.php on line 270
[14-Dec-2025 21:12:40 UTC] PHP Warning:  Undefined property: stdClass::$force_splash_page_on_static in /home/u607641063/domains/antenorefilhos.com.br/public_html/links/themes/altum/views/partials/plans_plan_content.php on line 270
[14-Dec-2025 21:12:40 UTC] PHP Warning:  Undefined property: stdClass::$force_splash_page_on_vcard in /home/u607641063/domains/antenorefilhos.com.br/public_html/links/themes/altum/views/partials/plans_plan_content.php on line 270
[14-Dec-2025 21:12:40 UTC] PHP Warning:  Undefined property: stdClass::$force_splash_page_on_event in /home/u607641063/domains/antenorefilhos.com.br/public_html/links/themes/altum/views/partials/plans_plan_content.php on line 270
[14-Dec-2025 21:12:40 UTC] PHP Warning:  Undefined property: stdClass::$dofollow_is_enabled in /home/u607641063/domains/antenorefilhos.com.br/public_html/links/themes/altum/views/partials/plans_plan_content.php on line 289
[14-Dec-2025 21:12:40 UTC] PHP Warning:  Undefined property: stdClass::$dofollow_is_enabled in /home/u607641063/domains/antenorefilhos.com.br/public_html/links/themes/altum/views/partials/plans_plan_content.php on line 295
[14-Dec-2025 21:12:40 UTC] PHP Warning:  Undefined property: stdClass::$custom_css_is_enabled in /home/u607641063/domains/antenorefilhos.com.br/public_html/links/themes/altum/views/partials/plans_plan_content.php on line 289
[14-Dec-2025 21:12:40 UTC] PHP Warning:  Undefined property: stdClass::$custom_css_is_enabled in /home/u607641063/domains/antenorefilhos.com.br/public_html/links/themes/altum/views/partials/plans_plan_content.php on line 295
[14-Dec-2025 21:12:40 UTC] PHP Warning:  Undefined property: stdClass::$custom_js_is_enabled in /home/u607641063/domains/antenorefilhos.com.br/public_html/links/themes/altum/views/partials/plans_plan_content.php on line 289
[14-Dec-2025 21:12:40 UTC] PHP Warning:  Undefined property: stdClass::$custom_js_is_enabled in /home/u607641063/domains/antenorefilhos.com.br/public_html/links/themes/altum/views/partials/plans_plan_content.php on line 295
[14-Dec-2025 21:12:40 UTC] PHP Warning:  Undefined property: stdClass::$cloaking_is_enabled in /home/u607641063/domains/antenorefilhos.com.br/public_html/links/themes/altum/views/partials/plans_plan_content.php on line 289
[14-Dec-2025 21:12:40 UTC] PHP Warning:  Undefined property: stdClass::$cloaking_is_enabled in /home/u607641063/domains/antenorefilhos.com.br/public_html/links/themes/altum/views/partials/plans_plan_content.php on line 295
[14-Dec-2025 21:12:40 UTC] PHP Warning:  Undefined property: stdClass::$app_linking_is_enabled in /home/u607641063/domains/antenorefilhos.com.br/public_html/links/themes/altum/views/partials/plans_plan_content.php on line 289
[14-Dec-2025 21:12:40 UTC] PHP Warning:  Undefined property: stdClass::$app_linking_is_enabled in /home/u607641063/domains/antenorefilhos.com.br/public_html/links/themes/altum/views/partials/plans_plan_content.php on line 295
[14-Dec-2025 21:12:40 UTC] PHP Warning:  Undefined property: stdClass::$targeting_is_enabled in /home/u607641063/domains/antenorefilhos.com.br/public_html/links/themes/altum/views/partials/plans_plan_content.php on line 289
[14-Dec-2025 21:12:40 UTC] PHP Warning:  Undefined property: stdClass::$targeting_is_enabled in /home/u607641063/domains/antenorefilhos.com.br/public_html/links/themes/altum/views/partials/plans_plan_content.php on line 295
[14-Dec-2025 21:12:40 UTC] PHP Warning:  Undefined property: stdClass::$translations in /home/u607641063/domains/antenorefilhos.com.br/public_html/links/themes/altum/views/partials/plans.php on line 249
[14-Dec-2025 21:12:40 UTC] PHP Warning:  Attempt to read property "english" on null in /home/u607641063/domains/antenorefilhos.com.br/public_html/links/themes/altum/views/partials/plans.php on line 249
[14-Dec-2025 21:12:40 UTC] PHP Warning:  Attempt to read property "name" on null in /home/u607641063/domains/antenorefilhos.com.br/public_html/links/themes/altum/views/partials/plans.php on line 249
[14-Dec-2025 21:45:11 UTC] PHP Warning:  Undefined property: stdClass::$biolink_is_enabled in /home/u607641063/domains/antenorefilhos.com.br/public_html/links/themes/altum/views/l/biolink_blocks/phone_collector.php on line 69
[14-Dec-2025 21:45:19 UTC] PHP Warning:  Undefined property: stdClass::$splash_page_id in /home/u607641063/domains/antenorefilhos.com.br/public_html/links/app/controllers/l/Link.php on line 129
[14-Dec-2025 21:45:19 UTC] PHP Warning:  Undefined property: stdClass::$password in /home/u607641063/domains/antenorefilhos.com.br/public_html/links/app/controllers/l/Link.php on line 194
[14-Dec-2025 21:45:19 UTC] PHP Warning:  Undefined property: stdClass::$sensitive_content in /home/u607641063/domains/antenorefilhos.com.br/public_html/links/app/controllers/l/Link.php on line 223
[14-Dec-2025 21:45:43 UTC] PHP Warning:  Undefined property: stdClass::$biolink_is_enabled in /home/u607641063/domains/antenorefilhos.com.br/public_html/links/themes/altum/views/l/biolink_blocks/phone_collector.php on line 69
[14-Dec-2025 21:56:30 UTC] PHP Warning:  Undefined property: stdClass::$biolink_is_enabled in /home/u607641063/domains/antenorefilhos.com.br/public_html/links/themes/altum/views/l/biolink_blocks/phone_collector.php on line 69
[14-Dec-2025 21:56:33 UTC] PHP Warning:  Undefined array key "path" in /home/u607641063/domains/antenorefilhos.com.br/public_html/links/app/controllers/l/Link.php on line 439
[14-Dec-2025 21:56:33 UTC] PHP Warning:  Undefined property: stdClass::$biolink_is_enabled in /home/u607641063/domains/antenorefilhos.com.br/public_html/links/themes/altum/views/l/biolink_blocks/phone_collector.php on line 69
[14-Dec-2025 21:57:08 UTC] PHP Warning:  Undefined property: stdClass::$biolink_is_enabled in /home/u607641063/domains/antenorefilhos.com.br/public_html/links/themes/altum/views/l/biolink_blocks/phone_collector.php on line 69
