[13-May-2026 00:17:35 UTC] PHP Warning:  Attempt to read property "plan_settings" on null in /home/u607641063/domains/antenorefilhos.com.br/public_html/links/themes/altum/views/directory/index.php on line 23
[13-May-2026 00:17:35 UTC] PHP Warning:  Attempt to read property "export" on null in /home/u607641063/domains/antenorefilhos.com.br/public_html/links/themes/altum/views/directory/index.php on line 23
[13-May-2026 00:17:35 UTC] PHP Warning:  Attempt to read property "csv" on null in /home/u607641063/domains/antenorefilhos.com.br/public_html/links/themes/altum/views/directory/index.php on line 23
[13-May-2026 00:17:35 UTC] PHP Warning:  Attempt to read property "plan_settings" on null in /home/u607641063/domains/antenorefilhos.com.br/public_html/links/themes/altum/views/directory/index.php on line 26
[13-May-2026 00:17:35 UTC] PHP Warning:  Attempt to read property "export" on null in /home/u607641063/domains/antenorefilhos.com.br/public_html/links/themes/altum/views/directory/index.php on line 26
[13-May-2026 00:17:35 UTC] PHP Warning:  Attempt to read property "json" on null in /home/u607641063/domains/antenorefilhos.com.br/public_html/links/themes/altum/views/directory/index.php on line 26
[13-May-2026 00:17:35 UTC] PHP Warning:  Attempt to read property "plan_settings" on null in /home/u607641063/domains/antenorefilhos.com.br/public_html/links/themes/altum/views/directory/index.php on line 29
[13-May-2026 00:17:35 UTC] PHP Warning:  Attempt to read property "export" on null in /home/u607641063/domains/antenorefilhos.com.br/public_html/links/themes/altum/views/directory/index.php on line 29
[13-May-2026 00:17:35 UTC] PHP Warning:  Attempt to read property "pdf" on null in /home/u607641063/domains/antenorefilhos.com.br/public_html/links/themes/altum/views/directory/index.php on line 29
[13-May-2026 00:18:25 UTC] PHP Warning:  Attempt to read property "plan_settings" on null in /home/u607641063/domains/antenorefilhos.com.br/public_html/links/themes/altum/views/directory/index.php on line 23
[13-May-2026 00:18:25 UTC] PHP Warning:  Attempt to read property "export" on null in /home/u607641063/domains/antenorefilhos.com.br/public_html/links/themes/altum/views/directory/index.php on line 23
[13-May-2026 00:18:25 UTC] PHP Warning:  Attempt to read property "csv" on null in /home/u607641063/domains/antenorefilhos.com.br/public_html/links/themes/altum/views/directory/index.php on line 23
[13-May-2026 00:18:25 UTC] PHP Warning:  Attempt to read property "plan_settings" on null in /home/u607641063/domains/antenorefilhos.com.br/public_html/links/themes/altum/views/directory/index.php on line 26
[13-May-2026 00:18:25 UTC] PHP Warning:  Attempt to read property "export" on null in /home/u607641063/domains/antenorefilhos.com.br/public_html/links/themes/altum/views/directory/index.php on line 26
[13-May-2026 00:18:25 UTC] PHP Warning:  Attempt to read property "json" on null in /home/u607641063/domains/antenorefilhos.com.br/public_html/links/themes/altum/views/directory/index.php on line 26
[13-May-2026 00:18:25 UTC] PHP Warning:  Attempt to read property "plan_settings" on null in /home/u607641063/domains/antenorefilhos.com.br/public_html/links/themes/altum/views/directory/index.php on line 29
[13-May-2026 00:18:25 UTC] PHP Warning:  Attempt to read property "export" on null in /home/u607641063/domains/antenorefilhos.com.br/public_html/links/themes/altum/views/directory/index.php on line 29
[13-May-2026 00:18:25 UTC] PHP Warning:  Attempt to read property "pdf" on null in /home/u607641063/domains/antenorefilhos.com.br/public_html/links/themes/altum/views/directory/index.php on line 29
[13-May-2026 02:24:03 UTC] PHP Warning:  Attempt to read property "plan_settings" on null in /home/u607641063/domains/antenorefilhos.com.br/public_html/links/themes/altum/views/directory/index.php on line 23
[13-May-2026 02:24:03 UTC] PHP Warning:  Attempt to read property "export" on null in /home/u607641063/domains/antenorefilhos.com.br/public_html/links/themes/altum/views/directory/index.php on line 23
[13-May-2026 02:24:03 UTC] PHP Warning:  Attempt to read property "csv" on null in /home/u607641063/domains/antenorefilhos.com.br/public_html/links/themes/altum/views/directory/index.php on line 23
[13-May-2026 02:24:03 UTC] PHP Warning:  Attempt to read property "plan_settings" on null in /home/u607641063/domains/antenorefilhos.com.br/public_html/links/themes/altum/views/directory/index.php on line 26
[13-May-2026 02:24:03 UTC] PHP Warning:  Attempt to read property "export" on null in /home/u607641063/domains/antenorefilhos.com.br/public_html/links/themes/altum/views/directory/index.php on line 26
[13-May-2026 02:24:03 UTC] PHP Warning:  Attempt to read property "json" on null in /home/u607641063/domains/antenorefilhos.com.br/public_html/links/themes/altum/views/directory/index.php on line 26
[13-May-2026 02:24:03 UTC] PHP Warning:  Attempt to read property "plan_settings" on null in /home/u607641063/domains/antenorefilhos.com.br/public_html/links/themes/altum/views/directory/index.php on line 29
[13-May-2026 02:24:03 UTC] PHP Warning:  Attempt to read property "export" on null in /home/u607641063/domains/antenorefilhos.com.br/public_html/links/themes/altum/views/directory/index.php on line 29
[13-May-2026 02:24:03 UTC] PHP Warning:  Attempt to read property "pdf" on null in /home/u607641063/domains/antenorefilhos.com.br/public_html/links/themes/altum/views/directory/index.php on line 29
[13-May-2026 03:29:34 UTC] PHP Warning:  Attempt to read property "plan_settings" on null in /home/u607641063/domains/antenorefilhos.com.br/public_html/links/themes/altum/views/directory/index.php on line 23
[13-May-2026 03:29:34 UTC] PHP Warning:  Attempt to read property "export" on null in /home/u607641063/domains/antenorefilhos.com.br/public_html/links/themes/altum/views/directory/index.php on line 23
[13-May-2026 03:29:34 UTC] PHP Warning:  Attempt to read property "csv" on null in /home/u607641063/domains/antenorefilhos.com.br/public_html/links/themes/altum/views/directory/index.php on line 23
[13-May-2026 03:29:34 UTC] PHP Warning:  Attempt to read property "plan_settings" on null in /home/u607641063/domains/antenorefilhos.com.br/public_html/links/themes/altum/views/directory/index.php on line 26
[13-May-2026 03:29:34 UTC] PHP Warning:  Attempt to read property "export" on null in /home/u607641063/domains/antenorefilhos.com.br/public_html/links/themes/altum/views/directory/index.php on line 26
[13-May-2026 03:29:35 UTC] PHP Warning:  Attempt to read property "json" on null in /home/u607641063/domains/antenorefilhos.com.br/public_html/links/themes/altum/views/directory/index.php on line 26
[13-May-2026 03:29:35 UTC] PHP Warning:  Attempt to read property "plan_settings" on null in /home/u607641063/domains/antenorefilhos.com.br/public_html/links/themes/altum/views/directory/index.php on line 29
[13-May-2026 03:29:35 UTC] PHP Warning:  Attempt to read property "export" on null in /home/u607641063/domains/antenorefilhos.com.br/public_html/links/themes/altum/views/directory/index.php on line 29
[13-May-2026 03:29:35 UTC] PHP Warning:  Attempt to read property "pdf" on null in /home/u607641063/domains/antenorefilhos.com.br/public_html/links/themes/altum/views/directory/index.php on line 29
[13-May-2026 03:45:31 UTC] PHP Warning:  Attempt to read property "plan_settings" on null in /home/u607641063/domains/antenorefilhos.com.br/public_html/links/themes/altum/views/directory/index.php on line 23
[13-May-2026 03:45:31 UTC] PHP Warning:  Attempt to read property "export" on null in /home/u607641063/domains/antenorefilhos.com.br/public_html/links/themes/altum/views/directory/index.php on line 23
[13-May-2026 03:45:31 UTC] PHP Warning:  Attempt to read property "csv" on null in /home/u607641063/domains/antenorefilhos.com.br/public_html/links/themes/altum/views/directory/index.php on line 23
[13-May-2026 03:45:31 UTC] PHP Warning:  Attempt to read property "plan_settings" on null in /home/u607641063/domains/antenorefilhos.com.br/public_html/links/themes/altum/views/directory/index.php on line 26
[13-May-2026 03:45:31 UTC] PHP Warning:  Attempt to read property "export" on null in /home/u607641063/domains/antenorefilhos.com.br/public_html/links/themes/altum/views/directory/index.php on line 26
[13-May-2026 03:45:31 UTC] PHP Warning:  Attempt to read property "json" on null in /home/u607641063/domains/antenorefilhos.com.br/public_html/links/themes/altum/views/directory/index.php on line 26
[13-May-2026 03:45:31 UTC] PHP Warning:  Attempt to read property "plan_settings" on null in /home/u607641063/domains/antenorefilhos.com.br/public_html/links/themes/altum/views/directory/index.php on line 29
[13-May-2026 03:45:31 UTC] PHP Warning:  Attempt to read property "export" on null in /home/u607641063/domains/antenorefilhos.com.br/public_html/links/themes/altum/views/directory/index.php on line 29
[13-May-2026 03:45:31 UTC] PHP Warning:  Attempt to read property "pdf" on null in /home/u607641063/domains/antenorefilhos.com.br/public_html/links/themes/altum/views/directory/index.php on line 29
[13-May-2026 04:48:06 UTC] PHP Warning:  Attempt to read property "plan_settings" on null in /home/u607641063/domains/antenorefilhos.com.br/public_html/links/themes/altum/views/directory/index.php on line 23
[13-May-2026 04:48:06 UTC] PHP Warning:  Attempt to read property "export" on null in /home/u607641063/domains/antenorefilhos.com.br/public_html/links/themes/altum/views/directory/index.php on line 23
[13-May-2026 04:48:06 UTC] PHP Warning:  Attempt to read property "csv" on null in /home/u607641063/domains/antenorefilhos.com.br/public_html/links/themes/altum/views/directory/index.php on line 23
[13-May-2026 04:48:06 UTC] PHP Warning:  Attempt to read property "plan_settings" on null in /home/u607641063/domains/antenorefilhos.com.br/public_html/links/themes/altum/views/directory/index.php on line 26
[13-May-2026 04:48:06 UTC] PHP Warning:  Attempt to read property "export" on null in /home/u607641063/domains/antenorefilhos.com.br/public_html/links/themes/altum/views/directory/index.php on line 26
[13-May-2026 04:48:06 UTC] PHP Warning:  Attempt to read property "json" on null in /home/u607641063/domains/antenorefilhos.com.br/public_html/links/themes/altum/views/directory/index.php on line 26
[13-May-2026 04:48:06 UTC] PHP Warning:  Attempt to read property "plan_settings" on null in /home/u607641063/domains/antenorefilhos.com.br/public_html/links/themes/altum/views/directory/index.php on line 29
[13-May-2026 04:48:06 UTC] PHP Warning:  Attempt to read property "export" on null in /home/u607641063/domains/antenorefilhos.com.br/public_html/links/themes/altum/views/directory/index.php on line 29
[13-May-2026 04:48:06 UTC] PHP Warning:  Attempt to read property "pdf" on null in /home/u607641063/domains/antenorefilhos.com.br/public_html/links/themes/altum/views/directory/index.php on line 29
[13-May-2026 07:01:10 UTC] PHP Warning:  Attempt to read property "plan_settings" on null in /home/u607641063/domains/antenorefilhos.com.br/public_html/links/themes/altum/views/directory/index.php on line 23
[13-May-2026 07:01:10 UTC] PHP Warning:  Attempt to read property "export" on null in /home/u607641063/domains/antenorefilhos.com.br/public_html/links/themes/altum/views/directory/index.php on line 23
[13-May-2026 07:01:10 UTC] PHP Warning:  Attempt to read property "csv" on null in /home/u607641063/domains/antenorefilhos.com.br/public_html/links/themes/altum/views/directory/index.php on line 23
[13-May-2026 07:01:10 UTC] PHP Warning:  Attempt to read property "plan_settings" on null in /home/u607641063/domains/antenorefilhos.com.br/public_html/links/themes/altum/views/directory/index.php on line 26
[13-May-2026 07:01:10 UTC] PHP Warning:  Attempt to read property "export" on null in /home/u607641063/domains/antenorefilhos.com.br/public_html/links/themes/altum/views/directory/index.php on line 26
[13-May-2026 07:01:10 UTC] PHP Warning:  Attempt to read property "json" on null in /home/u607641063/domains/antenorefilhos.com.br/public_html/links/themes/altum/views/directory/index.php on line 26
[13-May-2026 07:01:10 UTC] PHP Warning:  Attempt to read property "plan_settings" on null in /home/u607641063/domains/antenorefilhos.com.br/public_html/links/themes/altum/views/directory/index.php on line 29
[13-May-2026 07:01:10 UTC] PHP Warning:  Attempt to read property "export" on null in /home/u607641063/domains/antenorefilhos.com.br/public_html/links/themes/altum/views/directory/index.php on line 29
[13-May-2026 07:01:10 UTC] PHP Warning:  Attempt to read property "pdf" on null in /home/u607641063/domains/antenorefilhos.com.br/public_html/links/themes/altum/views/directory/index.php on line 29
[13-May-2026 07:24:27 UTC] PHP Warning:  Attempt to read property "plan_settings" on null in /home/u607641063/domains/antenorefilhos.com.br/public_html/links/themes/altum/views/directory/index.php on line 23
[13-May-2026 07:24:27 UTC] PHP Warning:  Attempt to read property "export" on null in /home/u607641063/domains/antenorefilhos.com.br/public_html/links/themes/altum/views/directory/index.php on line 23
[13-May-2026 07:24:27 UTC] PHP Warning:  Attempt to read property "csv" on null in /home/u607641063/domains/antenorefilhos.com.br/public_html/links/themes/altum/views/directory/index.php on line 23
[13-May-2026 07:24:27 UTC] PHP Warning:  Attempt to read property "plan_settings" on null in /home/u607641063/domains/antenorefilhos.com.br/public_html/links/themes/altum/views/directory/index.php on line 26
[13-May-2026 07:24:27 UTC] PHP Warning:  Attempt to read property "export" on null in /home/u607641063/domains/antenorefilhos.com.br/public_html/links/themes/altum/views/directory/index.php on line 26
[13-May-2026 07:24:27 UTC] PHP Warning:  Attempt to read property "json" on null in /home/u607641063/domains/antenorefilhos.com.br/public_html/links/themes/altum/views/directory/index.php on line 26
[13-May-2026 07:24:27 UTC] PHP Warning:  Attempt to read property "plan_settings" on null in /home/u607641063/domains/antenorefilhos.com.br/public_html/links/themes/altum/views/directory/index.php on line 29
[13-May-2026 07:24:27 UTC] PHP Warning:  Attempt to read property "export" on null in /home/u607641063/domains/antenorefilhos.com.br/public_html/links/themes/altum/views/directory/index.php on line 29
[13-May-2026 07:24:27 UTC] PHP Warning:  Attempt to read property "pdf" on null in /home/u607641063/domains/antenorefilhos.com.br/public_html/links/themes/altum/views/directory/index.php on line 29
[13-May-2026 08:28:40 UTC] PHP Warning:  Undefined property: stdClass::$last_submissions_is_enabled in /home/u607641063/domains/antenorefilhos.com.br/public_html/links/themes/altum/views/tools/tool_widget_frankfurt.php on line 26
[13-May-2026 08:28:40 UTC] PHP Warning:  Undefined property: stdClass::$last_submissions_is_enabled in /home/u607641063/domains/antenorefilhos.com.br/public_html/links/themes/altum/views/tools/tool_widget_frankfurt.php on line 26
[13-May-2026 08:28:40 UTC] PHP Warning:  Undefined property: stdClass::$last_submissions_is_enabled in /home/u607641063/domains/antenorefilhos.com.br/public_html/links/themes/altum/views/tools/tool_widget_frankfurt.php on line 26
[13-May-2026 08:28:40 UTC] PHP Warning:  Undefined property: stdClass::$last_submissions_is_enabled in /home/u607641063/domains/antenorefilhos.com.br/public_html/links/themes/altum/views/tools/tool_widget_frankfurt.php on line 26
[13-May-2026 08:55:28 UTC] PHP Warning:  Attempt to read property "plan_settings" on null in /home/u607641063/domains/antenorefilhos.com.br/public_html/links/themes/altum/views/directory/index.php on line 23
[13-May-2026 08:55:28 UTC] PHP Warning:  Attempt to read property "export" on null in /home/u607641063/domains/antenorefilhos.com.br/public_html/links/themes/altum/views/directory/index.php on line 23
[13-May-2026 08:55:28 UTC] PHP Warning:  Attempt to read property "csv" on null in /home/u607641063/domains/antenorefilhos.com.br/public_html/links/themes/altum/views/directory/index.php on line 23
[13-May-2026 08:55:28 UTC] PHP Warning:  Attempt to read property "plan_settings" on null in /home/u607641063/domains/antenorefilhos.com.br/public_html/links/themes/altum/views/directory/index.php on line 26
[13-May-2026 08:55:28 UTC] PHP Warning:  Attempt to read property "export" on null in /home/u607641063/domains/antenorefilhos.com.br/public_html/links/themes/altum/views/directory/index.php on line 26
[13-May-2026 08:55:28 UTC] PHP Warning:  Attempt to read property "json" on null in /home/u607641063/domains/antenorefilhos.com.br/public_html/links/themes/altum/views/directory/index.php on line 26
[13-May-2026 08:55:28 UTC] PHP Warning:  Attempt to read property "plan_settings" on null in /home/u607641063/domains/antenorefilhos.com.br/public_html/links/themes/altum/views/directory/index.php on line 29
[13-May-2026 08:55:28 UTC] PHP Warning:  Attempt to read property "export" on null in /home/u607641063/domains/antenorefilhos.com.br/public_html/links/themes/altum/views/directory/index.php on line 29
[13-May-2026 08:55:28 UTC] PHP Warning:  Attempt to read property "pdf" on null in /home/u607641063/domains/antenorefilhos.com.br/public_html/links/themes/altum/views/directory/index.php on line 29
[13-May-2026 08:58:54 UTC] PHP Warning:  Attempt to read property "plan_settings" on null in /home/u607641063/domains/antenorefilhos.com.br/public_html/links/themes/altum/views/directory/index.php on line 23
[13-May-2026 08:58:54 UTC] PHP Warning:  Attempt to read property "export" on null in /home/u607641063/domains/antenorefilhos.com.br/public_html/links/themes/altum/views/directory/index.php on line 23
[13-May-2026 08:58:54 UTC] PHP Warning:  Attempt to read property "csv" on null in /home/u607641063/domains/antenorefilhos.com.br/public_html/links/themes/altum/views/directory/index.php on line 23
[13-May-2026 08:58:54 UTC] PHP Warning:  Attempt to read property "plan_settings" on null in /home/u607641063/domains/antenorefilhos.com.br/public_html/links/themes/altum/views/directory/index.php on line 26
[13-May-2026 08:58:54 UTC] PHP Warning:  Attempt to read property "export" on null in /home/u607641063/domains/antenorefilhos.com.br/public_html/links/themes/altum/views/directory/index.php on line 26
[13-May-2026 08:58:54 UTC] PHP Warning:  Attempt to read property "json" on null in /home/u607641063/domains/antenorefilhos.com.br/public_html/links/themes/altum/views/directory/index.php on line 26
[13-May-2026 08:58:54 UTC] PHP Warning:  Attempt to read property "plan_settings" on null in /home/u607641063/domains/antenorefilhos.com.br/public_html/links/themes/altum/views/directory/index.php on line 29
[13-May-2026 08:58:54 UTC] PHP Warning:  Attempt to read property "export" on null in /home/u607641063/domains/antenorefilhos.com.br/public_html/links/themes/altum/views/directory/index.php on line 29
[13-May-2026 08:58:54 UTC] PHP Warning:  Attempt to read property "pdf" on null in /home/u607641063/domains/antenorefilhos.com.br/public_html/links/themes/altum/views/directory/index.php on line 29
[13-May-2026 09:14:14 UTC] PHP Warning:  Undefined property: stdClass::$last_submissions_is_enabled in /home/u607641063/domains/antenorefilhos.com.br/public_html/links/themes/altum/views/tools/tool_widget_frankfurt.php on line 26
[13-May-2026 09:14:14 UTC] PHP Warning:  Undefined property: stdClass::$last_submissions_is_enabled in /home/u607641063/domains/antenorefilhos.com.br/public_html/links/themes/altum/views/tools/tool_widget_frankfurt.php on line 26
[13-May-2026 09:14:14 UTC] PHP Warning:  Undefined property: stdClass::$last_submissions_is_enabled in /home/u607641063/domains/antenorefilhos.com.br/public_html/links/themes/altum/views/tools/tool_widget_frankfurt.php on line 26
[13-May-2026 09:14:14 UTC] PHP Warning:  Undefined property: stdClass::$last_submissions_is_enabled in /home/u607641063/domains/antenorefilhos.com.br/public_html/links/themes/altum/views/tools/tool_widget_frankfurt.php on line 26
[13-May-2026 11:18:20 UTC] PHP Warning:  Undefined property: stdClass::$biolink_is_enabled in /home/u607641063/domains/antenorefilhos.com.br/public_html/links/themes/altum/views/l/biolink_blocks/phone_collector.php on line 69
[13-May-2026 11:18:26 UTC] PHP Warning:  Undefined property: stdClass::$splash_page_id in /home/u607641063/domains/antenorefilhos.com.br/public_html/links/app/controllers/l/Link.php on line 129
[13-May-2026 11:18:26 UTC] PHP Warning:  Undefined property: stdClass::$password in /home/u607641063/domains/antenorefilhos.com.br/public_html/links/app/controllers/l/Link.php on line 194
[13-May-2026 11:18:26 UTC] PHP Warning:  Undefined property: stdClass::$sensitive_content in /home/u607641063/domains/antenorefilhos.com.br/public_html/links/app/controllers/l/Link.php on line 223
[13-May-2026 11:52:11 UTC] PHP Warning:  Undefined property: stdClass::$last_submissions_is_enabled in /home/u607641063/domains/antenorefilhos.com.br/public_html/links/themes/altum/views/tools/tool_widget_frankfurt.php on line 26
[13-May-2026 11:52:11 UTC] PHP Warning:  Undefined property: stdClass::$last_submissions_is_enabled in /home/u607641063/domains/antenorefilhos.com.br/public_html/links/themes/altum/views/tools/tool_widget_frankfurt.php on line 26
[13-May-2026 11:52:11 UTC] PHP Warning:  Undefined property: stdClass::$last_submissions_is_enabled in /home/u607641063/domains/antenorefilhos.com.br/public_html/links/themes/altum/views/tools/tool_widget_frankfurt.php on line 26
[13-May-2026 11:52:11 UTC] PHP Warning:  Undefined property: stdClass::$last_submissions_is_enabled in /home/u607641063/domains/antenorefilhos.com.br/public_html/links/themes/altum/views/tools/tool_widget_frankfurt.php on line 26
[13-May-2026 11:52:11 UTC] PHP Warning:  Undefined property: stdClass::$last_submissions_is_enabled in /home/u607641063/domains/antenorefilhos.com.br/public_html/links/themes/altum/views/tools/tool_widget_frankfurt.php on line 26
[13-May-2026 11:52:11 UTC] PHP Warning:  Undefined property: stdClass::$last_submissions_is_enabled in /home/u607641063/domains/antenorefilhos.com.br/public_html/links/themes/altum/views/tools/tool_widget_frankfurt.php on line 26
[13-May-2026 11:52:11 UTC] PHP Warning:  Undefined property: stdClass::$last_submissions_is_enabled in /home/u607641063/domains/antenorefilhos.com.br/public_html/links/themes/altum/views/tools/tool_widget_frankfurt.php on line 26
[13-May-2026 11:52:11 UTC] PHP Warning:  Undefined property: stdClass::$last_submissions_is_enabled in /home/u607641063/domains/antenorefilhos.com.br/public_html/links/themes/altum/views/tools/tool_widget_frankfurt.php on line 26
[13-May-2026 13:16:16 UTC] PHP Warning:  Attempt to read property "plan_settings" on null in /home/u607641063/domains/antenorefilhos.com.br/public_html/links/themes/altum/views/directory/index.php on line 23
[13-May-2026 13:16:16 UTC] PHP Warning:  Attempt to read property "export" on null in /home/u607641063/domains/antenorefilhos.com.br/public_html/links/themes/altum/views/directory/index.php on line 23
[13-May-2026 13:16:16 UTC] PHP Warning:  Attempt to read property "csv" on null in /home/u607641063/domains/antenorefilhos.com.br/public_html/links/themes/altum/views/directory/index.php on line 23
[13-May-2026 13:16:16 UTC] PHP Warning:  Attempt to read property "plan_settings" on null in /home/u607641063/domains/antenorefilhos.com.br/public_html/links/themes/altum/views/directory/index.php on line 26
[13-May-2026 13:16:16 UTC] PHP Warning:  Attempt to read property "export" on null in /home/u607641063/domains/antenorefilhos.com.br/public_html/links/themes/altum/views/directory/index.php on line 26
[13-May-2026 13:16:16 UTC] PHP Warning:  Attempt to read property "json" on null in /home/u607641063/domains/antenorefilhos.com.br/public_html/links/themes/altum/views/directory/index.php on line 26
[13-May-2026 13:16:16 UTC] PHP Warning:  Attempt to read property "plan_settings" on null in /home/u607641063/domains/antenorefilhos.com.br/public_html/links/themes/altum/views/directory/index.php on line 29
[13-May-2026 13:16:16 UTC] PHP Warning:  Attempt to read property "export" on null in /home/u607641063/domains/antenorefilhos.com.br/public_html/links/themes/altum/views/directory/index.php on line 29
[13-May-2026 13:16:16 UTC] PHP Warning:  Attempt to read property "pdf" on null in /home/u607641063/domains/antenorefilhos.com.br/public_html/links/themes/altum/views/directory/index.php on line 29
[13-May-2026 14:01:57 UTC] PHP Warning:  Attempt to read property "plan_settings" on null in /home/u607641063/domains/antenorefilhos.com.br/public_html/links/themes/altum/views/directory/index.php on line 23
[13-May-2026 14:01:57 UTC] PHP Warning:  Attempt to read property "export" on null in /home/u607641063/domains/antenorefilhos.com.br/public_html/links/themes/altum/views/directory/index.php on line 23
[13-May-2026 14:01:57 UTC] PHP Warning:  Attempt to read property "csv" on null in /home/u607641063/domains/antenorefilhos.com.br/public_html/links/themes/altum/views/directory/index.php on line 23
[13-May-2026 14:01:57 UTC] PHP Warning:  Attempt to read property "plan_settings" on null in /home/u607641063/domains/antenorefilhos.com.br/public_html/links/themes/altum/views/directory/index.php on line 26
[13-May-2026 14:01:57 UTC] PHP Warning:  Attempt to read property "export" on null in /home/u607641063/domains/antenorefilhos.com.br/public_html/links/themes/altum/views/directory/index.php on line 26
[13-May-2026 14:01:57 UTC] PHP Warning:  Attempt to read property "json" on null in /home/u607641063/domains/antenorefilhos.com.br/public_html/links/themes/altum/views/directory/index.php on line 26
[13-May-2026 14:01:57 UTC] PHP Warning:  Attempt to read property "plan_settings" on null in /home/u607641063/domains/antenorefilhos.com.br/public_html/links/themes/altum/views/directory/index.php on line 29
[13-May-2026 14:01:57 UTC] PHP Warning:  Attempt to read property "export" on null in /home/u607641063/domains/antenorefilhos.com.br/public_html/links/themes/altum/views/directory/index.php on line 29
[13-May-2026 14:01:57 UTC] PHP Warning:  Attempt to read property "pdf" on null in /home/u607641063/domains/antenorefilhos.com.br/public_html/links/themes/altum/views/directory/index.php on line 29
[13-May-2026 14:12:44 UTC] PHP Warning:  Attempt to read property "plan_settings" on null in /home/u607641063/domains/antenorefilhos.com.br/public_html/links/themes/altum/views/directory/index.php on line 23
[13-May-2026 14:12:44 UTC] PHP Warning:  Attempt to read property "export" on null in /home/u607641063/domains/antenorefilhos.com.br/public_html/links/themes/altum/views/directory/index.php on line 23
[13-May-2026 14:12:44 UTC] PHP Warning:  Attempt to read property "csv" on null in /home/u607641063/domains/antenorefilhos.com.br/public_html/links/themes/altum/views/directory/index.php on line 23
[13-May-2026 14:12:44 UTC] PHP Warning:  Attempt to read property "plan_settings" on null in /home/u607641063/domains/antenorefilhos.com.br/public_html/links/themes/altum/views/directory/index.php on line 26
[13-May-2026 14:12:44 UTC] PHP Warning:  Attempt to read property "export" on null in /home/u607641063/domains/antenorefilhos.com.br/public_html/links/themes/altum/views/directory/index.php on line 26
[13-May-2026 14:12:44 UTC] PHP Warning:  Attempt to read property "json" on null in /home/u607641063/domains/antenorefilhos.com.br/public_html/links/themes/altum/views/directory/index.php on line 26
[13-May-2026 14:12:44 UTC] PHP Warning:  Attempt to read property "plan_settings" on null in /home/u607641063/domains/antenorefilhos.com.br/public_html/links/themes/altum/views/directory/index.php on line 29
[13-May-2026 14:12:44 UTC] PHP Warning:  Attempt to read property "export" on null in /home/u607641063/domains/antenorefilhos.com.br/public_html/links/themes/altum/views/directory/index.php on line 29
[13-May-2026 14:12:44 UTC] PHP Warning:  Attempt to read property "pdf" on null in /home/u607641063/domains/antenorefilhos.com.br/public_html/links/themes/altum/views/directory/index.php on line 29
[13-May-2026 14:12:50 UTC] PHP Warning:  Attempt to read property "plan_settings" on null in /home/u607641063/domains/antenorefilhos.com.br/public_html/links/themes/altum/views/directory/index.php on line 23
[13-May-2026 14:12:50 UTC] PHP Warning:  Attempt to read property "export" on null in /home/u607641063/domains/antenorefilhos.com.br/public_html/links/themes/altum/views/directory/index.php on line 23
[13-May-2026 14:12:50 UTC] PHP Warning:  Attempt to read property "csv" on null in /home/u607641063/domains/antenorefilhos.com.br/public_html/links/themes/altum/views/directory/index.php on line 23
[13-May-2026 14:12:50 UTC] PHP Warning:  Attempt to read property "plan_settings" on null in /home/u607641063/domains/antenorefilhos.com.br/public_html/links/themes/altum/views/directory/index.php on line 26
[13-May-2026 14:12:50 UTC] PHP Warning:  Attempt to read property "export" on null in /home/u607641063/domains/antenorefilhos.com.br/public_html/links/themes/altum/views/directory/index.php on line 26
[13-May-2026 14:12:50 UTC] PHP Warning:  Attempt to read property "json" on null in /home/u607641063/domains/antenorefilhos.com.br/public_html/links/themes/altum/views/directory/index.php on line 26
[13-May-2026 14:12:50 UTC] PHP Warning:  Attempt to read property "plan_settings" on null in /home/u607641063/domains/antenorefilhos.com.br/public_html/links/themes/altum/views/directory/index.php on line 29
[13-May-2026 14:12:50 UTC] PHP Warning:  Attempt to read property "export" on null in /home/u607641063/domains/antenorefilhos.com.br/public_html/links/themes/altum/views/directory/index.php on line 29
[13-May-2026 14:12:50 UTC] PHP Warning:  Attempt to read property "pdf" on null in /home/u607641063/domains/antenorefilhos.com.br/public_html/links/themes/altum/views/directory/index.php on line 29
[13-May-2026 14:21:01 UTC] PHP Warning:  Undefined property: stdClass::$biolink_is_enabled in /home/u607641063/domains/antenorefilhos.com.br/public_html/links/themes/altum/views/l/biolink_blocks/phone_collector.php on line 69
[13-May-2026 14:21:03 UTC] PHP Warning:  Undefined property: stdClass::$splash_page_id in /home/u607641063/domains/antenorefilhos.com.br/public_html/links/app/controllers/l/Link.php on line 129
[13-May-2026 14:21:03 UTC] PHP Warning:  Undefined property: stdClass::$password in /home/u607641063/domains/antenorefilhos.com.br/public_html/links/app/controllers/l/Link.php on line 194
[13-May-2026 14:21:03 UTC] PHP Warning:  Undefined property: stdClass::$sensitive_content in /home/u607641063/domains/antenorefilhos.com.br/public_html/links/app/controllers/l/Link.php on line 223
[13-May-2026 14:26:58 UTC] PHP Warning:  Attempt to read property "plan_settings" on null in /home/u607641063/domains/antenorefilhos.com.br/public_html/links/themes/altum/views/directory/index.php on line 23
[13-May-2026 14:26:58 UTC] PHP Warning:  Attempt to read property "export" on null in /home/u607641063/domains/antenorefilhos.com.br/public_html/links/themes/altum/views/directory/index.php on line 23
[13-May-2026 14:26:58 UTC] PHP Warning:  Attempt to read property "csv" on null in /home/u607641063/domains/antenorefilhos.com.br/public_html/links/themes/altum/views/directory/index.php on line 23
[13-May-2026 14:26:58 UTC] PHP Warning:  Attempt to read property "plan_settings" on null in /home/u607641063/domains/antenorefilhos.com.br/public_html/links/themes/altum/views/directory/index.php on line 26
[13-May-2026 14:26:58 UTC] PHP Warning:  Attempt to read property "export" on null in /home/u607641063/domains/antenorefilhos.com.br/public_html/links/themes/altum/views/directory/index.php on line 26
[13-May-2026 14:26:58 UTC] PHP Warning:  Attempt to read property "json" on null in /home/u607641063/domains/antenorefilhos.com.br/public_html/links/themes/altum/views/directory/index.php on line 26
[13-May-2026 14:26:58 UTC] PHP Warning:  Attempt to read property "plan_settings" on null in /home/u607641063/domains/antenorefilhos.com.br/public_html/links/themes/altum/views/directory/index.php on line 29
[13-May-2026 14:26:58 UTC] PHP Warning:  Attempt to read property "export" on null in /home/u607641063/domains/antenorefilhos.com.br/public_html/links/themes/altum/views/directory/index.php on line 29
[13-May-2026 14:26:58 UTC] PHP Warning:  Attempt to read property "pdf" on null in /home/u607641063/domains/antenorefilhos.com.br/public_html/links/themes/altum/views/directory/index.php on line 29
[13-May-2026 14:27:05 UTC] PHP Warning:  Attempt to read property "plan_settings" on null in /home/u607641063/domains/antenorefilhos.com.br/public_html/links/themes/altum/views/directory/index.php on line 23
[13-May-2026 14:27:05 UTC] PHP Warning:  Attempt to read property "export" on null in /home/u607641063/domains/antenorefilhos.com.br/public_html/links/themes/altum/views/directory/index.php on line 23
[13-May-2026 14:27:05 UTC] PHP Warning:  Attempt to read property "csv" on null in /home/u607641063/domains/antenorefilhos.com.br/public_html/links/themes/altum/views/directory/index.php on line 23
[13-May-2026 14:27:05 UTC] PHP Warning:  Attempt to read property "plan_settings" on null in /home/u607641063/domains/antenorefilhos.com.br/public_html/links/themes/altum/views/directory/index.php on line 26
[13-May-2026 14:27:05 UTC] PHP Warning:  Attempt to read property "export" on null in /home/u607641063/domains/antenorefilhos.com.br/public_html/links/themes/altum/views/directory/index.php on line 26
[13-May-2026 14:27:05 UTC] PHP Warning:  Attempt to read property "json" on null in /home/u607641063/domains/antenorefilhos.com.br/public_html/links/themes/altum/views/directory/index.php on line 26
[13-May-2026 14:27:05 UTC] PHP Warning:  Attempt to read property "plan_settings" on null in /home/u607641063/domains/antenorefilhos.com.br/public_html/links/themes/altum/views/directory/index.php on line 29
[13-May-2026 14:27:05 UTC] PHP Warning:  Attempt to read property "export" on null in /home/u607641063/domains/antenorefilhos.com.br/public_html/links/themes/altum/views/directory/index.php on line 29
[13-May-2026 14:27:05 UTC] PHP Warning:  Attempt to read property "pdf" on null in /home/u607641063/domains/antenorefilhos.com.br/public_html/links/themes/altum/views/directory/index.php on line 29
[13-May-2026 14:44:12 UTC] PHP Warning:  Undefined property: stdClass::$biolink_is_enabled in /home/u607641063/domains/antenorefilhos.com.br/public_html/links/themes/altum/views/l/biolink_blocks/phone_collector.php on line 69
[13-May-2026 14:44:16 UTC] PHP Warning:  Undefined property: stdClass::$splash_page_id in /home/u607641063/domains/antenorefilhos.com.br/public_html/links/app/controllers/l/Link.php on line 129
[13-May-2026 14:44:16 UTC] PHP Warning:  Undefined property: stdClass::$password in /home/u607641063/domains/antenorefilhos.com.br/public_html/links/app/controllers/l/Link.php on line 194
[13-May-2026 14:44:16 UTC] PHP Warning:  Undefined property: stdClass::$sensitive_content in /home/u607641063/domains/antenorefilhos.com.br/public_html/links/app/controllers/l/Link.php on line 223
[13-May-2026 14:48:53 UTC] PHP Warning:  Undefined property: stdClass::$splash_page_id in /home/u607641063/domains/antenorefilhos.com.br/public_html/links/app/controllers/l/Link.php on line 129
[13-May-2026 14:48:53 UTC] PHP Warning:  Undefined property: stdClass::$password in /home/u607641063/domains/antenorefilhos.com.br/public_html/links/app/controllers/l/Link.php on line 194
[13-May-2026 14:48:53 UTC] PHP Warning:  Undefined property: stdClass::$sensitive_content in /home/u607641063/domains/antenorefilhos.com.br/public_html/links/app/controllers/l/Link.php on line 223
[13-May-2026 14:50:50 UTC] PHP Warning:  Attempt to read property "plan_settings" on null in /home/u607641063/domains/antenorefilhos.com.br/public_html/links/themes/altum/views/directory/index.php on line 23
[13-May-2026 14:50:50 UTC] PHP Warning:  Attempt to read property "export" on null in /home/u607641063/domains/antenorefilhos.com.br/public_html/links/themes/altum/views/directory/index.php on line 23
[13-May-2026 14:50:50 UTC] PHP Warning:  Attempt to read property "csv" on null in /home/u607641063/domains/antenorefilhos.com.br/public_html/links/themes/altum/views/directory/index.php on line 23
[13-May-2026 14:50:50 UTC] PHP Warning:  Attempt to read property "plan_settings" on null in /home/u607641063/domains/antenorefilhos.com.br/public_html/links/themes/altum/views/directory/index.php on line 26
[13-May-2026 14:50:50 UTC] PHP Warning:  Attempt to read property "export" on null in /home/u607641063/domains/antenorefilhos.com.br/public_html/links/themes/altum/views/directory/index.php on line 26
[13-May-2026 14:50:50 UTC] PHP Warning:  Attempt to read property "json" on null in /home/u607641063/domains/antenorefilhos.com.br/public_html/links/themes/altum/views/directory/index.php on line 26
[13-May-2026 14:50:50 UTC] PHP Warning:  Attempt to read property "plan_settings" on null in /home/u607641063/domains/antenorefilhos.com.br/public_html/links/themes/altum/views/directory/index.php on line 29
[13-May-2026 14:50:50 UTC] PHP Warning:  Attempt to read property "export" on null in /home/u607641063/domains/antenorefilhos.com.br/public_html/links/themes/altum/views/directory/index.php on line 29
[13-May-2026 14:50:50 UTC] PHP Warning:  Attempt to read property "pdf" on null in /home/u607641063/domains/antenorefilhos.com.br/public_html/links/themes/altum/views/directory/index.php on line 29
[13-May-2026 14:51:55 UTC] PHP Warning:  Undefined property: stdClass::$biolink_is_enabled in /home/u607641063/domains/antenorefilhos.com.br/public_html/links/themes/altum/views/l/biolink_blocks/phone_collector.php on line 69
[13-May-2026 14:51:59 UTC] PHP Warning:  Undefined property: stdClass::$splash_page_id in /home/u607641063/domains/antenorefilhos.com.br/public_html/links/app/controllers/l/Link.php on line 129
[13-May-2026 14:51:59 UTC] PHP Warning:  Undefined property: stdClass::$password in /home/u607641063/domains/antenorefilhos.com.br/public_html/links/app/controllers/l/Link.php on line 194
[13-May-2026 14:51:59 UTC] PHP Warning:  Undefined property: stdClass::$sensitive_content in /home/u607641063/domains/antenorefilhos.com.br/public_html/links/app/controllers/l/Link.php on line 223
[13-May-2026 14:54:51 UTC] PHP Warning:  Undefined property: stdClass::$biolink_is_enabled in /home/u607641063/domains/antenorefilhos.com.br/public_html/links/themes/altum/views/l/biolink_blocks/phone_collector.php on line 69
[13-May-2026 15:40:49 UTC] PHP Warning:  Attempt to read property "plan_settings" on null in /home/u607641063/domains/antenorefilhos.com.br/public_html/links/themes/altum/views/directory/index.php on line 23
[13-May-2026 15:40:49 UTC] PHP Warning:  Attempt to read property "export" on null in /home/u607641063/domains/antenorefilhos.com.br/public_html/links/themes/altum/views/directory/index.php on line 23
[13-May-2026 15:40:49 UTC] PHP Warning:  Attempt to read property "csv" on null in /home/u607641063/domains/antenorefilhos.com.br/public_html/links/themes/altum/views/directory/index.php on line 23
[13-May-2026 15:40:49 UTC] PHP Warning:  Attempt to read property "plan_settings" on null in /home/u607641063/domains/antenorefilhos.com.br/public_html/links/themes/altum/views/directory/index.php on line 26
[13-May-2026 15:40:49 UTC] PHP Warning:  Attempt to read property "export" on null in /home/u607641063/domains/antenorefilhos.com.br/public_html/links/themes/altum/views/directory/index.php on line 26
[13-May-2026 15:40:49 UTC] PHP Warning:  Attempt to read property "json" on null in /home/u607641063/domains/antenorefilhos.com.br/public_html/links/themes/altum/views/directory/index.php on line 26
[13-May-2026 15:40:49 UTC] PHP Warning:  Attempt to read property "plan_settings" on null in /home/u607641063/domains/antenorefilhos.com.br/public_html/links/themes/altum/views/directory/index.php on line 29
[13-May-2026 15:40:49 UTC] PHP Warning:  Attempt to read property "export" on null in /home/u607641063/domains/antenorefilhos.com.br/public_html/links/themes/altum/views/directory/index.php on line 29
[13-May-2026 15:40:49 UTC] PHP Warning:  Attempt to read property "pdf" on null in /home/u607641063/domains/antenorefilhos.com.br/public_html/links/themes/altum/views/directory/index.php on line 29
[13-May-2026 15:49:09 UTC] PHP Warning:  Undefined property: stdClass::$last_submissions_is_enabled in /home/u607641063/domains/antenorefilhos.com.br/public_html/links/themes/altum/views/tools/tool_widget_frankfurt.php on line 26
[13-May-2026 15:49:09 UTC] PHP Warning:  Undefined property: stdClass::$last_submissions_is_enabled in /home/u607641063/domains/antenorefilhos.com.br/public_html/links/themes/altum/views/tools/tool_widget_frankfurt.php on line 26
[13-May-2026 15:49:09 UTC] PHP Warning:  Undefined property: stdClass::$last_submissions_is_enabled in /home/u607641063/domains/antenorefilhos.com.br/public_html/links/themes/altum/views/tools/tool_widget_frankfurt.php on line 26
[13-May-2026 15:49:09 UTC] PHP Warning:  Undefined property: stdClass::$last_submissions_is_enabled in /home/u607641063/domains/antenorefilhos.com.br/public_html/links/themes/altum/views/tools/tool_widget_frankfurt.php on line 26
[13-May-2026 15:49:09 UTC] PHP Warning:  Undefined property: stdClass::$last_submissions_is_enabled in /home/u607641063/domains/antenorefilhos.com.br/public_html/links/themes/altum/views/tools/tool_widget_frankfurt.php on line 26
[13-May-2026 15:49:09 UTC] PHP Warning:  Undefined property: stdClass::$last_submissions_is_enabled in /home/u607641063/domains/antenorefilhos.com.br/public_html/links/themes/altum/views/tools/tool_widget_frankfurt.php on line 26
[13-May-2026 15:49:09 UTC] PHP Warning:  Undefined property: stdClass::$last_submissions_is_enabled in /home/u607641063/domains/antenorefilhos.com.br/public_html/links/themes/altum/views/tools/tool_widget_frankfurt.php on line 26
[13-May-2026 15:49:09 UTC] PHP Warning:  Undefined property: stdClass::$last_submissions_is_enabled in /home/u607641063/domains/antenorefilhos.com.br/public_html/links/themes/altum/views/tools/tool_widget_frankfurt.php on line 26
[13-May-2026 16:12:40 UTC] PHP Warning:  Undefined property: stdClass::$splash_page_id in /home/u607641063/domains/antenorefilhos.com.br/public_html/links/app/controllers/l/Link.php on line 129
[13-May-2026 16:12:40 UTC] PHP Warning:  Undefined property: stdClass::$password in /home/u607641063/domains/antenorefilhos.com.br/public_html/links/app/controllers/l/Link.php on line 194
[13-May-2026 16:12:40 UTC] PHP Warning:  Undefined property: stdClass::$sensitive_content in /home/u607641063/domains/antenorefilhos.com.br/public_html/links/app/controllers/l/Link.php on line 223
[13-May-2026 16:14:04 UTC] PHP Warning:  Undefined property: stdClass::$biolink_is_enabled in /home/u607641063/domains/antenorefilhos.com.br/public_html/links/themes/altum/views/l/biolink_blocks/phone_collector.php on line 69
[13-May-2026 16:14:07 UTC] PHP Warning:  Undefined property: stdClass::$splash_page_id in /home/u607641063/domains/antenorefilhos.com.br/public_html/links/app/controllers/l/Link.php on line 129
[13-May-2026 16:14:07 UTC] PHP Warning:  Undefined property: stdClass::$password in /home/u607641063/domains/antenorefilhos.com.br/public_html/links/app/controllers/l/Link.php on line 194
[13-May-2026 16:14:07 UTC] PHP Warning:  Undefined property: stdClass::$sensitive_content in /home/u607641063/domains/antenorefilhos.com.br/public_html/links/app/controllers/l/Link.php on line 223
[13-May-2026 16:32:05 UTC] PHP Warning:  Undefined property: stdClass::$last_submissions_is_enabled in /home/u607641063/domains/antenorefilhos.com.br/public_html/links/themes/altum/views/tools/tool_widget_frankfurt.php on line 26
[13-May-2026 16:32:05 UTC] PHP Warning:  Undefined property: stdClass::$last_submissions_is_enabled in /home/u607641063/domains/antenorefilhos.com.br/public_html/links/themes/altum/views/tools/tool_widget_frankfurt.php on line 26
[13-May-2026 16:32:05 UTC] PHP Warning:  Undefined property: stdClass::$last_submissions_is_enabled in /home/u607641063/domains/antenorefilhos.com.br/public_html/links/themes/altum/views/tools/tool_widget_frankfurt.php on line 26
[13-May-2026 16:32:05 UTC] PHP Warning:  Undefined property: stdClass::$last_submissions_is_enabled in /home/u607641063/domains/antenorefilhos.com.br/public_html/links/themes/altum/views/tools/tool_widget_frankfurt.php on line 26
[13-May-2026 17:34:36 UTC] PHP Warning:  Attempt to read property "plan_settings" on null in /home/u607641063/domains/antenorefilhos.com.br/public_html/links/themes/altum/views/directory/index.php on line 23
[13-May-2026 17:34:36 UTC] PHP Warning:  Attempt to read property "export" on null in /home/u607641063/domains/antenorefilhos.com.br/public_html/links/themes/altum/views/directory/index.php on line 23
[13-May-2026 17:34:36 UTC] PHP Warning:  Attempt to read property "csv" on null in /home/u607641063/domains/antenorefilhos.com.br/public_html/links/themes/altum/views/directory/index.php on line 23
[13-May-2026 17:34:36 UTC] PHP Warning:  Attempt to read property "plan_settings" on null in /home/u607641063/domains/antenorefilhos.com.br/public_html/links/themes/altum/views/directory/index.php on line 26
[13-May-2026 17:34:36 UTC] PHP Warning:  Attempt to read property "export" on null in /home/u607641063/domains/antenorefilhos.com.br/public_html/links/themes/altum/views/directory/index.php on line 26
[13-May-2026 17:34:36 UTC] PHP Warning:  Attempt to read property "json" on null in /home/u607641063/domains/antenorefilhos.com.br/public_html/links/themes/altum/views/directory/index.php on line 26
[13-May-2026 17:34:36 UTC] PHP Warning:  Attempt to read property "plan_settings" on null in /home/u607641063/domains/antenorefilhos.com.br/public_html/links/themes/altum/views/directory/index.php on line 29
[13-May-2026 17:34:36 UTC] PHP Warning:  Attempt to read property "export" on null in /home/u607641063/domains/antenorefilhos.com.br/public_html/links/themes/altum/views/directory/index.php on line 29
[13-May-2026 17:34:36 UTC] PHP Warning:  Attempt to read property "pdf" on null in /home/u607641063/domains/antenorefilhos.com.br/public_html/links/themes/altum/views/directory/index.php on line 29
[13-May-2026 20:39:09 UTC] PHP Warning:  Attempt to read property "plan_settings" on null in /home/u607641063/domains/antenorefilhos.com.br/public_html/links/themes/altum/views/directory/index.php on line 23
[13-May-2026 20:39:09 UTC] PHP Warning:  Attempt to read property "export" on null in /home/u607641063/domains/antenorefilhos.com.br/public_html/links/themes/altum/views/directory/index.php on line 23
[13-May-2026 20:39:09 UTC] PHP Warning:  Attempt to read property "csv" on null in /home/u607641063/domains/antenorefilhos.com.br/public_html/links/themes/altum/views/directory/index.php on line 23
[13-May-2026 20:39:09 UTC] PHP Warning:  Attempt to read property "plan_settings" on null in /home/u607641063/domains/antenorefilhos.com.br/public_html/links/themes/altum/views/directory/index.php on line 26
[13-May-2026 20:39:09 UTC] PHP Warning:  Attempt to read property "export" on null in /home/u607641063/domains/antenorefilhos.com.br/public_html/links/themes/altum/views/directory/index.php on line 26
[13-May-2026 20:39:09 UTC] PHP Warning:  Attempt to read property "json" on null in /home/u607641063/domains/antenorefilhos.com.br/public_html/links/themes/altum/views/directory/index.php on line 26
[13-May-2026 20:39:09 UTC] PHP Warning:  Attempt to read property "plan_settings" on null in /home/u607641063/domains/antenorefilhos.com.br/public_html/links/themes/altum/views/directory/index.php on line 29
[13-May-2026 20:39:09 UTC] PHP Warning:  Attempt to read property "export" on null in /home/u607641063/domains/antenorefilhos.com.br/public_html/links/themes/altum/views/directory/index.php on line 29
[13-May-2026 20:39:09 UTC] PHP Warning:  Attempt to read property "pdf" on null in /home/u607641063/domains/antenorefilhos.com.br/public_html/links/themes/altum/views/directory/index.php on line 29
[13-May-2026 21:10:57 UTC] PHP Warning:  Attempt to read property "plan_settings" on null in /home/u607641063/domains/antenorefilhos.com.br/public_html/links/themes/altum/views/directory/index.php on line 23
[13-May-2026 21:10:57 UTC] PHP Warning:  Attempt to read property "export" on null in /home/u607641063/domains/antenorefilhos.com.br/public_html/links/themes/altum/views/directory/index.php on line 23
[13-May-2026 21:10:57 UTC] PHP Warning:  Attempt to read property "csv" on null in /home/u607641063/domains/antenorefilhos.com.br/public_html/links/themes/altum/views/directory/index.php on line 23
[13-May-2026 21:10:57 UTC] PHP Warning:  Attempt to read property "plan_settings" on null in /home/u607641063/domains/antenorefilhos.com.br/public_html/links/themes/altum/views/directory/index.php on line 26
[13-May-2026 21:10:57 UTC] PHP Warning:  Attempt to read property "export" on null in /home/u607641063/domains/antenorefilhos.com.br/public_html/links/themes/altum/views/directory/index.php on line 26
[13-May-2026 21:10:57 UTC] PHP Warning:  Attempt to read property "json" on null in /home/u607641063/domains/antenorefilhos.com.br/public_html/links/themes/altum/views/directory/index.php on line 26
[13-May-2026 21:10:57 UTC] PHP Warning:  Attempt to read property "plan_settings" on null in /home/u607641063/domains/antenorefilhos.com.br/public_html/links/themes/altum/views/directory/index.php on line 29
[13-May-2026 21:10:57 UTC] PHP Warning:  Attempt to read property "export" on null in /home/u607641063/domains/antenorefilhos.com.br/public_html/links/themes/altum/views/directory/index.php on line 29
[13-May-2026 21:10:57 UTC] PHP Warning:  Attempt to read property "pdf" on null in /home/u607641063/domains/antenorefilhos.com.br/public_html/links/themes/altum/views/directory/index.php on line 29
[13-May-2026 21:50:39 UTC] PHP Warning:  Attempt to read property "plan_settings" on null in /home/u607641063/domains/antenorefilhos.com.br/public_html/links/themes/altum/views/directory/index.php on line 23
[13-May-2026 21:50:39 UTC] PHP Warning:  Attempt to read property "export" on null in /home/u607641063/domains/antenorefilhos.com.br/public_html/links/themes/altum/views/directory/index.php on line 23
[13-May-2026 21:50:39 UTC] PHP Warning:  Attempt to read property "csv" on null in /home/u607641063/domains/antenorefilhos.com.br/public_html/links/themes/altum/views/directory/index.php on line 23
[13-May-2026 21:50:39 UTC] PHP Warning:  Attempt to read property "plan_settings" on null in /home/u607641063/domains/antenorefilhos.com.br/public_html/links/themes/altum/views/directory/index.php on line 26
[13-May-2026 21:50:39 UTC] PHP Warning:  Attempt to read property "export" on null in /home/u607641063/domains/antenorefilhos.com.br/public_html/links/themes/altum/views/directory/index.php on line 26
[13-May-2026 21:50:39 UTC] PHP Warning:  Attempt to read property "json" on null in /home/u607641063/domains/antenorefilhos.com.br/public_html/links/themes/altum/views/directory/index.php on line 26
[13-May-2026 21:50:39 UTC] PHP Warning:  Attempt to read property "plan_settings" on null in /home/u607641063/domains/antenorefilhos.com.br/public_html/links/themes/altum/views/directory/index.php on line 29
[13-May-2026 21:50:39 UTC] PHP Warning:  Attempt to read property "export" on null in /home/u607641063/domains/antenorefilhos.com.br/public_html/links/themes/altum/views/directory/index.php on line 29
[13-May-2026 21:50:39 UTC] PHP Warning:  Attempt to read property "pdf" on null in /home/u607641063/domains/antenorefilhos.com.br/public_html/links/themes/altum/views/directory/index.php on line 29
[13-May-2026 23:29:05 UTC] PHP Warning:  Undefined property: stdClass::$biolink_is_enabled in /home/u607641063/domains/antenorefilhos.com.br/public_html/links/themes/altum/views/l/biolink_blocks/phone_collector.php on line 69
[13-May-2026 23:29:18 UTC] PHP Warning:  Undefined property: stdClass::$splash_page_id in /home/u607641063/domains/antenorefilhos.com.br/public_html/links/app/controllers/l/Link.php on line 129
[13-May-2026 23:29:18 UTC] PHP Warning:  Undefined property: stdClass::$password in /home/u607641063/domains/antenorefilhos.com.br/public_html/links/app/controllers/l/Link.php on line 194
[13-May-2026 23:29:18 UTC] PHP Warning:  Undefined property: stdClass::$sensitive_content in /home/u607641063/domains/antenorefilhos.com.br/public_html/links/app/controllers/l/Link.php on line 223
[13-May-2026 23:29:22 UTC] PHP Warning:  Undefined property: stdClass::$biolink_is_enabled in /home/u607641063/domains/antenorefilhos.com.br/public_html/links/themes/altum/views/l/biolink_blocks/phone_collector.php on line 69
[13-May-2026 23:29:29 UTC] PHP Warning:  Undefined property: stdClass::$splash_page_id in /home/u607641063/domains/antenorefilhos.com.br/public_html/links/app/controllers/l/Link.php on line 129
[13-May-2026 23:29:29 UTC] PHP Warning:  Undefined property: stdClass::$password in /home/u607641063/domains/antenorefilhos.com.br/public_html/links/app/controllers/l/Link.php on line 194
[13-May-2026 23:29:29 UTC] PHP Warning:  Undefined property: stdClass::$sensitive_content in /home/u607641063/domains/antenorefilhos.com.br/public_html/links/app/controllers/l/Link.php on line 223
[13-May-2026 23:31:40 UTC] PHP Warning:  Undefined property: stdClass::$biolink_is_enabled in /home/u607641063/domains/antenorefilhos.com.br/public_html/links/themes/altum/views/l/biolink_blocks/phone_collector.php on line 69
[13-May-2026 23:51:46 UTC] PHP Warning:  Attempt to read property "plan_settings" on null in /home/u607641063/domains/antenorefilhos.com.br/public_html/links/themes/altum/views/directory/index.php on line 23
[13-May-2026 23:51:46 UTC] PHP Warning:  Attempt to read property "export" on null in /home/u607641063/domains/antenorefilhos.com.br/public_html/links/themes/altum/views/directory/index.php on line 23
[13-May-2026 23:51:46 UTC] PHP Warning:  Attempt to read property "csv" on null in /home/u607641063/domains/antenorefilhos.com.br/public_html/links/themes/altum/views/directory/index.php on line 23
[13-May-2026 23:51:46 UTC] PHP Warning:  Attempt to read property "plan_settings" on null in /home/u607641063/domains/antenorefilhos.com.br/public_html/links/themes/altum/views/directory/index.php on line 26
[13-May-2026 23:51:46 UTC] PHP Warning:  Attempt to read property "export" on null in /home/u607641063/domains/antenorefilhos.com.br/public_html/links/themes/altum/views/directory/index.php on line 26
[13-May-2026 23:51:46 UTC] PHP Warning:  Attempt to read property "json" on null in /home/u607641063/domains/antenorefilhos.com.br/public_html/links/themes/altum/views/directory/index.php on line 26
[13-May-2026 23:51:46 UTC] PHP Warning:  Attempt to read property "plan_settings" on null in /home/u607641063/domains/antenorefilhos.com.br/public_html/links/themes/altum/views/directory/index.php on line 29
[13-May-2026 23:51:46 UTC] PHP Warning:  Attempt to read property "export" on null in /home/u607641063/domains/antenorefilhos.com.br/public_html/links/themes/altum/views/directory/index.php on line 29
[13-May-2026 23:51:46 UTC] PHP Warning:  Attempt to read property "pdf" on null in /home/u607641063/domains/antenorefilhos.com.br/public_html/links/themes/altum/views/directory/index.php on line 29
