[30-Jul-2025 00:07:29 UTC] PHP Warning:  Undefined property: stdClass::$last_submissions_is_enabled in /home/u607641063/domains/antenorefilhos.com.br/public_html/links/themes/altum/views/tools/tool_widget_frankfurt.php on line 26
[30-Jul-2025 00:07:29 UTC] PHP Warning:  Undefined property: stdClass::$last_submissions_is_enabled in /home/u607641063/domains/antenorefilhos.com.br/public_html/links/themes/altum/views/tools/tool_widget_frankfurt.php on line 26
[30-Jul-2025 00:07:29 UTC] PHP Warning:  Undefined property: stdClass::$last_submissions_is_enabled in /home/u607641063/domains/antenorefilhos.com.br/public_html/links/themes/altum/views/tools/tool_widget_frankfurt.php on line 26
[30-Jul-2025 00:07:29 UTC] PHP Warning:  Undefined property: stdClass::$last_submissions_is_enabled in /home/u607641063/domains/antenorefilhos.com.br/public_html/links/themes/altum/views/tools/tool_widget_frankfurt.php on line 26
[30-Jul-2025 00:07:29 UTC] PHP Warning:  Undefined property: stdClass::$last_submissions_is_enabled in /home/u607641063/domains/antenorefilhos.com.br/public_html/links/themes/altum/views/tools/tool_widget_frankfurt.php on line 26
[30-Jul-2025 00:07:29 UTC] PHP Warning:  Undefined property: stdClass::$last_submissions_is_enabled in /home/u607641063/domains/antenorefilhos.com.br/public_html/links/themes/altum/views/tools/tool_widget_frankfurt.php on line 26
[30-Jul-2025 00:07:29 UTC] PHP Warning:  Undefined property: stdClass::$last_submissions_is_enabled in /home/u607641063/domains/antenorefilhos.com.br/public_html/links/themes/altum/views/tools/tool_widget_frankfurt.php on line 26
[30-Jul-2025 00:07:29 UTC] PHP Warning:  Undefined property: stdClass::$last_submissions_is_enabled in /home/u607641063/domains/antenorefilhos.com.br/public_html/links/themes/altum/views/tools/tool_widget_frankfurt.php on line 26
[30-Jul-2025 00:07:29 UTC] PHP Warning:  Undefined property: stdClass::$last_submissions_is_enabled in /home/u607641063/domains/antenorefilhos.com.br/public_html/links/themes/altum/views/tools/tool_widget_frankfurt.php on line 26
[30-Jul-2025 00:07:29 UTC] PHP Warning:  Undefined property: stdClass::$last_submissions_is_enabled in /home/u607641063/domains/antenorefilhos.com.br/public_html/links/themes/altum/views/tools/tool_widget_frankfurt.php on line 26
[30-Jul-2025 00:07:29 UTC] PHP Warning:  Undefined property: stdClass::$last_submissions_is_enabled in /home/u607641063/domains/antenorefilhos.com.br/public_html/links/themes/altum/views/tools/tool_widget_frankfurt.php on line 26
[30-Jul-2025 00:07:29 UTC] PHP Warning:  Undefined property: stdClass::$last_submissions_is_enabled in /home/u607641063/domains/antenorefilhos.com.br/public_html/links/themes/altum/views/tools/tool_widget_frankfurt.php on line 26
[30-Jul-2025 00:07:29 UTC] PHP Warning:  Undefined property: stdClass::$last_submissions_is_enabled in /home/u607641063/domains/antenorefilhos.com.br/public_html/links/themes/altum/views/tools/tool_widget_frankfurt.php on line 26
[30-Jul-2025 00:07:29 UTC] PHP Warning:  Undefined property: stdClass::$last_submissions_is_enabled in /home/u607641063/domains/antenorefilhos.com.br/public_html/links/themes/altum/views/tools/tool_widget_frankfurt.php on line 26
[30-Jul-2025 00:07:29 UTC] PHP Warning:  Undefined property: stdClass::$last_submissions_is_enabled in /home/u607641063/domains/antenorefilhos.com.br/public_html/links/themes/altum/views/tools/tool_widget_frankfurt.php on line 26
[30-Jul-2025 00:07:29 UTC] PHP Warning:  Undefined property: stdClass::$last_submissions_is_enabled in /home/u607641063/domains/antenorefilhos.com.br/public_html/links/themes/altum/views/tools/tool_widget_frankfurt.php on line 26
[30-Jul-2025 00:07:29 UTC] PHP Warning:  Undefined property: stdClass::$last_submissions_is_enabled in /home/u607641063/domains/antenorefilhos.com.br/public_html/links/themes/altum/views/tools/tool_widget_frankfurt.php on line 26
[30-Jul-2025 00:07:29 UTC] PHP Warning:  Undefined property: stdClass::$last_submissions_is_enabled in /home/u607641063/domains/antenorefilhos.com.br/public_html/links/themes/altum/views/tools/tool_widget_frankfurt.php on line 26
[30-Jul-2025 00:07:29 UTC] PHP Warning:  Undefined property: stdClass::$last_submissions_is_enabled in /home/u607641063/domains/antenorefilhos.com.br/public_html/links/themes/altum/views/tools/tool_widget_frankfurt.php on line 26
[30-Jul-2025 00:07:29 UTC] PHP Warning:  Undefined property: stdClass::$last_submissions_is_enabled in /home/u607641063/domains/antenorefilhos.com.br/public_html/links/themes/altum/views/tools/tool_widget_frankfurt.php on line 26
[30-Jul-2025 00:07:29 UTC] PHP Warning:  Undefined property: stdClass::$last_submissions_is_enabled in /home/u607641063/domains/antenorefilhos.com.br/public_html/links/themes/altum/views/tools/tool_widget_frankfurt.php on line 26
[30-Jul-2025 00:07:29 UTC] PHP Warning:  Undefined property: stdClass::$last_submissions_is_enabled in /home/u607641063/domains/antenorefilhos.com.br/public_html/links/themes/altum/views/tools/tool_widget_frankfurt.php on line 26
[30-Jul-2025 00:07:29 UTC] PHP Warning:  Undefined property: stdClass::$last_submissions_is_enabled in /home/u607641063/domains/antenorefilhos.com.br/public_html/links/themes/altum/views/tools/tool_widget_frankfurt.php on line 26
[30-Jul-2025 00:07:29 UTC] PHP Warning:  Undefined property: stdClass::$last_submissions_is_enabled in /home/u607641063/domains/antenorefilhos.com.br/public_html/links/themes/altum/views/tools/tool_widget_frankfurt.php on line 26
[30-Jul-2025 00:07:29 UTC] PHP Warning:  Undefined property: stdClass::$last_submissions_is_enabled in /home/u607641063/domains/antenorefilhos.com.br/public_html/links/themes/altum/views/tools/tool_widget_frankfurt.php on line 26
[30-Jul-2025 00:07:29 UTC] PHP Warning:  Undefined property: stdClass::$last_submissions_is_enabled in /home/u607641063/domains/antenorefilhos.com.br/public_html/links/themes/altum/views/tools/tool_widget_frankfurt.php on line 26
[30-Jul-2025 00:07:29 UTC] PHP Warning:  Undefined property: stdClass::$last_submissions_is_enabled in /home/u607641063/domains/antenorefilhos.com.br/public_html/links/themes/altum/views/tools/tool_widget_frankfurt.php on line 26
[30-Jul-2025 00:07:29 UTC] PHP Warning:  Undefined property: stdClass::$last_submissions_is_enabled in /home/u607641063/domains/antenorefilhos.com.br/public_html/links/themes/altum/views/tools/tool_widget_frankfurt.php on line 26
[30-Jul-2025 00:07:29 UTC] PHP Warning:  Undefined property: stdClass::$last_submissions_is_enabled in /home/u607641063/domains/antenorefilhos.com.br/public_html/links/themes/altum/views/tools/tool_widget_frankfurt.php on line 26
[30-Jul-2025 00:07:29 UTC] PHP Warning:  Undefined property: stdClass::$last_submissions_is_enabled in /home/u607641063/domains/antenorefilhos.com.br/public_html/links/themes/altum/views/tools/tool_widget_frankfurt.php on line 26
[30-Jul-2025 00:07:29 UTC] PHP Warning:  Undefined property: stdClass::$last_submissions_is_enabled in /home/u607641063/domains/antenorefilhos.com.br/public_html/links/themes/altum/views/tools/tool_widget_frankfurt.php on line 26
[30-Jul-2025 00:07:29 UTC] PHP Warning:  Undefined property: stdClass::$last_submissions_is_enabled in /home/u607641063/domains/antenorefilhos.com.br/public_html/links/themes/altum/views/tools/tool_widget_frankfurt.php on line 26
[30-Jul-2025 00:07:29 UTC] PHP Warning:  Undefined property: stdClass::$last_submissions_is_enabled in /home/u607641063/domains/antenorefilhos.com.br/public_html/links/themes/altum/views/tools/tool_widget_frankfurt.php on line 26
[30-Jul-2025 00:07:29 UTC] PHP Warning:  Undefined property: stdClass::$last_submissions_is_enabled in /home/u607641063/domains/antenorefilhos.com.br/public_html/links/themes/altum/views/tools/tool_widget_frankfurt.php on line 26
[30-Jul-2025 00:07:29 UTC] PHP Warning:  Undefined property: stdClass::$last_submissions_is_enabled in /home/u607641063/domains/antenorefilhos.com.br/public_html/links/themes/altum/views/tools/tool_widget_frankfurt.php on line 26
[30-Jul-2025 00:07:29 UTC] PHP Warning:  Undefined property: stdClass::$last_submissions_is_enabled in /home/u607641063/domains/antenorefilhos.com.br/public_html/links/themes/altum/views/tools/tool_widget_frankfurt.php on line 26
[30-Jul-2025 00:07:29 UTC] PHP Warning:  Undefined property: stdClass::$last_submissions_is_enabled in /home/u607641063/domains/antenorefilhos.com.br/public_html/links/themes/altum/views/tools/tool_widget_frankfurt.php on line 26
[30-Jul-2025 00:07:29 UTC] PHP Warning:  Undefined property: stdClass::$last_submissions_is_enabled in /home/u607641063/domains/antenorefilhos.com.br/public_html/links/themes/altum/views/tools/tool_widget_frankfurt.php on line 26
[30-Jul-2025 00:07:29 UTC] PHP Warning:  Undefined property: stdClass::$last_submissions_is_enabled in /home/u607641063/domains/antenorefilhos.com.br/public_html/links/themes/altum/views/tools/tool_widget_frankfurt.php on line 26
[30-Jul-2025 00:07:29 UTC] PHP Warning:  Undefined property: stdClass::$last_submissions_is_enabled in /home/u607641063/domains/antenorefilhos.com.br/public_html/links/themes/altum/views/tools/tool_widget_frankfurt.php on line 26
[30-Jul-2025 00:07:29 UTC] PHP Warning:  Undefined property: stdClass::$last_submissions_is_enabled in /home/u607641063/domains/antenorefilhos.com.br/public_html/links/themes/altum/views/tools/tool_widget_frankfurt.php on line 26
[30-Jul-2025 00:07:29 UTC] PHP Warning:  Undefined property: stdClass::$last_submissions_is_enabled in /home/u607641063/domains/antenorefilhos.com.br/public_html/links/themes/altum/views/tools/tool_widget_frankfurt.php on line 26
[30-Jul-2025 00:07:29 UTC] PHP Warning:  Undefined property: stdClass::$last_submissions_is_enabled in /home/u607641063/domains/antenorefilhos.com.br/public_html/links/themes/altum/views/tools/tool_widget_frankfurt.php on line 26
[30-Jul-2025 00:07:29 UTC] PHP Warning:  Undefined property: stdClass::$last_submissions_is_enabled in /home/u607641063/domains/antenorefilhos.com.br/public_html/links/themes/altum/views/tools/tool_widget_frankfurt.php on line 26
[30-Jul-2025 00:07:29 UTC] PHP Warning:  Undefined property: stdClass::$last_submissions_is_enabled in /home/u607641063/domains/antenorefilhos.com.br/public_html/links/themes/altum/views/tools/tool_widget_frankfurt.php on line 26
[30-Jul-2025 00:07:29 UTC] PHP Warning:  Undefined property: stdClass::$last_submissions_is_enabled in /home/u607641063/domains/antenorefilhos.com.br/public_html/links/themes/altum/views/tools/tool_widget_frankfurt.php on line 26
[30-Jul-2025 00:07:29 UTC] PHP Warning:  Undefined property: stdClass::$last_submissions_is_enabled in /home/u607641063/domains/antenorefilhos.com.br/public_html/links/themes/altum/views/tools/tool_widget_frankfurt.php on line 26
[30-Jul-2025 00:07:29 UTC] PHP Warning:  Undefined property: stdClass::$last_submissions_is_enabled in /home/u607641063/domains/antenorefilhos.com.br/public_html/links/themes/altum/views/tools/tool_widget_frankfurt.php on line 26
[30-Jul-2025 00:07:29 UTC] PHP Warning:  Undefined property: stdClass::$last_submissions_is_enabled in /home/u607641063/domains/antenorefilhos.com.br/public_html/links/themes/altum/views/tools/tool_widget_frankfurt.php on line 26
[30-Jul-2025 00:07:29 UTC] PHP Warning:  Undefined property: stdClass::$last_submissions_is_enabled in /home/u607641063/domains/antenorefilhos.com.br/public_html/links/themes/altum/views/tools/tool_widget_frankfurt.php on line 26
[30-Jul-2025 00:07:29 UTC] PHP Warning:  Undefined property: stdClass::$last_submissions_is_enabled in /home/u607641063/domains/antenorefilhos.com.br/public_html/links/themes/altum/views/tools/tool_widget_frankfurt.php on line 26
[30-Jul-2025 00:07:29 UTC] PHP Warning:  Undefined property: stdClass::$last_submissions_is_enabled in /home/u607641063/domains/antenorefilhos.com.br/public_html/links/themes/altum/views/tools/tool_widget_frankfurt.php on line 26
[30-Jul-2025 00:07:29 UTC] PHP Warning:  Undefined property: stdClass::$last_submissions_is_enabled in /home/u607641063/domains/antenorefilhos.com.br/public_html/links/themes/altum/views/tools/tool_widget_frankfurt.php on line 26
[30-Jul-2025 00:07:29 UTC] PHP Warning:  Undefined property: stdClass::$last_submissions_is_enabled in /home/u607641063/domains/antenorefilhos.com.br/public_html/links/themes/altum/views/tools/tool_widget_frankfurt.php on line 26
[30-Jul-2025 00:07:29 UTC] PHP Warning:  Undefined property: stdClass::$last_submissions_is_enabled in /home/u607641063/domains/antenorefilhos.com.br/public_html/links/themes/altum/views/tools/tool_widget_frankfurt.php on line 26
[30-Jul-2025 00:07:29 UTC] PHP Warning:  Undefined property: stdClass::$last_submissions_is_enabled in /home/u607641063/domains/antenorefilhos.com.br/public_html/links/themes/altum/views/tools/tool_widget_frankfurt.php on line 26
[30-Jul-2025 00:07:29 UTC] PHP Warning:  Undefined property: stdClass::$last_submissions_is_enabled in /home/u607641063/domains/antenorefilhos.com.br/public_html/links/themes/altum/views/tools/tool_widget_frankfurt.php on line 26
[30-Jul-2025 00:07:29 UTC] PHP Warning:  Undefined property: stdClass::$last_submissions_is_enabled in /home/u607641063/domains/antenorefilhos.com.br/public_html/links/themes/altum/views/tools/tool_widget_frankfurt.php on line 26
[30-Jul-2025 00:07:29 UTC] PHP Warning:  Undefined property: stdClass::$last_submissions_is_enabled in /home/u607641063/domains/antenorefilhos.com.br/public_html/links/themes/altum/views/tools/tool_widget_frankfurt.php on line 26
[30-Jul-2025 00:07:29 UTC] PHP Warning:  Undefined property: stdClass::$last_submissions_is_enabled in /home/u607641063/domains/antenorefilhos.com.br/public_html/links/themes/altum/views/tools/tool_widget_frankfurt.php on line 26
[30-Jul-2025 00:07:29 UTC] PHP Warning:  Undefined property: stdClass::$last_submissions_is_enabled in /home/u607641063/domains/antenorefilhos.com.br/public_html/links/themes/altum/views/tools/tool_widget_frankfurt.php on line 26
[30-Jul-2025 00:07:29 UTC] PHP Warning:  Undefined property: stdClass::$last_submissions_is_enabled in /home/u607641063/domains/antenorefilhos.com.br/public_html/links/themes/altum/views/tools/tool_widget_frankfurt.php on line 26
[30-Jul-2025 00:07:29 UTC] PHP Warning:  Undefined property: stdClass::$last_submissions_is_enabled in /home/u607641063/domains/antenorefilhos.com.br/public_html/links/themes/altum/views/tools/tool_widget_frankfurt.php on line 26
[30-Jul-2025 00:07:29 UTC] PHP Warning:  Undefined property: stdClass::$last_submissions_is_enabled in /home/u607641063/domains/antenorefilhos.com.br/public_html/links/themes/altum/views/tools/tool_widget_frankfurt.php on line 26
[30-Jul-2025 00:07:29 UTC] PHP Warning:  Undefined property: stdClass::$last_submissions_is_enabled in /home/u607641063/domains/antenorefilhos.com.br/public_html/links/themes/altum/views/tools/tool_widget_frankfurt.php on line 26
[30-Jul-2025 00:07:29 UTC] PHP Warning:  Undefined property: stdClass::$last_submissions_is_enabled in /home/u607641063/domains/antenorefilhos.com.br/public_html/links/themes/altum/views/tools/tool_widget_frankfurt.php on line 26
[30-Jul-2025 00:07:29 UTC] PHP Warning:  Undefined property: stdClass::$last_submissions_is_enabled in /home/u607641063/domains/antenorefilhos.com.br/public_html/links/themes/altum/views/tools/tool_widget_frankfurt.php on line 26
[30-Jul-2025 00:07:29 UTC] PHP Warning:  Undefined property: stdClass::$last_submissions_is_enabled in /home/u607641063/domains/antenorefilhos.com.br/public_html/links/themes/altum/views/tools/tool_widget_frankfurt.php on line 26
[30-Jul-2025 00:07:29 UTC] PHP Warning:  Undefined property: stdClass::$last_submissions_is_enabled in /home/u607641063/domains/antenorefilhos.com.br/public_html/links/themes/altum/views/tools/tool_widget_frankfurt.php on line 26
[30-Jul-2025 00:07:29 UTC] PHP Warning:  Undefined property: stdClass::$last_submissions_is_enabled in /home/u607641063/domains/antenorefilhos.com.br/public_html/links/themes/altum/views/tools/tool_widget_frankfurt.php on line 26
[30-Jul-2025 00:07:29 UTC] PHP Warning:  Undefined property: stdClass::$last_submissions_is_enabled in /home/u607641063/domains/antenorefilhos.com.br/public_html/links/themes/altum/views/tools/tool_widget_frankfurt.php on line 26
[30-Jul-2025 00:07:29 UTC] PHP Warning:  Undefined property: stdClass::$last_submissions_is_enabled in /home/u607641063/domains/antenorefilhos.com.br/public_html/links/themes/altum/views/tools/tool_widget_frankfurt.php on line 26
[30-Jul-2025 00:07:29 UTC] PHP Warning:  Undefined property: stdClass::$last_submissions_is_enabled in /home/u607641063/domains/antenorefilhos.com.br/public_html/links/themes/altum/views/tools/tool_widget_frankfurt.php on line 26
[30-Jul-2025 00:07:29 UTC] PHP Warning:  Undefined property: stdClass::$last_submissions_is_enabled in /home/u607641063/domains/antenorefilhos.com.br/public_html/links/themes/altum/views/tools/tool_widget_frankfurt.php on line 26
[30-Jul-2025 00:07:29 UTC] PHP Warning:  Undefined property: stdClass::$last_submissions_is_enabled in /home/u607641063/domains/antenorefilhos.com.br/public_html/links/themes/altum/views/tools/tool_widget_frankfurt.php on line 26
[30-Jul-2025 00:07:29 UTC] PHP Warning:  Undefined property: stdClass::$last_submissions_is_enabled in /home/u607641063/domains/antenorefilhos.com.br/public_html/links/themes/altum/views/tools/tool_widget_frankfurt.php on line 26
[30-Jul-2025 00:07:29 UTC] PHP Warning:  Undefined property: stdClass::$last_submissions_is_enabled in /home/u607641063/domains/antenorefilhos.com.br/public_html/links/themes/altum/views/tools/tool_widget_frankfurt.php on line 26
[30-Jul-2025 00:07:29 UTC] PHP Warning:  Undefined property: stdClass::$last_submissions_is_enabled in /home/u607641063/domains/antenorefilhos.com.br/public_html/links/themes/altum/views/tools/tool_widget_frankfurt.php on line 26
[30-Jul-2025 00:07:29 UTC] PHP Warning:  Undefined property: stdClass::$last_submissions_is_enabled in /home/u607641063/domains/antenorefilhos.com.br/public_html/links/themes/altum/views/tools/tool_widget_frankfurt.php on line 26
[30-Jul-2025 00:07:29 UTC] PHP Warning:  Undefined property: stdClass::$last_submissions_is_enabled in /home/u607641063/domains/antenorefilhos.com.br/public_html/links/themes/altum/views/tools/tool_widget_frankfurt.php on line 26
[30-Jul-2025 00:07:29 UTC] PHP Warning:  Undefined property: stdClass::$last_submissions_is_enabled in /home/u607641063/domains/antenorefilhos.com.br/public_html/links/themes/altum/views/tools/tool_widget_frankfurt.php on line 26
[30-Jul-2025 00:07:29 UTC] PHP Warning:  Undefined property: stdClass::$last_submissions_is_enabled in /home/u607641063/domains/antenorefilhos.com.br/public_html/links/themes/altum/views/tools/tool_widget_frankfurt.php on line 26
[30-Jul-2025 00:07:29 UTC] PHP Warning:  Undefined property: stdClass::$last_submissions_is_enabled in /home/u607641063/domains/antenorefilhos.com.br/public_html/links/themes/altum/views/tools/tool_widget_frankfurt.php on line 26
[30-Jul-2025 00:07:29 UTC] PHP Warning:  Undefined property: stdClass::$last_submissions_is_enabled in /home/u607641063/domains/antenorefilhos.com.br/public_html/links/themes/altum/views/tools/tool_widget_frankfurt.php on line 26
[30-Jul-2025 00:07:29 UTC] PHP Warning:  Undefined property: stdClass::$last_submissions_is_enabled in /home/u607641063/domains/antenorefilhos.com.br/public_html/links/themes/altum/views/tools/tool_widget_frankfurt.php on line 26
[30-Jul-2025 00:07:29 UTC] PHP Warning:  Undefined property: stdClass::$last_submissions_is_enabled in /home/u607641063/domains/antenorefilhos.com.br/public_html/links/themes/altum/views/tools/tool_widget_frankfurt.php on line 26
[30-Jul-2025 00:07:29 UTC] PHP Warning:  Undefined property: stdClass::$last_submissions_is_enabled in /home/u607641063/domains/antenorefilhos.com.br/public_html/links/themes/altum/views/tools/tool_widget_frankfurt.php on line 26
[30-Jul-2025 00:07:29 UTC] PHP Warning:  Undefined property: stdClass::$last_submissions_is_enabled in /home/u607641063/domains/antenorefilhos.com.br/public_html/links/themes/altum/views/tools/tool_widget_frankfurt.php on line 26
[30-Jul-2025 00:07:29 UTC] PHP Warning:  Undefined property: stdClass::$last_submissions_is_enabled in /home/u607641063/domains/antenorefilhos.com.br/public_html/links/themes/altum/views/tools/tool_widget_frankfurt.php on line 26
[30-Jul-2025 00:07:29 UTC] PHP Warning:  Undefined property: stdClass::$last_submissions_is_enabled in /home/u607641063/domains/antenorefilhos.com.br/public_html/links/themes/altum/views/tools/tool_widget_frankfurt.php on line 26
[30-Jul-2025 00:07:29 UTC] PHP Warning:  Undefined property: stdClass::$last_submissions_is_enabled in /home/u607641063/domains/antenorefilhos.com.br/public_html/links/themes/altum/views/tools/tool_widget_frankfurt.php on line 26
[30-Jul-2025 00:07:29 UTC] PHP Warning:  Undefined property: stdClass::$last_submissions_is_enabled in /home/u607641063/domains/antenorefilhos.com.br/public_html/links/themes/altum/views/tools/tool_widget_frankfurt.php on line 26
[30-Jul-2025 00:07:29 UTC] PHP Warning:  Undefined property: stdClass::$last_submissions_is_enabled in /home/u607641063/domains/antenorefilhos.com.br/public_html/links/themes/altum/views/tools/tool_widget_frankfurt.php on line 26
[30-Jul-2025 00:07:29 UTC] PHP Warning:  Undefined property: stdClass::$last_submissions_is_enabled in /home/u607641063/domains/antenorefilhos.com.br/public_html/links/themes/altum/views/tools/tool_widget_frankfurt.php on line 26
[30-Jul-2025 00:07:29 UTC] PHP Warning:  Undefined property: stdClass::$last_submissions_is_enabled in /home/u607641063/domains/antenorefilhos.com.br/public_html/links/themes/altum/views/tools/tool_widget_frankfurt.php on line 26
[30-Jul-2025 00:07:29 UTC] PHP Warning:  Undefined property: stdClass::$last_submissions_is_enabled in /home/u607641063/domains/antenorefilhos.com.br/public_html/links/themes/altum/views/tools/tool_widget_frankfurt.php on line 26
[30-Jul-2025 00:07:29 UTC] PHP Warning:  Undefined property: stdClass::$last_submissions_is_enabled in /home/u607641063/domains/antenorefilhos.com.br/public_html/links/themes/altum/views/tools/tool_widget_frankfurt.php on line 26
[30-Jul-2025 00:07:29 UTC] PHP Warning:  Undefined property: stdClass::$last_submissions_is_enabled in /home/u607641063/domains/antenorefilhos.com.br/public_html/links/themes/altum/views/tools/tool_widget_frankfurt.php on line 26
[30-Jul-2025 00:07:29 UTC] PHP Warning:  Undefined property: stdClass::$last_submissions_is_enabled in /home/u607641063/domains/antenorefilhos.com.br/public_html/links/themes/altum/views/tools/tool_widget_frankfurt.php on line 26
[30-Jul-2025 00:07:29 UTC] PHP Warning:  Undefined property: stdClass::$last_submissions_is_enabled in /home/u607641063/domains/antenorefilhos.com.br/public_html/links/themes/altum/views/tools/tool_widget_frankfurt.php on line 26
[30-Jul-2025 00:07:29 UTC] PHP Warning:  Undefined property: stdClass::$last_submissions_is_enabled in /home/u607641063/domains/antenorefilhos.com.br/public_html/links/themes/altum/views/tools/tool_widget_frankfurt.php on line 26
[30-Jul-2025 00:07:29 UTC] PHP Warning:  Undefined property: stdClass::$last_submissions_is_enabled in /home/u607641063/domains/antenorefilhos.com.br/public_html/links/themes/altum/views/tools/tool_widget_frankfurt.php on line 26
[30-Jul-2025 00:07:29 UTC] PHP Warning:  Undefined property: stdClass::$last_submissions_is_enabled in /home/u607641063/domains/antenorefilhos.com.br/public_html/links/themes/altum/views/tools/tool_widget_frankfurt.php on line 26
[30-Jul-2025 00:07:29 UTC] PHP Warning:  Undefined property: stdClass::$last_submissions_is_enabled in /home/u607641063/domains/antenorefilhos.com.br/public_html/links/themes/altum/views/tools/tool_widget_frankfurt.php on line 26
[30-Jul-2025 00:07:29 UTC] PHP Warning:  Undefined property: stdClass::$last_submissions_is_enabled in /home/u607641063/domains/antenorefilhos.com.br/public_html/links/themes/altum/views/tools/tool_widget_frankfurt.php on line 26
[30-Jul-2025 00:07:29 UTC] PHP Warning:  Undefined property: stdClass::$last_submissions_is_enabled in /home/u607641063/domains/antenorefilhos.com.br/public_html/links/themes/altum/views/tools/tool_widget_frankfurt.php on line 26
[30-Jul-2025 00:07:29 UTC] PHP Warning:  Undefined property: stdClass::$last_submissions_is_enabled in /home/u607641063/domains/antenorefilhos.com.br/public_html/links/themes/altum/views/tools/tool_widget_frankfurt.php on line 26
[30-Jul-2025 00:07:29 UTC] PHP Warning:  Undefined property: stdClass::$last_submissions_is_enabled in /home/u607641063/domains/antenorefilhos.com.br/public_html/links/themes/altum/views/tools/tool_widget_frankfurt.php on line 26
[30-Jul-2025 00:07:29 UTC] PHP Warning:  Undefined property: stdClass::$last_submissions_is_enabled in /home/u607641063/domains/antenorefilhos.com.br/public_html/links/themes/altum/views/tools/tool_widget_frankfurt.php on line 26
[30-Jul-2025 00:07:29 UTC] PHP Warning:  Undefined property: stdClass::$last_submissions_is_enabled in /home/u607641063/domains/antenorefilhos.com.br/public_html/links/themes/altum/views/tools/tool_widget_frankfurt.php on line 26
[30-Jul-2025 00:07:29 UTC] PHP Warning:  Undefined property: stdClass::$last_submissions_is_enabled in /home/u607641063/domains/antenorefilhos.com.br/public_html/links/themes/altum/views/tools/tool_widget_frankfurt.php on line 26
[30-Jul-2025 00:07:29 UTC] PHP Warning:  Undefined property: stdClass::$last_submissions_is_enabled in /home/u607641063/domains/antenorefilhos.com.br/public_html/links/themes/altum/views/tools/tool_widget_frankfurt.php on line 26
[30-Jul-2025 00:07:29 UTC] PHP Warning:  Undefined property: stdClass::$last_submissions_is_enabled in /home/u607641063/domains/antenorefilhos.com.br/public_html/links/themes/altum/views/tools/tool_widget_frankfurt.php on line 26
[30-Jul-2025 00:07:29 UTC] PHP Warning:  Undefined property: stdClass::$last_submissions_is_enabled in /home/u607641063/domains/antenorefilhos.com.br/public_html/links/themes/altum/views/tools/tool_widget_frankfurt.php on line 26
[30-Jul-2025 00:07:29 UTC] PHP Warning:  Undefined property: stdClass::$last_submissions_is_enabled in /home/u607641063/domains/antenorefilhos.com.br/public_html/links/themes/altum/views/tools/tool_widget_frankfurt.php on line 26
[30-Jul-2025 00:07:29 UTC] PHP Warning:  Undefined property: stdClass::$last_submissions_is_enabled in /home/u607641063/domains/antenorefilhos.com.br/public_html/links/themes/altum/views/tools/tool_widget_frankfurt.php on line 26
[30-Jul-2025 00:07:29 UTC] PHP Warning:  Undefined property: stdClass::$last_submissions_is_enabled in /home/u607641063/domains/antenorefilhos.com.br/public_html/links/themes/altum/views/tools/tool_widget_frankfurt.php on line 26
[30-Jul-2025 00:07:29 UTC] PHP Warning:  Undefined property: stdClass::$last_submissions_is_enabled in /home/u607641063/domains/antenorefilhos.com.br/public_html/links/themes/altum/views/tools/tool_widget_frankfurt.php on line 26
[30-Jul-2025 00:07:29 UTC] PHP Warning:  Undefined property: stdClass::$last_submissions_is_enabled in /home/u607641063/domains/antenorefilhos.com.br/public_html/links/themes/altum/views/tools/tool_widget_frankfurt.php on line 26
[30-Jul-2025 00:07:29 UTC] PHP Warning:  Undefined property: stdClass::$last_submissions_is_enabled in /home/u607641063/domains/antenorefilhos.com.br/public_html/links/themes/altum/views/tools/tool_widget_frankfurt.php on line 26
[30-Jul-2025 00:07:29 UTC] PHP Warning:  Undefined property: stdClass::$last_submissions_is_enabled in /home/u607641063/domains/antenorefilhos.com.br/public_html/links/themes/altum/views/tools/tool_widget_frankfurt.php on line 26
[30-Jul-2025 00:07:29 UTC] PHP Warning:  Undefined property: stdClass::$last_submissions_is_enabled in /home/u607641063/domains/antenorefilhos.com.br/public_html/links/themes/altum/views/tools/tool_widget_frankfurt.php on line 26
[30-Jul-2025 00:07:29 UTC] PHP Warning:  Undefined property: stdClass::$last_submissions_is_enabled in /home/u607641063/domains/antenorefilhos.com.br/public_html/links/themes/altum/views/tools/tool_widget_frankfurt.php on line 26
[30-Jul-2025 00:07:29 UTC] PHP Warning:  Undefined property: stdClass::$last_submissions_is_enabled in /home/u607641063/domains/antenorefilhos.com.br/public_html/links/themes/altum/views/tools/tool_widget_frankfurt.php on line 26
[30-Jul-2025 00:07:29 UTC] PHP Warning:  Undefined property: stdClass::$last_submissions_is_enabled in /home/u607641063/domains/antenorefilhos.com.br/public_html/links/themes/altum/views/tools/tool_widget_frankfurt.php on line 26
[30-Jul-2025 00:07:29 UTC] PHP Warning:  Undefined property: stdClass::$last_submissions_is_enabled in /home/u607641063/domains/antenorefilhos.com.br/public_html/links/themes/altum/views/tools/tool_widget_frankfurt.php on line 26
[30-Jul-2025 02:07:30 UTC] PHP Warning:  Undefined property: stdClass::$color in /home/u607641063/domains/antenorefilhos.com.br/public_html/links/themes/altum/views/partials/plans.php on line 71
[30-Jul-2025 02:07:30 UTC] PHP Warning:  Undefined property: stdClass::$translations in /home/u607641063/domains/antenorefilhos.com.br/public_html/links/themes/altum/views/partials/plans.php on line 73
[30-Jul-2025 02:07:30 UTC] PHP Warning:  Attempt to read property "english" on null in /home/u607641063/domains/antenorefilhos.com.br/public_html/links/themes/altum/views/partials/plans.php on line 73
[30-Jul-2025 02:07:30 UTC] PHP Warning:  Attempt to read property "name" on null in /home/u607641063/domains/antenorefilhos.com.br/public_html/links/themes/altum/views/partials/plans.php on line 73
[30-Jul-2025 02:07:30 UTC] PHP Warning:  Undefined property: stdClass::$translations in /home/u607641063/domains/antenorefilhos.com.br/public_html/links/themes/altum/views/partials/plans.php on line 76
[30-Jul-2025 02:07:30 UTC] PHP Warning:  Attempt to read property "english" on null in /home/u607641063/domains/antenorefilhos.com.br/public_html/links/themes/altum/views/partials/plans.php on line 76
[30-Jul-2025 02:07:30 UTC] PHP Warning:  Attempt to read property "price" on null in /home/u607641063/domains/antenorefilhos.com.br/public_html/links/themes/altum/views/partials/plans.php on line 76
[30-Jul-2025 02:07:30 UTC] PHP Warning:  Undefined property: stdClass::$price in /home/u607641063/domains/antenorefilhos.com.br/public_html/links/themes/altum/views/partials/plans.php on line 76
[30-Jul-2025 02:07:30 UTC] PHP Warning:  Undefined property: stdClass::$translations in /home/u607641063/domains/antenorefilhos.com.br/public_html/links/themes/altum/views/partials/plans.php on line 79
[30-Jul-2025 02:07:30 UTC] PHP Warning:  Attempt to read property "english" on null in /home/u607641063/domains/antenorefilhos.com.br/public_html/links/themes/altum/views/partials/plans.php on line 79
[30-Jul-2025 02:07:30 UTC] PHP Warning:  Attempt to read property "description" on null in /home/u607641063/domains/antenorefilhos.com.br/public_html/links/themes/altum/views/partials/plans.php on line 79
[30-Jul-2025 02:07:30 UTC] PHP Warning:  Undefined property: stdClass::$description in /home/u607641063/domains/antenorefilhos.com.br/public_html/links/themes/altum/views/partials/plans.php on line 79
[30-Jul-2025 02:07:30 UTC] PHP Warning:  Undefined property: stdClass::$biolink_blocks_limit in /home/u607641063/domains/antenorefilhos.com.br/public_html/links/themes/altum/views/partials/plans_plan_content.php on line 15
[30-Jul-2025 02:07:30 UTC] PHP Warning:  Undefined property: stdClass::$biolink_blocks_limit in /home/u607641063/domains/antenorefilhos.com.br/public_html/links/themes/altum/views/partials/plans_plan_content.php on line 15
[30-Jul-2025 02:07:30 UTC] PHP Warning:  Undefined property: stdClass::$biolink_blocks_limit in /home/u607641063/domains/antenorefilhos.com.br/public_html/links/themes/altum/views/partials/plans_plan_content.php on line 16
[30-Jul-2025 02:07:30 UTC] PHP Warning:  Undefined property: stdClass::$links_bulk_limit in /home/u607641063/domains/antenorefilhos.com.br/public_html/links/themes/altum/views/partials/plans_plan_content.php on line 47
[30-Jul-2025 02:07:30 UTC] PHP Warning:  Undefined property: stdClass::$links_bulk_limit in /home/u607641063/domains/antenorefilhos.com.br/public_html/links/themes/altum/views/partials/plans_plan_content.php on line 47
[30-Jul-2025 02:07:30 UTC] PHP Warning:  Undefined property: stdClass::$links_bulk_limit in /home/u607641063/domains/antenorefilhos.com.br/public_html/links/themes/altum/views/partials/plans_plan_content.php on line 48
[30-Jul-2025 02:07:30 UTC] PHP Warning:  Undefined property: stdClass::$files_limit in /home/u607641063/domains/antenorefilhos.com.br/public_html/links/themes/altum/views/partials/plans_plan_content.php on line 54
[30-Jul-2025 02:07:30 UTC] PHP Warning:  Undefined property: stdClass::$files_limit in /home/u607641063/domains/antenorefilhos.com.br/public_html/links/themes/altum/views/partials/plans_plan_content.php on line 54
[30-Jul-2025 02:07:30 UTC] PHP Warning:  Undefined property: stdClass::$files_limit in /home/u607641063/domains/antenorefilhos.com.br/public_html/links/themes/altum/views/partials/plans_plan_content.php on line 55
[30-Jul-2025 02:07:30 UTC] PHP Warning:  Undefined property: stdClass::$vcards_limit in /home/u607641063/domains/antenorefilhos.com.br/public_html/links/themes/altum/views/partials/plans_plan_content.php on line 61
[30-Jul-2025 02:07:30 UTC] PHP Warning:  Undefined property: stdClass::$vcards_limit in /home/u607641063/domains/antenorefilhos.com.br/public_html/links/themes/altum/views/partials/plans_plan_content.php on line 61
[30-Jul-2025 02:07:30 UTC] PHP Warning:  Undefined property: stdClass::$vcards_limit in /home/u607641063/domains/antenorefilhos.com.br/public_html/links/themes/altum/views/partials/plans_plan_content.php on line 62
[30-Jul-2025 02:07:30 UTC] PHP Warning:  Undefined property: stdClass::$events_limit in /home/u607641063/domains/antenorefilhos.com.br/public_html/links/themes/altum/views/partials/plans_plan_content.php on line 68
[30-Jul-2025 02:07:30 UTC] PHP Warning:  Undefined property: stdClass::$events_limit in /home/u607641063/domains/antenorefilhos.com.br/public_html/links/themes/altum/views/partials/plans_plan_content.php on line 68
[30-Jul-2025 02:07:30 UTC] PHP Warning:  Undefined property: stdClass::$events_limit in /home/u607641063/domains/antenorefilhos.com.br/public_html/links/themes/altum/views/partials/plans_plan_content.php on line 69
[30-Jul-2025 02:07:30 UTC] PHP Warning:  Undefined property: stdClass::$static_limit in /home/u607641063/domains/antenorefilhos.com.br/public_html/links/themes/altum/views/partials/plans_plan_content.php on line 75
[30-Jul-2025 02:07:30 UTC] PHP Warning:  Undefined property: stdClass::$static_limit in /home/u607641063/domains/antenorefilhos.com.br/public_html/links/themes/altum/views/partials/plans_plan_content.php on line 75
[30-Jul-2025 02:07:30 UTC] PHP Warning:  Undefined property: stdClass::$static_limit in /home/u607641063/domains/antenorefilhos.com.br/public_html/links/themes/altum/views/partials/plans_plan_content.php on line 76
[30-Jul-2025 02:07:30 UTC] PHP Warning:  Undefined property: stdClass::$qr_codes_limit in /home/u607641063/domains/antenorefilhos.com.br/public_html/links/themes/altum/views/partials/plans_plan_content.php on line 82
[30-Jul-2025 02:07:30 UTC] PHP Warning:  Undefined property: stdClass::$qr_codes_limit in /home/u607641063/domains/antenorefilhos.com.br/public_html/links/themes/altum/views/partials/plans_plan_content.php on line 82
[30-Jul-2025 02:07:30 UTC] PHP Warning:  Undefined property: stdClass::$qr_codes_limit in /home/u607641063/domains/antenorefilhos.com.br/public_html/links/themes/altum/views/partials/plans_plan_content.php on line 83
[30-Jul-2025 02:07:30 UTC] PHP Warning:  Undefined property: stdClass::$qr_codes_bulk_limit in /home/u607641063/domains/antenorefilhos.com.br/public_html/links/themes/altum/views/partials/plans_plan_content.php on line 87
[30-Jul-2025 02:07:30 UTC] PHP Warning:  Undefined property: stdClass::$qr_codes_bulk_limit in /home/u607641063/domains/antenorefilhos.com.br/public_html/links/themes/altum/views/partials/plans_plan_content.php on line 87
[30-Jul-2025 02:07:30 UTC] PHP Warning:  Undefined property: stdClass::$qr_codes_bulk_limit in /home/u607641063/domains/antenorefilhos.com.br/public_html/links/themes/altum/views/partials/plans_plan_content.php on line 88
[30-Jul-2025 02:07:30 UTC] PHP Warning:  Undefined property: stdClass::$splash_pages_limit in /home/u607641063/domains/antenorefilhos.com.br/public_html/links/themes/altum/views/partials/plans_plan_content.php on line 101
[30-Jul-2025 02:07:30 UTC] PHP Warning:  Undefined property: stdClass::$splash_pages_limit in /home/u607641063/domains/antenorefilhos.com.br/public_html/links/themes/altum/views/partials/plans_plan_content.php on line 101
[30-Jul-2025 02:07:30 UTC] PHP Warning:  Undefined property: stdClass::$splash_pages_limit in /home/u607641063/domains/antenorefilhos.com.br/public_html/links/themes/altum/views/partials/plans_plan_content.php on line 102
[30-Jul-2025 02:07:30 UTC] PHP Warning:  Undefined property: stdClass::$track_links_retention in /home/u607641063/domains/antenorefilhos.com.br/public_html/links/themes/altum/views/partials/plans_plan_content.php on line 146
[30-Jul-2025 02:07:30 UTC] PHP Warning:  Undefined property: stdClass::$track_links_retention in /home/u607641063/domains/antenorefilhos.com.br/public_html/links/themes/altum/views/partials/plans_plan_content.php on line 146
[30-Jul-2025 02:07:30 UTC] PHP Warning:  Undefined property: stdClass::$track_links_retention in /home/u607641063/domains/antenorefilhos.com.br/public_html/links/themes/altum/views/partials/plans_plan_content.php on line 146
[30-Jul-2025 02:07:30 UTC] PHP Warning:  Undefined property: stdClass::$track_links_retention in /home/u607641063/domains/antenorefilhos.com.br/public_html/links/themes/altum/views/partials/plans_plan_content.php on line 146
[30-Jul-2025 02:07:30 UTC] PHP Warning:  Undefined property: stdClass::$track_links_retention in /home/u607641063/domains/antenorefilhos.com.br/public_html/links/themes/altum/views/partials/plans_plan_content.php on line 147
[30-Jul-2025 02:07:30 UTC] PHP Warning:  Undefined property: stdClass::$force_splash_page_on_link in /home/u607641063/domains/antenorefilhos.com.br/public_html/links/themes/altum/views/partials/plans_plan_content.php on line 270
[30-Jul-2025 02:07:30 UTC] PHP Warning:  Undefined property: stdClass::$force_splash_page_on_biolink in /home/u607641063/domains/antenorefilhos.com.br/public_html/links/themes/altum/views/partials/plans_plan_content.php on line 270
[30-Jul-2025 02:07:30 UTC] PHP Warning:  Undefined property: stdClass::$force_splash_page_on_file in /home/u607641063/domains/antenorefilhos.com.br/public_html/links/themes/altum/views/partials/plans_plan_content.php on line 270
[30-Jul-2025 02:07:30 UTC] PHP Warning:  Undefined property: stdClass::$force_splash_page_on_static in /home/u607641063/domains/antenorefilhos.com.br/public_html/links/themes/altum/views/partials/plans_plan_content.php on line 270
[30-Jul-2025 02:07:30 UTC] PHP Warning:  Undefined property: stdClass::$force_splash_page_on_vcard in /home/u607641063/domains/antenorefilhos.com.br/public_html/links/themes/altum/views/partials/plans_plan_content.php on line 270
[30-Jul-2025 02:07:30 UTC] PHP Warning:  Undefined property: stdClass::$force_splash_page_on_event in /home/u607641063/domains/antenorefilhos.com.br/public_html/links/themes/altum/views/partials/plans_plan_content.php on line 270
[30-Jul-2025 02:07:30 UTC] PHP Warning:  Undefined property: stdClass::$dofollow_is_enabled in /home/u607641063/domains/antenorefilhos.com.br/public_html/links/themes/altum/views/partials/plans_plan_content.php on line 289
[30-Jul-2025 02:07:30 UTC] PHP Warning:  Undefined property: stdClass::$dofollow_is_enabled in /home/u607641063/domains/antenorefilhos.com.br/public_html/links/themes/altum/views/partials/plans_plan_content.php on line 295
[30-Jul-2025 02:07:30 UTC] PHP Warning:  Undefined property: stdClass::$custom_css_is_enabled in /home/u607641063/domains/antenorefilhos.com.br/public_html/links/themes/altum/views/partials/plans_plan_content.php on line 289
[30-Jul-2025 02:07:30 UTC] PHP Warning:  Undefined property: stdClass::$custom_css_is_enabled in /home/u607641063/domains/antenorefilhos.com.br/public_html/links/themes/altum/views/partials/plans_plan_content.php on line 295
[30-Jul-2025 02:07:30 UTC] PHP Warning:  Undefined property: stdClass::$custom_js_is_enabled in /home/u607641063/domains/antenorefilhos.com.br/public_html/links/themes/altum/views/partials/plans_plan_content.php on line 289
[30-Jul-2025 02:07:30 UTC] PHP Warning:  Undefined property: stdClass::$custom_js_is_enabled in /home/u607641063/domains/antenorefilhos.com.br/public_html/links/themes/altum/views/partials/plans_plan_content.php on line 295
[30-Jul-2025 02:07:30 UTC] PHP Warning:  Undefined property: stdClass::$cloaking_is_enabled in /home/u607641063/domains/antenorefilhos.com.br/public_html/links/themes/altum/views/partials/plans_plan_content.php on line 289
[30-Jul-2025 02:07:30 UTC] PHP Warning:  Undefined property: stdClass::$cloaking_is_enabled in /home/u607641063/domains/antenorefilhos.com.br/public_html/links/themes/altum/views/partials/plans_plan_content.php on line 295
[30-Jul-2025 02:07:30 UTC] PHP Warning:  Undefined property: stdClass::$app_linking_is_enabled in /home/u607641063/domains/antenorefilhos.com.br/public_html/links/themes/altum/views/partials/plans_plan_content.php on line 289
[30-Jul-2025 02:07:30 UTC] PHP Warning:  Undefined property: stdClass::$app_linking_is_enabled in /home/u607641063/domains/antenorefilhos.com.br/public_html/links/themes/altum/views/partials/plans_plan_content.php on line 295
[30-Jul-2025 02:07:30 UTC] PHP Warning:  Undefined property: stdClass::$targeting_is_enabled in /home/u607641063/domains/antenorefilhos.com.br/public_html/links/themes/altum/views/partials/plans_plan_content.php on line 289
[30-Jul-2025 02:07:30 UTC] PHP Warning:  Undefined property: stdClass::$targeting_is_enabled in /home/u607641063/domains/antenorefilhos.com.br/public_html/links/themes/altum/views/partials/plans_plan_content.php on line 295
[30-Jul-2025 02:07:30 UTC] PHP Warning:  Undefined property: stdClass::$translations in /home/u607641063/domains/antenorefilhos.com.br/public_html/links/themes/altum/views/partials/plans.php on line 249
[30-Jul-2025 02:07:30 UTC] PHP Warning:  Attempt to read property "english" on null in /home/u607641063/domains/antenorefilhos.com.br/public_html/links/themes/altum/views/partials/plans.php on line 249
[30-Jul-2025 02:07:30 UTC] PHP Warning:  Attempt to read property "name" on null in /home/u607641063/domains/antenorefilhos.com.br/public_html/links/themes/altum/views/partials/plans.php on line 249
[30-Jul-2025 04:58:04 UTC] PHP Warning:  Attempt to read property "plan_settings" on null in /home/u607641063/domains/antenorefilhos.com.br/public_html/links/themes/altum/views/directory/index.php on line 23
[30-Jul-2025 04:58:04 UTC] PHP Warning:  Attempt to read property "export" on null in /home/u607641063/domains/antenorefilhos.com.br/public_html/links/themes/altum/views/directory/index.php on line 23
[30-Jul-2025 04:58:04 UTC] PHP Warning:  Attempt to read property "csv" on null in /home/u607641063/domains/antenorefilhos.com.br/public_html/links/themes/altum/views/directory/index.php on line 23
[30-Jul-2025 04:58:04 UTC] PHP Warning:  Attempt to read property "plan_settings" on null in /home/u607641063/domains/antenorefilhos.com.br/public_html/links/themes/altum/views/directory/index.php on line 26
[30-Jul-2025 04:58:04 UTC] PHP Warning:  Attempt to read property "export" on null in /home/u607641063/domains/antenorefilhos.com.br/public_html/links/themes/altum/views/directory/index.php on line 26
[30-Jul-2025 04:58:04 UTC] PHP Warning:  Attempt to read property "json" on null in /home/u607641063/domains/antenorefilhos.com.br/public_html/links/themes/altum/views/directory/index.php on line 26
[30-Jul-2025 04:58:04 UTC] PHP Warning:  Attempt to read property "plan_settings" on null in /home/u607641063/domains/antenorefilhos.com.br/public_html/links/themes/altum/views/directory/index.php on line 29
[30-Jul-2025 04:58:04 UTC] PHP Warning:  Attempt to read property "export" on null in /home/u607641063/domains/antenorefilhos.com.br/public_html/links/themes/altum/views/directory/index.php on line 29
[30-Jul-2025 04:58:04 UTC] PHP Warning:  Attempt to read property "pdf" on null in /home/u607641063/domains/antenorefilhos.com.br/public_html/links/themes/altum/views/directory/index.php on line 29
[30-Jul-2025 06:58:38 UTC] PHP Warning:  Undefined property: stdClass::$last_submissions_is_enabled in /home/u607641063/domains/antenorefilhos.com.br/public_html/links/themes/altum/views/tools/tool_widget_frankfurt.php on line 26
[30-Jul-2025 06:58:38 UTC] PHP Warning:  Undefined property: stdClass::$last_submissions_is_enabled in /home/u607641063/domains/antenorefilhos.com.br/public_html/links/themes/altum/views/tools/tool_widget_frankfurt.php on line 26
[30-Jul-2025 06:58:38 UTC] PHP Warning:  Undefined property: stdClass::$last_submissions_is_enabled in /home/u607641063/domains/antenorefilhos.com.br/public_html/links/themes/altum/views/tools/tool_widget_frankfurt.php on line 26
[30-Jul-2025 06:58:38 UTC] PHP Warning:  Undefined property: stdClass::$last_submissions_is_enabled in /home/u607641063/domains/antenorefilhos.com.br/public_html/links/themes/altum/views/tools/tool_widget_frankfurt.php on line 26
[30-Jul-2025 06:58:38 UTC] PHP Warning:  Undefined property: stdClass::$last_submissions_is_enabled in /home/u607641063/domains/antenorefilhos.com.br/public_html/links/themes/altum/views/tools/tool_widget_frankfurt.php on line 26
[30-Jul-2025 06:58:38 UTC] PHP Warning:  Undefined array key "webp_to_gif" in /home/u607641063/domains/antenorefilhos.com.br/public_html/links/themes/altum/views/tools/ratings.php on line 117
[30-Jul-2025 06:58:38 UTC] PHP Warning:  Attempt to read property "total_ratings" on null in /home/u607641063/domains/antenorefilhos.com.br/public_html/links/themes/altum/views/tools/ratings.php on line 117
[30-Jul-2025 12:39:00 UTC] PHP Warning:  Undefined property: stdClass::$last_submissions_is_enabled in /home/u607641063/domains/antenorefilhos.com.br/public_html/links/themes/altum/views/tools/tool_widget_frankfurt.php on line 26
[30-Jul-2025 12:39:00 UTC] PHP Warning:  Undefined array key "bbcode_to_html" in /home/u607641063/domains/antenorefilhos.com.br/public_html/links/themes/altum/views/tools/ratings.php on line 117
[30-Jul-2025 12:39:00 UTC] PHP Warning:  Attempt to read property "total_ratings" on null in /home/u607641063/domains/antenorefilhos.com.br/public_html/links/themes/altum/views/tools/ratings.php on line 117
[30-Jul-2025 13:28:03 UTC] PHP Warning:  Undefined property: stdClass::$last_submissions_is_enabled in /home/u607641063/domains/antenorefilhos.com.br/public_html/links/themes/altum/views/tools/tool_widget_frankfurt.php on line 26
[30-Jul-2025 13:28:03 UTC] PHP Warning:  Undefined array key "http2_checker" in /home/u607641063/domains/antenorefilhos.com.br/public_html/links/themes/altum/views/tools/ratings.php on line 117
[30-Jul-2025 13:28:03 UTC] PHP Warning:  Attempt to read property "total_ratings" on null in /home/u607641063/domains/antenorefilhos.com.br/public_html/links/themes/altum/views/tools/ratings.php on line 117
[30-Jul-2025 14:09:28 UTC] PHP Warning:  Undefined property: stdClass::$last_submissions_is_enabled in /home/u607641063/domains/antenorefilhos.com.br/public_html/links/themes/altum/views/tools/tool_widget_frankfurt.php on line 26
[30-Jul-2025 14:09:28 UTC] PHP Warning:  Undefined array key "html_entity_converter" in /home/u607641063/domains/antenorefilhos.com.br/public_html/links/themes/altum/views/tools/ratings.php on line 117
[30-Jul-2025 14:09:28 UTC] PHP Warning:  Attempt to read property "total_ratings" on null in /home/u607641063/domains/antenorefilhos.com.br/public_html/links/themes/altum/views/tools/ratings.php on line 117
[30-Jul-2025 14:51:32 UTC] PHP Warning:  Undefined property: stdClass::$biolink_is_enabled in /home/u607641063/domains/antenorefilhos.com.br/public_html/links/themes/altum/views/l/biolink_blocks/phone_collector.php on line 69
[30-Jul-2025 14:51:32 UTC] PHP Warning:  Undefined property: stdClass::$biolink_is_enabled in /home/u607641063/domains/antenorefilhos.com.br/public_html/links/themes/altum/views/l/biolink_blocks/phone_collector.php on line 69
[30-Jul-2025 14:51:33 UTC] PHP Warning:  Undefined property: stdClass::$biolink_is_enabled in /home/u607641063/domains/antenorefilhos.com.br/public_html/links/themes/altum/views/l/biolink_blocks/phone_collector.php on line 69
[30-Jul-2025 14:54:44 UTC] PHP Warning:  Undefined property: stdClass::$biolink_is_enabled in /home/u607641063/domains/antenorefilhos.com.br/public_html/links/themes/altum/views/l/biolink_blocks/phone_collector.php on line 69
[30-Jul-2025 15:04:13 UTC] PHP Warning:  Undefined property: stdClass::$last_submissions_is_enabled in /home/u607641063/domains/antenorefilhos.com.br/public_html/links/themes/altum/views/tools/tool_widget_frankfurt.php on line 26
[30-Jul-2025 15:04:13 UTC] PHP Warning:  Undefined array key "bbcode_to_html" in /home/u607641063/domains/antenorefilhos.com.br/public_html/links/themes/altum/views/tools/ratings.php on line 117
[30-Jul-2025 15:04:13 UTC] PHP Warning:  Attempt to read property "total_ratings" on null in /home/u607641063/domains/antenorefilhos.com.br/public_html/links/themes/altum/views/tools/ratings.php on line 117
[30-Jul-2025 15:04:19 UTC] PHP Warning:  Undefined property: stdClass::$last_submissions_is_enabled in /home/u607641063/domains/antenorefilhos.com.br/public_html/links/themes/altum/views/tools/tool_widget_frankfurt.php on line 26
[30-Jul-2025 15:04:19 UTC] PHP Warning:  Undefined array key "list_alphabetizer" in /home/u607641063/domains/antenorefilhos.com.br/public_html/links/themes/altum/views/tools/ratings.php on line 117
[30-Jul-2025 15:04:19 UTC] PHP Warning:  Attempt to read property "total_ratings" on null in /home/u607641063/domains/antenorefilhos.com.br/public_html/links/themes/altum/views/tools/ratings.php on line 117
[30-Jul-2025 15:05:43 UTC] PHP Warning:  Undefined property: stdClass::$last_submissions_is_enabled in /home/u607641063/domains/antenorefilhos.com.br/public_html/links/themes/altum/views/tools/tool_widget_frankfurt.php on line 26
[30-Jul-2025 15:05:43 UTC] PHP Warning:  Undefined array key "palindrome_checker" in /home/u607641063/domains/antenorefilhos.com.br/public_html/links/themes/altum/views/tools/ratings.php on line 117
[30-Jul-2025 15:05:43 UTC] PHP Warning:  Attempt to read property "total_ratings" on null in /home/u607641063/domains/antenorefilhos.com.br/public_html/links/themes/altum/views/tools/ratings.php on line 117
[30-Jul-2025 15:29:12 UTC] PHP Warning:  Undefined property: stdClass::$last_submissions_is_enabled in /home/u607641063/domains/antenorefilhos.com.br/public_html/links/themes/altum/views/tools/tool_widget_frankfurt.php on line 26
[30-Jul-2025 15:29:12 UTC] PHP Warning:  Undefined array key "reverse_letters" in /home/u607641063/domains/antenorefilhos.com.br/public_html/links/themes/altum/views/tools/ratings.php on line 117
[30-Jul-2025 15:29:12 UTC] PHP Warning:  Attempt to read property "total_ratings" on null in /home/u607641063/domains/antenorefilhos.com.br/public_html/links/themes/altum/views/tools/ratings.php on line 117
[30-Jul-2025 15:48:44 UTC] PHP Warning:  Undefined property: stdClass::$biolink_is_enabled in /home/u607641063/domains/antenorefilhos.com.br/public_html/links/themes/altum/views/l/biolink_blocks/phone_collector.php on line 69
[30-Jul-2025 15:48:48 UTC] PHP Warning:  Undefined property: stdClass::$splash_page_id in /home/u607641063/domains/antenorefilhos.com.br/public_html/links/app/controllers/l/Link.php on line 129
[30-Jul-2025 15:48:48 UTC] PHP Warning:  Undefined property: stdClass::$password in /home/u607641063/domains/antenorefilhos.com.br/public_html/links/app/controllers/l/Link.php on line 194
[30-Jul-2025 15:48:48 UTC] PHP Warning:  Undefined property: stdClass::$sensitive_content in /home/u607641063/domains/antenorefilhos.com.br/public_html/links/app/controllers/l/Link.php on line 223
[30-Jul-2025 15:48:52 UTC] PHP Warning:  Undefined property: stdClass::$biolink_is_enabled in /home/u607641063/domains/antenorefilhos.com.br/public_html/links/themes/altum/views/l/biolink_blocks/phone_collector.php on line 69
[30-Jul-2025 15:49:01 UTC] PHP Warning:  Undefined property: stdClass::$splash_page_id in /home/u607641063/domains/antenorefilhos.com.br/public_html/links/app/controllers/l/Link.php on line 129
[30-Jul-2025 15:49:01 UTC] PHP Warning:  Undefined property: stdClass::$password in /home/u607641063/domains/antenorefilhos.com.br/public_html/links/app/controllers/l/Link.php on line 194
[30-Jul-2025 15:49:01 UTC] PHP Warning:  Undefined property: stdClass::$sensitive_content in /home/u607641063/domains/antenorefilhos.com.br/public_html/links/app/controllers/l/Link.php on line 223
[30-Jul-2025 15:49:03 UTC] PHP Warning:  Undefined property: stdClass::$biolink_is_enabled in /home/u607641063/domains/antenorefilhos.com.br/public_html/links/themes/altum/views/l/biolink_blocks/phone_collector.php on line 69
[30-Jul-2025 15:49:05 UTC] PHP Warning:  Undefined property: stdClass::$splash_page_id in /home/u607641063/domains/antenorefilhos.com.br/public_html/links/app/controllers/l/Link.php on line 129
[30-Jul-2025 15:49:05 UTC] PHP Warning:  Undefined property: stdClass::$password in /home/u607641063/domains/antenorefilhos.com.br/public_html/links/app/controllers/l/Link.php on line 194
[30-Jul-2025 15:49:05 UTC] PHP Warning:  Undefined property: stdClass::$sensitive_content in /home/u607641063/domains/antenorefilhos.com.br/public_html/links/app/controllers/l/Link.php on line 223
[30-Jul-2025 15:49:48 UTC] PHP Warning:  Undefined property: stdClass::$biolink_is_enabled in /home/u607641063/domains/antenorefilhos.com.br/public_html/links/themes/altum/views/l/biolink_blocks/phone_collector.php on line 69
[30-Jul-2025 15:52:42 UTC] PHP Warning:  Undefined property: stdClass::$biolink_is_enabled in /home/u607641063/domains/antenorefilhos.com.br/public_html/links/themes/altum/views/l/biolink_blocks/phone_collector.php on line 69
[30-Jul-2025 15:52:47 UTC] PHP Warning:  Undefined property: stdClass::$splash_page_id in /home/u607641063/domains/antenorefilhos.com.br/public_html/links/app/controllers/l/Link.php on line 129
[30-Jul-2025 15:52:47 UTC] PHP Warning:  Undefined property: stdClass::$password in /home/u607641063/domains/antenorefilhos.com.br/public_html/links/app/controllers/l/Link.php on line 194
[30-Jul-2025 15:52:47 UTC] PHP Warning:  Undefined property: stdClass::$sensitive_content in /home/u607641063/domains/antenorefilhos.com.br/public_html/links/app/controllers/l/Link.php on line 223
[30-Jul-2025 15:52:51 UTC] PHP Warning:  Undefined property: stdClass::$biolink_is_enabled in /home/u607641063/domains/antenorefilhos.com.br/public_html/links/themes/altum/views/l/biolink_blocks/phone_collector.php on line 69
[30-Jul-2025 15:53:30 UTC] PHP Warning:  Undefined property: stdClass::$biolink_is_enabled in /home/u607641063/domains/antenorefilhos.com.br/public_html/links/themes/altum/views/l/biolink_blocks/phone_collector.php on line 69
[30-Jul-2025 15:53:33 UTC] PHP Warning:  Undefined property: stdClass::$splash_page_id in /home/u607641063/domains/antenorefilhos.com.br/public_html/links/app/controllers/l/Link.php on line 129
[30-Jul-2025 15:53:33 UTC] PHP Warning:  Undefined property: stdClass::$password in /home/u607641063/domains/antenorefilhos.com.br/public_html/links/app/controllers/l/Link.php on line 194
[30-Jul-2025 15:53:33 UTC] PHP Warning:  Undefined property: stdClass::$sensitive_content in /home/u607641063/domains/antenorefilhos.com.br/public_html/links/app/controllers/l/Link.php on line 223
[30-Jul-2025 15:53:41 UTC] PHP Warning:  Undefined property: stdClass::$biolink_is_enabled in /home/u607641063/domains/antenorefilhos.com.br/public_html/links/themes/altum/views/l/biolink_blocks/phone_collector.php on line 69
[30-Jul-2025 15:53:45 UTC] PHP Warning:  Undefined property: stdClass::$splash_page_id in /home/u607641063/domains/antenorefilhos.com.br/public_html/links/app/controllers/l/Link.php on line 129
[30-Jul-2025 15:53:45 UTC] PHP Warning:  Undefined property: stdClass::$password in /home/u607641063/domains/antenorefilhos.com.br/public_html/links/app/controllers/l/Link.php on line 194
[30-Jul-2025 15:53:45 UTC] PHP Warning:  Undefined property: stdClass::$sensitive_content in /home/u607641063/domains/antenorefilhos.com.br/public_html/links/app/controllers/l/Link.php on line 223
[30-Jul-2025 15:53:46 UTC] PHP Warning:  Undefined property: stdClass::$biolink_is_enabled in /home/u607641063/domains/antenorefilhos.com.br/public_html/links/themes/altum/views/l/biolink_blocks/phone_collector.php on line 69
[30-Jul-2025 16:05:03 UTC] PHP Warning:  Undefined property: stdClass::$last_submissions_is_enabled in /home/u607641063/domains/antenorefilhos.com.br/public_html/links/themes/altum/views/tools/tool_widget_frankfurt.php on line 26
[30-Jul-2025 16:05:03 UTC] PHP Warning:  Undefined property: stdClass::$last_submissions_is_enabled in /home/u607641063/domains/antenorefilhos.com.br/public_html/links/themes/altum/views/tools/tool_widget_frankfurt.php on line 26
[30-Jul-2025 16:05:03 UTC] PHP Warning:  Undefined property: stdClass::$last_submissions_is_enabled in /home/u607641063/domains/antenorefilhos.com.br/public_html/links/themes/altum/views/tools/tool_widget_frankfurt.php on line 26
[30-Jul-2025 16:05:03 UTC] PHP Warning:  Undefined array key "md4_generator" in /home/u607641063/domains/antenorefilhos.com.br/public_html/links/themes/altum/views/tools/ratings.php on line 117
[30-Jul-2025 16:05:03 UTC] PHP Warning:  Attempt to read property "total_ratings" on null in /home/u607641063/domains/antenorefilhos.com.br/public_html/links/themes/altum/views/tools/ratings.php on line 117
[30-Jul-2025 18:30:00 UTC] PHP Warning:  Undefined property: stdClass::$last_submissions_is_enabled in /home/u607641063/domains/antenorefilhos.com.br/public_html/links/themes/altum/views/tools/tool_widget_frankfurt.php on line 26
[30-Jul-2025 18:30:00 UTC] PHP Warning:  Undefined array key "list_alphabetizer" in /home/u607641063/domains/antenorefilhos.com.br/public_html/links/themes/altum/views/tools/ratings.php on line 117
[30-Jul-2025 18:30:00 UTC] PHP Warning:  Attempt to read property "total_ratings" on null in /home/u607641063/domains/antenorefilhos.com.br/public_html/links/themes/altum/views/tools/ratings.php on line 117
[30-Jul-2025 18:36:01 UTC] PHP Warning:  Undefined property: stdClass::$last_submissions_is_enabled in /home/u607641063/domains/antenorefilhos.com.br/public_html/links/themes/altum/views/tools/tool_widget_frankfurt.php on line 26
[30-Jul-2025 18:36:01 UTC] PHP Warning:  Undefined property: stdClass::$last_submissions_is_enabled in /home/u607641063/domains/antenorefilhos.com.br/public_html/links/themes/altum/views/tools/tool_widget_frankfurt.php on line 26
[30-Jul-2025 18:36:01 UTC] PHP Warning:  Undefined property: stdClass::$last_submissions_is_enabled in /home/u607641063/domains/antenorefilhos.com.br/public_html/links/themes/altum/views/tools/tool_widget_frankfurt.php on line 26
[30-Jul-2025 18:36:01 UTC] PHP Warning:  Undefined property: stdClass::$last_submissions_is_enabled in /home/u607641063/domains/antenorefilhos.com.br/public_html/links/themes/altum/views/tools/tool_widget_frankfurt.php on line 26
[30-Jul-2025 18:36:01 UTC] PHP Warning:  Undefined property: stdClass::$last_submissions_is_enabled in /home/u607641063/domains/antenorefilhos.com.br/public_html/links/themes/altum/views/tools/tool_widget_frankfurt.php on line 26
[30-Jul-2025 18:36:01 UTC] PHP Warning:  Undefined array key "gif_to_jpg" in /home/u607641063/domains/antenorefilhos.com.br/public_html/links/themes/altum/views/tools/ratings.php on line 117
[30-Jul-2025 18:36:01 UTC] PHP Warning:  Attempt to read property "total_ratings" on null in /home/u607641063/domains/antenorefilhos.com.br/public_html/links/themes/altum/views/tools/ratings.php on line 117
[30-Jul-2025 18:51:12 UTC] PHP Warning:  Undefined property: stdClass::$last_submissions_is_enabled in /home/u607641063/domains/antenorefilhos.com.br/public_html/links/themes/altum/views/tools/tool_widget_frankfurt.php on line 26
[30-Jul-2025 18:51:12 UTC] PHP Warning:  Undefined property: stdClass::$last_submissions_is_enabled in /home/u607641063/domains/antenorefilhos.com.br/public_html/links/themes/altum/views/tools/tool_widget_frankfurt.php on line 26
[30-Jul-2025 18:51:12 UTC] PHP Warning:  Undefined property: stdClass::$last_submissions_is_enabled in /home/u607641063/domains/antenorefilhos.com.br/public_html/links/themes/altum/views/tools/tool_widget_frankfurt.php on line 26
[30-Jul-2025 18:51:12 UTC] PHP Warning:  Undefined property: stdClass::$last_submissions_is_enabled in /home/u607641063/domains/antenorefilhos.com.br/public_html/links/themes/altum/views/tools/tool_widget_frankfurt.php on line 26
[30-Jul-2025 18:51:12 UTC] PHP Warning:  Undefined property: stdClass::$last_submissions_is_enabled in /home/u607641063/domains/antenorefilhos.com.br/public_html/links/themes/altum/views/tools/tool_widget_frankfurt.php on line 26
[30-Jul-2025 18:51:12 UTC] PHP Warning:  Undefined array key "gif_to_jpg" in /home/u607641063/domains/antenorefilhos.com.br/public_html/links/themes/altum/views/tools/ratings.php on line 117
[30-Jul-2025 18:51:12 UTC] PHP Warning:  Attempt to read property "total_ratings" on null in /home/u607641063/domains/antenorefilhos.com.br/public_html/links/themes/altum/views/tools/ratings.php on line 117
[30-Jul-2025 21:20:08 UTC] PHP Warning:  Undefined property: stdClass::$domains in /home/u607641063/domains/antenorefilhos.com.br/public_html/links/themes/altum/views/links/links_content.php on line 184
[30-Jul-2025 21:20:08 UTC] PHP Warning:  foreach() argument must be of type array|object, null given in /home/u607641063/domains/antenorefilhos.com.br/public_html/links/themes/altum/views/links/links_content.php on line 184
[30-Jul-2025 21:33:36 UTC] PHP Warning:  Undefined property: stdClass::$last_submissions_is_enabled in /home/u607641063/domains/antenorefilhos.com.br/public_html/links/themes/altum/views/tools/tool_widget_frankfurt.php on line 26
[30-Jul-2025 21:33:36 UTC] PHP Warning:  Undefined array key "list_alphabetizer" in /home/u607641063/domains/antenorefilhos.com.br/public_html/links/themes/altum/views/tools/ratings.php on line 117
[30-Jul-2025 21:33:36 UTC] PHP Warning:  Attempt to read property "total_ratings" on null in /home/u607641063/domains/antenorefilhos.com.br/public_html/links/themes/altum/views/tools/ratings.php on line 117
[30-Jul-2025 23:41:36 UTC] PHP Warning:  Undefined property: stdClass::$last_submissions_is_enabled in /home/u607641063/domains/antenorefilhos.com.br/public_html/links/themes/altum/views/tools/tool_widget_frankfurt.php on line 26
[30-Jul-2025 23:41:36 UTC] PHP Warning:  Undefined property: stdClass::$last_submissions_is_enabled in /home/u607641063/domains/antenorefilhos.com.br/public_html/links/themes/altum/views/tools/tool_widget_frankfurt.php on line 26
[30-Jul-2025 23:41:36 UTC] PHP Warning:  Undefined property: stdClass::$last_submissions_is_enabled in /home/u607641063/domains/antenorefilhos.com.br/public_html/links/themes/altum/views/tools/tool_widget_frankfurt.php on line 26
[30-Jul-2025 23:41:36 UTC] PHP Warning:  Undefined array key "js_minifier" in /home/u607641063/domains/antenorefilhos.com.br/public_html/links/themes/altum/views/tools/ratings.php on line 117
[30-Jul-2025 23:41:36 UTC] PHP Warning:  Attempt to read property "total_ratings" on null in /home/u607641063/domains/antenorefilhos.com.br/public_html/links/themes/altum/views/tools/ratings.php on line 117
