[17-Jun-2025 06:11:57 UTC] PHP Warning:  Undefined array key "sha1_generator" in /home/u607641063/domains/antenorefilhos.com.br/public_html/links/themes/altum/views/tools/ratings.php on line 117
[17-Jun-2025 06:11:57 UTC] PHP Warning:  Attempt to read property "total_ratings" on null in /home/u607641063/domains/antenorefilhos.com.br/public_html/links/themes/altum/views/tools/ratings.php on line 117
[17-Jun-2025 10:05:40 UTC] PHP Warning:  Undefined array key "bcrypt_generator" in /home/u607641063/domains/antenorefilhos.com.br/public_html/links/themes/altum/views/tools/ratings.php on line 117
[17-Jun-2025 10:05:40 UTC] PHP Warning:  Attempt to read property "total_ratings" on null in /home/u607641063/domains/antenorefilhos.com.br/public_html/links/themes/altum/views/tools/ratings.php on line 117
[17-Jun-2025 12:00:19 UTC] PHP Warning:  Undefined property: stdClass::$biolink_is_enabled in /home/u607641063/domains/antenorefilhos.com.br/public_html/links/themes/altum/views/l/biolink_blocks/phone_collector.php on line 69
[17-Jun-2025 12:01:29 UTC] PHP Warning:  Undefined property: stdClass::$splash_page_id in /home/u607641063/domains/antenorefilhos.com.br/public_html/links/app/controllers/l/Link.php on line 129
[17-Jun-2025 12:01:29 UTC] PHP Warning:  Undefined property: stdClass::$password in /home/u607641063/domains/antenorefilhos.com.br/public_html/links/app/controllers/l/Link.php on line 194
[17-Jun-2025 12:01:29 UTC] PHP Warning:  Undefined property: stdClass::$sensitive_content in /home/u607641063/domains/antenorefilhos.com.br/public_html/links/app/controllers/l/Link.php on line 223
[17-Jun-2025 12:32:44 UTC] PHP Warning:  Undefined array key "sha512_256_generator" in /home/u607641063/domains/antenorefilhos.com.br/public_html/links/themes/altum/views/tools/ratings.php on line 117
[17-Jun-2025 12:32:44 UTC] PHP Warning:  Attempt to read property "total_ratings" on null in /home/u607641063/domains/antenorefilhos.com.br/public_html/links/themes/altum/views/tools/ratings.php on line 117
[17-Jun-2025 13:20:12 UTC] PHP Warning:  Undefined property: stdClass::$biolink_is_enabled in /home/u607641063/domains/antenorefilhos.com.br/public_html/links/themes/altum/views/l/biolink_blocks/phone_collector.php on line 69
[17-Jun-2025 13:20:16 UTC] PHP Warning:  Undefined property: stdClass::$splash_page_id in /home/u607641063/domains/antenorefilhos.com.br/public_html/links/app/controllers/l/Link.php on line 129
[17-Jun-2025 13:20:16 UTC] PHP Warning:  Undefined property: stdClass::$password in /home/u607641063/domains/antenorefilhos.com.br/public_html/links/app/controllers/l/Link.php on line 194
[17-Jun-2025 13:20:16 UTC] PHP Warning:  Undefined property: stdClass::$sensitive_content in /home/u607641063/domains/antenorefilhos.com.br/public_html/links/app/controllers/l/Link.php on line 223
[17-Jun-2025 14:35:01 UTC] PHP Warning:  Undefined property: stdClass::$biolink_is_enabled in /home/u607641063/domains/antenorefilhos.com.br/public_html/links/themes/altum/views/l/biolink_blocks/phone_collector.php on line 69
[17-Jun-2025 14:35:05 UTC] PHP Warning:  Undefined property: stdClass::$splash_page_id in /home/u607641063/domains/antenorefilhos.com.br/public_html/links/app/controllers/l/Link.php on line 129
[17-Jun-2025 14:35:05 UTC] PHP Warning:  Undefined property: stdClass::$password in /home/u607641063/domains/antenorefilhos.com.br/public_html/links/app/controllers/l/Link.php on line 194
[17-Jun-2025 14:35:05 UTC] PHP Warning:  Undefined property: stdClass::$sensitive_content in /home/u607641063/domains/antenorefilhos.com.br/public_html/links/app/controllers/l/Link.php on line 223
[17-Jun-2025 14:36:08 UTC] PHP Warning:  Undefined property: stdClass::$last_submissions_is_enabled in /home/u607641063/domains/antenorefilhos.com.br/public_html/links/themes/altum/views/tools/tool_widget_frankfurt.php on line 26
[17-Jun-2025 14:36:08 UTC] PHP Warning:  Undefined property: stdClass::$last_submissions_is_enabled in /home/u607641063/domains/antenorefilhos.com.br/public_html/links/themes/altum/views/tools/tool_widget_frankfurt.php on line 26
[17-Jun-2025 14:36:08 UTC] PHP Warning:  Undefined property: stdClass::$last_submissions_is_enabled in /home/u607641063/domains/antenorefilhos.com.br/public_html/links/themes/altum/views/tools/tool_widget_frankfurt.php on line 26
[17-Jun-2025 14:36:08 UTC] PHP Warning:  Undefined property: stdClass::$last_submissions_is_enabled in /home/u607641063/domains/antenorefilhos.com.br/public_html/links/themes/altum/views/tools/tool_widget_frankfurt.php on line 26
[17-Jun-2025 14:36:08 UTC] PHP Warning:  Undefined property: stdClass::$last_submissions_is_enabled in /home/u607641063/domains/antenorefilhos.com.br/public_html/links/themes/altum/views/tools/tool_widget_frankfurt.php on line 26
[17-Jun-2025 14:36:08 UTC] PHP Warning:  Undefined property: stdClass::$last_submissions_is_enabled in /home/u607641063/domains/antenorefilhos.com.br/public_html/links/themes/altum/views/tools/tool_widget_frankfurt.php on line 26
[17-Jun-2025 14:36:08 UTC] PHP Warning:  Undefined property: stdClass::$last_submissions_is_enabled in /home/u607641063/domains/antenorefilhos.com.br/public_html/links/themes/altum/views/tools/tool_widget_frankfurt.php on line 26
[17-Jun-2025 14:36:08 UTC] PHP Warning:  Undefined property: stdClass::$last_submissions_is_enabled in /home/u607641063/domains/antenorefilhos.com.br/public_html/links/themes/altum/views/tools/tool_widget_frankfurt.php on line 26
[17-Jun-2025 14:36:08 UTC] PHP Warning:  Undefined property: stdClass::$last_submissions_is_enabled in /home/u607641063/domains/antenorefilhos.com.br/public_html/links/themes/altum/views/tools/tool_widget_frankfurt.php on line 26
[17-Jun-2025 14:36:08 UTC] PHP Warning:  Undefined property: stdClass::$last_submissions_is_enabled in /home/u607641063/domains/antenorefilhos.com.br/public_html/links/themes/altum/views/tools/tool_widget_frankfurt.php on line 26
[17-Jun-2025 14:36:08 UTC] PHP Warning:  Undefined property: stdClass::$last_submissions_is_enabled in /home/u607641063/domains/antenorefilhos.com.br/public_html/links/themes/altum/views/tools/tool_widget_frankfurt.php on line 26
[17-Jun-2025 14:36:08 UTC] PHP Warning:  Undefined property: stdClass::$last_submissions_is_enabled in /home/u607641063/domains/antenorefilhos.com.br/public_html/links/themes/altum/views/tools/tool_widget_frankfurt.php on line 26
[17-Jun-2025 14:36:08 UTC] PHP Warning:  Undefined property: stdClass::$last_submissions_is_enabled in /home/u607641063/domains/antenorefilhos.com.br/public_html/links/themes/altum/views/tools/tool_widget_frankfurt.php on line 26
[17-Jun-2025 14:36:08 UTC] PHP Warning:  Undefined property: stdClass::$last_submissions_is_enabled in /home/u607641063/domains/antenorefilhos.com.br/public_html/links/themes/altum/views/tools/tool_widget_frankfurt.php on line 26
[17-Jun-2025 14:36:08 UTC] PHP Warning:  Undefined property: stdClass::$last_submissions_is_enabled in /home/u607641063/domains/antenorefilhos.com.br/public_html/links/themes/altum/views/tools/tool_widget_frankfurt.php on line 26
[17-Jun-2025 14:36:08 UTC] PHP Warning:  Undefined property: stdClass::$last_submissions_is_enabled in /home/u607641063/domains/antenorefilhos.com.br/public_html/links/themes/altum/views/tools/tool_widget_frankfurt.php on line 26
[17-Jun-2025 14:36:08 UTC] PHP Warning:  Undefined property: stdClass::$last_submissions_is_enabled in /home/u607641063/domains/antenorefilhos.com.br/public_html/links/themes/altum/views/tools/tool_widget_frankfurt.php on line 26
[17-Jun-2025 14:36:08 UTC] PHP Warning:  Undefined property: stdClass::$last_submissions_is_enabled in /home/u607641063/domains/antenorefilhos.com.br/public_html/links/themes/altum/views/tools/tool_widget_frankfurt.php on line 26
[17-Jun-2025 14:36:08 UTC] PHP Warning:  Undefined property: stdClass::$last_submissions_is_enabled in /home/u607641063/domains/antenorefilhos.com.br/public_html/links/themes/altum/views/tools/tool_widget_frankfurt.php on line 26
[17-Jun-2025 14:36:08 UTC] PHP Warning:  Undefined property: stdClass::$last_submissions_is_enabled in /home/u607641063/domains/antenorefilhos.com.br/public_html/links/themes/altum/views/tools/tool_widget_frankfurt.php on line 26
[17-Jun-2025 14:36:08 UTC] PHP Warning:  Undefined property: stdClass::$last_submissions_is_enabled in /home/u607641063/domains/antenorefilhos.com.br/public_html/links/themes/altum/views/tools/tool_widget_frankfurt.php on line 26
[17-Jun-2025 14:36:08 UTC] PHP Warning:  Undefined property: stdClass::$last_submissions_is_enabled in /home/u607641063/domains/antenorefilhos.com.br/public_html/links/themes/altum/views/tools/tool_widget_frankfurt.php on line 26
[17-Jun-2025 14:36:08 UTC] PHP Warning:  Undefined property: stdClass::$last_submissions_is_enabled in /home/u607641063/domains/antenorefilhos.com.br/public_html/links/themes/altum/views/tools/tool_widget_frankfurt.php on line 26
[17-Jun-2025 14:36:08 UTC] PHP Warning:  Undefined property: stdClass::$last_submissions_is_enabled in /home/u607641063/domains/antenorefilhos.com.br/public_html/links/themes/altum/views/tools/tool_widget_frankfurt.php on line 26
[17-Jun-2025 14:36:08 UTC] PHP Warning:  Undefined property: stdClass::$last_submissions_is_enabled in /home/u607641063/domains/antenorefilhos.com.br/public_html/links/themes/altum/views/tools/tool_widget_frankfurt.php on line 26
[17-Jun-2025 14:36:08 UTC] PHP Warning:  Undefined property: stdClass::$last_submissions_is_enabled in /home/u607641063/domains/antenorefilhos.com.br/public_html/links/themes/altum/views/tools/tool_widget_frankfurt.php on line 26
[17-Jun-2025 14:36:08 UTC] PHP Warning:  Undefined property: stdClass::$last_submissions_is_enabled in /home/u607641063/domains/antenorefilhos.com.br/public_html/links/themes/altum/views/tools/tool_widget_frankfurt.php on line 26
[17-Jun-2025 14:36:08 UTC] PHP Warning:  Undefined property: stdClass::$last_submissions_is_enabled in /home/u607641063/domains/antenorefilhos.com.br/public_html/links/themes/altum/views/tools/tool_widget_frankfurt.php on line 26
[17-Jun-2025 14:36:08 UTC] PHP Warning:  Undefined property: stdClass::$last_submissions_is_enabled in /home/u607641063/domains/antenorefilhos.com.br/public_html/links/themes/altum/views/tools/tool_widget_frankfurt.php on line 26
[17-Jun-2025 14:36:08 UTC] PHP Warning:  Undefined property: stdClass::$last_submissions_is_enabled in /home/u607641063/domains/antenorefilhos.com.br/public_html/links/themes/altum/views/tools/tool_widget_frankfurt.php on line 26
[17-Jun-2025 14:36:08 UTC] PHP Warning:  Undefined property: stdClass::$last_submissions_is_enabled in /home/u607641063/domains/antenorefilhos.com.br/public_html/links/themes/altum/views/tools/tool_widget_frankfurt.php on line 26
[17-Jun-2025 14:36:08 UTC] PHP Warning:  Undefined property: stdClass::$last_submissions_is_enabled in /home/u607641063/domains/antenorefilhos.com.br/public_html/links/themes/altum/views/tools/tool_widget_frankfurt.php on line 26
[17-Jun-2025 14:36:08 UTC] PHP Warning:  Undefined property: stdClass::$last_submissions_is_enabled in /home/u607641063/domains/antenorefilhos.com.br/public_html/links/themes/altum/views/tools/tool_widget_frankfurt.php on line 26
[17-Jun-2025 14:36:08 UTC] PHP Warning:  Undefined property: stdClass::$last_submissions_is_enabled in /home/u607641063/domains/antenorefilhos.com.br/public_html/links/themes/altum/views/tools/tool_widget_frankfurt.php on line 26
[17-Jun-2025 14:36:08 UTC] PHP Warning:  Undefined property: stdClass::$last_submissions_is_enabled in /home/u607641063/domains/antenorefilhos.com.br/public_html/links/themes/altum/views/tools/tool_widget_frankfurt.php on line 26
[17-Jun-2025 14:36:08 UTC] PHP Warning:  Undefined property: stdClass::$last_submissions_is_enabled in /home/u607641063/domains/antenorefilhos.com.br/public_html/links/themes/altum/views/tools/tool_widget_frankfurt.php on line 26
[17-Jun-2025 14:36:08 UTC] PHP Warning:  Undefined property: stdClass::$last_submissions_is_enabled in /home/u607641063/domains/antenorefilhos.com.br/public_html/links/themes/altum/views/tools/tool_widget_frankfurt.php on line 26
[17-Jun-2025 14:36:08 UTC] PHP Warning:  Undefined property: stdClass::$last_submissions_is_enabled in /home/u607641063/domains/antenorefilhos.com.br/public_html/links/themes/altum/views/tools/tool_widget_frankfurt.php on line 26
[17-Jun-2025 14:36:08 UTC] PHP Warning:  Undefined property: stdClass::$last_submissions_is_enabled in /home/u607641063/domains/antenorefilhos.com.br/public_html/links/themes/altum/views/tools/tool_widget_frankfurt.php on line 26
[17-Jun-2025 14:36:08 UTC] PHP Warning:  Undefined property: stdClass::$last_submissions_is_enabled in /home/u607641063/domains/antenorefilhos.com.br/public_html/links/themes/altum/views/tools/tool_widget_frankfurt.php on line 26
[17-Jun-2025 14:36:08 UTC] PHP Warning:  Undefined property: stdClass::$last_submissions_is_enabled in /home/u607641063/domains/antenorefilhos.com.br/public_html/links/themes/altum/views/tools/tool_widget_frankfurt.php on line 26
[17-Jun-2025 14:36:08 UTC] PHP Warning:  Undefined property: stdClass::$last_submissions_is_enabled in /home/u607641063/domains/antenorefilhos.com.br/public_html/links/themes/altum/views/tools/tool_widget_frankfurt.php on line 26
[17-Jun-2025 14:36:08 UTC] PHP Warning:  Undefined property: stdClass::$last_submissions_is_enabled in /home/u607641063/domains/antenorefilhos.com.br/public_html/links/themes/altum/views/tools/tool_widget_frankfurt.php on line 26
[17-Jun-2025 14:36:08 UTC] PHP Warning:  Undefined property: stdClass::$last_submissions_is_enabled in /home/u607641063/domains/antenorefilhos.com.br/public_html/links/themes/altum/views/tools/tool_widget_frankfurt.php on line 26
[17-Jun-2025 14:36:08 UTC] PHP Warning:  Undefined property: stdClass::$last_submissions_is_enabled in /home/u607641063/domains/antenorefilhos.com.br/public_html/links/themes/altum/views/tools/tool_widget_frankfurt.php on line 26
[17-Jun-2025 14:36:08 UTC] PHP Warning:  Undefined property: stdClass::$last_submissions_is_enabled in /home/u607641063/domains/antenorefilhos.com.br/public_html/links/themes/altum/views/tools/tool_widget_frankfurt.php on line 26
[17-Jun-2025 14:36:08 UTC] PHP Warning:  Undefined property: stdClass::$last_submissions_is_enabled in /home/u607641063/domains/antenorefilhos.com.br/public_html/links/themes/altum/views/tools/tool_widget_frankfurt.php on line 26
[17-Jun-2025 14:36:08 UTC] PHP Warning:  Undefined property: stdClass::$last_submissions_is_enabled in /home/u607641063/domains/antenorefilhos.com.br/public_html/links/themes/altum/views/tools/tool_widget_frankfurt.php on line 26
[17-Jun-2025 14:36:08 UTC] PHP Warning:  Undefined property: stdClass::$last_submissions_is_enabled in /home/u607641063/domains/antenorefilhos.com.br/public_html/links/themes/altum/views/tools/tool_widget_frankfurt.php on line 26
[17-Jun-2025 14:36:08 UTC] PHP Warning:  Undefined property: stdClass::$last_submissions_is_enabled in /home/u607641063/domains/antenorefilhos.com.br/public_html/links/themes/altum/views/tools/tool_widget_frankfurt.php on line 26
[17-Jun-2025 14:36:08 UTC] PHP Warning:  Undefined property: stdClass::$last_submissions_is_enabled in /home/u607641063/domains/antenorefilhos.com.br/public_html/links/themes/altum/views/tools/tool_widget_frankfurt.php on line 26
[17-Jun-2025 14:36:08 UTC] PHP Warning:  Undefined property: stdClass::$last_submissions_is_enabled in /home/u607641063/domains/antenorefilhos.com.br/public_html/links/themes/altum/views/tools/tool_widget_frankfurt.php on line 26
[17-Jun-2025 14:36:08 UTC] PHP Warning:  Undefined property: stdClass::$last_submissions_is_enabled in /home/u607641063/domains/antenorefilhos.com.br/public_html/links/themes/altum/views/tools/tool_widget_frankfurt.php on line 26
[17-Jun-2025 14:36:08 UTC] PHP Warning:  Undefined property: stdClass::$last_submissions_is_enabled in /home/u607641063/domains/antenorefilhos.com.br/public_html/links/themes/altum/views/tools/tool_widget_frankfurt.php on line 26
[17-Jun-2025 14:36:08 UTC] PHP Warning:  Undefined property: stdClass::$last_submissions_is_enabled in /home/u607641063/domains/antenorefilhos.com.br/public_html/links/themes/altum/views/tools/tool_widget_frankfurt.php on line 26
[17-Jun-2025 14:36:08 UTC] PHP Warning:  Undefined property: stdClass::$last_submissions_is_enabled in /home/u607641063/domains/antenorefilhos.com.br/public_html/links/themes/altum/views/tools/tool_widget_frankfurt.php on line 26
[17-Jun-2025 14:36:08 UTC] PHP Warning:  Undefined property: stdClass::$last_submissions_is_enabled in /home/u607641063/domains/antenorefilhos.com.br/public_html/links/themes/altum/views/tools/tool_widget_frankfurt.php on line 26
[17-Jun-2025 14:36:08 UTC] PHP Warning:  Undefined property: stdClass::$last_submissions_is_enabled in /home/u607641063/domains/antenorefilhos.com.br/public_html/links/themes/altum/views/tools/tool_widget_frankfurt.php on line 26
[17-Jun-2025 14:36:08 UTC] PHP Warning:  Undefined property: stdClass::$last_submissions_is_enabled in /home/u607641063/domains/antenorefilhos.com.br/public_html/links/themes/altum/views/tools/tool_widget_frankfurt.php on line 26
[17-Jun-2025 14:36:08 UTC] PHP Warning:  Undefined property: stdClass::$last_submissions_is_enabled in /home/u607641063/domains/antenorefilhos.com.br/public_html/links/themes/altum/views/tools/tool_widget_frankfurt.php on line 26
[17-Jun-2025 14:36:08 UTC] PHP Warning:  Undefined property: stdClass::$last_submissions_is_enabled in /home/u607641063/domains/antenorefilhos.com.br/public_html/links/themes/altum/views/tools/tool_widget_frankfurt.php on line 26
[17-Jun-2025 14:36:08 UTC] PHP Warning:  Undefined property: stdClass::$last_submissions_is_enabled in /home/u607641063/domains/antenorefilhos.com.br/public_html/links/themes/altum/views/tools/tool_widget_frankfurt.php on line 26
[17-Jun-2025 14:36:08 UTC] PHP Warning:  Undefined property: stdClass::$last_submissions_is_enabled in /home/u607641063/domains/antenorefilhos.com.br/public_html/links/themes/altum/views/tools/tool_widget_frankfurt.php on line 26
[17-Jun-2025 14:36:08 UTC] PHP Warning:  Undefined property: stdClass::$last_submissions_is_enabled in /home/u607641063/domains/antenorefilhos.com.br/public_html/links/themes/altum/views/tools/tool_widget_frankfurt.php on line 26
[17-Jun-2025 14:36:08 UTC] PHP Warning:  Undefined property: stdClass::$last_submissions_is_enabled in /home/u607641063/domains/antenorefilhos.com.br/public_html/links/themes/altum/views/tools/tool_widget_frankfurt.php on line 26
[17-Jun-2025 14:36:08 UTC] PHP Warning:  Undefined property: stdClass::$last_submissions_is_enabled in /home/u607641063/domains/antenorefilhos.com.br/public_html/links/themes/altum/views/tools/tool_widget_frankfurt.php on line 26
[17-Jun-2025 14:36:08 UTC] PHP Warning:  Undefined property: stdClass::$last_submissions_is_enabled in /home/u607641063/domains/antenorefilhos.com.br/public_html/links/themes/altum/views/tools/tool_widget_frankfurt.php on line 26
[17-Jun-2025 14:36:08 UTC] PHP Warning:  Undefined property: stdClass::$last_submissions_is_enabled in /home/u607641063/domains/antenorefilhos.com.br/public_html/links/themes/altum/views/tools/tool_widget_frankfurt.php on line 26
[17-Jun-2025 14:36:08 UTC] PHP Warning:  Undefined property: stdClass::$last_submissions_is_enabled in /home/u607641063/domains/antenorefilhos.com.br/public_html/links/themes/altum/views/tools/tool_widget_frankfurt.php on line 26
[17-Jun-2025 14:36:08 UTC] PHP Warning:  Undefined property: stdClass::$last_submissions_is_enabled in /home/u607641063/domains/antenorefilhos.com.br/public_html/links/themes/altum/views/tools/tool_widget_frankfurt.php on line 26
[17-Jun-2025 14:36:08 UTC] PHP Warning:  Undefined property: stdClass::$last_submissions_is_enabled in /home/u607641063/domains/antenorefilhos.com.br/public_html/links/themes/altum/views/tools/tool_widget_frankfurt.php on line 26
[17-Jun-2025 14:36:08 UTC] PHP Warning:  Undefined property: stdClass::$last_submissions_is_enabled in /home/u607641063/domains/antenorefilhos.com.br/public_html/links/themes/altum/views/tools/tool_widget_frankfurt.php on line 26
[17-Jun-2025 14:36:08 UTC] PHP Warning:  Undefined property: stdClass::$last_submissions_is_enabled in /home/u607641063/domains/antenorefilhos.com.br/public_html/links/themes/altum/views/tools/tool_widget_frankfurt.php on line 26
[17-Jun-2025 14:36:08 UTC] PHP Warning:  Undefined property: stdClass::$last_submissions_is_enabled in /home/u607641063/domains/antenorefilhos.com.br/public_html/links/themes/altum/views/tools/tool_widget_frankfurt.php on line 26
[17-Jun-2025 14:36:08 UTC] PHP Warning:  Undefined property: stdClass::$last_submissions_is_enabled in /home/u607641063/domains/antenorefilhos.com.br/public_html/links/themes/altum/views/tools/tool_widget_frankfurt.php on line 26
[17-Jun-2025 14:36:08 UTC] PHP Warning:  Undefined property: stdClass::$last_submissions_is_enabled in /home/u607641063/domains/antenorefilhos.com.br/public_html/links/themes/altum/views/tools/tool_widget_frankfurt.php on line 26
[17-Jun-2025 14:36:08 UTC] PHP Warning:  Undefined property: stdClass::$last_submissions_is_enabled in /home/u607641063/domains/antenorefilhos.com.br/public_html/links/themes/altum/views/tools/tool_widget_frankfurt.php on line 26
[17-Jun-2025 14:36:08 UTC] PHP Warning:  Undefined property: stdClass::$last_submissions_is_enabled in /home/u607641063/domains/antenorefilhos.com.br/public_html/links/themes/altum/views/tools/tool_widget_frankfurt.php on line 26
[17-Jun-2025 14:36:08 UTC] PHP Warning:  Undefined property: stdClass::$last_submissions_is_enabled in /home/u607641063/domains/antenorefilhos.com.br/public_html/links/themes/altum/views/tools/tool_widget_frankfurt.php on line 26
[17-Jun-2025 14:36:08 UTC] PHP Warning:  Undefined property: stdClass::$last_submissions_is_enabled in /home/u607641063/domains/antenorefilhos.com.br/public_html/links/themes/altum/views/tools/tool_widget_frankfurt.php on line 26
[17-Jun-2025 14:36:08 UTC] PHP Warning:  Undefined property: stdClass::$last_submissions_is_enabled in /home/u607641063/domains/antenorefilhos.com.br/public_html/links/themes/altum/views/tools/tool_widget_frankfurt.php on line 26
[17-Jun-2025 14:36:08 UTC] PHP Warning:  Undefined property: stdClass::$last_submissions_is_enabled in /home/u607641063/domains/antenorefilhos.com.br/public_html/links/themes/altum/views/tools/tool_widget_frankfurt.php on line 26
[17-Jun-2025 14:36:08 UTC] PHP Warning:  Undefined property: stdClass::$last_submissions_is_enabled in /home/u607641063/domains/antenorefilhos.com.br/public_html/links/themes/altum/views/tools/tool_widget_frankfurt.php on line 26
[17-Jun-2025 14:36:08 UTC] PHP Warning:  Undefined property: stdClass::$last_submissions_is_enabled in /home/u607641063/domains/antenorefilhos.com.br/public_html/links/themes/altum/views/tools/tool_widget_frankfurt.php on line 26
[17-Jun-2025 14:36:08 UTC] PHP Warning:  Undefined property: stdClass::$last_submissions_is_enabled in /home/u607641063/domains/antenorefilhos.com.br/public_html/links/themes/altum/views/tools/tool_widget_frankfurt.php on line 26
[17-Jun-2025 14:36:08 UTC] PHP Warning:  Undefined property: stdClass::$last_submissions_is_enabled in /home/u607641063/domains/antenorefilhos.com.br/public_html/links/themes/altum/views/tools/tool_widget_frankfurt.php on line 26
[17-Jun-2025 14:36:08 UTC] PHP Warning:  Undefined property: stdClass::$last_submissions_is_enabled in /home/u607641063/domains/antenorefilhos.com.br/public_html/links/themes/altum/views/tools/tool_widget_frankfurt.php on line 26
[17-Jun-2025 14:36:08 UTC] PHP Warning:  Undefined property: stdClass::$last_submissions_is_enabled in /home/u607641063/domains/antenorefilhos.com.br/public_html/links/themes/altum/views/tools/tool_widget_frankfurt.php on line 26
[17-Jun-2025 14:36:08 UTC] PHP Warning:  Undefined property: stdClass::$last_submissions_is_enabled in /home/u607641063/domains/antenorefilhos.com.br/public_html/links/themes/altum/views/tools/tool_widget_frankfurt.php on line 26
[17-Jun-2025 14:36:08 UTC] PHP Warning:  Undefined property: stdClass::$last_submissions_is_enabled in /home/u607641063/domains/antenorefilhos.com.br/public_html/links/themes/altum/views/tools/tool_widget_frankfurt.php on line 26
[17-Jun-2025 14:36:08 UTC] PHP Warning:  Undefined property: stdClass::$last_submissions_is_enabled in /home/u607641063/domains/antenorefilhos.com.br/public_html/links/themes/altum/views/tools/tool_widget_frankfurt.php on line 26
[17-Jun-2025 14:36:08 UTC] PHP Warning:  Undefined property: stdClass::$last_submissions_is_enabled in /home/u607641063/domains/antenorefilhos.com.br/public_html/links/themes/altum/views/tools/tool_widget_frankfurt.php on line 26
[17-Jun-2025 14:36:08 UTC] PHP Warning:  Undefined property: stdClass::$last_submissions_is_enabled in /home/u607641063/domains/antenorefilhos.com.br/public_html/links/themes/altum/views/tools/tool_widget_frankfurt.php on line 26
[17-Jun-2025 14:36:08 UTC] PHP Warning:  Undefined property: stdClass::$last_submissions_is_enabled in /home/u607641063/domains/antenorefilhos.com.br/public_html/links/themes/altum/views/tools/tool_widget_frankfurt.php on line 26
[17-Jun-2025 14:36:08 UTC] PHP Warning:  Undefined property: stdClass::$last_submissions_is_enabled in /home/u607641063/domains/antenorefilhos.com.br/public_html/links/themes/altum/views/tools/tool_widget_frankfurt.php on line 26
[17-Jun-2025 14:36:08 UTC] PHP Warning:  Undefined property: stdClass::$last_submissions_is_enabled in /home/u607641063/domains/antenorefilhos.com.br/public_html/links/themes/altum/views/tools/tool_widget_frankfurt.php on line 26
[17-Jun-2025 14:36:08 UTC] PHP Warning:  Undefined property: stdClass::$last_submissions_is_enabled in /home/u607641063/domains/antenorefilhos.com.br/public_html/links/themes/altum/views/tools/tool_widget_frankfurt.php on line 26
[17-Jun-2025 14:36:08 UTC] PHP Warning:  Undefined property: stdClass::$last_submissions_is_enabled in /home/u607641063/domains/antenorefilhos.com.br/public_html/links/themes/altum/views/tools/tool_widget_frankfurt.php on line 26
[17-Jun-2025 14:36:08 UTC] PHP Warning:  Undefined property: stdClass::$last_submissions_is_enabled in /home/u607641063/domains/antenorefilhos.com.br/public_html/links/themes/altum/views/tools/tool_widget_frankfurt.php on line 26
[17-Jun-2025 14:36:08 UTC] PHP Warning:  Undefined property: stdClass::$last_submissions_is_enabled in /home/u607641063/domains/antenorefilhos.com.br/public_html/links/themes/altum/views/tools/tool_widget_frankfurt.php on line 26
[17-Jun-2025 14:36:08 UTC] PHP Warning:  Undefined property: stdClass::$last_submissions_is_enabled in /home/u607641063/domains/antenorefilhos.com.br/public_html/links/themes/altum/views/tools/tool_widget_frankfurt.php on line 26
[17-Jun-2025 14:36:08 UTC] PHP Warning:  Undefined property: stdClass::$last_submissions_is_enabled in /home/u607641063/domains/antenorefilhos.com.br/public_html/links/themes/altum/views/tools/tool_widget_frankfurt.php on line 26
[17-Jun-2025 14:36:08 UTC] PHP Warning:  Undefined property: stdClass::$last_submissions_is_enabled in /home/u607641063/domains/antenorefilhos.com.br/public_html/links/themes/altum/views/tools/tool_widget_frankfurt.php on line 26
[17-Jun-2025 14:36:08 UTC] PHP Warning:  Undefined property: stdClass::$last_submissions_is_enabled in /home/u607641063/domains/antenorefilhos.com.br/public_html/links/themes/altum/views/tools/tool_widget_frankfurt.php on line 26
[17-Jun-2025 14:36:08 UTC] PHP Warning:  Undefined property: stdClass::$last_submissions_is_enabled in /home/u607641063/domains/antenorefilhos.com.br/public_html/links/themes/altum/views/tools/tool_widget_frankfurt.php on line 26
[17-Jun-2025 14:36:08 UTC] PHP Warning:  Undefined property: stdClass::$last_submissions_is_enabled in /home/u607641063/domains/antenorefilhos.com.br/public_html/links/themes/altum/views/tools/tool_widget_frankfurt.php on line 26
[17-Jun-2025 14:36:08 UTC] PHP Warning:  Undefined property: stdClass::$last_submissions_is_enabled in /home/u607641063/domains/antenorefilhos.com.br/public_html/links/themes/altum/views/tools/tool_widget_frankfurt.php on line 26
[17-Jun-2025 14:36:08 UTC] PHP Warning:  Undefined property: stdClass::$last_submissions_is_enabled in /home/u607641063/domains/antenorefilhos.com.br/public_html/links/themes/altum/views/tools/tool_widget_frankfurt.php on line 26
[17-Jun-2025 14:36:08 UTC] PHP Warning:  Undefined property: stdClass::$last_submissions_is_enabled in /home/u607641063/domains/antenorefilhos.com.br/public_html/links/themes/altum/views/tools/tool_widget_frankfurt.php on line 26
[17-Jun-2025 14:36:08 UTC] PHP Warning:  Undefined property: stdClass::$last_submissions_is_enabled in /home/u607641063/domains/antenorefilhos.com.br/public_html/links/themes/altum/views/tools/tool_widget_frankfurt.php on line 26
[17-Jun-2025 14:36:08 UTC] PHP Warning:  Undefined property: stdClass::$last_submissions_is_enabled in /home/u607641063/domains/antenorefilhos.com.br/public_html/links/themes/altum/views/tools/tool_widget_frankfurt.php on line 26
[17-Jun-2025 14:36:08 UTC] PHP Warning:  Undefined property: stdClass::$last_submissions_is_enabled in /home/u607641063/domains/antenorefilhos.com.br/public_html/links/themes/altum/views/tools/tool_widget_frankfurt.php on line 26
[17-Jun-2025 14:36:08 UTC] PHP Warning:  Undefined property: stdClass::$last_submissions_is_enabled in /home/u607641063/domains/antenorefilhos.com.br/public_html/links/themes/altum/views/tools/tool_widget_frankfurt.php on line 26
[17-Jun-2025 14:36:08 UTC] PHP Warning:  Undefined property: stdClass::$last_submissions_is_enabled in /home/u607641063/domains/antenorefilhos.com.br/public_html/links/themes/altum/views/tools/tool_widget_frankfurt.php on line 26
[17-Jun-2025 14:36:08 UTC] PHP Warning:  Undefined property: stdClass::$last_submissions_is_enabled in /home/u607641063/domains/antenorefilhos.com.br/public_html/links/themes/altum/views/tools/tool_widget_frankfurt.php on line 26
[17-Jun-2025 14:36:08 UTC] PHP Warning:  Undefined property: stdClass::$last_submissions_is_enabled in /home/u607641063/domains/antenorefilhos.com.br/public_html/links/themes/altum/views/tools/tool_widget_frankfurt.php on line 26
[17-Jun-2025 14:36:08 UTC] PHP Warning:  Undefined property: stdClass::$last_submissions_is_enabled in /home/u607641063/domains/antenorefilhos.com.br/public_html/links/themes/altum/views/tools/tool_widget_frankfurt.php on line 26
[17-Jun-2025 14:36:08 UTC] PHP Warning:  Undefined property: stdClass::$last_submissions_is_enabled in /home/u607641063/domains/antenorefilhos.com.br/public_html/links/themes/altum/views/tools/tool_widget_frankfurt.php on line 26
[17-Jun-2025 14:36:08 UTC] PHP Warning:  Undefined property: stdClass::$last_submissions_is_enabled in /home/u607641063/domains/antenorefilhos.com.br/public_html/links/themes/altum/views/tools/tool_widget_frankfurt.php on line 26
[17-Jun-2025 14:36:08 UTC] PHP Warning:  Undefined property: stdClass::$last_submissions_is_enabled in /home/u607641063/domains/antenorefilhos.com.br/public_html/links/themes/altum/views/tools/tool_widget_frankfurt.php on line 26
[17-Jun-2025 14:36:08 UTC] PHP Warning:  Undefined property: stdClass::$last_submissions_is_enabled in /home/u607641063/domains/antenorefilhos.com.br/public_html/links/themes/altum/views/tools/tool_widget_frankfurt.php on line 26
[17-Jun-2025 14:36:08 UTC] PHP Warning:  Undefined property: stdClass::$last_submissions_is_enabled in /home/u607641063/domains/antenorefilhos.com.br/public_html/links/themes/altum/views/tools/tool_widget_frankfurt.php on line 26
[17-Jun-2025 14:36:08 UTC] PHP Warning:  Undefined property: stdClass::$last_submissions_is_enabled in /home/u607641063/domains/antenorefilhos.com.br/public_html/links/themes/altum/views/tools/tool_widget_frankfurt.php on line 26
[17-Jun-2025 14:36:08 UTC] PHP Warning:  Undefined property: stdClass::$last_submissions_is_enabled in /home/u607641063/domains/antenorefilhos.com.br/public_html/links/themes/altum/views/tools/tool_widget_frankfurt.php on line 26
[17-Jun-2025 14:36:08 UTC] PHP Warning:  Undefined property: stdClass::$last_submissions_is_enabled in /home/u607641063/domains/antenorefilhos.com.br/public_html/links/themes/altum/views/tools/tool_widget_frankfurt.php on line 26
[17-Jun-2025 14:36:08 UTC] PHP Warning:  Undefined property: stdClass::$last_submissions_is_enabled in /home/u607641063/domains/antenorefilhos.com.br/public_html/links/themes/altum/views/tools/tool_widget_frankfurt.php on line 26
[17-Jun-2025 20:04:22 UTC] PHP Warning:  Undefined property: stdClass::$biolink_is_enabled in /home/u607641063/domains/antenorefilhos.com.br/public_html/links/themes/altum/views/l/biolink_blocks/phone_collector.php on line 69
[17-Jun-2025 20:04:27 UTC] PHP Warning:  Undefined property: stdClass::$splash_page_id in /home/u607641063/domains/antenorefilhos.com.br/public_html/links/app/controllers/l/Link.php on line 129
[17-Jun-2025 20:04:27 UTC] PHP Warning:  Undefined property: stdClass::$password in /home/u607641063/domains/antenorefilhos.com.br/public_html/links/app/controllers/l/Link.php on line 194
[17-Jun-2025 20:04:27 UTC] PHP Warning:  Undefined property: stdClass::$sensitive_content in /home/u607641063/domains/antenorefilhos.com.br/public_html/links/app/controllers/l/Link.php on line 223
[17-Jun-2025 20:05:16 UTC] PHP Warning:  Undefined property: stdClass::$biolink_is_enabled in /home/u607641063/domains/antenorefilhos.com.br/public_html/links/themes/altum/views/l/biolink_blocks/phone_collector.php on line 69
[17-Jun-2025 20:05:19 UTC] PHP Warning:  Undefined property: stdClass::$splash_page_id in /home/u607641063/domains/antenorefilhos.com.br/public_html/links/app/controllers/l/Link.php on line 129
[17-Jun-2025 20:05:19 UTC] PHP Warning:  Undefined property: stdClass::$password in /home/u607641063/domains/antenorefilhos.com.br/public_html/links/app/controllers/l/Link.php on line 194
[17-Jun-2025 20:05:19 UTC] PHP Warning:  Undefined property: stdClass::$sensitive_content in /home/u607641063/domains/antenorefilhos.com.br/public_html/links/app/controllers/l/Link.php on line 223
[17-Jun-2025 20:19:07 UTC] PHP Warning:  Undefined property: stdClass::$biolink_is_enabled in /home/u607641063/domains/antenorefilhos.com.br/public_html/links/themes/altum/views/l/biolink_blocks/phone_collector.php on line 69
[17-Jun-2025 20:45:56 UTC] PHP Warning:  Undefined property: stdClass::$biolink_is_enabled in /home/u607641063/domains/antenorefilhos.com.br/public_html/links/themes/altum/views/l/biolink_blocks/phone_collector.php on line 69
[17-Jun-2025 20:46:05 UTC] PHP Warning:  Undefined property: stdClass::$biolink_is_enabled in /home/u607641063/domains/antenorefilhos.com.br/public_html/links/themes/altum/views/l/biolink_blocks/phone_collector.php on line 69
[17-Jun-2025 20:46:10 UTC] PHP Warning:  Undefined property: stdClass::$splash_page_id in /home/u607641063/domains/antenorefilhos.com.br/public_html/links/app/controllers/l/Link.php on line 129
[17-Jun-2025 20:46:10 UTC] PHP Warning:  Undefined property: stdClass::$password in /home/u607641063/domains/antenorefilhos.com.br/public_html/links/app/controllers/l/Link.php on line 194
[17-Jun-2025 20:46:10 UTC] PHP Warning:  Undefined property: stdClass::$sensitive_content in /home/u607641063/domains/antenorefilhos.com.br/public_html/links/app/controllers/l/Link.php on line 223
[17-Jun-2025 20:46:13 UTC] PHP Warning:  Undefined property: stdClass::$biolink_is_enabled in /home/u607641063/domains/antenorefilhos.com.br/public_html/links/themes/altum/views/l/biolink_blocks/phone_collector.php on line 69
[17-Jun-2025 20:46:17 UTC] PHP Warning:  Undefined property: stdClass::$splash_page_id in /home/u607641063/domains/antenorefilhos.com.br/public_html/links/app/controllers/l/Link.php on line 129
[17-Jun-2025 20:46:17 UTC] PHP Warning:  Undefined property: stdClass::$password in /home/u607641063/domains/antenorefilhos.com.br/public_html/links/app/controllers/l/Link.php on line 194
[17-Jun-2025 20:46:17 UTC] PHP Warning:  Undefined property: stdClass::$sensitive_content in /home/u607641063/domains/antenorefilhos.com.br/public_html/links/app/controllers/l/Link.php on line 223
[17-Jun-2025 20:47:26 UTC] PHP Warning:  Undefined property: stdClass::$biolink_is_enabled in /home/u607641063/domains/antenorefilhos.com.br/public_html/links/themes/altum/views/l/biolink_blocks/phone_collector.php on line 69
[17-Jun-2025 20:47:33 UTC] PHP Warning:  Undefined property: stdClass::$splash_page_id in /home/u607641063/domains/antenorefilhos.com.br/public_html/links/app/controllers/l/Link.php on line 129
[17-Jun-2025 20:47:33 UTC] PHP Warning:  Undefined property: stdClass::$password in /home/u607641063/domains/antenorefilhos.com.br/public_html/links/app/controllers/l/Link.php on line 194
[17-Jun-2025 20:47:33 UTC] PHP Warning:  Undefined property: stdClass::$sensitive_content in /home/u607641063/domains/antenorefilhos.com.br/public_html/links/app/controllers/l/Link.php on line 223
[17-Jun-2025 20:47:53 UTC] PHP Warning:  Undefined property: stdClass::$biolink_is_enabled in /home/u607641063/domains/antenorefilhos.com.br/public_html/links/themes/altum/views/l/biolink_blocks/phone_collector.php on line 69
[17-Jun-2025 20:47:58 UTC] PHP Warning:  Undefined property: stdClass::$splash_page_id in /home/u607641063/domains/antenorefilhos.com.br/public_html/links/app/controllers/l/Link.php on line 129
[17-Jun-2025 20:47:58 UTC] PHP Warning:  Undefined property: stdClass::$password in /home/u607641063/domains/antenorefilhos.com.br/public_html/links/app/controllers/l/Link.php on line 194
[17-Jun-2025 20:47:58 UTC] PHP Warning:  Undefined property: stdClass::$sensitive_content in /home/u607641063/domains/antenorefilhos.com.br/public_html/links/app/controllers/l/Link.php on line 223
[17-Jun-2025 22:20:56 UTC] PHP Warning:  Undefined array key "vcard" in /home/u607641063/domains/antenorefilhos.com.br/public_html/links/themes/altum/views/link/settings/biolink.php on line 954
[17-Jun-2025 22:20:56 UTC] PHP Warning:  Trying to access array offset on value of type null in /home/u607641063/domains/antenorefilhos.com.br/public_html/links/themes/altum/views/link/settings/biolink.php on line 954
[17-Jun-2025 22:20:56 UTC] PHP Warning:  Trying to access array offset on value of type null in /home/u607641063/domains/antenorefilhos.com.br/public_html/links/themes/altum/views/link/settings/biolink.php on line 954
[17-Jun-2025 22:20:56 UTC] PHP Warning:  Trying to access array offset on value of type null in /home/u607641063/domains/antenorefilhos.com.br/public_html/links/themes/altum/views/link/settings/biolink.php on line 954
[17-Jun-2025 22:20:56 UTC] PHP Warning:  Undefined array key "vcard" in /home/u607641063/domains/antenorefilhos.com.br/public_html/links/themes/altum/views/link/settings/biolink.php on line 959
[17-Jun-2025 22:20:56 UTC] PHP Warning:  Trying to access array offset on value of type null in /home/u607641063/domains/antenorefilhos.com.br/public_html/links/themes/altum/views/link/settings/biolink.php on line 959
[17-Jun-2025 22:20:56 UTC] PHP Warning:  Trying to access array offset on value of type null in /home/u607641063/domains/antenorefilhos.com.br/public_html/links/themes/altum/views/link/settings/biolink.php on line 959
[17-Jun-2025 22:20:56 UTC] PHP Warning:  Trying to access array offset on value of type null in /home/u607641063/domains/antenorefilhos.com.br/public_html/links/themes/altum/views/link/settings/biolink.php on line 959
[17-Jun-2025 22:20:57 UTC] PHP Warning:  Undefined property: stdClass::$biolink_is_enabled in /home/u607641063/domains/antenorefilhos.com.br/public_html/links/themes/altum/views/l/biolink_blocks/phone_collector.php on line 69
[17-Jun-2025 22:21:13 UTC] PHP Warning:  Undefined property: stdClass::$biolink_is_enabled in /home/u607641063/domains/antenorefilhos.com.br/public_html/links/themes/altum/views/l/biolink_blocks/phone_collector.php on line 69
[17-Jun-2025 22:24:56 UTC] PHP Warning:  Undefined array key "vcard" in /home/u607641063/domains/antenorefilhos.com.br/public_html/links/themes/altum/views/link/settings/biolink.php on line 954
[17-Jun-2025 22:24:56 UTC] PHP Warning:  Trying to access array offset on value of type null in /home/u607641063/domains/antenorefilhos.com.br/public_html/links/themes/altum/views/link/settings/biolink.php on line 954
[17-Jun-2025 22:24:56 UTC] PHP Warning:  Trying to access array offset on value of type null in /home/u607641063/domains/antenorefilhos.com.br/public_html/links/themes/altum/views/link/settings/biolink.php on line 954
[17-Jun-2025 22:24:56 UTC] PHP Warning:  Trying to access array offset on value of type null in /home/u607641063/domains/antenorefilhos.com.br/public_html/links/themes/altum/views/link/settings/biolink.php on line 954
[17-Jun-2025 22:24:56 UTC] PHP Warning:  Undefined array key "vcard" in /home/u607641063/domains/antenorefilhos.com.br/public_html/links/themes/altum/views/link/settings/biolink.php on line 959
[17-Jun-2025 22:24:56 UTC] PHP Warning:  Trying to access array offset on value of type null in /home/u607641063/domains/antenorefilhos.com.br/public_html/links/themes/altum/views/link/settings/biolink.php on line 959
[17-Jun-2025 22:24:56 UTC] PHP Warning:  Trying to access array offset on value of type null in /home/u607641063/domains/antenorefilhos.com.br/public_html/links/themes/altum/views/link/settings/biolink.php on line 959
[17-Jun-2025 22:24:56 UTC] PHP Warning:  Trying to access array offset on value of type null in /home/u607641063/domains/antenorefilhos.com.br/public_html/links/themes/altum/views/link/settings/biolink.php on line 959
[17-Jun-2025 22:24:57 UTC] PHP Warning:  Undefined property: stdClass::$biolink_is_enabled in /home/u607641063/domains/antenorefilhos.com.br/public_html/links/themes/altum/views/l/biolink_blocks/phone_collector.php on line 69
[17-Jun-2025 22:25:04 UTC] PHP Warning:  Undefined property: stdClass::$biolink_is_enabled in /home/u607641063/domains/antenorefilhos.com.br/public_html/links/themes/altum/views/l/biolink_blocks/phone_collector.php on line 69
[17-Jun-2025 22:25:07 UTC] PHP Warning:  Undefined property: stdClass::$biolink_is_enabled in /home/u607641063/domains/antenorefilhos.com.br/public_html/links/themes/altum/views/l/biolink_blocks/phone_collector.php on line 69
[17-Jun-2025 22:25:10 UTC] PHP Warning:  Undefined property: stdClass::$biolink_is_enabled in /home/u607641063/domains/antenorefilhos.com.br/public_html/links/themes/altum/views/l/biolink_blocks/phone_collector.php on line 69
[17-Jun-2025 22:25:13 UTC] PHP Warning:  Undefined property: stdClass::$biolink_is_enabled in /home/u607641063/domains/antenorefilhos.com.br/public_html/links/themes/altum/views/l/biolink_blocks/phone_collector.php on line 69
[17-Jun-2025 22:25:15 UTC] PHP Warning:  Undefined property: stdClass::$biolink_is_enabled in /home/u607641063/domains/antenorefilhos.com.br/public_html/links/themes/altum/views/l/biolink_blocks/phone_collector.php on line 69
[17-Jun-2025 22:25:21 UTC] PHP Warning:  Undefined property: stdClass::$biolink_is_enabled in /home/u607641063/domains/antenorefilhos.com.br/public_html/links/themes/altum/views/l/biolink_blocks/phone_collector.php on line 69
[17-Jun-2025 22:25:58 UTC] PHP Warning:  Undefined property: stdClass::$biolink_is_enabled in /home/u607641063/domains/antenorefilhos.com.br/public_html/links/themes/altum/views/l/biolink_blocks/phone_collector.php on line 69
[17-Jun-2025 22:29:18 UTC] PHP Warning:  Undefined property: stdClass::$biolink_is_enabled in /home/u607641063/domains/antenorefilhos.com.br/public_html/links/themes/altum/views/l/biolink_blocks/phone_collector.php on line 69
[17-Jun-2025 22:29:41 UTC] PHP Warning:  Undefined property: stdClass::$biolink_is_enabled in /home/u607641063/domains/antenorefilhos.com.br/public_html/links/themes/altum/views/l/biolink_blocks/phone_collector.php on line 69
[17-Jun-2025 22:29:52 UTC] PHP Warning:  Undefined property: stdClass::$biolink_is_enabled in /home/u607641063/domains/antenorefilhos.com.br/public_html/links/themes/altum/views/l/biolink_blocks/phone_collector.php on line 69
[17-Jun-2025 22:30:26 UTC] PHP Warning:  Undefined property: stdClass::$biolink_is_enabled in /home/u607641063/domains/antenorefilhos.com.br/public_html/links/themes/altum/views/l/biolink_blocks/phone_collector.php on line 69
[17-Jun-2025 22:30:42 UTC] PHP Warning:  Undefined property: stdClass::$biolink_is_enabled in /home/u607641063/domains/antenorefilhos.com.br/public_html/links/themes/altum/views/l/biolink_blocks/phone_collector.php on line 69
[17-Jun-2025 22:31:08 UTC] PHP Warning:  Undefined property: stdClass::$biolink_is_enabled in /home/u607641063/domains/antenorefilhos.com.br/public_html/links/themes/altum/views/l/biolink_blocks/phone_collector.php on line 69
[17-Jun-2025 22:31:18 UTC] PHP Warning:  Undefined property: stdClass::$biolink_is_enabled in /home/u607641063/domains/antenorefilhos.com.br/public_html/links/themes/altum/views/l/biolink_blocks/phone_collector.php on line 69
[17-Jun-2025 22:31:30 UTC] PHP Warning:  Undefined property: stdClass::$biolink_is_enabled in /home/u607641063/domains/antenorefilhos.com.br/public_html/links/themes/altum/views/l/biolink_blocks/phone_collector.php on line 69
[17-Jun-2025 22:32:23 UTC] PHP Warning:  Undefined property: stdClass::$domains in /home/u607641063/domains/antenorefilhos.com.br/public_html/links/themes/altum/views/links/links_content.php on line 184
[17-Jun-2025 22:32:23 UTC] PHP Warning:  foreach() argument must be of type array|object, null given in /home/u607641063/domains/antenorefilhos.com.br/public_html/links/themes/altum/views/links/links_content.php on line 184
[17-Jun-2025 22:32:29 UTC] PHP Warning:  Undefined property: stdClass::$domains in /home/u607641063/domains/antenorefilhos.com.br/public_html/links/themes/altum/views/links/links_content.php on line 184
[17-Jun-2025 22:32:29 UTC] PHP Warning:  foreach() argument must be of type array|object, null given in /home/u607641063/domains/antenorefilhos.com.br/public_html/links/themes/altum/views/links/links_content.php on line 184
[17-Jun-2025 22:32:32 UTC] PHP Warning:  Undefined property: stdClass::$schedule in /home/u607641063/domains/antenorefilhos.com.br/public_html/links/themes/altum/views/link/settings/link.php on line 186
[17-Jun-2025 22:32:41 UTC] PHP Warning:  Undefined property: stdClass::$domains in /home/u607641063/domains/antenorefilhos.com.br/public_html/links/themes/altum/views/links/links_content.php on line 184
[17-Jun-2025 22:32:41 UTC] PHP Warning:  foreach() argument must be of type array|object, null given in /home/u607641063/domains/antenorefilhos.com.br/public_html/links/themes/altum/views/links/links_content.php on line 184
[17-Jun-2025 22:32:54 UTC] PHP Warning:  Undefined property: stdClass::$domains in /home/u607641063/domains/antenorefilhos.com.br/public_html/links/themes/altum/views/links/links_content.php on line 184
[17-Jun-2025 22:32:54 UTC] PHP Warning:  foreach() argument must be of type array|object, null given in /home/u607641063/domains/antenorefilhos.com.br/public_html/links/themes/altum/views/links/links_content.php on line 184
[17-Jun-2025 22:33:14 UTC] PHP Warning:  Undefined array key "vcard" in /home/u607641063/domains/antenorefilhos.com.br/public_html/links/themes/altum/views/link/settings/biolink.php on line 954
[17-Jun-2025 22:33:14 UTC] PHP Warning:  Trying to access array offset on value of type null in /home/u607641063/domains/antenorefilhos.com.br/public_html/links/themes/altum/views/link/settings/biolink.php on line 954
[17-Jun-2025 22:33:14 UTC] PHP Warning:  Trying to access array offset on value of type null in /home/u607641063/domains/antenorefilhos.com.br/public_html/links/themes/altum/views/link/settings/biolink.php on line 954
[17-Jun-2025 22:33:14 UTC] PHP Warning:  Trying to access array offset on value of type null in /home/u607641063/domains/antenorefilhos.com.br/public_html/links/themes/altum/views/link/settings/biolink.php on line 954
[17-Jun-2025 22:33:14 UTC] PHP Warning:  Undefined array key "vcard" in /home/u607641063/domains/antenorefilhos.com.br/public_html/links/themes/altum/views/link/settings/biolink.php on line 959
[17-Jun-2025 22:33:14 UTC] PHP Warning:  Trying to access array offset on value of type null in /home/u607641063/domains/antenorefilhos.com.br/public_html/links/themes/altum/views/link/settings/biolink.php on line 959
[17-Jun-2025 22:33:14 UTC] PHP Warning:  Trying to access array offset on value of type null in /home/u607641063/domains/antenorefilhos.com.br/public_html/links/themes/altum/views/link/settings/biolink.php on line 959
[17-Jun-2025 22:33:14 UTC] PHP Warning:  Trying to access array offset on value of type null in /home/u607641063/domains/antenorefilhos.com.br/public_html/links/themes/altum/views/link/settings/biolink.php on line 959
[17-Jun-2025 22:33:14 UTC] PHP Warning:  Undefined property: stdClass::$biolink_is_enabled in /home/u607641063/domains/antenorefilhos.com.br/public_html/links/themes/altum/views/l/biolink_blocks/phone_collector.php on line 69
[17-Jun-2025 22:33:31 UTC] PHP Warning:  Undefined property: stdClass::$biolink_is_enabled in /home/u607641063/domains/antenorefilhos.com.br/public_html/links/themes/altum/views/l/biolink_blocks/phone_collector.php on line 69
[17-Jun-2025 22:34:01 UTC] PHP Warning:  Undefined property: stdClass::$splash_page_id in /home/u607641063/domains/antenorefilhos.com.br/public_html/links/app/controllers/l/Link.php on line 129
[17-Jun-2025 22:34:01 UTC] PHP Warning:  Undefined property: stdClass::$password in /home/u607641063/domains/antenorefilhos.com.br/public_html/links/app/controllers/l/Link.php on line 194
[17-Jun-2025 22:34:01 UTC] PHP Warning:  Undefined property: stdClass::$sensitive_content in /home/u607641063/domains/antenorefilhos.com.br/public_html/links/app/controllers/l/Link.php on line 223
[17-Jun-2025 22:34:22 UTC] PHP Warning:  Undefined property: stdClass::$biolink_is_enabled in /home/u607641063/domains/antenorefilhos.com.br/public_html/links/themes/altum/views/l/biolink_blocks/phone_collector.php on line 69
[17-Jun-2025 22:37:15 UTC] PHP Warning:  Undefined property: stdClass::$biolink_is_enabled in /home/u607641063/domains/antenorefilhos.com.br/public_html/links/themes/altum/views/l/biolink_blocks/phone_collector.php on line 69
[17-Jun-2025 22:37:56 UTC] PHP Warning:  Undefined property: stdClass::$domains in /home/u607641063/domains/antenorefilhos.com.br/public_html/links/themes/altum/views/links/links_content.php on line 184
[17-Jun-2025 22:37:56 UTC] PHP Warning:  foreach() argument must be of type array|object, null given in /home/u607641063/domains/antenorefilhos.com.br/public_html/links/themes/altum/views/links/links_content.php on line 184
[17-Jun-2025 22:38:38 UTC] PHP Warning:  Undefined property: stdClass::$domains in /home/u607641063/domains/antenorefilhos.com.br/public_html/links/themes/altum/views/links/links_content.php on line 184
[17-Jun-2025 22:38:38 UTC] PHP Warning:  foreach() argument must be of type array|object, null given in /home/u607641063/domains/antenorefilhos.com.br/public_html/links/themes/altum/views/links/links_content.php on line 184
[17-Jun-2025 22:38:46 UTC] PHP Warning:  Undefined array key "vcard" in /home/u607641063/domains/antenorefilhos.com.br/public_html/links/themes/altum/views/link/settings/biolink.php on line 954
[17-Jun-2025 22:38:46 UTC] PHP Warning:  Trying to access array offset on value of type null in /home/u607641063/domains/antenorefilhos.com.br/public_html/links/themes/altum/views/link/settings/biolink.php on line 954
[17-Jun-2025 22:38:46 UTC] PHP Warning:  Trying to access array offset on value of type null in /home/u607641063/domains/antenorefilhos.com.br/public_html/links/themes/altum/views/link/settings/biolink.php on line 954
[17-Jun-2025 22:38:46 UTC] PHP Warning:  Trying to access array offset on value of type null in /home/u607641063/domains/antenorefilhos.com.br/public_html/links/themes/altum/views/link/settings/biolink.php on line 954
[17-Jun-2025 22:38:46 UTC] PHP Warning:  Undefined array key "vcard" in /home/u607641063/domains/antenorefilhos.com.br/public_html/links/themes/altum/views/link/settings/biolink.php on line 959
[17-Jun-2025 22:38:46 UTC] PHP Warning:  Trying to access array offset on value of type null in /home/u607641063/domains/antenorefilhos.com.br/public_html/links/themes/altum/views/link/settings/biolink.php on line 959
[17-Jun-2025 22:38:46 UTC] PHP Warning:  Trying to access array offset on value of type null in /home/u607641063/domains/antenorefilhos.com.br/public_html/links/themes/altum/views/link/settings/biolink.php on line 959
[17-Jun-2025 22:38:46 UTC] PHP Warning:  Trying to access array offset on value of type null in /home/u607641063/domains/antenorefilhos.com.br/public_html/links/themes/altum/views/link/settings/biolink.php on line 959
[17-Jun-2025 22:38:46 UTC] PHP Warning:  Undefined property: stdClass::$biolink_is_enabled in /home/u607641063/domains/antenorefilhos.com.br/public_html/links/themes/altum/views/l/biolink_blocks/phone_collector.php on line 69
[17-Jun-2025 22:39:49 UTC] PHP Warning:  Undefined property: stdClass::$biolink_is_enabled in /home/u607641063/domains/antenorefilhos.com.br/public_html/links/themes/altum/views/l/biolink_blocks/phone_collector.php on line 69
[17-Jun-2025 22:39:54 UTC] PHP Warning:  Undefined array key "vcard" in /home/u607641063/domains/antenorefilhos.com.br/public_html/links/themes/altum/views/link/settings/biolink.php on line 954
[17-Jun-2025 22:39:54 UTC] PHP Warning:  Trying to access array offset on value of type null in /home/u607641063/domains/antenorefilhos.com.br/public_html/links/themes/altum/views/link/settings/biolink.php on line 954
[17-Jun-2025 22:39:54 UTC] PHP Warning:  Trying to access array offset on value of type null in /home/u607641063/domains/antenorefilhos.com.br/public_html/links/themes/altum/views/link/settings/biolink.php on line 954
[17-Jun-2025 22:39:54 UTC] PHP Warning:  Trying to access array offset on value of type null in /home/u607641063/domains/antenorefilhos.com.br/public_html/links/themes/altum/views/link/settings/biolink.php on line 954
[17-Jun-2025 22:39:54 UTC] PHP Warning:  Undefined array key "vcard" in /home/u607641063/domains/antenorefilhos.com.br/public_html/links/themes/altum/views/link/settings/biolink.php on line 959
[17-Jun-2025 22:39:54 UTC] PHP Warning:  Trying to access array offset on value of type null in /home/u607641063/domains/antenorefilhos.com.br/public_html/links/themes/altum/views/link/settings/biolink.php on line 959
[17-Jun-2025 22:39:54 UTC] PHP Warning:  Trying to access array offset on value of type null in /home/u607641063/domains/antenorefilhos.com.br/public_html/links/themes/altum/views/link/settings/biolink.php on line 959
[17-Jun-2025 22:39:54 UTC] PHP Warning:  Trying to access array offset on value of type null in /home/u607641063/domains/antenorefilhos.com.br/public_html/links/themes/altum/views/link/settings/biolink.php on line 959
[17-Jun-2025 22:39:54 UTC] PHP Warning:  Undefined property: stdClass::$biolink_is_enabled in /home/u607641063/domains/antenorefilhos.com.br/public_html/links/themes/altum/views/l/biolink_blocks/phone_collector.php on line 69
[17-Jun-2025 22:39:55 UTC] PHP Warning:  Undefined property: stdClass::$splash_page_id in /home/u607641063/domains/antenorefilhos.com.br/public_html/links/app/controllers/l/Link.php on line 129
[17-Jun-2025 22:39:55 UTC] PHP Warning:  Undefined property: stdClass::$password in /home/u607641063/domains/antenorefilhos.com.br/public_html/links/app/controllers/l/Link.php on line 194
[17-Jun-2025 22:39:55 UTC] PHP Warning:  Undefined property: stdClass::$sensitive_content in /home/u607641063/domains/antenorefilhos.com.br/public_html/links/app/controllers/l/Link.php on line 223
[17-Jun-2025 22:40:02 UTC] PHP Warning:  Undefined property: stdClass::$biolink_is_enabled in /home/u607641063/domains/antenorefilhos.com.br/public_html/links/themes/altum/views/l/biolink_blocks/phone_collector.php on line 69
[17-Jun-2025 22:40:09 UTC] PHP Warning:  Undefined property: stdClass::$biolink_is_enabled in /home/u607641063/domains/antenorefilhos.com.br/public_html/links/themes/altum/views/l/biolink_blocks/phone_collector.php on line 69
[17-Jun-2025 22:40:23 UTC] PHP Warning:  Undefined property: stdClass::$biolink_is_enabled in /home/u607641063/domains/antenorefilhos.com.br/public_html/links/themes/altum/views/l/biolink_blocks/phone_collector.php on line 69
[17-Jun-2025 22:40:40 UTC] PHP Warning:  Undefined property: stdClass::$biolink_is_enabled in /home/u607641063/domains/antenorefilhos.com.br/public_html/links/themes/altum/views/l/biolink_blocks/phone_collector.php on line 69
[17-Jun-2025 22:40:41 UTC] PHP Warning:  Undefined array key "vcard" in /home/u607641063/domains/antenorefilhos.com.br/public_html/links/themes/altum/views/link/settings/biolink.php on line 954
[17-Jun-2025 22:40:41 UTC] PHP Warning:  Trying to access array offset on value of type null in /home/u607641063/domains/antenorefilhos.com.br/public_html/links/themes/altum/views/link/settings/biolink.php on line 954
[17-Jun-2025 22:40:41 UTC] PHP Warning:  Trying to access array offset on value of type null in /home/u607641063/domains/antenorefilhos.com.br/public_html/links/themes/altum/views/link/settings/biolink.php on line 954
[17-Jun-2025 22:40:41 UTC] PHP Warning:  Trying to access array offset on value of type null in /home/u607641063/domains/antenorefilhos.com.br/public_html/links/themes/altum/views/link/settings/biolink.php on line 954
[17-Jun-2025 22:40:41 UTC] PHP Warning:  Undefined array key "vcard" in /home/u607641063/domains/antenorefilhos.com.br/public_html/links/themes/altum/views/link/settings/biolink.php on line 959
[17-Jun-2025 22:40:41 UTC] PHP Warning:  Trying to access array offset on value of type null in /home/u607641063/domains/antenorefilhos.com.br/public_html/links/themes/altum/views/link/settings/biolink.php on line 959
[17-Jun-2025 22:40:41 UTC] PHP Warning:  Trying to access array offset on value of type null in /home/u607641063/domains/antenorefilhos.com.br/public_html/links/themes/altum/views/link/settings/biolink.php on line 959
[17-Jun-2025 22:40:41 UTC] PHP Warning:  Trying to access array offset on value of type null in /home/u607641063/domains/antenorefilhos.com.br/public_html/links/themes/altum/views/link/settings/biolink.php on line 959
[17-Jun-2025 22:40:41 UTC] PHP Warning:  Undefined property: stdClass::$biolink_is_enabled in /home/u607641063/domains/antenorefilhos.com.br/public_html/links/themes/altum/views/l/biolink_blocks/phone_collector.php on line 69
[17-Jun-2025 22:40:48 UTC] PHP Warning:  Undefined property: stdClass::$splash_page_id in /home/u607641063/domains/antenorefilhos.com.br/public_html/links/app/controllers/l/Link.php on line 129
[17-Jun-2025 22:40:48 UTC] PHP Warning:  Undefined property: stdClass::$password in /home/u607641063/domains/antenorefilhos.com.br/public_html/links/app/controllers/l/Link.php on line 194
[17-Jun-2025 22:40:48 UTC] PHP Warning:  Undefined property: stdClass::$sensitive_content in /home/u607641063/domains/antenorefilhos.com.br/public_html/links/app/controllers/l/Link.php on line 223
[17-Jun-2025 22:41:13 UTC] PHP Warning:  Undefined property: stdClass::$biolink_is_enabled in /home/u607641063/domains/antenorefilhos.com.br/public_html/links/themes/altum/views/l/biolink_blocks/phone_collector.php on line 69
[17-Jun-2025 22:41:44 UTC] PHP Warning:  Undefined property: stdClass::$biolink_is_enabled in /home/u607641063/domains/antenorefilhos.com.br/public_html/links/themes/altum/views/l/biolink_blocks/phone_collector.php on line 69
[17-Jun-2025 22:41:50 UTC] PHP Warning:  Undefined property: stdClass::$biolink_is_enabled in /home/u607641063/domains/antenorefilhos.com.br/public_html/links/themes/altum/views/l/biolink_blocks/phone_collector.php on line 69
[17-Jun-2025 22:41:51 UTC] PHP Warning:  Undefined property: stdClass::$biolink_is_enabled in /home/u607641063/domains/antenorefilhos.com.br/public_html/links/themes/altum/views/l/biolink_blocks/phone_collector.php on line 69
[17-Jun-2025 22:41:54 UTC] PHP Warning:  Undefined property: stdClass::$splash_page_id in /home/u607641063/domains/antenorefilhos.com.br/public_html/links/app/controllers/l/Link.php on line 129
[17-Jun-2025 22:41:54 UTC] PHP Warning:  Undefined property: stdClass::$password in /home/u607641063/domains/antenorefilhos.com.br/public_html/links/app/controllers/l/Link.php on line 194
[17-Jun-2025 22:41:54 UTC] PHP Warning:  Undefined property: stdClass::$sensitive_content in /home/u607641063/domains/antenorefilhos.com.br/public_html/links/app/controllers/l/Link.php on line 223
[17-Jun-2025 22:42:04 UTC] PHP Warning:  Undefined array key "vcard" in /home/u607641063/domains/antenorefilhos.com.br/public_html/links/themes/altum/views/link/settings/biolink.php on line 954
[17-Jun-2025 22:42:04 UTC] PHP Warning:  Trying to access array offset on value of type null in /home/u607641063/domains/antenorefilhos.com.br/public_html/links/themes/altum/views/link/settings/biolink.php on line 954
[17-Jun-2025 22:42:04 UTC] PHP Warning:  Trying to access array offset on value of type null in /home/u607641063/domains/antenorefilhos.com.br/public_html/links/themes/altum/views/link/settings/biolink.php on line 954
[17-Jun-2025 22:42:04 UTC] PHP Warning:  Trying to access array offset on value of type null in /home/u607641063/domains/antenorefilhos.com.br/public_html/links/themes/altum/views/link/settings/biolink.php on line 954
[17-Jun-2025 22:42:04 UTC] PHP Warning:  Undefined array key "vcard" in /home/u607641063/domains/antenorefilhos.com.br/public_html/links/themes/altum/views/link/settings/biolink.php on line 959
[17-Jun-2025 22:42:04 UTC] PHP Warning:  Trying to access array offset on value of type null in /home/u607641063/domains/antenorefilhos.com.br/public_html/links/themes/altum/views/link/settings/biolink.php on line 959
[17-Jun-2025 22:42:04 UTC] PHP Warning:  Trying to access array offset on value of type null in /home/u607641063/domains/antenorefilhos.com.br/public_html/links/themes/altum/views/link/settings/biolink.php on line 959
[17-Jun-2025 22:42:04 UTC] PHP Warning:  Trying to access array offset on value of type null in /home/u607641063/domains/antenorefilhos.com.br/public_html/links/themes/altum/views/link/settings/biolink.php on line 959
[17-Jun-2025 22:42:04 UTC] PHP Warning:  Undefined property: stdClass::$biolink_is_enabled in /home/u607641063/domains/antenorefilhos.com.br/public_html/links/themes/altum/views/l/biolink_blocks/phone_collector.php on line 69
[17-Jun-2025 22:42:11 UTC] PHP Warning:  Undefined property: stdClass::$biolink_is_enabled in /home/u607641063/domains/antenorefilhos.com.br/public_html/links/themes/altum/views/l/biolink_blocks/phone_collector.php on line 69
[17-Jun-2025 22:42:19 UTC] PHP Warning:  Undefined property: stdClass::$biolink_is_enabled in /home/u607641063/domains/antenorefilhos.com.br/public_html/links/themes/altum/views/l/biolink_blocks/phone_collector.php on line 69
[17-Jun-2025 22:42:28 UTC] PHP Warning:  Undefined property: stdClass::$splash_page_id in /home/u607641063/domains/antenorefilhos.com.br/public_html/links/app/controllers/l/Link.php on line 129
[17-Jun-2025 22:42:28 UTC] PHP Warning:  Undefined property: stdClass::$password in /home/u607641063/domains/antenorefilhos.com.br/public_html/links/app/controllers/l/Link.php on line 194
[17-Jun-2025 22:42:28 UTC] PHP Warning:  Undefined property: stdClass::$sensitive_content in /home/u607641063/domains/antenorefilhos.com.br/public_html/links/app/controllers/l/Link.php on line 223
[17-Jun-2025 22:42:33 UTC] PHP Warning:  Undefined property: stdClass::$biolink_is_enabled in /home/u607641063/domains/antenorefilhos.com.br/public_html/links/themes/altum/views/l/biolink_blocks/phone_collector.php on line 69
[17-Jun-2025 22:42:42 UTC] PHP Warning:  Undefined property: stdClass::$biolink_is_enabled in /home/u607641063/domains/antenorefilhos.com.br/public_html/links/themes/altum/views/l/biolink_blocks/phone_collector.php on line 69
[17-Jun-2025 22:42:46 UTC] PHP Warning:  Undefined property: stdClass::$biolink_is_enabled in /home/u607641063/domains/antenorefilhos.com.br/public_html/links/themes/altum/views/l/biolink_blocks/phone_collector.php on line 69
[17-Jun-2025 22:42:48 UTC] PHP Warning:  Undefined property: stdClass::$biolink_is_enabled in /home/u607641063/domains/antenorefilhos.com.br/public_html/links/themes/altum/views/l/biolink_blocks/phone_collector.php on line 69
[17-Jun-2025 22:42:54 UTC] PHP Warning:  Undefined array key "vcard" in /home/u607641063/domains/antenorefilhos.com.br/public_html/links/themes/altum/views/link/settings/biolink.php on line 954
[17-Jun-2025 22:42:54 UTC] PHP Warning:  Trying to access array offset on value of type null in /home/u607641063/domains/antenorefilhos.com.br/public_html/links/themes/altum/views/link/settings/biolink.php on line 954
[17-Jun-2025 22:42:54 UTC] PHP Warning:  Trying to access array offset on value of type null in /home/u607641063/domains/antenorefilhos.com.br/public_html/links/themes/altum/views/link/settings/biolink.php on line 954
[17-Jun-2025 22:42:54 UTC] PHP Warning:  Trying to access array offset on value of type null in /home/u607641063/domains/antenorefilhos.com.br/public_html/links/themes/altum/views/link/settings/biolink.php on line 954
[17-Jun-2025 22:42:54 UTC] PHP Warning:  Undefined array key "vcard" in /home/u607641063/domains/antenorefilhos.com.br/public_html/links/themes/altum/views/link/settings/biolink.php on line 959
[17-Jun-2025 22:42:54 UTC] PHP Warning:  Trying to access array offset on value of type null in /home/u607641063/domains/antenorefilhos.com.br/public_html/links/themes/altum/views/link/settings/biolink.php on line 959
[17-Jun-2025 22:42:54 UTC] PHP Warning:  Trying to access array offset on value of type null in /home/u607641063/domains/antenorefilhos.com.br/public_html/links/themes/altum/views/link/settings/biolink.php on line 959
[17-Jun-2025 22:42:54 UTC] PHP Warning:  Trying to access array offset on value of type null in /home/u607641063/domains/antenorefilhos.com.br/public_html/links/themes/altum/views/link/settings/biolink.php on line 959
[17-Jun-2025 22:42:54 UTC] PHP Warning:  Undefined property: stdClass::$biolink_is_enabled in /home/u607641063/domains/antenorefilhos.com.br/public_html/links/themes/altum/views/l/biolink_blocks/phone_collector.php on line 69
[17-Jun-2025 22:43:00 UTC] PHP Warning:  Undefined property: stdClass::$biolink_is_enabled in /home/u607641063/domains/antenorefilhos.com.br/public_html/links/themes/altum/views/l/biolink_blocks/phone_collector.php on line 69
[17-Jun-2025 22:43:07 UTC] PHP Warning:  Undefined property: stdClass::$biolink_is_enabled in /home/u607641063/domains/antenorefilhos.com.br/public_html/links/themes/altum/views/l/biolink_blocks/phone_collector.php on line 69
[17-Jun-2025 22:43:11 UTC] PHP Warning:  Undefined property: stdClass::$biolink_is_enabled in /home/u607641063/domains/antenorefilhos.com.br/public_html/links/themes/altum/views/l/biolink_blocks/phone_collector.php on line 69
[17-Jun-2025 22:43:20 UTC] PHP Warning:  Undefined property: stdClass::$biolink_is_enabled in /home/u607641063/domains/antenorefilhos.com.br/public_html/links/themes/altum/views/l/biolink_blocks/phone_collector.php on line 69
[17-Jun-2025 22:43:26 UTC] PHP Warning:  Undefined property: stdClass::$biolink_is_enabled in /home/u607641063/domains/antenorefilhos.com.br/public_html/links/themes/altum/views/l/biolink_blocks/phone_collector.php on line 69
[17-Jun-2025 22:43:40 UTC] PHP Warning:  Undefined property: stdClass::$biolink_is_enabled in /home/u607641063/domains/antenorefilhos.com.br/public_html/links/themes/altum/views/l/biolink_blocks/phone_collector.php on line 69
[17-Jun-2025 22:44:05 UTC] PHP Warning:  Undefined property: stdClass::$biolink_is_enabled in /home/u607641063/domains/antenorefilhos.com.br/public_html/links/themes/altum/views/l/biolink_blocks/phone_collector.php on line 69
[17-Jun-2025 22:44:10 UTC] PHP Warning:  Undefined property: stdClass::$biolink_is_enabled in /home/u607641063/domains/antenorefilhos.com.br/public_html/links/themes/altum/views/l/biolink_blocks/phone_collector.php on line 69
[17-Jun-2025 22:48:36 UTC] PHP Warning:  Undefined property: stdClass::$domains in /home/u607641063/domains/antenorefilhos.com.br/public_html/links/themes/altum/views/links/links_content.php on line 184
[17-Jun-2025 22:48:36 UTC] PHP Warning:  foreach() argument must be of type array|object, null given in /home/u607641063/domains/antenorefilhos.com.br/public_html/links/themes/altum/views/links/links_content.php on line 184
[17-Jun-2025 22:48:40 UTC] PHP Warning:  Undefined array key "vcard" in /home/u607641063/domains/antenorefilhos.com.br/public_html/links/themes/altum/views/link/settings/biolink.php on line 954
[17-Jun-2025 22:48:40 UTC] PHP Warning:  Trying to access array offset on value of type null in /home/u607641063/domains/antenorefilhos.com.br/public_html/links/themes/altum/views/link/settings/biolink.php on line 954
[17-Jun-2025 22:48:40 UTC] PHP Warning:  Trying to access array offset on value of type null in /home/u607641063/domains/antenorefilhos.com.br/public_html/links/themes/altum/views/link/settings/biolink.php on line 954
[17-Jun-2025 22:48:40 UTC] PHP Warning:  Trying to access array offset on value of type null in /home/u607641063/domains/antenorefilhos.com.br/public_html/links/themes/altum/views/link/settings/biolink.php on line 954
[17-Jun-2025 22:48:40 UTC] PHP Warning:  Undefined array key "vcard" in /home/u607641063/domains/antenorefilhos.com.br/public_html/links/themes/altum/views/link/settings/biolink.php on line 959
[17-Jun-2025 22:48:40 UTC] PHP Warning:  Trying to access array offset on value of type null in /home/u607641063/domains/antenorefilhos.com.br/public_html/links/themes/altum/views/link/settings/biolink.php on line 959
[17-Jun-2025 22:48:40 UTC] PHP Warning:  Trying to access array offset on value of type null in /home/u607641063/domains/antenorefilhos.com.br/public_html/links/themes/altum/views/link/settings/biolink.php on line 959
[17-Jun-2025 22:48:40 UTC] PHP Warning:  Trying to access array offset on value of type null in /home/u607641063/domains/antenorefilhos.com.br/public_html/links/themes/altum/views/link/settings/biolink.php on line 959
[17-Jun-2025 22:48:40 UTC] PHP Warning:  Undefined property: stdClass::$biolink_is_enabled in /home/u607641063/domains/antenorefilhos.com.br/public_html/links/themes/altum/views/l/biolink_blocks/phone_collector.php on line 69
[17-Jun-2025 22:48:44 UTC] PHP Warning:  Undefined array key "vcard" in /home/u607641063/domains/antenorefilhos.com.br/public_html/links/themes/altum/views/link/settings/biolink.php on line 954
[17-Jun-2025 22:48:44 UTC] PHP Warning:  Trying to access array offset on value of type null in /home/u607641063/domains/antenorefilhos.com.br/public_html/links/themes/altum/views/link/settings/biolink.php on line 954
[17-Jun-2025 22:48:44 UTC] PHP Warning:  Trying to access array offset on value of type null in /home/u607641063/domains/antenorefilhos.com.br/public_html/links/themes/altum/views/link/settings/biolink.php on line 954
[17-Jun-2025 22:48:44 UTC] PHP Warning:  Trying to access array offset on value of type null in /home/u607641063/domains/antenorefilhos.com.br/public_html/links/themes/altum/views/link/settings/biolink.php on line 954
[17-Jun-2025 22:48:44 UTC] PHP Warning:  Undefined array key "vcard" in /home/u607641063/domains/antenorefilhos.com.br/public_html/links/themes/altum/views/link/settings/biolink.php on line 959
[17-Jun-2025 22:48:44 UTC] PHP Warning:  Trying to access array offset on value of type null in /home/u607641063/domains/antenorefilhos.com.br/public_html/links/themes/altum/views/link/settings/biolink.php on line 959
[17-Jun-2025 22:48:44 UTC] PHP Warning:  Trying to access array offset on value of type null in /home/u607641063/domains/antenorefilhos.com.br/public_html/links/themes/altum/views/link/settings/biolink.php on line 959
[17-Jun-2025 22:48:44 UTC] PHP Warning:  Trying to access array offset on value of type null in /home/u607641063/domains/antenorefilhos.com.br/public_html/links/themes/altum/views/link/settings/biolink.php on line 959
[17-Jun-2025 22:48:45 UTC] PHP Warning:  Undefined property: stdClass::$biolink_is_enabled in /home/u607641063/domains/antenorefilhos.com.br/public_html/links/themes/altum/views/l/biolink_blocks/phone_collector.php on line 69
[17-Jun-2025 22:48:47 UTC] PHP Warning:  Undefined property: stdClass::$biolink_is_enabled in /home/u607641063/domains/antenorefilhos.com.br/public_html/links/themes/altum/views/l/biolink_blocks/phone_collector.php on line 69
[17-Jun-2025 22:48:55 UTC] PHP Warning:  Undefined property: stdClass::$biolink_is_enabled in /home/u607641063/domains/antenorefilhos.com.br/public_html/links/themes/altum/views/l/biolink_blocks/phone_collector.php on line 69
[17-Jun-2025 22:49:41 UTC] PHP Warning:  Undefined property: stdClass::$biolink_is_enabled in /home/u607641063/domains/antenorefilhos.com.br/public_html/links/themes/altum/views/l/biolink_blocks/phone_collector.php on line 69
[17-Jun-2025 22:49:57 UTC] PHP Warning:  Undefined property: stdClass::$biolink_is_enabled in /home/u607641063/domains/antenorefilhos.com.br/public_html/links/themes/altum/views/l/biolink_blocks/phone_collector.php on line 69
[17-Jun-2025 22:49:58 UTC] PHP Warning:  Undefined property: stdClass::$biolink_is_enabled in /home/u607641063/domains/antenorefilhos.com.br/public_html/links/themes/altum/views/l/biolink_blocks/phone_collector.php on line 69
[17-Jun-2025 22:50:06 UTC] PHP Warning:  Undefined property: stdClass::$biolink_is_enabled in /home/u607641063/domains/antenorefilhos.com.br/public_html/links/themes/altum/views/l/biolink_blocks/phone_collector.php on line 69
[17-Jun-2025 22:50:11 UTC] PHP Warning:  Undefined property: stdClass::$splash_page_id in /home/u607641063/domains/antenorefilhos.com.br/public_html/links/app/controllers/l/Link.php on line 129
[17-Jun-2025 22:50:11 UTC] PHP Warning:  Undefined property: stdClass::$password in /home/u607641063/domains/antenorefilhos.com.br/public_html/links/app/controllers/l/Link.php on line 194
[17-Jun-2025 22:50:11 UTC] PHP Warning:  Undefined property: stdClass::$sensitive_content in /home/u607641063/domains/antenorefilhos.com.br/public_html/links/app/controllers/l/Link.php on line 223
[17-Jun-2025 22:56:05 UTC] PHP Warning:  Undefined property: stdClass::$biolink_is_enabled in /home/u607641063/domains/antenorefilhos.com.br/public_html/links/themes/altum/views/l/biolink_blocks/phone_collector.php on line 69
[17-Jun-2025 22:56:18 UTC] PHP Warning:  Undefined property: stdClass::$splash_page_id in /home/u607641063/domains/antenorefilhos.com.br/public_html/links/app/controllers/l/Link.php on line 129
[17-Jun-2025 22:56:18 UTC] PHP Warning:  Undefined property: stdClass::$password in /home/u607641063/domains/antenorefilhos.com.br/public_html/links/app/controllers/l/Link.php on line 194
[17-Jun-2025 22:56:18 UTC] PHP Warning:  Undefined property: stdClass::$sensitive_content in /home/u607641063/domains/antenorefilhos.com.br/public_html/links/app/controllers/l/Link.php on line 223
[17-Jun-2025 22:56:21 UTC] PHP Warning:  Undefined property: stdClass::$biolink_is_enabled in /home/u607641063/domains/antenorefilhos.com.br/public_html/links/themes/altum/views/l/biolink_blocks/phone_collector.php on line 69
[17-Jun-2025 22:56:33 UTC] PHP Warning:  Undefined property: stdClass::$splash_page_id in /home/u607641063/domains/antenorefilhos.com.br/public_html/links/app/controllers/l/Link.php on line 129
[17-Jun-2025 22:56:33 UTC] PHP Warning:  Undefined property: stdClass::$password in /home/u607641063/domains/antenorefilhos.com.br/public_html/links/app/controllers/l/Link.php on line 194
[17-Jun-2025 22:56:33 UTC] PHP Warning:  Undefined property: stdClass::$sensitive_content in /home/u607641063/domains/antenorefilhos.com.br/public_html/links/app/controllers/l/Link.php on line 223
[17-Jun-2025 22:56:37 UTC] PHP Warning:  Undefined property: stdClass::$biolink_is_enabled in /home/u607641063/domains/antenorefilhos.com.br/public_html/links/themes/altum/views/l/biolink_blocks/phone_collector.php on line 69
[17-Jun-2025 22:56:45 UTC] PHP Warning:  Undefined property: stdClass::$splash_page_id in /home/u607641063/domains/antenorefilhos.com.br/public_html/links/app/controllers/l/Link.php on line 129
[17-Jun-2025 22:56:45 UTC] PHP Warning:  Undefined property: stdClass::$password in /home/u607641063/domains/antenorefilhos.com.br/public_html/links/app/controllers/l/Link.php on line 194
[17-Jun-2025 22:56:45 UTC] PHP Warning:  Undefined property: stdClass::$sensitive_content in /home/u607641063/domains/antenorefilhos.com.br/public_html/links/app/controllers/l/Link.php on line 223
[17-Jun-2025 22:56:48 UTC] PHP Warning:  Undefined property: stdClass::$biolink_is_enabled in /home/u607641063/domains/antenorefilhos.com.br/public_html/links/themes/altum/views/l/biolink_blocks/phone_collector.php on line 69
[17-Jun-2025 22:56:49 UTC] PHP Warning:  Undefined property: stdClass::$splash_page_id in /home/u607641063/domains/antenorefilhos.com.br/public_html/links/app/controllers/l/Link.php on line 129
[17-Jun-2025 22:56:49 UTC] PHP Warning:  Undefined property: stdClass::$password in /home/u607641063/domains/antenorefilhos.com.br/public_html/links/app/controllers/l/Link.php on line 194
[17-Jun-2025 22:56:49 UTC] PHP Warning:  Undefined property: stdClass::$sensitive_content in /home/u607641063/domains/antenorefilhos.com.br/public_html/links/app/controllers/l/Link.php on line 223
[17-Jun-2025 22:57:26 UTC] PHP Warning:  Undefined property: stdClass::$biolink_is_enabled in /home/u607641063/domains/antenorefilhos.com.br/public_html/links/themes/altum/views/l/biolink_blocks/phone_collector.php on line 69
[17-Jun-2025 22:57:30 UTC] PHP Warning:  Undefined property: stdClass::$splash_page_id in /home/u607641063/domains/antenorefilhos.com.br/public_html/links/app/controllers/l/Link.php on line 129
[17-Jun-2025 22:57:30 UTC] PHP Warning:  Undefined property: stdClass::$password in /home/u607641063/domains/antenorefilhos.com.br/public_html/links/app/controllers/l/Link.php on line 194
[17-Jun-2025 22:57:30 UTC] PHP Warning:  Undefined property: stdClass::$sensitive_content in /home/u607641063/domains/antenorefilhos.com.br/public_html/links/app/controllers/l/Link.php on line 223
