[27-Apr-2026 00:15:29 UTC] PHP Warning:  Undefined property: stdClass::$last_submissions_is_enabled in /home/u607641063/domains/antenorefilhos.com.br/public_html/links/themes/altum/views/tools/tool_widget_frankfurt.php on line 26
[27-Apr-2026 00:15:29 UTC] PHP Warning:  Undefined property: stdClass::$last_submissions_is_enabled in /home/u607641063/domains/antenorefilhos.com.br/public_html/links/themes/altum/views/tools/tool_widget_frankfurt.php on line 26
[27-Apr-2026 00:15:29 UTC] PHP Warning:  Undefined property: stdClass::$last_submissions_is_enabled in /home/u607641063/domains/antenorefilhos.com.br/public_html/links/themes/altum/views/tools/tool_widget_frankfurt.php on line 26
[27-Apr-2026 00:15:29 UTC] PHP Warning:  Undefined property: stdClass::$last_submissions_is_enabled in /home/u607641063/domains/antenorefilhos.com.br/public_html/links/themes/altum/views/tools/tool_widget_frankfurt.php on line 26
[27-Apr-2026 00:15:29 UTC] PHP Warning:  Undefined property: stdClass::$last_submissions_is_enabled in /home/u607641063/domains/antenorefilhos.com.br/public_html/links/themes/altum/views/tools/tool_widget_frankfurt.php on line 26
[27-Apr-2026 00:15:29 UTC] PHP Warning:  Undefined property: stdClass::$last_submissions_is_enabled in /home/u607641063/domains/antenorefilhos.com.br/public_html/links/themes/altum/views/tools/tool_widget_frankfurt.php on line 26
[27-Apr-2026 00:15:29 UTC] PHP Warning:  Undefined property: stdClass::$last_submissions_is_enabled in /home/u607641063/domains/antenorefilhos.com.br/public_html/links/themes/altum/views/tools/tool_widget_frankfurt.php on line 26
[27-Apr-2026 00:15:29 UTC] PHP Warning:  Undefined property: stdClass::$last_submissions_is_enabled in /home/u607641063/domains/antenorefilhos.com.br/public_html/links/themes/altum/views/tools/tool_widget_frankfurt.php on line 26
[27-Apr-2026 01:18:51 UTC] PHP Warning:  Undefined property: stdClass::$biolink_is_enabled in /home/u607641063/domains/antenorefilhos.com.br/public_html/links/themes/altum/views/l/biolink_blocks/phone_collector.php on line 69
[27-Apr-2026 01:19:01 UTC] PHP Warning:  Undefined property: stdClass::$splash_page_id in /home/u607641063/domains/antenorefilhos.com.br/public_html/links/app/controllers/l/Link.php on line 129
[27-Apr-2026 01:19:01 UTC] PHP Warning:  Undefined property: stdClass::$password in /home/u607641063/domains/antenorefilhos.com.br/public_html/links/app/controllers/l/Link.php on line 194
[27-Apr-2026 01:19:01 UTC] PHP Warning:  Undefined property: stdClass::$sensitive_content in /home/u607641063/domains/antenorefilhos.com.br/public_html/links/app/controllers/l/Link.php on line 223
[27-Apr-2026 03:17:49 UTC] PHP Warning:  Undefined property: stdClass::$last_submissions_is_enabled in /home/u607641063/domains/antenorefilhos.com.br/public_html/links/themes/altum/views/tools/tool_widget_frankfurt.php on line 26
[27-Apr-2026 03:17:49 UTC] PHP Warning:  Undefined property: stdClass::$last_submissions_is_enabled in /home/u607641063/domains/antenorefilhos.com.br/public_html/links/themes/altum/views/tools/tool_widget_frankfurt.php on line 26
[27-Apr-2026 03:17:49 UTC] PHP Warning:  Undefined property: stdClass::$last_submissions_is_enabled in /home/u607641063/domains/antenorefilhos.com.br/public_html/links/themes/altum/views/tools/tool_widget_frankfurt.php on line 26
[27-Apr-2026 03:17:49 UTC] PHP Warning:  Undefined property: stdClass::$last_submissions_is_enabled in /home/u607641063/domains/antenorefilhos.com.br/public_html/links/themes/altum/views/tools/tool_widget_frankfurt.php on line 26
[27-Apr-2026 10:26:03 UTC] PHP Warning:  Undefined property: stdClass::$biolink_is_enabled in /home/u607641063/domains/antenorefilhos.com.br/public_html/links/themes/altum/views/l/biolink_blocks/phone_collector.php on line 69
[27-Apr-2026 10:41:43 UTC] PHP Warning:  Undefined property: stdClass::$biolink_is_enabled in /home/u607641063/domains/antenorefilhos.com.br/public_html/links/themes/altum/views/l/biolink_blocks/phone_collector.php on line 69
[27-Apr-2026 10:41:46 UTC] PHP Warning:  Undefined property: stdClass::$splash_page_id in /home/u607641063/domains/antenorefilhos.com.br/public_html/links/app/controllers/l/Link.php on line 129
[27-Apr-2026 10:41:46 UTC] PHP Warning:  Undefined property: stdClass::$password in /home/u607641063/domains/antenorefilhos.com.br/public_html/links/app/controllers/l/Link.php on line 194
[27-Apr-2026 10:41:46 UTC] PHP Warning:  Undefined property: stdClass::$sensitive_content in /home/u607641063/domains/antenorefilhos.com.br/public_html/links/app/controllers/l/Link.php on line 223
[27-Apr-2026 10:44:07 UTC] PHP Warning:  Undefined property: stdClass::$biolink_is_enabled in /home/u607641063/domains/antenorefilhos.com.br/public_html/links/themes/altum/views/l/biolink_blocks/phone_collector.php on line 69
[27-Apr-2026 12:01:27 UTC] PHP Warning:  Undefined property: stdClass::$biolink_is_enabled in /home/u607641063/domains/antenorefilhos.com.br/public_html/links/themes/altum/views/l/biolink_blocks/phone_collector.php on line 69
[27-Apr-2026 12:01:29 UTC] PHP Warning:  Undefined property: stdClass::$splash_page_id in /home/u607641063/domains/antenorefilhos.com.br/public_html/links/app/controllers/l/Link.php on line 129
[27-Apr-2026 12:01:29 UTC] PHP Warning:  Undefined property: stdClass::$password in /home/u607641063/domains/antenorefilhos.com.br/public_html/links/app/controllers/l/Link.php on line 194
[27-Apr-2026 12:01:29 UTC] PHP Warning:  Undefined property: stdClass::$sensitive_content in /home/u607641063/domains/antenorefilhos.com.br/public_html/links/app/controllers/l/Link.php on line 223
[27-Apr-2026 12:36:31 UTC] PHP Warning:  Undefined property: stdClass::$last_submissions_is_enabled in /home/u607641063/domains/antenorefilhos.com.br/public_html/links/themes/altum/views/tools/tool_widget_frankfurt.php on line 26
[27-Apr-2026 12:36:31 UTC] PHP Warning:  Undefined property: stdClass::$last_submissions_is_enabled in /home/u607641063/domains/antenorefilhos.com.br/public_html/links/themes/altum/views/tools/tool_widget_frankfurt.php on line 26
[27-Apr-2026 12:36:31 UTC] PHP Warning:  Undefined property: stdClass::$last_submissions_is_enabled in /home/u607641063/domains/antenorefilhos.com.br/public_html/links/themes/altum/views/tools/tool_widget_frankfurt.php on line 26
[27-Apr-2026 12:36:31 UTC] PHP Warning:  Undefined property: stdClass::$last_submissions_is_enabled in /home/u607641063/domains/antenorefilhos.com.br/public_html/links/themes/altum/views/tools/tool_widget_frankfurt.php on line 26
[27-Apr-2026 12:53:32 UTC] PHP Warning:  Undefined property: stdClass::$last_submissions_is_enabled in /home/u607641063/domains/antenorefilhos.com.br/public_html/links/themes/altum/views/tools/tool_widget_frankfurt.php on line 26
[27-Apr-2026 12:53:32 UTC] PHP Warning:  Undefined property: stdClass::$last_submissions_is_enabled in /home/u607641063/domains/antenorefilhos.com.br/public_html/links/themes/altum/views/tools/tool_widget_frankfurt.php on line 26
[27-Apr-2026 12:53:32 UTC] PHP Warning:  Undefined property: stdClass::$last_submissions_is_enabled in /home/u607641063/domains/antenorefilhos.com.br/public_html/links/themes/altum/views/tools/tool_widget_frankfurt.php on line 26
[27-Apr-2026 12:53:32 UTC] PHP Warning:  Undefined property: stdClass::$last_submissions_is_enabled in /home/u607641063/domains/antenorefilhos.com.br/public_html/links/themes/altum/views/tools/tool_widget_frankfurt.php on line 26
[27-Apr-2026 12:53:32 UTC] PHP Warning:  Undefined property: stdClass::$last_submissions_is_enabled in /home/u607641063/domains/antenorefilhos.com.br/public_html/links/themes/altum/views/tools/tool_widget_frankfurt.php on line 26
[27-Apr-2026 12:53:32 UTC] PHP Warning:  Undefined property: stdClass::$last_submissions_is_enabled in /home/u607641063/domains/antenorefilhos.com.br/public_html/links/themes/altum/views/tools/tool_widget_frankfurt.php on line 26
[27-Apr-2026 12:53:32 UTC] PHP Warning:  Undefined property: stdClass::$last_submissions_is_enabled in /home/u607641063/domains/antenorefilhos.com.br/public_html/links/themes/altum/views/tools/tool_widget_frankfurt.php on line 26
[27-Apr-2026 12:53:32 UTC] PHP Warning:  Undefined property: stdClass::$last_submissions_is_enabled in /home/u607641063/domains/antenorefilhos.com.br/public_html/links/themes/altum/views/tools/tool_widget_frankfurt.php on line 26
[27-Apr-2026 13:21:40 UTC] PHP Warning:  Undefined property: stdClass::$last_submissions_is_enabled in /home/u607641063/domains/antenorefilhos.com.br/public_html/links/themes/altum/views/tools/tool_widget_frankfurt.php on line 26
[27-Apr-2026 13:21:40 UTC] PHP Warning:  Undefined property: stdClass::$last_submissions_is_enabled in /home/u607641063/domains/antenorefilhos.com.br/public_html/links/themes/altum/views/tools/tool_widget_frankfurt.php on line 26
[27-Apr-2026 13:21:40 UTC] PHP Warning:  Undefined property: stdClass::$last_submissions_is_enabled in /home/u607641063/domains/antenorefilhos.com.br/public_html/links/themes/altum/views/tools/tool_widget_frankfurt.php on line 26
[27-Apr-2026 13:21:40 UTC] PHP Warning:  Undefined property: stdClass::$last_submissions_is_enabled in /home/u607641063/domains/antenorefilhos.com.br/public_html/links/themes/altum/views/tools/tool_widget_frankfurt.php on line 26
[27-Apr-2026 13:21:40 UTC] PHP Warning:  Undefined property: stdClass::$last_submissions_is_enabled in /home/u607641063/domains/antenorefilhos.com.br/public_html/links/themes/altum/views/tools/tool_widget_frankfurt.php on line 26
[27-Apr-2026 13:21:40 UTC] PHP Warning:  Undefined property: stdClass::$last_submissions_is_enabled in /home/u607641063/domains/antenorefilhos.com.br/public_html/links/themes/altum/views/tools/tool_widget_frankfurt.php on line 26
[27-Apr-2026 13:21:40 UTC] PHP Warning:  Undefined property: stdClass::$last_submissions_is_enabled in /home/u607641063/domains/antenorefilhos.com.br/public_html/links/themes/altum/views/tools/tool_widget_frankfurt.php on line 26
[27-Apr-2026 13:21:40 UTC] PHP Warning:  Undefined property: stdClass::$last_submissions_is_enabled in /home/u607641063/domains/antenorefilhos.com.br/public_html/links/themes/altum/views/tools/tool_widget_frankfurt.php on line 26
[27-Apr-2026 13:48:22 UTC] PHP Warning:  Undefined property: stdClass::$last_submissions_is_enabled in /home/u607641063/domains/antenorefilhos.com.br/public_html/links/themes/altum/views/tools/tool_widget_frankfurt.php on line 26
[27-Apr-2026 13:48:22 UTC] PHP Warning:  Undefined property: stdClass::$last_submissions_is_enabled in /home/u607641063/domains/antenorefilhos.com.br/public_html/links/themes/altum/views/tools/tool_widget_frankfurt.php on line 26
[27-Apr-2026 13:48:22 UTC] PHP Warning:  Undefined property: stdClass::$last_submissions_is_enabled in /home/u607641063/domains/antenorefilhos.com.br/public_html/links/themes/altum/views/tools/tool_widget_frankfurt.php on line 26
[27-Apr-2026 13:48:22 UTC] PHP Warning:  Undefined property: stdClass::$last_submissions_is_enabled in /home/u607641063/domains/antenorefilhos.com.br/public_html/links/themes/altum/views/tools/tool_widget_frankfurt.php on line 26
[27-Apr-2026 18:36:37 UTC] PHP Warning:  Undefined property: stdClass::$biolink_is_enabled in /home/u607641063/domains/antenorefilhos.com.br/public_html/links/themes/altum/views/l/biolink_blocks/phone_collector.php on line 69
[27-Apr-2026 20:00:25 UTC] PHP Warning:  Attempt to read property "plan_settings" on null in /home/u607641063/domains/antenorefilhos.com.br/public_html/links/themes/altum/views/directory/index.php on line 23
[27-Apr-2026 20:00:25 UTC] PHP Warning:  Attempt to read property "export" on null in /home/u607641063/domains/antenorefilhos.com.br/public_html/links/themes/altum/views/directory/index.php on line 23
[27-Apr-2026 20:00:25 UTC] PHP Warning:  Attempt to read property "csv" on null in /home/u607641063/domains/antenorefilhos.com.br/public_html/links/themes/altum/views/directory/index.php on line 23
[27-Apr-2026 20:00:25 UTC] PHP Warning:  Attempt to read property "plan_settings" on null in /home/u607641063/domains/antenorefilhos.com.br/public_html/links/themes/altum/views/directory/index.php on line 26
[27-Apr-2026 20:00:25 UTC] PHP Warning:  Attempt to read property "export" on null in /home/u607641063/domains/antenorefilhos.com.br/public_html/links/themes/altum/views/directory/index.php on line 26
[27-Apr-2026 20:00:25 UTC] PHP Warning:  Attempt to read property "json" on null in /home/u607641063/domains/antenorefilhos.com.br/public_html/links/themes/altum/views/directory/index.php on line 26
[27-Apr-2026 20:00:25 UTC] PHP Warning:  Attempt to read property "plan_settings" on null in /home/u607641063/domains/antenorefilhos.com.br/public_html/links/themes/altum/views/directory/index.php on line 29
[27-Apr-2026 20:00:25 UTC] PHP Warning:  Attempt to read property "export" on null in /home/u607641063/domains/antenorefilhos.com.br/public_html/links/themes/altum/views/directory/index.php on line 29
[27-Apr-2026 20:00:25 UTC] PHP Warning:  Attempt to read property "pdf" on null in /home/u607641063/domains/antenorefilhos.com.br/public_html/links/themes/altum/views/directory/index.php on line 29
[27-Apr-2026 20:11:59 UTC] PHP Warning:  Undefined property: stdClass::$color in /home/u607641063/domains/antenorefilhos.com.br/public_html/links/themes/altum/views/partials/plans.php on line 71
[27-Apr-2026 20:11:59 UTC] PHP Warning:  Undefined property: stdClass::$translations in /home/u607641063/domains/antenorefilhos.com.br/public_html/links/themes/altum/views/partials/plans.php on line 73
[27-Apr-2026 20:11:59 UTC] PHP Warning:  Attempt to read property "english" on null in /home/u607641063/domains/antenorefilhos.com.br/public_html/links/themes/altum/views/partials/plans.php on line 73
[27-Apr-2026 20:11:59 UTC] PHP Warning:  Attempt to read property "name" on null in /home/u607641063/domains/antenorefilhos.com.br/public_html/links/themes/altum/views/partials/plans.php on line 73
[27-Apr-2026 20:11:59 UTC] PHP Warning:  Undefined property: stdClass::$translations in /home/u607641063/domains/antenorefilhos.com.br/public_html/links/themes/altum/views/partials/plans.php on line 76
[27-Apr-2026 20:11:59 UTC] PHP Warning:  Attempt to read property "english" on null in /home/u607641063/domains/antenorefilhos.com.br/public_html/links/themes/altum/views/partials/plans.php on line 76
[27-Apr-2026 20:11:59 UTC] PHP Warning:  Attempt to read property "price" on null in /home/u607641063/domains/antenorefilhos.com.br/public_html/links/themes/altum/views/partials/plans.php on line 76
[27-Apr-2026 20:11:59 UTC] PHP Warning:  Undefined property: stdClass::$price in /home/u607641063/domains/antenorefilhos.com.br/public_html/links/themes/altum/views/partials/plans.php on line 76
[27-Apr-2026 20:11:59 UTC] PHP Warning:  Undefined property: stdClass::$translations in /home/u607641063/domains/antenorefilhos.com.br/public_html/links/themes/altum/views/partials/plans.php on line 79
[27-Apr-2026 20:11:59 UTC] PHP Warning:  Attempt to read property "english" on null in /home/u607641063/domains/antenorefilhos.com.br/public_html/links/themes/altum/views/partials/plans.php on line 79
[27-Apr-2026 20:11:59 UTC] PHP Warning:  Attempt to read property "description" on null in /home/u607641063/domains/antenorefilhos.com.br/public_html/links/themes/altum/views/partials/plans.php on line 79
[27-Apr-2026 20:11:59 UTC] PHP Warning:  Undefined property: stdClass::$description in /home/u607641063/domains/antenorefilhos.com.br/public_html/links/themes/altum/views/partials/plans.php on line 79
[27-Apr-2026 20:11:59 UTC] PHP Warning:  Undefined property: stdClass::$biolink_blocks_limit in /home/u607641063/domains/antenorefilhos.com.br/public_html/links/themes/altum/views/partials/plans_plan_content.php on line 15
[27-Apr-2026 20:11:59 UTC] PHP Warning:  Undefined property: stdClass::$biolink_blocks_limit in /home/u607641063/domains/antenorefilhos.com.br/public_html/links/themes/altum/views/partials/plans_plan_content.php on line 15
[27-Apr-2026 20:11:59 UTC] PHP Warning:  Undefined property: stdClass::$biolink_blocks_limit in /home/u607641063/domains/antenorefilhos.com.br/public_html/links/themes/altum/views/partials/plans_plan_content.php on line 16
[27-Apr-2026 20:11:59 UTC] PHP Warning:  Undefined property: stdClass::$links_bulk_limit in /home/u607641063/domains/antenorefilhos.com.br/public_html/links/themes/altum/views/partials/plans_plan_content.php on line 47
[27-Apr-2026 20:11:59 UTC] PHP Warning:  Undefined property: stdClass::$links_bulk_limit in /home/u607641063/domains/antenorefilhos.com.br/public_html/links/themes/altum/views/partials/plans_plan_content.php on line 47
[27-Apr-2026 20:11:59 UTC] PHP Warning:  Undefined property: stdClass::$links_bulk_limit in /home/u607641063/domains/antenorefilhos.com.br/public_html/links/themes/altum/views/partials/plans_plan_content.php on line 48
[27-Apr-2026 20:11:59 UTC] PHP Warning:  Undefined property: stdClass::$files_limit in /home/u607641063/domains/antenorefilhos.com.br/public_html/links/themes/altum/views/partials/plans_plan_content.php on line 54
[27-Apr-2026 20:11:59 UTC] PHP Warning:  Undefined property: stdClass::$files_limit in /home/u607641063/domains/antenorefilhos.com.br/public_html/links/themes/altum/views/partials/plans_plan_content.php on line 54
[27-Apr-2026 20:11:59 UTC] PHP Warning:  Undefined property: stdClass::$files_limit in /home/u607641063/domains/antenorefilhos.com.br/public_html/links/themes/altum/views/partials/plans_plan_content.php on line 55
[27-Apr-2026 20:11:59 UTC] PHP Warning:  Undefined property: stdClass::$vcards_limit in /home/u607641063/domains/antenorefilhos.com.br/public_html/links/themes/altum/views/partials/plans_plan_content.php on line 61
[27-Apr-2026 20:11:59 UTC] PHP Warning:  Undefined property: stdClass::$vcards_limit in /home/u607641063/domains/antenorefilhos.com.br/public_html/links/themes/altum/views/partials/plans_plan_content.php on line 61
[27-Apr-2026 20:11:59 UTC] PHP Warning:  Undefined property: stdClass::$vcards_limit in /home/u607641063/domains/antenorefilhos.com.br/public_html/links/themes/altum/views/partials/plans_plan_content.php on line 62
[27-Apr-2026 20:11:59 UTC] PHP Warning:  Undefined property: stdClass::$events_limit in /home/u607641063/domains/antenorefilhos.com.br/public_html/links/themes/altum/views/partials/plans_plan_content.php on line 68
[27-Apr-2026 20:11:59 UTC] PHP Warning:  Undefined property: stdClass::$events_limit in /home/u607641063/domains/antenorefilhos.com.br/public_html/links/themes/altum/views/partials/plans_plan_content.php on line 68
[27-Apr-2026 20:11:59 UTC] PHP Warning:  Undefined property: stdClass::$events_limit in /home/u607641063/domains/antenorefilhos.com.br/public_html/links/themes/altum/views/partials/plans_plan_content.php on line 69
[27-Apr-2026 20:11:59 UTC] PHP Warning:  Undefined property: stdClass::$static_limit in /home/u607641063/domains/antenorefilhos.com.br/public_html/links/themes/altum/views/partials/plans_plan_content.php on line 75
[27-Apr-2026 20:11:59 UTC] PHP Warning:  Undefined property: stdClass::$static_limit in /home/u607641063/domains/antenorefilhos.com.br/public_html/links/themes/altum/views/partials/plans_plan_content.php on line 75
[27-Apr-2026 20:11:59 UTC] PHP Warning:  Undefined property: stdClass::$static_limit in /home/u607641063/domains/antenorefilhos.com.br/public_html/links/themes/altum/views/partials/plans_plan_content.php on line 76
[27-Apr-2026 20:11:59 UTC] PHP Warning:  Undefined property: stdClass::$qr_codes_limit in /home/u607641063/domains/antenorefilhos.com.br/public_html/links/themes/altum/views/partials/plans_plan_content.php on line 82
[27-Apr-2026 20:11:59 UTC] PHP Warning:  Undefined property: stdClass::$qr_codes_limit in /home/u607641063/domains/antenorefilhos.com.br/public_html/links/themes/altum/views/partials/plans_plan_content.php on line 82
[27-Apr-2026 20:11:59 UTC] PHP Warning:  Undefined property: stdClass::$qr_codes_limit in /home/u607641063/domains/antenorefilhos.com.br/public_html/links/themes/altum/views/partials/plans_plan_content.php on line 83
[27-Apr-2026 20:11:59 UTC] PHP Warning:  Undefined property: stdClass::$qr_codes_bulk_limit in /home/u607641063/domains/antenorefilhos.com.br/public_html/links/themes/altum/views/partials/plans_plan_content.php on line 87
[27-Apr-2026 20:11:59 UTC] PHP Warning:  Undefined property: stdClass::$qr_codes_bulk_limit in /home/u607641063/domains/antenorefilhos.com.br/public_html/links/themes/altum/views/partials/plans_plan_content.php on line 87
[27-Apr-2026 20:11:59 UTC] PHP Warning:  Undefined property: stdClass::$qr_codes_bulk_limit in /home/u607641063/domains/antenorefilhos.com.br/public_html/links/themes/altum/views/partials/plans_plan_content.php on line 88
[27-Apr-2026 20:11:59 UTC] PHP Warning:  Undefined property: stdClass::$splash_pages_limit in /home/u607641063/domains/antenorefilhos.com.br/public_html/links/themes/altum/views/partials/plans_plan_content.php on line 101
[27-Apr-2026 20:11:59 UTC] PHP Warning:  Undefined property: stdClass::$splash_pages_limit in /home/u607641063/domains/antenorefilhos.com.br/public_html/links/themes/altum/views/partials/plans_plan_content.php on line 101
[27-Apr-2026 20:11:59 UTC] PHP Warning:  Undefined property: stdClass::$splash_pages_limit in /home/u607641063/domains/antenorefilhos.com.br/public_html/links/themes/altum/views/partials/plans_plan_content.php on line 102
[27-Apr-2026 20:11:59 UTC] PHP Warning:  Undefined property: stdClass::$track_links_retention in /home/u607641063/domains/antenorefilhos.com.br/public_html/links/themes/altum/views/partials/plans_plan_content.php on line 146
[27-Apr-2026 20:11:59 UTC] PHP Warning:  Undefined property: stdClass::$track_links_retention in /home/u607641063/domains/antenorefilhos.com.br/public_html/links/themes/altum/views/partials/plans_plan_content.php on line 146
[27-Apr-2026 20:11:59 UTC] PHP Warning:  Undefined property: stdClass::$track_links_retention in /home/u607641063/domains/antenorefilhos.com.br/public_html/links/themes/altum/views/partials/plans_plan_content.php on line 146
[27-Apr-2026 20:11:59 UTC] PHP Warning:  Undefined property: stdClass::$track_links_retention in /home/u607641063/domains/antenorefilhos.com.br/public_html/links/themes/altum/views/partials/plans_plan_content.php on line 146
[27-Apr-2026 20:11:59 UTC] PHP Warning:  Undefined property: stdClass::$track_links_retention in /home/u607641063/domains/antenorefilhos.com.br/public_html/links/themes/altum/views/partials/plans_plan_content.php on line 147
[27-Apr-2026 20:11:59 UTC] PHP Warning:  Undefined property: stdClass::$force_splash_page_on_link in /home/u607641063/domains/antenorefilhos.com.br/public_html/links/themes/altum/views/partials/plans_plan_content.php on line 270
[27-Apr-2026 20:11:59 UTC] PHP Warning:  Undefined property: stdClass::$force_splash_page_on_biolink in /home/u607641063/domains/antenorefilhos.com.br/public_html/links/themes/altum/views/partials/plans_plan_content.php on line 270
[27-Apr-2026 20:11:59 UTC] PHP Warning:  Undefined property: stdClass::$force_splash_page_on_file in /home/u607641063/domains/antenorefilhos.com.br/public_html/links/themes/altum/views/partials/plans_plan_content.php on line 270
[27-Apr-2026 20:11:59 UTC] PHP Warning:  Undefined property: stdClass::$force_splash_page_on_static in /home/u607641063/domains/antenorefilhos.com.br/public_html/links/themes/altum/views/partials/plans_plan_content.php on line 270
[27-Apr-2026 20:11:59 UTC] PHP Warning:  Undefined property: stdClass::$force_splash_page_on_vcard in /home/u607641063/domains/antenorefilhos.com.br/public_html/links/themes/altum/views/partials/plans_plan_content.php on line 270
[27-Apr-2026 20:11:59 UTC] PHP Warning:  Undefined property: stdClass::$force_splash_page_on_event in /home/u607641063/domains/antenorefilhos.com.br/public_html/links/themes/altum/views/partials/plans_plan_content.php on line 270
[27-Apr-2026 20:11:59 UTC] PHP Warning:  Undefined property: stdClass::$dofollow_is_enabled in /home/u607641063/domains/antenorefilhos.com.br/public_html/links/themes/altum/views/partials/plans_plan_content.php on line 289
[27-Apr-2026 20:11:59 UTC] PHP Warning:  Undefined property: stdClass::$dofollow_is_enabled in /home/u607641063/domains/antenorefilhos.com.br/public_html/links/themes/altum/views/partials/plans_plan_content.php on line 295
[27-Apr-2026 20:11:59 UTC] PHP Warning:  Undefined property: stdClass::$custom_css_is_enabled in /home/u607641063/domains/antenorefilhos.com.br/public_html/links/themes/altum/views/partials/plans_plan_content.php on line 289
[27-Apr-2026 20:11:59 UTC] PHP Warning:  Undefined property: stdClass::$custom_css_is_enabled in /home/u607641063/domains/antenorefilhos.com.br/public_html/links/themes/altum/views/partials/plans_plan_content.php on line 295
[27-Apr-2026 20:11:59 UTC] PHP Warning:  Undefined property: stdClass::$custom_js_is_enabled in /home/u607641063/domains/antenorefilhos.com.br/public_html/links/themes/altum/views/partials/plans_plan_content.php on line 289
[27-Apr-2026 20:11:59 UTC] PHP Warning:  Undefined property: stdClass::$custom_js_is_enabled in /home/u607641063/domains/antenorefilhos.com.br/public_html/links/themes/altum/views/partials/plans_plan_content.php on line 295
[27-Apr-2026 20:11:59 UTC] PHP Warning:  Undefined property: stdClass::$cloaking_is_enabled in /home/u607641063/domains/antenorefilhos.com.br/public_html/links/themes/altum/views/partials/plans_plan_content.php on line 289
[27-Apr-2026 20:11:59 UTC] PHP Warning:  Undefined property: stdClass::$cloaking_is_enabled in /home/u607641063/domains/antenorefilhos.com.br/public_html/links/themes/altum/views/partials/plans_plan_content.php on line 295
[27-Apr-2026 20:11:59 UTC] PHP Warning:  Undefined property: stdClass::$app_linking_is_enabled in /home/u607641063/domains/antenorefilhos.com.br/public_html/links/themes/altum/views/partials/plans_plan_content.php on line 289
[27-Apr-2026 20:11:59 UTC] PHP Warning:  Undefined property: stdClass::$app_linking_is_enabled in /home/u607641063/domains/antenorefilhos.com.br/public_html/links/themes/altum/views/partials/plans_plan_content.php on line 295
[27-Apr-2026 20:11:59 UTC] PHP Warning:  Undefined property: stdClass::$targeting_is_enabled in /home/u607641063/domains/antenorefilhos.com.br/public_html/links/themes/altum/views/partials/plans_plan_content.php on line 289
[27-Apr-2026 20:11:59 UTC] PHP Warning:  Undefined property: stdClass::$targeting_is_enabled in /home/u607641063/domains/antenorefilhos.com.br/public_html/links/themes/altum/views/partials/plans_plan_content.php on line 295
[27-Apr-2026 20:11:59 UTC] PHP Warning:  Undefined property: stdClass::$translations in /home/u607641063/domains/antenorefilhos.com.br/public_html/links/themes/altum/views/partials/plans.php on line 249
[27-Apr-2026 20:11:59 UTC] PHP Warning:  Attempt to read property "english" on null in /home/u607641063/domains/antenorefilhos.com.br/public_html/links/themes/altum/views/partials/plans.php on line 249
[27-Apr-2026 20:11:59 UTC] PHP Warning:  Attempt to read property "name" on null in /home/u607641063/domains/antenorefilhos.com.br/public_html/links/themes/altum/views/partials/plans.php on line 249
[27-Apr-2026 23:11:07 UTC] PHP Warning:  Undefined property: stdClass::$biolink_is_enabled in /home/u607641063/domains/antenorefilhos.com.br/public_html/links/themes/altum/views/l/biolink_blocks/phone_collector.php on line 69
[27-Apr-2026 23:44:36 UTC] PHP Warning:  Attempt to read property "plan_settings" on null in /home/u607641063/domains/antenorefilhos.com.br/public_html/links/themes/altum/views/directory/index.php on line 23
[27-Apr-2026 23:44:36 UTC] PHP Warning:  Attempt to read property "export" on null in /home/u607641063/domains/antenorefilhos.com.br/public_html/links/themes/altum/views/directory/index.php on line 23
[27-Apr-2026 23:44:36 UTC] PHP Warning:  Attempt to read property "csv" on null in /home/u607641063/domains/antenorefilhos.com.br/public_html/links/themes/altum/views/directory/index.php on line 23
[27-Apr-2026 23:44:36 UTC] PHP Warning:  Attempt to read property "plan_settings" on null in /home/u607641063/domains/antenorefilhos.com.br/public_html/links/themes/altum/views/directory/index.php on line 26
[27-Apr-2026 23:44:36 UTC] PHP Warning:  Attempt to read property "export" on null in /home/u607641063/domains/antenorefilhos.com.br/public_html/links/themes/altum/views/directory/index.php on line 26
[27-Apr-2026 23:44:36 UTC] PHP Warning:  Attempt to read property "json" on null in /home/u607641063/domains/antenorefilhos.com.br/public_html/links/themes/altum/views/directory/index.php on line 26
[27-Apr-2026 23:44:36 UTC] PHP Warning:  Attempt to read property "plan_settings" on null in /home/u607641063/domains/antenorefilhos.com.br/public_html/links/themes/altum/views/directory/index.php on line 29
[27-Apr-2026 23:44:36 UTC] PHP Warning:  Attempt to read property "export" on null in /home/u607641063/domains/antenorefilhos.com.br/public_html/links/themes/altum/views/directory/index.php on line 29
[27-Apr-2026 23:44:36 UTC] PHP Warning:  Attempt to read property "pdf" on null in /home/u607641063/domains/antenorefilhos.com.br/public_html/links/themes/altum/views/directory/index.php on line 29
