[10-May-2026 00:03:36 UTC] PHP Warning:  Undefined property: stdClass::$last_submissions_is_enabled in /home/u607641063/domains/antenorefilhos.com.br/public_html/links/themes/altum/views/tools/tool_widget_frankfurt.php on line 26
[10-May-2026 00:03:36 UTC] PHP Warning:  Undefined property: stdClass::$last_submissions_is_enabled in /home/u607641063/domains/antenorefilhos.com.br/public_html/links/themes/altum/views/tools/tool_widget_frankfurt.php on line 26
[10-May-2026 00:03:36 UTC] PHP Warning:  Undefined property: stdClass::$last_submissions_is_enabled in /home/u607641063/domains/antenorefilhos.com.br/public_html/links/themes/altum/views/tools/tool_widget_frankfurt.php on line 26
[10-May-2026 00:03:36 UTC] PHP Warning:  Undefined property: stdClass::$last_submissions_is_enabled in /home/u607641063/domains/antenorefilhos.com.br/public_html/links/themes/altum/views/tools/tool_widget_frankfurt.php on line 26
[10-May-2026 00:19:30 UTC] PHP Warning:  Undefined property: stdClass::$last_submissions_is_enabled in /home/u607641063/domains/antenorefilhos.com.br/public_html/links/themes/altum/views/tools/tool_widget_frankfurt.php on line 26
[10-May-2026 00:19:30 UTC] PHP Warning:  Undefined property: stdClass::$last_submissions_is_enabled in /home/u607641063/domains/antenorefilhos.com.br/public_html/links/themes/altum/views/tools/tool_widget_frankfurt.php on line 26
[10-May-2026 00:19:30 UTC] PHP Warning:  Undefined property: stdClass::$last_submissions_is_enabled in /home/u607641063/domains/antenorefilhos.com.br/public_html/links/themes/altum/views/tools/tool_widget_frankfurt.php on line 26
[10-May-2026 00:19:30 UTC] PHP Warning:  Undefined property: stdClass::$last_submissions_is_enabled in /home/u607641063/domains/antenorefilhos.com.br/public_html/links/themes/altum/views/tools/tool_widget_frankfurt.php on line 26
[10-May-2026 00:20:00 UTC] PHP Warning:  Undefined property: stdClass::$color in /home/u607641063/domains/antenorefilhos.com.br/public_html/links/themes/altum/views/partials/plans.php on line 71
[10-May-2026 00:20:00 UTC] PHP Warning:  Undefined property: stdClass::$translations in /home/u607641063/domains/antenorefilhos.com.br/public_html/links/themes/altum/views/partials/plans.php on line 73
[10-May-2026 00:20:00 UTC] PHP Warning:  Attempt to read property "english" on null in /home/u607641063/domains/antenorefilhos.com.br/public_html/links/themes/altum/views/partials/plans.php on line 73
[10-May-2026 00:20:00 UTC] PHP Warning:  Attempt to read property "name" on null in /home/u607641063/domains/antenorefilhos.com.br/public_html/links/themes/altum/views/partials/plans.php on line 73
[10-May-2026 00:20:00 UTC] PHP Warning:  Undefined property: stdClass::$translations in /home/u607641063/domains/antenorefilhos.com.br/public_html/links/themes/altum/views/partials/plans.php on line 76
[10-May-2026 00:20:00 UTC] PHP Warning:  Attempt to read property "english" on null in /home/u607641063/domains/antenorefilhos.com.br/public_html/links/themes/altum/views/partials/plans.php on line 76
[10-May-2026 00:20:00 UTC] PHP Warning:  Attempt to read property "price" on null in /home/u607641063/domains/antenorefilhos.com.br/public_html/links/themes/altum/views/partials/plans.php on line 76
[10-May-2026 00:20:00 UTC] PHP Warning:  Undefined property: stdClass::$price in /home/u607641063/domains/antenorefilhos.com.br/public_html/links/themes/altum/views/partials/plans.php on line 76
[10-May-2026 00:20:00 UTC] PHP Warning:  Undefined property: stdClass::$translations in /home/u607641063/domains/antenorefilhos.com.br/public_html/links/themes/altum/views/partials/plans.php on line 79
[10-May-2026 00:20:00 UTC] PHP Warning:  Attempt to read property "english" on null in /home/u607641063/domains/antenorefilhos.com.br/public_html/links/themes/altum/views/partials/plans.php on line 79
[10-May-2026 00:20:00 UTC] PHP Warning:  Attempt to read property "description" on null in /home/u607641063/domains/antenorefilhos.com.br/public_html/links/themes/altum/views/partials/plans.php on line 79
[10-May-2026 00:20:00 UTC] PHP Warning:  Undefined property: stdClass::$description in /home/u607641063/domains/antenorefilhos.com.br/public_html/links/themes/altum/views/partials/plans.php on line 79
[10-May-2026 00:20:00 UTC] PHP Warning:  Undefined property: stdClass::$biolink_blocks_limit in /home/u607641063/domains/antenorefilhos.com.br/public_html/links/themes/altum/views/partials/plans_plan_content.php on line 15
[10-May-2026 00:20:00 UTC] PHP Warning:  Undefined property: stdClass::$biolink_blocks_limit in /home/u607641063/domains/antenorefilhos.com.br/public_html/links/themes/altum/views/partials/plans_plan_content.php on line 15
[10-May-2026 00:20:00 UTC] PHP Warning:  Undefined property: stdClass::$biolink_blocks_limit in /home/u607641063/domains/antenorefilhos.com.br/public_html/links/themes/altum/views/partials/plans_plan_content.php on line 16
[10-May-2026 00:20:00 UTC] PHP Warning:  Undefined property: stdClass::$links_bulk_limit in /home/u607641063/domains/antenorefilhos.com.br/public_html/links/themes/altum/views/partials/plans_plan_content.php on line 47
[10-May-2026 00:20:00 UTC] PHP Warning:  Undefined property: stdClass::$links_bulk_limit in /home/u607641063/domains/antenorefilhos.com.br/public_html/links/themes/altum/views/partials/plans_plan_content.php on line 47
[10-May-2026 00:20:00 UTC] PHP Warning:  Undefined property: stdClass::$links_bulk_limit in /home/u607641063/domains/antenorefilhos.com.br/public_html/links/themes/altum/views/partials/plans_plan_content.php on line 48
[10-May-2026 00:20:00 UTC] PHP Warning:  Undefined property: stdClass::$files_limit in /home/u607641063/domains/antenorefilhos.com.br/public_html/links/themes/altum/views/partials/plans_plan_content.php on line 54
[10-May-2026 00:20:00 UTC] PHP Warning:  Undefined property: stdClass::$files_limit in /home/u607641063/domains/antenorefilhos.com.br/public_html/links/themes/altum/views/partials/plans_plan_content.php on line 54
[10-May-2026 00:20:00 UTC] PHP Warning:  Undefined property: stdClass::$files_limit in /home/u607641063/domains/antenorefilhos.com.br/public_html/links/themes/altum/views/partials/plans_plan_content.php on line 55
[10-May-2026 00:20:00 UTC] PHP Warning:  Undefined property: stdClass::$vcards_limit in /home/u607641063/domains/antenorefilhos.com.br/public_html/links/themes/altum/views/partials/plans_plan_content.php on line 61
[10-May-2026 00:20:00 UTC] PHP Warning:  Undefined property: stdClass::$vcards_limit in /home/u607641063/domains/antenorefilhos.com.br/public_html/links/themes/altum/views/partials/plans_plan_content.php on line 61
[10-May-2026 00:20:00 UTC] PHP Warning:  Undefined property: stdClass::$vcards_limit in /home/u607641063/domains/antenorefilhos.com.br/public_html/links/themes/altum/views/partials/plans_plan_content.php on line 62
[10-May-2026 00:20:00 UTC] PHP Warning:  Undefined property: stdClass::$events_limit in /home/u607641063/domains/antenorefilhos.com.br/public_html/links/themes/altum/views/partials/plans_plan_content.php on line 68
[10-May-2026 00:20:00 UTC] PHP Warning:  Undefined property: stdClass::$events_limit in /home/u607641063/domains/antenorefilhos.com.br/public_html/links/themes/altum/views/partials/plans_plan_content.php on line 68
[10-May-2026 00:20:00 UTC] PHP Warning:  Undefined property: stdClass::$events_limit in /home/u607641063/domains/antenorefilhos.com.br/public_html/links/themes/altum/views/partials/plans_plan_content.php on line 69
[10-May-2026 00:20:00 UTC] PHP Warning:  Undefined property: stdClass::$static_limit in /home/u607641063/domains/antenorefilhos.com.br/public_html/links/themes/altum/views/partials/plans_plan_content.php on line 75
[10-May-2026 00:20:00 UTC] PHP Warning:  Undefined property: stdClass::$static_limit in /home/u607641063/domains/antenorefilhos.com.br/public_html/links/themes/altum/views/partials/plans_plan_content.php on line 75
[10-May-2026 00:20:00 UTC] PHP Warning:  Undefined property: stdClass::$static_limit in /home/u607641063/domains/antenorefilhos.com.br/public_html/links/themes/altum/views/partials/plans_plan_content.php on line 76
[10-May-2026 00:20:00 UTC] PHP Warning:  Undefined property: stdClass::$qr_codes_limit in /home/u607641063/domains/antenorefilhos.com.br/public_html/links/themes/altum/views/partials/plans_plan_content.php on line 82
[10-May-2026 00:20:00 UTC] PHP Warning:  Undefined property: stdClass::$qr_codes_limit in /home/u607641063/domains/antenorefilhos.com.br/public_html/links/themes/altum/views/partials/plans_plan_content.php on line 82
[10-May-2026 00:20:00 UTC] PHP Warning:  Undefined property: stdClass::$qr_codes_limit in /home/u607641063/domains/antenorefilhos.com.br/public_html/links/themes/altum/views/partials/plans_plan_content.php on line 83
[10-May-2026 00:20:00 UTC] PHP Warning:  Undefined property: stdClass::$qr_codes_bulk_limit in /home/u607641063/domains/antenorefilhos.com.br/public_html/links/themes/altum/views/partials/plans_plan_content.php on line 87
[10-May-2026 00:20:00 UTC] PHP Warning:  Undefined property: stdClass::$qr_codes_bulk_limit in /home/u607641063/domains/antenorefilhos.com.br/public_html/links/themes/altum/views/partials/plans_plan_content.php on line 87
[10-May-2026 00:20:00 UTC] PHP Warning:  Undefined property: stdClass::$qr_codes_bulk_limit in /home/u607641063/domains/antenorefilhos.com.br/public_html/links/themes/altum/views/partials/plans_plan_content.php on line 88
[10-May-2026 00:20:00 UTC] PHP Warning:  Undefined property: stdClass::$splash_pages_limit in /home/u607641063/domains/antenorefilhos.com.br/public_html/links/themes/altum/views/partials/plans_plan_content.php on line 101
[10-May-2026 00:20:00 UTC] PHP Warning:  Undefined property: stdClass::$splash_pages_limit in /home/u607641063/domains/antenorefilhos.com.br/public_html/links/themes/altum/views/partials/plans_plan_content.php on line 101
[10-May-2026 00:20:00 UTC] PHP Warning:  Undefined property: stdClass::$splash_pages_limit in /home/u607641063/domains/antenorefilhos.com.br/public_html/links/themes/altum/views/partials/plans_plan_content.php on line 102
[10-May-2026 00:20:00 UTC] PHP Warning:  Undefined property: stdClass::$track_links_retention in /home/u607641063/domains/antenorefilhos.com.br/public_html/links/themes/altum/views/partials/plans_plan_content.php on line 146
[10-May-2026 00:20:00 UTC] PHP Warning:  Undefined property: stdClass::$track_links_retention in /home/u607641063/domains/antenorefilhos.com.br/public_html/links/themes/altum/views/partials/plans_plan_content.php on line 146
[10-May-2026 00:20:00 UTC] PHP Warning:  Undefined property: stdClass::$track_links_retention in /home/u607641063/domains/antenorefilhos.com.br/public_html/links/themes/altum/views/partials/plans_plan_content.php on line 146
[10-May-2026 00:20:00 UTC] PHP Warning:  Undefined property: stdClass::$track_links_retention in /home/u607641063/domains/antenorefilhos.com.br/public_html/links/themes/altum/views/partials/plans_plan_content.php on line 146
[10-May-2026 00:20:00 UTC] PHP Warning:  Undefined property: stdClass::$track_links_retention in /home/u607641063/domains/antenorefilhos.com.br/public_html/links/themes/altum/views/partials/plans_plan_content.php on line 147
[10-May-2026 00:20:00 UTC] PHP Warning:  Undefined property: stdClass::$force_splash_page_on_link in /home/u607641063/domains/antenorefilhos.com.br/public_html/links/themes/altum/views/partials/plans_plan_content.php on line 270
[10-May-2026 00:20:00 UTC] PHP Warning:  Undefined property: stdClass::$force_splash_page_on_biolink in /home/u607641063/domains/antenorefilhos.com.br/public_html/links/themes/altum/views/partials/plans_plan_content.php on line 270
[10-May-2026 00:20:00 UTC] PHP Warning:  Undefined property: stdClass::$force_splash_page_on_file in /home/u607641063/domains/antenorefilhos.com.br/public_html/links/themes/altum/views/partials/plans_plan_content.php on line 270
[10-May-2026 00:20:00 UTC] PHP Warning:  Undefined property: stdClass::$force_splash_page_on_static in /home/u607641063/domains/antenorefilhos.com.br/public_html/links/themes/altum/views/partials/plans_plan_content.php on line 270
[10-May-2026 00:20:00 UTC] PHP Warning:  Undefined property: stdClass::$force_splash_page_on_vcard in /home/u607641063/domains/antenorefilhos.com.br/public_html/links/themes/altum/views/partials/plans_plan_content.php on line 270
[10-May-2026 00:20:00 UTC] PHP Warning:  Undefined property: stdClass::$force_splash_page_on_event in /home/u607641063/domains/antenorefilhos.com.br/public_html/links/themes/altum/views/partials/plans_plan_content.php on line 270
[10-May-2026 00:20:00 UTC] PHP Warning:  Undefined property: stdClass::$dofollow_is_enabled in /home/u607641063/domains/antenorefilhos.com.br/public_html/links/themes/altum/views/partials/plans_plan_content.php on line 289
[10-May-2026 00:20:00 UTC] PHP Warning:  Undefined property: stdClass::$dofollow_is_enabled in /home/u607641063/domains/antenorefilhos.com.br/public_html/links/themes/altum/views/partials/plans_plan_content.php on line 295
[10-May-2026 00:20:00 UTC] PHP Warning:  Undefined property: stdClass::$custom_css_is_enabled in /home/u607641063/domains/antenorefilhos.com.br/public_html/links/themes/altum/views/partials/plans_plan_content.php on line 289
[10-May-2026 00:20:00 UTC] PHP Warning:  Undefined property: stdClass::$custom_css_is_enabled in /home/u607641063/domains/antenorefilhos.com.br/public_html/links/themes/altum/views/partials/plans_plan_content.php on line 295
[10-May-2026 00:20:00 UTC] PHP Warning:  Undefined property: stdClass::$custom_js_is_enabled in /home/u607641063/domains/antenorefilhos.com.br/public_html/links/themes/altum/views/partials/plans_plan_content.php on line 289
[10-May-2026 00:20:00 UTC] PHP Warning:  Undefined property: stdClass::$custom_js_is_enabled in /home/u607641063/domains/antenorefilhos.com.br/public_html/links/themes/altum/views/partials/plans_plan_content.php on line 295
[10-May-2026 00:20:00 UTC] PHP Warning:  Undefined property: stdClass::$cloaking_is_enabled in /home/u607641063/domains/antenorefilhos.com.br/public_html/links/themes/altum/views/partials/plans_plan_content.php on line 289
[10-May-2026 00:20:00 UTC] PHP Warning:  Undefined property: stdClass::$cloaking_is_enabled in /home/u607641063/domains/antenorefilhos.com.br/public_html/links/themes/altum/views/partials/plans_plan_content.php on line 295
[10-May-2026 00:20:00 UTC] PHP Warning:  Undefined property: stdClass::$app_linking_is_enabled in /home/u607641063/domains/antenorefilhos.com.br/public_html/links/themes/altum/views/partials/plans_plan_content.php on line 289
[10-May-2026 00:20:00 UTC] PHP Warning:  Undefined property: stdClass::$app_linking_is_enabled in /home/u607641063/domains/antenorefilhos.com.br/public_html/links/themes/altum/views/partials/plans_plan_content.php on line 295
[10-May-2026 00:20:00 UTC] PHP Warning:  Undefined property: stdClass::$targeting_is_enabled in /home/u607641063/domains/antenorefilhos.com.br/public_html/links/themes/altum/views/partials/plans_plan_content.php on line 289
[10-May-2026 00:20:00 UTC] PHP Warning:  Undefined property: stdClass::$targeting_is_enabled in /home/u607641063/domains/antenorefilhos.com.br/public_html/links/themes/altum/views/partials/plans_plan_content.php on line 295
[10-May-2026 00:20:00 UTC] PHP Warning:  Undefined property: stdClass::$translations in /home/u607641063/domains/antenorefilhos.com.br/public_html/links/themes/altum/views/partials/plans.php on line 249
[10-May-2026 00:20:00 UTC] PHP Warning:  Attempt to read property "english" on null in /home/u607641063/domains/antenorefilhos.com.br/public_html/links/themes/altum/views/partials/plans.php on line 249
[10-May-2026 00:20:00 UTC] PHP Warning:  Attempt to read property "name" on null in /home/u607641063/domains/antenorefilhos.com.br/public_html/links/themes/altum/views/partials/plans.php on line 249
[10-May-2026 00:45:11 UTC] PHP Warning:  Undefined property: stdClass::$last_submissions_is_enabled in /home/u607641063/domains/antenorefilhos.com.br/public_html/links/themes/altum/views/tools/tool_widget_frankfurt.php on line 26
[10-May-2026 00:45:11 UTC] PHP Warning:  Undefined property: stdClass::$last_submissions_is_enabled in /home/u607641063/domains/antenorefilhos.com.br/public_html/links/themes/altum/views/tools/tool_widget_frankfurt.php on line 26
[10-May-2026 00:45:11 UTC] PHP Warning:  Undefined property: stdClass::$last_submissions_is_enabled in /home/u607641063/domains/antenorefilhos.com.br/public_html/links/themes/altum/views/tools/tool_widget_frankfurt.php on line 26
[10-May-2026 00:45:11 UTC] PHP Warning:  Undefined property: stdClass::$last_submissions_is_enabled in /home/u607641063/domains/antenorefilhos.com.br/public_html/links/themes/altum/views/tools/tool_widget_frankfurt.php on line 26
[10-May-2026 00:50:48 UTC] PHP Warning:  Undefined property: stdClass::$biolink_is_enabled in /home/u607641063/domains/antenorefilhos.com.br/public_html/links/themes/altum/views/l/biolink_blocks/phone_collector.php on line 69
[10-May-2026 01:37:35 UTC] PHP Warning:  Undefined property: stdClass::$last_submissions_is_enabled in /home/u607641063/domains/antenorefilhos.com.br/public_html/links/themes/altum/views/tools/tool_widget_frankfurt.php on line 26
[10-May-2026 01:37:35 UTC] PHP Warning:  Undefined property: stdClass::$last_submissions_is_enabled in /home/u607641063/domains/antenorefilhos.com.br/public_html/links/themes/altum/views/tools/tool_widget_frankfurt.php on line 26
[10-May-2026 01:37:35 UTC] PHP Warning:  Undefined property: stdClass::$last_submissions_is_enabled in /home/u607641063/domains/antenorefilhos.com.br/public_html/links/themes/altum/views/tools/tool_widget_frankfurt.php on line 26
[10-May-2026 01:37:35 UTC] PHP Warning:  Undefined property: stdClass::$last_submissions_is_enabled in /home/u607641063/domains/antenorefilhos.com.br/public_html/links/themes/altum/views/tools/tool_widget_frankfurt.php on line 26
[10-May-2026 03:10:53 UTC] PHP Warning:  Undefined property: stdClass::$last_submissions_is_enabled in /home/u607641063/domains/antenorefilhos.com.br/public_html/links/themes/altum/views/tools/tool_widget_frankfurt.php on line 26
[10-May-2026 03:10:53 UTC] PHP Warning:  Undefined property: stdClass::$last_submissions_is_enabled in /home/u607641063/domains/antenorefilhos.com.br/public_html/links/themes/altum/views/tools/tool_widget_frankfurt.php on line 26
[10-May-2026 03:10:53 UTC] PHP Warning:  Undefined property: stdClass::$last_submissions_is_enabled in /home/u607641063/domains/antenorefilhos.com.br/public_html/links/themes/altum/views/tools/tool_widget_frankfurt.php on line 26
[10-May-2026 03:10:53 UTC] PHP Warning:  Undefined property: stdClass::$last_submissions_is_enabled in /home/u607641063/domains/antenorefilhos.com.br/public_html/links/themes/altum/views/tools/tool_widget_frankfurt.php on line 26
[10-May-2026 03:10:53 UTC] PHP Warning:  Undefined property: stdClass::$last_submissions_is_enabled in /home/u607641063/domains/antenorefilhos.com.br/public_html/links/themes/altum/views/tools/tool_widget_frankfurt.php on line 26
[10-May-2026 03:11:15 UTC] PHP Warning:  Undefined property: stdClass::$last_submissions_is_enabled in /home/u607641063/domains/antenorefilhos.com.br/public_html/links/themes/altum/views/tools/tool_widget_frankfurt.php on line 26
[10-May-2026 03:11:15 UTC] PHP Warning:  Undefined property: stdClass::$last_submissions_is_enabled in /home/u607641063/domains/antenorefilhos.com.br/public_html/links/themes/altum/views/tools/tool_widget_frankfurt.php on line 26
[10-May-2026 03:11:15 UTC] PHP Warning:  Undefined property: stdClass::$last_submissions_is_enabled in /home/u607641063/domains/antenorefilhos.com.br/public_html/links/themes/altum/views/tools/tool_widget_frankfurt.php on line 26
[10-May-2026 03:11:15 UTC] PHP Warning:  Undefined property: stdClass::$last_submissions_is_enabled in /home/u607641063/domains/antenorefilhos.com.br/public_html/links/themes/altum/views/tools/tool_widget_frankfurt.php on line 26
[10-May-2026 03:44:08 UTC] PHP Warning:  Undefined property: stdClass::$last_submissions_is_enabled in /home/u607641063/domains/antenorefilhos.com.br/public_html/links/themes/altum/views/tools/tool_widget_frankfurt.php on line 26
[10-May-2026 03:44:08 UTC] PHP Warning:  Undefined property: stdClass::$last_submissions_is_enabled in /home/u607641063/domains/antenorefilhos.com.br/public_html/links/themes/altum/views/tools/tool_widget_frankfurt.php on line 26
[10-May-2026 03:44:08 UTC] PHP Warning:  Undefined property: stdClass::$last_submissions_is_enabled in /home/u607641063/domains/antenorefilhos.com.br/public_html/links/themes/altum/views/tools/tool_widget_frankfurt.php on line 26
[10-May-2026 03:44:08 UTC] PHP Warning:  Undefined property: stdClass::$last_submissions_is_enabled in /home/u607641063/domains/antenorefilhos.com.br/public_html/links/themes/altum/views/tools/tool_widget_frankfurt.php on line 26
[10-May-2026 04:15:04 UTC] PHP Warning:  Undefined property: stdClass::$last_submissions_is_enabled in /home/u607641063/domains/antenorefilhos.com.br/public_html/links/themes/altum/views/tools/tool_widget_frankfurt.php on line 26
[10-May-2026 04:15:04 UTC] PHP Warning:  Undefined property: stdClass::$last_submissions_is_enabled in /home/u607641063/domains/antenorefilhos.com.br/public_html/links/themes/altum/views/tools/tool_widget_frankfurt.php on line 26
[10-May-2026 04:15:04 UTC] PHP Warning:  Undefined property: stdClass::$last_submissions_is_enabled in /home/u607641063/domains/antenorefilhos.com.br/public_html/links/themes/altum/views/tools/tool_widget_frankfurt.php on line 26
[10-May-2026 04:15:04 UTC] PHP Warning:  Undefined property: stdClass::$last_submissions_is_enabled in /home/u607641063/domains/antenorefilhos.com.br/public_html/links/themes/altum/views/tools/tool_widget_frankfurt.php on line 26
[10-May-2026 04:15:04 UTC] PHP Warning:  Undefined property: stdClass::$last_submissions_is_enabled in /home/u607641063/domains/antenorefilhos.com.br/public_html/links/themes/altum/views/tools/tool_widget_frankfurt.php on line 26
[10-May-2026 04:15:04 UTC] PHP Warning:  Undefined property: stdClass::$last_submissions_is_enabled in /home/u607641063/domains/antenorefilhos.com.br/public_html/links/themes/altum/views/tools/tool_widget_frankfurt.php on line 26
[10-May-2026 04:15:04 UTC] PHP Warning:  Undefined property: stdClass::$last_submissions_is_enabled in /home/u607641063/domains/antenorefilhos.com.br/public_html/links/themes/altum/views/tools/tool_widget_frankfurt.php on line 26
[10-May-2026 04:15:04 UTC] PHP Warning:  Undefined property: stdClass::$last_submissions_is_enabled in /home/u607641063/domains/antenorefilhos.com.br/public_html/links/themes/altum/views/tools/tool_widget_frankfurt.php on line 26
[10-May-2026 04:28:46 UTC] PHP Warning:  Undefined property: stdClass::$last_submissions_is_enabled in /home/u607641063/domains/antenorefilhos.com.br/public_html/links/themes/altum/views/tools/tool_widget_frankfurt.php on line 26
[10-May-2026 04:28:46 UTC] PHP Warning:  Undefined property: stdClass::$last_submissions_is_enabled in /home/u607641063/domains/antenorefilhos.com.br/public_html/links/themes/altum/views/tools/tool_widget_frankfurt.php on line 26
[10-May-2026 04:28:46 UTC] PHP Warning:  Undefined property: stdClass::$last_submissions_is_enabled in /home/u607641063/domains/antenorefilhos.com.br/public_html/links/themes/altum/views/tools/tool_widget_frankfurt.php on line 26
[10-May-2026 04:28:46 UTC] PHP Warning:  Undefined property: stdClass::$last_submissions_is_enabled in /home/u607641063/domains/antenorefilhos.com.br/public_html/links/themes/altum/views/tools/tool_widget_frankfurt.php on line 26
[10-May-2026 04:28:46 UTC] PHP Warning:  Undefined property: stdClass::$last_submissions_is_enabled in /home/u607641063/domains/antenorefilhos.com.br/public_html/links/themes/altum/views/tools/tool_widget_frankfurt.php on line 26
[10-May-2026 04:28:46 UTC] PHP Warning:  Undefined property: stdClass::$last_submissions_is_enabled in /home/u607641063/domains/antenorefilhos.com.br/public_html/links/themes/altum/views/tools/tool_widget_frankfurt.php on line 26
[10-May-2026 04:51:01 UTC] PHP Warning:  Undefined property: stdClass::$last_submissions_is_enabled in /home/u607641063/domains/antenorefilhos.com.br/public_html/links/themes/altum/views/tools/tool_widget_frankfurt.php on line 26
[10-May-2026 04:51:01 UTC] PHP Warning:  Undefined property: stdClass::$last_submissions_is_enabled in /home/u607641063/domains/antenorefilhos.com.br/public_html/links/themes/altum/views/tools/tool_widget_frankfurt.php on line 26
[10-May-2026 04:51:01 UTC] PHP Warning:  Undefined property: stdClass::$last_submissions_is_enabled in /home/u607641063/domains/antenorefilhos.com.br/public_html/links/themes/altum/views/tools/tool_widget_frankfurt.php on line 26
[10-May-2026 04:51:01 UTC] PHP Warning:  Undefined property: stdClass::$last_submissions_is_enabled in /home/u607641063/domains/antenorefilhos.com.br/public_html/links/themes/altum/views/tools/tool_widget_frankfurt.php on line 26
[10-May-2026 04:55:28 UTC] PHP Warning:  Attempt to read property "plan_settings" on null in /home/u607641063/domains/antenorefilhos.com.br/public_html/links/themes/altum/views/directory/index.php on line 23
[10-May-2026 04:55:28 UTC] PHP Warning:  Attempt to read property "export" on null in /home/u607641063/domains/antenorefilhos.com.br/public_html/links/themes/altum/views/directory/index.php on line 23
[10-May-2026 04:55:28 UTC] PHP Warning:  Attempt to read property "csv" on null in /home/u607641063/domains/antenorefilhos.com.br/public_html/links/themes/altum/views/directory/index.php on line 23
[10-May-2026 04:55:28 UTC] PHP Warning:  Attempt to read property "plan_settings" on null in /home/u607641063/domains/antenorefilhos.com.br/public_html/links/themes/altum/views/directory/index.php on line 26
[10-May-2026 04:55:28 UTC] PHP Warning:  Attempt to read property "export" on null in /home/u607641063/domains/antenorefilhos.com.br/public_html/links/themes/altum/views/directory/index.php on line 26
[10-May-2026 04:55:28 UTC] PHP Warning:  Attempt to read property "json" on null in /home/u607641063/domains/antenorefilhos.com.br/public_html/links/themes/altum/views/directory/index.php on line 26
[10-May-2026 04:55:28 UTC] PHP Warning:  Attempt to read property "plan_settings" on null in /home/u607641063/domains/antenorefilhos.com.br/public_html/links/themes/altum/views/directory/index.php on line 29
[10-May-2026 04:55:28 UTC] PHP Warning:  Attempt to read property "export" on null in /home/u607641063/domains/antenorefilhos.com.br/public_html/links/themes/altum/views/directory/index.php on line 29
[10-May-2026 04:55:28 UTC] PHP Warning:  Attempt to read property "pdf" on null in /home/u607641063/domains/antenorefilhos.com.br/public_html/links/themes/altum/views/directory/index.php on line 29
[10-May-2026 06:35:55 UTC] PHP Warning:  Undefined property: stdClass::$last_submissions_is_enabled in /home/u607641063/domains/antenorefilhos.com.br/public_html/links/themes/altum/views/tools/tool_widget_frankfurt.php on line 26
[10-May-2026 06:35:55 UTC] PHP Warning:  Undefined property: stdClass::$last_submissions_is_enabled in /home/u607641063/domains/antenorefilhos.com.br/public_html/links/themes/altum/views/tools/tool_widget_frankfurt.php on line 26
[10-May-2026 06:35:55 UTC] PHP Warning:  Undefined property: stdClass::$last_submissions_is_enabled in /home/u607641063/domains/antenorefilhos.com.br/public_html/links/themes/altum/views/tools/tool_widget_frankfurt.php on line 26
[10-May-2026 06:35:55 UTC] PHP Warning:  Undefined property: stdClass::$last_submissions_is_enabled in /home/u607641063/domains/antenorefilhos.com.br/public_html/links/themes/altum/views/tools/tool_widget_frankfurt.php on line 26
[10-May-2026 06:38:00 UTC] PHP Warning:  Undefined property: stdClass::$last_submissions_is_enabled in /home/u607641063/domains/antenorefilhos.com.br/public_html/links/themes/altum/views/tools/tool_widget_frankfurt.php on line 26
[10-May-2026 06:38:00 UTC] PHP Warning:  Undefined property: stdClass::$last_submissions_is_enabled in /home/u607641063/domains/antenorefilhos.com.br/public_html/links/themes/altum/views/tools/tool_widget_frankfurt.php on line 26
[10-May-2026 06:38:00 UTC] PHP Warning:  Undefined property: stdClass::$last_submissions_is_enabled in /home/u607641063/domains/antenorefilhos.com.br/public_html/links/themes/altum/views/tools/tool_widget_frankfurt.php on line 26
[10-May-2026 06:38:00 UTC] PHP Warning:  Undefined property: stdClass::$last_submissions_is_enabled in /home/u607641063/domains/antenorefilhos.com.br/public_html/links/themes/altum/views/tools/tool_widget_frankfurt.php on line 26
[10-May-2026 07:04:46 UTC] PHP Warning:  Undefined property: stdClass::$last_submissions_is_enabled in /home/u607641063/domains/antenorefilhos.com.br/public_html/links/themes/altum/views/tools/tool_widget_frankfurt.php on line 26
[10-May-2026 07:04:46 UTC] PHP Warning:  Undefined property: stdClass::$last_submissions_is_enabled in /home/u607641063/domains/antenorefilhos.com.br/public_html/links/themes/altum/views/tools/tool_widget_frankfurt.php on line 26
[10-May-2026 07:04:46 UTC] PHP Warning:  Undefined property: stdClass::$last_submissions_is_enabled in /home/u607641063/domains/antenorefilhos.com.br/public_html/links/themes/altum/views/tools/tool_widget_frankfurt.php on line 26
[10-May-2026 07:04:46 UTC] PHP Warning:  Undefined property: stdClass::$last_submissions_is_enabled in /home/u607641063/domains/antenorefilhos.com.br/public_html/links/themes/altum/views/tools/tool_widget_frankfurt.php on line 26
[10-May-2026 07:47:45 UTC] PHP Warning:  Undefined property: stdClass::$last_submissions_is_enabled in /home/u607641063/domains/antenorefilhos.com.br/public_html/links/themes/altum/views/tools/tool_widget_frankfurt.php on line 26
[10-May-2026 07:47:45 UTC] PHP Warning:  Undefined property: stdClass::$last_submissions_is_enabled in /home/u607641063/domains/antenorefilhos.com.br/public_html/links/themes/altum/views/tools/tool_widget_frankfurt.php on line 26
[10-May-2026 07:47:45 UTC] PHP Warning:  Undefined property: stdClass::$last_submissions_is_enabled in /home/u607641063/domains/antenorefilhos.com.br/public_html/links/themes/altum/views/tools/tool_widget_frankfurt.php on line 26
[10-May-2026 07:47:45 UTC] PHP Warning:  Undefined property: stdClass::$last_submissions_is_enabled in /home/u607641063/domains/antenorefilhos.com.br/public_html/links/themes/altum/views/tools/tool_widget_frankfurt.php on line 26
[10-May-2026 07:56:42 UTC] PHP Warning:  Undefined property: stdClass::$last_submissions_is_enabled in /home/u607641063/domains/antenorefilhos.com.br/public_html/links/themes/altum/views/tools/tool_widget_frankfurt.php on line 26
[10-May-2026 07:56:42 UTC] PHP Warning:  Undefined property: stdClass::$last_submissions_is_enabled in /home/u607641063/domains/antenorefilhos.com.br/public_html/links/themes/altum/views/tools/tool_widget_frankfurt.php on line 26
[10-May-2026 07:56:42 UTC] PHP Warning:  Undefined property: stdClass::$last_submissions_is_enabled in /home/u607641063/domains/antenorefilhos.com.br/public_html/links/themes/altum/views/tools/tool_widget_frankfurt.php on line 26
[10-May-2026 07:56:42 UTC] PHP Warning:  Undefined property: stdClass::$last_submissions_is_enabled in /home/u607641063/domains/antenorefilhos.com.br/public_html/links/themes/altum/views/tools/tool_widget_frankfurt.php on line 26
[10-May-2026 07:56:42 UTC] PHP Warning:  Undefined property: stdClass::$last_submissions_is_enabled in /home/u607641063/domains/antenorefilhos.com.br/public_html/links/themes/altum/views/tools/tool_widget_frankfurt.php on line 26
[10-May-2026 07:56:42 UTC] PHP Warning:  Undefined property: stdClass::$last_submissions_is_enabled in /home/u607641063/domains/antenorefilhos.com.br/public_html/links/themes/altum/views/tools/tool_widget_frankfurt.php on line 26
[10-May-2026 07:56:42 UTC] PHP Warning:  Undefined property: stdClass::$last_submissions_is_enabled in /home/u607641063/domains/antenorefilhos.com.br/public_html/links/themes/altum/views/tools/tool_widget_frankfurt.php on line 26
[10-May-2026 07:56:42 UTC] PHP Warning:  Undefined property: stdClass::$last_submissions_is_enabled in /home/u607641063/domains/antenorefilhos.com.br/public_html/links/themes/altum/views/tools/tool_widget_frankfurt.php on line 26
[10-May-2026 09:15:51 UTC] PHP Warning:  Undefined property: stdClass::$last_submissions_is_enabled in /home/u607641063/domains/antenorefilhos.com.br/public_html/links/themes/altum/views/tools/tool_widget_frankfurt.php on line 26
[10-May-2026 09:15:51 UTC] PHP Warning:  Undefined property: stdClass::$last_submissions_is_enabled in /home/u607641063/domains/antenorefilhos.com.br/public_html/links/themes/altum/views/tools/tool_widget_frankfurt.php on line 26
[10-May-2026 09:15:51 UTC] PHP Warning:  Undefined property: stdClass::$last_submissions_is_enabled in /home/u607641063/domains/antenorefilhos.com.br/public_html/links/themes/altum/views/tools/tool_widget_frankfurt.php on line 26
[10-May-2026 09:15:51 UTC] PHP Warning:  Undefined property: stdClass::$last_submissions_is_enabled in /home/u607641063/domains/antenorefilhos.com.br/public_html/links/themes/altum/views/tools/tool_widget_frankfurt.php on line 26
[10-May-2026 09:15:51 UTC] PHP Warning:  Undefined property: stdClass::$last_submissions_is_enabled in /home/u607641063/domains/antenorefilhos.com.br/public_html/links/themes/altum/views/tools/tool_widget_frankfurt.php on line 26
[10-May-2026 09:15:51 UTC] PHP Warning:  Undefined property: stdClass::$last_submissions_is_enabled in /home/u607641063/domains/antenorefilhos.com.br/public_html/links/themes/altum/views/tools/tool_widget_frankfurt.php on line 26
[10-May-2026 09:15:51 UTC] PHP Warning:  Undefined property: stdClass::$last_submissions_is_enabled in /home/u607641063/domains/antenorefilhos.com.br/public_html/links/themes/altum/views/tools/tool_widget_frankfurt.php on line 26
[10-May-2026 09:15:51 UTC] PHP Warning:  Undefined property: stdClass::$last_submissions_is_enabled in /home/u607641063/domains/antenorefilhos.com.br/public_html/links/themes/altum/views/tools/tool_widget_frankfurt.php on line 26
[10-May-2026 11:31:34 UTC] PHP Warning:  Undefined property: stdClass::$last_submissions_is_enabled in /home/u607641063/domains/antenorefilhos.com.br/public_html/links/themes/altum/views/tools/tool_widget_frankfurt.php on line 26
[10-May-2026 11:31:34 UTC] PHP Warning:  Undefined property: stdClass::$last_submissions_is_enabled in /home/u607641063/domains/antenorefilhos.com.br/public_html/links/themes/altum/views/tools/tool_widget_frankfurt.php on line 26
[10-May-2026 11:31:34 UTC] PHP Warning:  Undefined property: stdClass::$last_submissions_is_enabled in /home/u607641063/domains/antenorefilhos.com.br/public_html/links/themes/altum/views/tools/tool_widget_frankfurt.php on line 26
[10-May-2026 11:31:34 UTC] PHP Warning:  Undefined property: stdClass::$last_submissions_is_enabled in /home/u607641063/domains/antenorefilhos.com.br/public_html/links/themes/altum/views/tools/tool_widget_frankfurt.php on line 26
[10-May-2026 11:31:34 UTC] PHP Warning:  Undefined property: stdClass::$last_submissions_is_enabled in /home/u607641063/domains/antenorefilhos.com.br/public_html/links/themes/altum/views/tools/tool_widget_frankfurt.php on line 26
[10-May-2026 11:31:34 UTC] PHP Warning:  Undefined property: stdClass::$last_submissions_is_enabled in /home/u607641063/domains/antenorefilhos.com.br/public_html/links/themes/altum/views/tools/tool_widget_frankfurt.php on line 26
[10-May-2026 11:31:38 UTC] PHP Warning:  Undefined property: stdClass::$last_submissions_is_enabled in /home/u607641063/domains/antenorefilhos.com.br/public_html/links/themes/altum/views/tools/tool_widget_frankfurt.php on line 26
[10-May-2026 11:31:38 UTC] PHP Warning:  Undefined property: stdClass::$last_submissions_is_enabled in /home/u607641063/domains/antenorefilhos.com.br/public_html/links/themes/altum/views/tools/tool_widget_frankfurt.php on line 26
[10-May-2026 11:31:38 UTC] PHP Warning:  Undefined property: stdClass::$last_submissions_is_enabled in /home/u607641063/domains/antenorefilhos.com.br/public_html/links/themes/altum/views/tools/tool_widget_frankfurt.php on line 26
[10-May-2026 11:31:38 UTC] PHP Warning:  Undefined property: stdClass::$last_submissions_is_enabled in /home/u607641063/domains/antenorefilhos.com.br/public_html/links/themes/altum/views/tools/tool_widget_frankfurt.php on line 26
[10-May-2026 12:10:16 UTC] PHP Warning:  Undefined property: stdClass::$last_submissions_is_enabled in /home/u607641063/domains/antenorefilhos.com.br/public_html/links/themes/altum/views/tools/tool_widget_frankfurt.php on line 26
[10-May-2026 12:10:16 UTC] PHP Warning:  Undefined property: stdClass::$last_submissions_is_enabled in /home/u607641063/domains/antenorefilhos.com.br/public_html/links/themes/altum/views/tools/tool_widget_frankfurt.php on line 26
[10-May-2026 12:10:16 UTC] PHP Warning:  Undefined property: stdClass::$last_submissions_is_enabled in /home/u607641063/domains/antenorefilhos.com.br/public_html/links/themes/altum/views/tools/tool_widget_frankfurt.php on line 26
[10-May-2026 12:10:16 UTC] PHP Warning:  Undefined property: stdClass::$last_submissions_is_enabled in /home/u607641063/domains/antenorefilhos.com.br/public_html/links/themes/altum/views/tools/tool_widget_frankfurt.php on line 26
[10-May-2026 13:07:21 UTC] PHP Warning:  Undefined property: stdClass::$last_submissions_is_enabled in /home/u607641063/domains/antenorefilhos.com.br/public_html/links/themes/altum/views/tools/tool_widget_frankfurt.php on line 26
[10-May-2026 13:07:21 UTC] PHP Warning:  Undefined property: stdClass::$last_submissions_is_enabled in /home/u607641063/domains/antenorefilhos.com.br/public_html/links/themes/altum/views/tools/tool_widget_frankfurt.php on line 26
[10-May-2026 13:07:21 UTC] PHP Warning:  Undefined property: stdClass::$last_submissions_is_enabled in /home/u607641063/domains/antenorefilhos.com.br/public_html/links/themes/altum/views/tools/tool_widget_frankfurt.php on line 26
[10-May-2026 13:07:21 UTC] PHP Warning:  Undefined property: stdClass::$last_submissions_is_enabled in /home/u607641063/domains/antenorefilhos.com.br/public_html/links/themes/altum/views/tools/tool_widget_frankfurt.php on line 26
[10-May-2026 13:07:21 UTC] PHP Warning:  Undefined property: stdClass::$last_submissions_is_enabled in /home/u607641063/domains/antenorefilhos.com.br/public_html/links/themes/altum/views/tools/tool_widget_frankfurt.php on line 26
[10-May-2026 13:31:57 UTC] PHP Warning:  Undefined property: stdClass::$biolink_is_enabled in /home/u607641063/domains/antenorefilhos.com.br/public_html/links/themes/altum/views/l/biolink_blocks/phone_collector.php on line 69
[10-May-2026 13:32:05 UTC] PHP Warning:  Undefined property: stdClass::$splash_page_id in /home/u607641063/domains/antenorefilhos.com.br/public_html/links/app/controllers/l/Link.php on line 129
[10-May-2026 13:32:05 UTC] PHP Warning:  Undefined property: stdClass::$password in /home/u607641063/domains/antenorefilhos.com.br/public_html/links/app/controllers/l/Link.php on line 194
[10-May-2026 13:32:05 UTC] PHP Warning:  Undefined property: stdClass::$sensitive_content in /home/u607641063/domains/antenorefilhos.com.br/public_html/links/app/controllers/l/Link.php on line 223
[10-May-2026 13:35:15 UTC] PHP Warning:  Undefined property: stdClass::$splash_page_id in /home/u607641063/domains/antenorefilhos.com.br/public_html/links/app/controllers/l/Link.php on line 129
[10-May-2026 13:35:15 UTC] PHP Warning:  Undefined property: stdClass::$password in /home/u607641063/domains/antenorefilhos.com.br/public_html/links/app/controllers/l/Link.php on line 194
[10-May-2026 13:35:15 UTC] PHP Warning:  Undefined property: stdClass::$sensitive_content in /home/u607641063/domains/antenorefilhos.com.br/public_html/links/app/controllers/l/Link.php on line 223
[10-May-2026 13:46:30 UTC] PHP Warning:  Undefined property: stdClass::$biolink_is_enabled in /home/u607641063/domains/antenorefilhos.com.br/public_html/links/themes/altum/views/l/biolink_blocks/phone_collector.php on line 69
[10-May-2026 13:46:30 UTC] PHP Warning:  Undefined property: stdClass::$biolink_is_enabled in /home/u607641063/domains/antenorefilhos.com.br/public_html/links/themes/altum/views/l/biolink_blocks/phone_collector.php on line 69
[10-May-2026 13:46:34 UTC] PHP Warning:  Undefined property: stdClass::$splash_page_id in /home/u607641063/domains/antenorefilhos.com.br/public_html/links/app/controllers/l/Link.php on line 129
[10-May-2026 13:46:34 UTC] PHP Warning:  Undefined property: stdClass::$password in /home/u607641063/domains/antenorefilhos.com.br/public_html/links/app/controllers/l/Link.php on line 194
[10-May-2026 13:46:34 UTC] PHP Warning:  Undefined property: stdClass::$sensitive_content in /home/u607641063/domains/antenorefilhos.com.br/public_html/links/app/controllers/l/Link.php on line 223
[10-May-2026 14:17:12 UTC] PHP Warning:  Undefined property: stdClass::$last_submissions_is_enabled in /home/u607641063/domains/antenorefilhos.com.br/public_html/links/themes/altum/views/tools/tool_widget_frankfurt.php on line 26
[10-May-2026 14:17:12 UTC] PHP Warning:  Undefined property: stdClass::$last_submissions_is_enabled in /home/u607641063/domains/antenorefilhos.com.br/public_html/links/themes/altum/views/tools/tool_widget_frankfurt.php on line 26
[10-May-2026 14:17:12 UTC] PHP Warning:  Undefined property: stdClass::$last_submissions_is_enabled in /home/u607641063/domains/antenorefilhos.com.br/public_html/links/themes/altum/views/tools/tool_widget_frankfurt.php on line 26
[10-May-2026 14:17:12 UTC] PHP Warning:  Undefined property: stdClass::$last_submissions_is_enabled in /home/u607641063/domains/antenorefilhos.com.br/public_html/links/themes/altum/views/tools/tool_widget_frankfurt.php on line 26
[10-May-2026 14:17:12 UTC] PHP Warning:  Undefined property: stdClass::$last_submissions_is_enabled in /home/u607641063/domains/antenorefilhos.com.br/public_html/links/themes/altum/views/tools/tool_widget_frankfurt.php on line 26
[10-May-2026 15:00:56 UTC] PHP Warning:  Undefined property: stdClass::$splash_page_id in /home/u607641063/domains/antenorefilhos.com.br/public_html/links/app/controllers/l/Link.php on line 129
[10-May-2026 15:00:56 UTC] PHP Warning:  Undefined property: stdClass::$password in /home/u607641063/domains/antenorefilhos.com.br/public_html/links/app/controllers/l/Link.php on line 194
[10-May-2026 15:00:56 UTC] PHP Warning:  Undefined property: stdClass::$sensitive_content in /home/u607641063/domains/antenorefilhos.com.br/public_html/links/app/controllers/l/Link.php on line 223
[10-May-2026 15:15:48 UTC] PHP Warning:  Undefined property: stdClass::$biolink_is_enabled in /home/u607641063/domains/antenorefilhos.com.br/public_html/links/themes/altum/views/l/biolink_blocks/phone_collector.php on line 69
[10-May-2026 15:15:53 UTC] PHP Warning:  Undefined property: stdClass::$splash_page_id in /home/u607641063/domains/antenorefilhos.com.br/public_html/links/app/controllers/l/Link.php on line 129
[10-May-2026 15:15:53 UTC] PHP Warning:  Undefined property: stdClass::$password in /home/u607641063/domains/antenorefilhos.com.br/public_html/links/app/controllers/l/Link.php on line 194
[10-May-2026 15:15:53 UTC] PHP Warning:  Undefined property: stdClass::$sensitive_content in /home/u607641063/domains/antenorefilhos.com.br/public_html/links/app/controllers/l/Link.php on line 223
[10-May-2026 17:19:06 UTC] PHP Warning:  Undefined property: stdClass::$biolink_is_enabled in /home/u607641063/domains/antenorefilhos.com.br/public_html/links/themes/altum/views/l/biolink_blocks/phone_collector.php on line 69
[10-May-2026 17:19:10 UTC] PHP Warning:  Undefined property: stdClass::$splash_page_id in /home/u607641063/domains/antenorefilhos.com.br/public_html/links/app/controllers/l/Link.php on line 129
[10-May-2026 17:19:10 UTC] PHP Warning:  Undefined property: stdClass::$password in /home/u607641063/domains/antenorefilhos.com.br/public_html/links/app/controllers/l/Link.php on line 194
[10-May-2026 17:19:10 UTC] PHP Warning:  Undefined property: stdClass::$sensitive_content in /home/u607641063/domains/antenorefilhos.com.br/public_html/links/app/controllers/l/Link.php on line 223
[10-May-2026 18:42:27 UTC] PHP Warning:  Undefined property: stdClass::$last_submissions_is_enabled in /home/u607641063/domains/antenorefilhos.com.br/public_html/links/themes/altum/views/tools/tool_widget_frankfurt.php on line 26
[10-May-2026 18:42:27 UTC] PHP Warning:  Undefined property: stdClass::$last_submissions_is_enabled in /home/u607641063/domains/antenorefilhos.com.br/public_html/links/themes/altum/views/tools/tool_widget_frankfurt.php on line 26
[10-May-2026 18:42:27 UTC] PHP Warning:  Undefined property: stdClass::$last_submissions_is_enabled in /home/u607641063/domains/antenorefilhos.com.br/public_html/links/themes/altum/views/tools/tool_widget_frankfurt.php on line 26
[10-May-2026 18:42:27 UTC] PHP Warning:  Undefined property: stdClass::$last_submissions_is_enabled in /home/u607641063/domains/antenorefilhos.com.br/public_html/links/themes/altum/views/tools/tool_widget_frankfurt.php on line 26
[10-May-2026 18:42:27 UTC] PHP Warning:  Undefined property: stdClass::$last_submissions_is_enabled in /home/u607641063/domains/antenorefilhos.com.br/public_html/links/themes/altum/views/tools/tool_widget_frankfurt.php on line 26
[10-May-2026 18:42:27 UTC] PHP Warning:  Undefined property: stdClass::$last_submissions_is_enabled in /home/u607641063/domains/antenorefilhos.com.br/public_html/links/themes/altum/views/tools/tool_widget_frankfurt.php on line 26
[10-May-2026 18:42:27 UTC] PHP Warning:  Undefined property: stdClass::$last_submissions_is_enabled in /home/u607641063/domains/antenorefilhos.com.br/public_html/links/themes/altum/views/tools/tool_widget_frankfurt.php on line 26
[10-May-2026 18:42:27 UTC] PHP Warning:  Undefined property: stdClass::$last_submissions_is_enabled in /home/u607641063/domains/antenorefilhos.com.br/public_html/links/themes/altum/views/tools/tool_widget_frankfurt.php on line 26
[10-May-2026 19:53:05 UTC] PHP Warning:  Undefined property: stdClass::$biolink_is_enabled in /home/u607641063/domains/antenorefilhos.com.br/public_html/links/themes/altum/views/l/biolink_blocks/phone_collector.php on line 69
[10-May-2026 21:43:56 UTC] PHP Warning:  Undefined property: stdClass::$biolink_is_enabled in /home/u607641063/domains/antenorefilhos.com.br/public_html/links/themes/altum/views/l/biolink_blocks/phone_collector.php on line 69
[10-May-2026 21:44:01 UTC] PHP Warning:  Undefined property: stdClass::$splash_page_id in /home/u607641063/domains/antenorefilhos.com.br/public_html/links/app/controllers/l/Link.php on line 129
[10-May-2026 21:44:01 UTC] PHP Warning:  Undefined property: stdClass::$password in /home/u607641063/domains/antenorefilhos.com.br/public_html/links/app/controllers/l/Link.php on line 194
[10-May-2026 21:44:01 UTC] PHP Warning:  Undefined property: stdClass::$sensitive_content in /home/u607641063/domains/antenorefilhos.com.br/public_html/links/app/controllers/l/Link.php on line 223
[10-May-2026 22:27:28 UTC] PHP Warning:  Undefined property: stdClass::$last_submissions_is_enabled in /home/u607641063/domains/antenorefilhos.com.br/public_html/links/themes/altum/views/tools/tool_widget_frankfurt.php on line 26
[10-May-2026 22:27:28 UTC] PHP Warning:  Undefined property: stdClass::$last_submissions_is_enabled in /home/u607641063/domains/antenorefilhos.com.br/public_html/links/themes/altum/views/tools/tool_widget_frankfurt.php on line 26
[10-May-2026 22:27:28 UTC] PHP Warning:  Undefined property: stdClass::$last_submissions_is_enabled in /home/u607641063/domains/antenorefilhos.com.br/public_html/links/themes/altum/views/tools/tool_widget_frankfurt.php on line 26
[10-May-2026 22:27:28 UTC] PHP Warning:  Undefined property: stdClass::$last_submissions_is_enabled in /home/u607641063/domains/antenorefilhos.com.br/public_html/links/themes/altum/views/tools/tool_widget_frankfurt.php on line 26
