[18-Apr-2026 00:42:48 UTC] PHP Warning:  Undefined property: stdClass::$biolink_is_enabled in /home/u607641063/domains/antenorefilhos.com.br/public_html/links/themes/altum/views/l/biolink_blocks/phone_collector.php on line 69
[18-Apr-2026 00:42:56 UTC] PHP Warning:  Undefined property: stdClass::$splash_page_id in /home/u607641063/domains/antenorefilhos.com.br/public_html/links/app/controllers/l/Link.php on line 129
[18-Apr-2026 00:42:56 UTC] PHP Warning:  Undefined property: stdClass::$password in /home/u607641063/domains/antenorefilhos.com.br/public_html/links/app/controllers/l/Link.php on line 194
[18-Apr-2026 00:42:56 UTC] PHP Warning:  Undefined property: stdClass::$sensitive_content in /home/u607641063/domains/antenorefilhos.com.br/public_html/links/app/controllers/l/Link.php on line 223
[18-Apr-2026 02:57:59 UTC] PHP Warning:  Undefined property: stdClass::$biolink_is_enabled in /home/u607641063/domains/antenorefilhos.com.br/public_html/links/themes/altum/views/l/biolink_blocks/phone_collector.php on line 69
[18-Apr-2026 03:10:18 UTC] PHP Warning:  Undefined property: stdClass::$biolink_is_enabled in /home/u607641063/domains/antenorefilhos.com.br/public_html/links/themes/altum/views/l/biolink_blocks/phone_collector.php on line 69
[18-Apr-2026 03:43:55 UTC] PHP Warning:  Undefined property: stdClass::$biolink_is_enabled in /home/u607641063/domains/antenorefilhos.com.br/public_html/links/themes/altum/views/l/biolink_blocks/phone_collector.php on line 69
[18-Apr-2026 03:55:05 UTC] PHP Warning:  Undefined property: stdClass::$biolink_is_enabled in /home/u607641063/domains/antenorefilhos.com.br/public_html/links/themes/altum/views/l/biolink_blocks/phone_collector.php on line 69
[18-Apr-2026 03:55:06 UTC] PHP Warning:  Undefined property: stdClass::$biolink_is_enabled in /home/u607641063/domains/antenorefilhos.com.br/public_html/links/themes/altum/views/l/biolink_blocks/phone_collector.php on line 69
[18-Apr-2026 03:55:07 UTC] PHP Warning:  Undefined property: stdClass::$biolink_is_enabled in /home/u607641063/domains/antenorefilhos.com.br/public_html/links/themes/altum/views/l/biolink_blocks/phone_collector.php on line 69
[18-Apr-2026 03:55:08 UTC] PHP Warning:  Undefined property: stdClass::$biolink_is_enabled in /home/u607641063/domains/antenorefilhos.com.br/public_html/links/themes/altum/views/l/biolink_blocks/phone_collector.php on line 69
[18-Apr-2026 04:13:11 UTC] PHP Warning:  Undefined property: stdClass::$biolink_is_enabled in /home/u607641063/domains/antenorefilhos.com.br/public_html/links/themes/altum/views/l/biolink_blocks/phone_collector.php on line 69
[18-Apr-2026 04:13:11 UTC] PHP Warning:  Undefined property: stdClass::$biolink_is_enabled in /home/u607641063/domains/antenorefilhos.com.br/public_html/links/themes/altum/views/l/biolink_blocks/phone_collector.php on line 69
[18-Apr-2026 04:13:11 UTC] PHP Warning:  Undefined property: stdClass::$biolink_is_enabled in /home/u607641063/domains/antenorefilhos.com.br/public_html/links/themes/altum/views/l/biolink_blocks/phone_collector.php on line 69
[18-Apr-2026 04:13:12 UTC] PHP Warning:  Undefined property: stdClass::$biolink_is_enabled in /home/u607641063/domains/antenorefilhos.com.br/public_html/links/themes/altum/views/l/biolink_blocks/phone_collector.php on line 69
[18-Apr-2026 04:34:43 UTC] PHP Warning:  Attempt to read property "plan_settings" on null in /home/u607641063/domains/antenorefilhos.com.br/public_html/links/themes/altum/views/directory/index.php on line 23
[18-Apr-2026 04:34:43 UTC] PHP Warning:  Attempt to read property "export" on null in /home/u607641063/domains/antenorefilhos.com.br/public_html/links/themes/altum/views/directory/index.php on line 23
[18-Apr-2026 04:34:43 UTC] PHP Warning:  Attempt to read property "csv" on null in /home/u607641063/domains/antenorefilhos.com.br/public_html/links/themes/altum/views/directory/index.php on line 23
[18-Apr-2026 04:34:43 UTC] PHP Warning:  Attempt to read property "plan_settings" on null in /home/u607641063/domains/antenorefilhos.com.br/public_html/links/themes/altum/views/directory/index.php on line 26
[18-Apr-2026 04:34:43 UTC] PHP Warning:  Attempt to read property "export" on null in /home/u607641063/domains/antenorefilhos.com.br/public_html/links/themes/altum/views/directory/index.php on line 26
[18-Apr-2026 04:34:43 UTC] PHP Warning:  Attempt to read property "json" on null in /home/u607641063/domains/antenorefilhos.com.br/public_html/links/themes/altum/views/directory/index.php on line 26
[18-Apr-2026 04:34:43 UTC] PHP Warning:  Attempt to read property "plan_settings" on null in /home/u607641063/domains/antenorefilhos.com.br/public_html/links/themes/altum/views/directory/index.php on line 29
[18-Apr-2026 04:34:43 UTC] PHP Warning:  Attempt to read property "export" on null in /home/u607641063/domains/antenorefilhos.com.br/public_html/links/themes/altum/views/directory/index.php on line 29
[18-Apr-2026 04:34:43 UTC] PHP Warning:  Attempt to read property "pdf" on null in /home/u607641063/domains/antenorefilhos.com.br/public_html/links/themes/altum/views/directory/index.php on line 29
[18-Apr-2026 06:22:53 UTC] PHP Warning:  Undefined property: stdClass::$biolink_is_enabled in /home/u607641063/domains/antenorefilhos.com.br/public_html/links/themes/altum/views/l/biolink_blocks/phone_collector.php on line 69
[18-Apr-2026 06:22:58 UTC] PHP Warning:  Undefined property: stdClass::$splash_page_id in /home/u607641063/domains/antenorefilhos.com.br/public_html/links/app/controllers/l/Link.php on line 129
[18-Apr-2026 06:22:58 UTC] PHP Warning:  Undefined property: stdClass::$password in /home/u607641063/domains/antenorefilhos.com.br/public_html/links/app/controllers/l/Link.php on line 194
[18-Apr-2026 06:22:58 UTC] PHP Warning:  Undefined property: stdClass::$sensitive_content in /home/u607641063/domains/antenorefilhos.com.br/public_html/links/app/controllers/l/Link.php on line 223
[18-Apr-2026 06:31:25 UTC] PHP Warning:  Undefined property: stdClass::$biolink_is_enabled in /home/u607641063/domains/antenorefilhos.com.br/public_html/links/themes/altum/views/l/biolink_blocks/phone_collector.php on line 69
[18-Apr-2026 11:19:07 UTC] PHP Warning:  Undefined property: stdClass::$splash_page_id in /home/u607641063/domains/antenorefilhos.com.br/public_html/links/app/controllers/l/Link.php on line 129
[18-Apr-2026 11:19:07 UTC] PHP Warning:  Undefined property: stdClass::$password in /home/u607641063/domains/antenorefilhos.com.br/public_html/links/app/controllers/l/Link.php on line 194
[18-Apr-2026 11:19:07 UTC] PHP Warning:  Undefined property: stdClass::$sensitive_content in /home/u607641063/domains/antenorefilhos.com.br/public_html/links/app/controllers/l/Link.php on line 223
[18-Apr-2026 11:51:30 UTC] PHP Warning:  Undefined property: stdClass::$biolink_is_enabled in /home/u607641063/domains/antenorefilhos.com.br/public_html/links/themes/altum/views/l/biolink_blocks/phone_collector.php on line 69
[18-Apr-2026 11:51:32 UTC] PHP Warning:  Undefined property: stdClass::$splash_page_id in /home/u607641063/domains/antenorefilhos.com.br/public_html/links/app/controllers/l/Link.php on line 129
[18-Apr-2026 11:51:32 UTC] PHP Warning:  Undefined property: stdClass::$password in /home/u607641063/domains/antenorefilhos.com.br/public_html/links/app/controllers/l/Link.php on line 194
[18-Apr-2026 11:51:32 UTC] PHP Warning:  Undefined property: stdClass::$sensitive_content in /home/u607641063/domains/antenorefilhos.com.br/public_html/links/app/controllers/l/Link.php on line 223
[18-Apr-2026 11:52:57 UTC] PHP Warning:  Undefined property: stdClass::$splash_page_id in /home/u607641063/domains/antenorefilhos.com.br/public_html/links/app/controllers/l/Link.php on line 129
[18-Apr-2026 11:52:57 UTC] PHP Warning:  Undefined property: stdClass::$password in /home/u607641063/domains/antenorefilhos.com.br/public_html/links/app/controllers/l/Link.php on line 194
[18-Apr-2026 11:52:57 UTC] PHP Warning:  Undefined property: stdClass::$sensitive_content in /home/u607641063/domains/antenorefilhos.com.br/public_html/links/app/controllers/l/Link.php on line 223
[18-Apr-2026 12:10:53 UTC] PHP Warning:  Undefined property: stdClass::$biolink_is_enabled in /home/u607641063/domains/antenorefilhos.com.br/public_html/links/themes/altum/views/l/biolink_blocks/phone_collector.php on line 69
[18-Apr-2026 12:10:56 UTC] PHP Warning:  Undefined property: stdClass::$splash_page_id in /home/u607641063/domains/antenorefilhos.com.br/public_html/links/app/controllers/l/Link.php on line 129
[18-Apr-2026 12:10:56 UTC] PHP Warning:  Undefined property: stdClass::$password in /home/u607641063/domains/antenorefilhos.com.br/public_html/links/app/controllers/l/Link.php on line 194
[18-Apr-2026 12:10:56 UTC] PHP Warning:  Undefined property: stdClass::$sensitive_content in /home/u607641063/domains/antenorefilhos.com.br/public_html/links/app/controllers/l/Link.php on line 223
[18-Apr-2026 13:19:55 UTC] PHP Warning:  Undefined property: stdClass::$biolink_is_enabled in /home/u607641063/domains/antenorefilhos.com.br/public_html/links/themes/altum/views/l/biolink_blocks/phone_collector.php on line 69
[18-Apr-2026 13:20:05 UTC] PHP Warning:  Undefined property: stdClass::$splash_page_id in /home/u607641063/domains/antenorefilhos.com.br/public_html/links/app/controllers/l/Link.php on line 129
[18-Apr-2026 13:20:05 UTC] PHP Warning:  Undefined property: stdClass::$password in /home/u607641063/domains/antenorefilhos.com.br/public_html/links/app/controllers/l/Link.php on line 194
[18-Apr-2026 13:20:05 UTC] PHP Warning:  Undefined property: stdClass::$sensitive_content in /home/u607641063/domains/antenorefilhos.com.br/public_html/links/app/controllers/l/Link.php on line 223
[18-Apr-2026 13:30:55 UTC] PHP Warning:  Undefined property: stdClass::$biolink_is_enabled in /home/u607641063/domains/antenorefilhos.com.br/public_html/links/themes/altum/views/l/biolink_blocks/phone_collector.php on line 69
[18-Apr-2026 13:31:01 UTC] PHP Warning:  Undefined property: stdClass::$splash_page_id in /home/u607641063/domains/antenorefilhos.com.br/public_html/links/app/controllers/l/Link.php on line 129
[18-Apr-2026 13:31:01 UTC] PHP Warning:  Undefined property: stdClass::$password in /home/u607641063/domains/antenorefilhos.com.br/public_html/links/app/controllers/l/Link.php on line 194
[18-Apr-2026 13:31:01 UTC] PHP Warning:  Undefined property: stdClass::$sensitive_content in /home/u607641063/domains/antenorefilhos.com.br/public_html/links/app/controllers/l/Link.php on line 223
[18-Apr-2026 13:33:33 UTC] PHP Warning:  Undefined property: stdClass::$biolink_is_enabled in /home/u607641063/domains/antenorefilhos.com.br/public_html/links/themes/altum/views/l/biolink_blocks/phone_collector.php on line 69
[18-Apr-2026 14:48:27 UTC] PHP Warning:  Undefined property: stdClass::$biolink_is_enabled in /home/u607641063/domains/antenorefilhos.com.br/public_html/links/themes/altum/views/l/biolink_blocks/phone_collector.php on line 69
[18-Apr-2026 14:48:43 UTC] PHP Warning:  Undefined property: stdClass::$splash_page_id in /home/u607641063/domains/antenorefilhos.com.br/public_html/links/app/controllers/l/Link.php on line 129
[18-Apr-2026 14:48:43 UTC] PHP Warning:  Undefined property: stdClass::$password in /home/u607641063/domains/antenorefilhos.com.br/public_html/links/app/controllers/l/Link.php on line 194
[18-Apr-2026 14:48:43 UTC] PHP Warning:  Undefined property: stdClass::$sensitive_content in /home/u607641063/domains/antenorefilhos.com.br/public_html/links/app/controllers/l/Link.php on line 223
[18-Apr-2026 14:48:52 UTC] PHP Warning:  Undefined property: stdClass::$biolink_is_enabled in /home/u607641063/domains/antenorefilhos.com.br/public_html/links/themes/altum/views/l/biolink_blocks/phone_collector.php on line 69
[18-Apr-2026 14:48:57 UTC] PHP Warning:  Undefined property: stdClass::$splash_page_id in /home/u607641063/domains/antenorefilhos.com.br/public_html/links/app/controllers/l/Link.php on line 129
[18-Apr-2026 14:48:57 UTC] PHP Warning:  Undefined property: stdClass::$password in /home/u607641063/domains/antenorefilhos.com.br/public_html/links/app/controllers/l/Link.php on line 194
[18-Apr-2026 14:48:57 UTC] PHP Warning:  Undefined property: stdClass::$sensitive_content in /home/u607641063/domains/antenorefilhos.com.br/public_html/links/app/controllers/l/Link.php on line 223
[18-Apr-2026 15:08:14 UTC] PHP Warning:  Attempt to read property "plan_settings" on null in /home/u607641063/domains/antenorefilhos.com.br/public_html/links/themes/altum/views/directory/index.php on line 23
[18-Apr-2026 15:08:14 UTC] PHP Warning:  Attempt to read property "export" on null in /home/u607641063/domains/antenorefilhos.com.br/public_html/links/themes/altum/views/directory/index.php on line 23
[18-Apr-2026 15:08:14 UTC] PHP Warning:  Attempt to read property "csv" on null in /home/u607641063/domains/antenorefilhos.com.br/public_html/links/themes/altum/views/directory/index.php on line 23
[18-Apr-2026 15:08:14 UTC] PHP Warning:  Attempt to read property "plan_settings" on null in /home/u607641063/domains/antenorefilhos.com.br/public_html/links/themes/altum/views/directory/index.php on line 26
[18-Apr-2026 15:08:14 UTC] PHP Warning:  Attempt to read property "export" on null in /home/u607641063/domains/antenorefilhos.com.br/public_html/links/themes/altum/views/directory/index.php on line 26
[18-Apr-2026 15:08:14 UTC] PHP Warning:  Attempt to read property "json" on null in /home/u607641063/domains/antenorefilhos.com.br/public_html/links/themes/altum/views/directory/index.php on line 26
[18-Apr-2026 15:08:14 UTC] PHP Warning:  Attempt to read property "plan_settings" on null in /home/u607641063/domains/antenorefilhos.com.br/public_html/links/themes/altum/views/directory/index.php on line 29
[18-Apr-2026 15:08:14 UTC] PHP Warning:  Attempt to read property "export" on null in /home/u607641063/domains/antenorefilhos.com.br/public_html/links/themes/altum/views/directory/index.php on line 29
[18-Apr-2026 15:08:14 UTC] PHP Warning:  Attempt to read property "pdf" on null in /home/u607641063/domains/antenorefilhos.com.br/public_html/links/themes/altum/views/directory/index.php on line 29
[18-Apr-2026 15:15:08 UTC] PHP Warning:  Undefined property: stdClass::$biolink_is_enabled in /home/u607641063/domains/antenorefilhos.com.br/public_html/links/themes/altum/views/l/biolink_blocks/phone_collector.php on line 69
[18-Apr-2026 15:15:12 UTC] PHP Warning:  Undefined property: stdClass::$splash_page_id in /home/u607641063/domains/antenorefilhos.com.br/public_html/links/app/controllers/l/Link.php on line 129
[18-Apr-2026 15:15:12 UTC] PHP Warning:  Undefined property: stdClass::$password in /home/u607641063/domains/antenorefilhos.com.br/public_html/links/app/controllers/l/Link.php on line 194
[18-Apr-2026 15:15:12 UTC] PHP Warning:  Undefined property: stdClass::$sensitive_content in /home/u607641063/domains/antenorefilhos.com.br/public_html/links/app/controllers/l/Link.php on line 223
[18-Apr-2026 15:30:34 UTC] PHP Warning:  Undefined property: stdClass::$biolink_is_enabled in /home/u607641063/domains/antenorefilhos.com.br/public_html/links/themes/altum/views/l/biolink_blocks/phone_collector.php on line 69
[18-Apr-2026 15:34:36 UTC] PHP Warning:  Undefined property: stdClass::$biolink_is_enabled in /home/u607641063/domains/antenorefilhos.com.br/public_html/links/themes/altum/views/l/biolink_blocks/phone_collector.php on line 69
[18-Apr-2026 15:34:40 UTC] PHP Warning:  Undefined property: stdClass::$splash_page_id in /home/u607641063/domains/antenorefilhos.com.br/public_html/links/app/controllers/l/Link.php on line 129
[18-Apr-2026 15:34:40 UTC] PHP Warning:  Undefined property: stdClass::$password in /home/u607641063/domains/antenorefilhos.com.br/public_html/links/app/controllers/l/Link.php on line 194
[18-Apr-2026 15:34:40 UTC] PHP Warning:  Undefined property: stdClass::$sensitive_content in /home/u607641063/domains/antenorefilhos.com.br/public_html/links/app/controllers/l/Link.php on line 223
[18-Apr-2026 15:42:18 UTC] PHP Warning:  Undefined property: stdClass::$biolink_is_enabled in /home/u607641063/domains/antenorefilhos.com.br/public_html/links/themes/altum/views/l/biolink_blocks/phone_collector.php on line 69
[18-Apr-2026 15:42:24 UTC] PHP Warning:  Undefined property: stdClass::$splash_page_id in /home/u607641063/domains/antenorefilhos.com.br/public_html/links/app/controllers/l/Link.php on line 129
[18-Apr-2026 15:42:24 UTC] PHP Warning:  Undefined property: stdClass::$password in /home/u607641063/domains/antenorefilhos.com.br/public_html/links/app/controllers/l/Link.php on line 194
[18-Apr-2026 15:42:24 UTC] PHP Warning:  Undefined property: stdClass::$sensitive_content in /home/u607641063/domains/antenorefilhos.com.br/public_html/links/app/controllers/l/Link.php on line 223
[18-Apr-2026 16:13:34 UTC] PHP Warning:  Undefined property: stdClass::$splash_page_id in /home/u607641063/domains/antenorefilhos.com.br/public_html/links/app/controllers/l/Link.php on line 129
[18-Apr-2026 16:13:34 UTC] PHP Warning:  Undefined property: stdClass::$password in /home/u607641063/domains/antenorefilhos.com.br/public_html/links/app/controllers/l/Link.php on line 194
[18-Apr-2026 16:13:34 UTC] PHP Warning:  Undefined property: stdClass::$sensitive_content in /home/u607641063/domains/antenorefilhos.com.br/public_html/links/app/controllers/l/Link.php on line 223
[18-Apr-2026 18:01:11 UTC] PHP Warning:  Undefined property: stdClass::$biolink_is_enabled in /home/u607641063/domains/antenorefilhos.com.br/public_html/links/themes/altum/views/l/biolink_blocks/phone_collector.php on line 69
[18-Apr-2026 18:01:14 UTC] PHP Warning:  Undefined property: stdClass::$splash_page_id in /home/u607641063/domains/antenorefilhos.com.br/public_html/links/app/controllers/l/Link.php on line 129
[18-Apr-2026 18:01:14 UTC] PHP Warning:  Undefined property: stdClass::$password in /home/u607641063/domains/antenorefilhos.com.br/public_html/links/app/controllers/l/Link.php on line 194
[18-Apr-2026 18:01:14 UTC] PHP Warning:  Undefined property: stdClass::$sensitive_content in /home/u607641063/domains/antenorefilhos.com.br/public_html/links/app/controllers/l/Link.php on line 223
[18-Apr-2026 19:02:43 UTC] PHP Warning:  Undefined property: stdClass::$last_submissions_is_enabled in /home/u607641063/domains/antenorefilhos.com.br/public_html/links/themes/altum/views/tools/tool_widget_frankfurt.php on line 26
[18-Apr-2026 19:02:43 UTC] PHP Warning:  Undefined property: stdClass::$last_submissions_is_enabled in /home/u607641063/domains/antenorefilhos.com.br/public_html/links/themes/altum/views/tools/tool_widget_frankfurt.php on line 26
[18-Apr-2026 19:02:43 UTC] PHP Warning:  Undefined property: stdClass::$last_submissions_is_enabled in /home/u607641063/domains/antenorefilhos.com.br/public_html/links/themes/altum/views/tools/tool_widget_frankfurt.php on line 26
[18-Apr-2026 19:02:43 UTC] PHP Warning:  Undefined property: stdClass::$last_submissions_is_enabled in /home/u607641063/domains/antenorefilhos.com.br/public_html/links/themes/altum/views/tools/tool_widget_frankfurt.php on line 26
[18-Apr-2026 19:02:43 UTC] PHP Warning:  Undefined property: stdClass::$last_submissions_is_enabled in /home/u607641063/domains/antenorefilhos.com.br/public_html/links/themes/altum/views/tools/tool_widget_frankfurt.php on line 26
[18-Apr-2026 19:02:43 UTC] PHP Warning:  Undefined property: stdClass::$last_submissions_is_enabled in /home/u607641063/domains/antenorefilhos.com.br/public_html/links/themes/altum/views/tools/tool_widget_frankfurt.php on line 26
[18-Apr-2026 19:02:43 UTC] PHP Warning:  Undefined property: stdClass::$last_submissions_is_enabled in /home/u607641063/domains/antenorefilhos.com.br/public_html/links/themes/altum/views/tools/tool_widget_frankfurt.php on line 26
[18-Apr-2026 19:02:43 UTC] PHP Warning:  Undefined property: stdClass::$last_submissions_is_enabled in /home/u607641063/domains/antenorefilhos.com.br/public_html/links/themes/altum/views/tools/tool_widget_frankfurt.php on line 26
[18-Apr-2026 21:23:51 UTC] PHP Warning:  Undefined property: stdClass::$biolink_is_enabled in /home/u607641063/domains/antenorefilhos.com.br/public_html/links/themes/altum/views/l/biolink_blocks/phone_collector.php on line 69
[18-Apr-2026 21:23:58 UTC] PHP Warning:  Undefined property: stdClass::$splash_page_id in /home/u607641063/domains/antenorefilhos.com.br/public_html/links/app/controllers/l/Link.php on line 129
[18-Apr-2026 21:23:58 UTC] PHP Warning:  Undefined property: stdClass::$password in /home/u607641063/domains/antenorefilhos.com.br/public_html/links/app/controllers/l/Link.php on line 194
[18-Apr-2026 21:23:58 UTC] PHP Warning:  Undefined property: stdClass::$sensitive_content in /home/u607641063/domains/antenorefilhos.com.br/public_html/links/app/controllers/l/Link.php on line 223
[18-Apr-2026 21:26:25 UTC] PHP Warning:  Undefined property: stdClass::$biolink_is_enabled in /home/u607641063/domains/antenorefilhos.com.br/public_html/links/themes/altum/views/l/biolink_blocks/phone_collector.php on line 69
[18-Apr-2026 21:26:29 UTC] PHP Warning:  Undefined property: stdClass::$splash_page_id in /home/u607641063/domains/antenorefilhos.com.br/public_html/links/app/controllers/l/Link.php on line 129
[18-Apr-2026 21:26:29 UTC] PHP Warning:  Undefined property: stdClass::$password in /home/u607641063/domains/antenorefilhos.com.br/public_html/links/app/controllers/l/Link.php on line 194
[18-Apr-2026 21:26:29 UTC] PHP Warning:  Undefined property: stdClass::$sensitive_content in /home/u607641063/domains/antenorefilhos.com.br/public_html/links/app/controllers/l/Link.php on line 223
[18-Apr-2026 21:28:18 UTC] PHP Warning:  Undefined property: stdClass::$biolink_is_enabled in /home/u607641063/domains/antenorefilhos.com.br/public_html/links/themes/altum/views/l/biolink_blocks/phone_collector.php on line 69
[18-Apr-2026 21:28:31 UTC] PHP Warning:  Undefined property: stdClass::$biolink_is_enabled in /home/u607641063/domains/antenorefilhos.com.br/public_html/links/themes/altum/views/l/biolink_blocks/phone_collector.php on line 69
[18-Apr-2026 21:28:55 UTC] PHP Warning:  Undefined property: stdClass::$biolink_is_enabled in /home/u607641063/domains/antenorefilhos.com.br/public_html/links/themes/altum/views/l/biolink_blocks/phone_collector.php on line 69
[18-Apr-2026 21:28:55 UTC] PHP Warning:  Undefined property: stdClass::$biolink_is_enabled in /home/u607641063/domains/antenorefilhos.com.br/public_html/links/themes/altum/views/l/biolink_blocks/phone_collector.php on line 69
[18-Apr-2026 21:28:55 UTC] PHP Warning:  Undefined property: stdClass::$biolink_is_enabled in /home/u607641063/domains/antenorefilhos.com.br/public_html/links/themes/altum/views/l/biolink_blocks/phone_collector.php on line 69
[18-Apr-2026 21:33:14 UTC] PHP Warning:  Undefined property: stdClass::$biolink_is_enabled in /home/u607641063/domains/antenorefilhos.com.br/public_html/links/themes/altum/views/l/biolink_blocks/phone_collector.php on line 69
[18-Apr-2026 21:33:18 UTC] PHP Warning:  Undefined property: stdClass::$biolink_is_enabled in /home/u607641063/domains/antenorefilhos.com.br/public_html/links/themes/altum/views/l/biolink_blocks/phone_collector.php on line 69
[18-Apr-2026 21:33:18 UTC] PHP Warning:  Undefined property: stdClass::$biolink_is_enabled in /home/u607641063/domains/antenorefilhos.com.br/public_html/links/themes/altum/views/l/biolink_blocks/phone_collector.php on line 69
[18-Apr-2026 21:33:25 UTC] PHP Warning:  Undefined property: stdClass::$splash_page_id in /home/u607641063/domains/antenorefilhos.com.br/public_html/links/app/controllers/l/Link.php on line 129
[18-Apr-2026 21:33:25 UTC] PHP Warning:  Undefined property: stdClass::$password in /home/u607641063/domains/antenorefilhos.com.br/public_html/links/app/controllers/l/Link.php on line 194
[18-Apr-2026 21:33:25 UTC] PHP Warning:  Undefined property: stdClass::$sensitive_content in /home/u607641063/domains/antenorefilhos.com.br/public_html/links/app/controllers/l/Link.php on line 223
[18-Apr-2026 21:34:43 UTC] PHP Warning:  Undefined property: stdClass::$splash_page_id in /home/u607641063/domains/antenorefilhos.com.br/public_html/links/app/controllers/l/Link.php on line 129
[18-Apr-2026 21:34:43 UTC] PHP Warning:  Undefined property: stdClass::$password in /home/u607641063/domains/antenorefilhos.com.br/public_html/links/app/controllers/l/Link.php on line 194
[18-Apr-2026 21:34:43 UTC] PHP Warning:  Undefined property: stdClass::$sensitive_content in /home/u607641063/domains/antenorefilhos.com.br/public_html/links/app/controllers/l/Link.php on line 223
[18-Apr-2026 21:36:46 UTC] PHP Warning:  Undefined property: stdClass::$biolink_is_enabled in /home/u607641063/domains/antenorefilhos.com.br/public_html/links/themes/altum/views/l/biolink_blocks/phone_collector.php on line 69
[18-Apr-2026 21:36:57 UTC] PHP Warning:  Undefined property: stdClass::$splash_page_id in /home/u607641063/domains/antenorefilhos.com.br/public_html/links/app/controllers/l/Link.php on line 129
[18-Apr-2026 21:36:57 UTC] PHP Warning:  Undefined property: stdClass::$password in /home/u607641063/domains/antenorefilhos.com.br/public_html/links/app/controllers/l/Link.php on line 194
[18-Apr-2026 21:36:57 UTC] PHP Warning:  Undefined property: stdClass::$sensitive_content in /home/u607641063/domains/antenorefilhos.com.br/public_html/links/app/controllers/l/Link.php on line 223
[18-Apr-2026 22:09:09 UTC] PHP Warning:  Undefined property: stdClass::$biolink_is_enabled in /home/u607641063/domains/antenorefilhos.com.br/public_html/links/themes/altum/views/l/biolink_blocks/phone_collector.php on line 69
[18-Apr-2026 22:09:13 UTC] PHP Warning:  Undefined property: stdClass::$splash_page_id in /home/u607641063/domains/antenorefilhos.com.br/public_html/links/app/controllers/l/Link.php on line 129
[18-Apr-2026 22:09:13 UTC] PHP Warning:  Undefined property: stdClass::$password in /home/u607641063/domains/antenorefilhos.com.br/public_html/links/app/controllers/l/Link.php on line 194
[18-Apr-2026 22:09:13 UTC] PHP Warning:  Undefined property: stdClass::$sensitive_content in /home/u607641063/domains/antenorefilhos.com.br/public_html/links/app/controllers/l/Link.php on line 223
[18-Apr-2026 22:50:08 UTC] PHP Warning:  Undefined property: stdClass::$biolink_is_enabled in /home/u607641063/domains/antenorefilhos.com.br/public_html/links/themes/altum/views/l/biolink_blocks/phone_collector.php on line 69
[18-Apr-2026 22:50:13 UTC] PHP Warning:  Undefined property: stdClass::$splash_page_id in /home/u607641063/domains/antenorefilhos.com.br/public_html/links/app/controllers/l/Link.php on line 129
[18-Apr-2026 22:50:13 UTC] PHP Warning:  Undefined property: stdClass::$password in /home/u607641063/domains/antenorefilhos.com.br/public_html/links/app/controllers/l/Link.php on line 194
[18-Apr-2026 22:50:13 UTC] PHP Warning:  Undefined property: stdClass::$sensitive_content in /home/u607641063/domains/antenorefilhos.com.br/public_html/links/app/controllers/l/Link.php on line 223
[18-Apr-2026 23:20:48 UTC] PHP Warning:  Undefined property: stdClass::$last_submissions_is_enabled in /home/u607641063/domains/antenorefilhos.com.br/public_html/links/themes/altum/views/tools/tool_widget_frankfurt.php on line 26
[18-Apr-2026 23:20:48 UTC] PHP Warning:  Undefined property: stdClass::$last_submissions_is_enabled in /home/u607641063/domains/antenorefilhos.com.br/public_html/links/themes/altum/views/tools/tool_widget_frankfurt.php on line 26
[18-Apr-2026 23:20:48 UTC] PHP Warning:  Undefined property: stdClass::$last_submissions_is_enabled in /home/u607641063/domains/antenorefilhos.com.br/public_html/links/themes/altum/views/tools/tool_widget_frankfurt.php on line 26
[18-Apr-2026 23:20:48 UTC] PHP Warning:  Undefined property: stdClass::$last_submissions_is_enabled in /home/u607641063/domains/antenorefilhos.com.br/public_html/links/themes/altum/views/tools/tool_widget_frankfurt.php on line 26
[18-Apr-2026 23:52:00 UTC] PHP Warning:  Undefined property: stdClass::$biolink_is_enabled in /home/u607641063/domains/antenorefilhos.com.br/public_html/links/themes/altum/views/l/biolink_blocks/phone_collector.php on line 69
[18-Apr-2026 23:52:06 UTC] PHP Warning:  Undefined property: stdClass::$splash_page_id in /home/u607641063/domains/antenorefilhos.com.br/public_html/links/app/controllers/l/Link.php on line 129
[18-Apr-2026 23:52:06 UTC] PHP Warning:  Undefined property: stdClass::$password in /home/u607641063/domains/antenorefilhos.com.br/public_html/links/app/controllers/l/Link.php on line 194
[18-Apr-2026 23:52:06 UTC] PHP Warning:  Undefined property: stdClass::$sensitive_content in /home/u607641063/domains/antenorefilhos.com.br/public_html/links/app/controllers/l/Link.php on line 223
